------------------------------------------------------------------------------------------------------------------------

[2025-10-08 16:48:25 #1 store] 
Database 'C:\Users\ehu\Desktop\NewWorkspace\Rides\src\main\resources\rides.temp' is opened by 17168@U032827

[2025-10-08 16:48:25 #2 type.registry] 
New type domain.Ride

[2025-10-08 16:48:25 #3 type] 
Type domain.Ride is not enhanced.

[2025-10-08 16:48:25 #4 type.registry] 
New type domain.Traveler

[2025-10-08 16:48:25 #5 type.registry] 
New type domain.Driver

[2025-10-08 16:48:25 #6 type] 
Type domain.Traveler is not enhanced.

[2025-10-08 16:48:25 #7 type.registry] 
New type domain.DiscountInfo

[2025-10-08 16:48:25 #8 type.registry] 
New type domain.User

[2025-10-08 16:48:25 #9 type] 
Type domain.Driver is not enhanced.

[2025-10-08 16:48:25 #10 type.registry] 
New type java.util.ArrayList<domain.Ride>

[2025-10-08 16:48:25 #11 type] 
Type domain.DiscountInfo is not enhanced.

[2025-10-08 16:48:25 #12 type] 
Type domain.User is not enhanced.

[2025-10-08 16:48:25 #13 type.registry] 
New type java.util.ArrayList<java.lang.Object>

[2025-10-08 16:48:25 #14 type.registry] 
New type java.util.Vector<java.lang.Object>

[2025-10-08 16:48:25 #15 type.registry] 
New type java.util.ArrayList<java.lang.String>

[2025-10-08 16:48:25 #16 type.registry] 
New type java.util.ArrayList<domain.DiscountInfo>

[2025-10-08 16:48:25 #17 type.registry] 
New type java.util.Vector<domain.Ride>

