------------------------------------------------------------------------------------------------------------------------

[2025-11-15 12:31:49 #1 store] 
Database 'C:\Users\adrir\git\Rides\src\main\resources\rides.temp' is opened by 26868@DESKTOP-H6ET4P7

[2025-11-15 12:31:49 #2 type.registry] 
New type domain.Ride

[2025-11-15 12:31:49 #3 type] 
Type domain.Ride is not enhanced.

[2025-11-15 12:31:49 #4 type.registry] 
New type domain.Traveler

[2025-11-15 12:31:49 #5 type.registry] 
New type domain.Driver

[2025-11-15 12:31:49 #6 type] 
Type domain.Traveler is not enhanced.

[2025-11-15 12:31:49 #7 type.registry] 
New type domain.DiscountInfo

[2025-11-15 12:31:49 #8 type.registry] 
New type domain.User

[2025-11-15 12:31:49 #9 type] 
Type domain.Driver is not enhanced.

[2025-11-15 12:31:49 #10 type.registry] 
New type java.util.ArrayList<domain.Ride>

[2025-11-15 12:31:49 #11 type] 
Type domain.DiscountInfo is not enhanced.

[2025-11-15 12:31:49 #12 type] 
Type domain.User is not enhanced.

[2025-11-15 12:31:49 #13 type.registry] 
New type java.util.ArrayList<java.lang.Object>

[2025-11-15 12:31:49 #14 type.registry] 
New type java.util.Vector<java.lang.Object>

[2025-11-15 12:31:49 #15 type.registry] 
New type java.util.ArrayList<java.lang.String>

[2025-11-15 12:31:49 #16 type.registry] 
New type java.util.ArrayList<domain.DiscountInfo>

[2025-11-15 12:31:49 #17 type.registry] 
New type java.util.Vector<domain.Ride>

------------------------------------------------------------------------------------------------------------------------

[2025-11-15 12:35:29 #1 store] 
Database 'C:\Users\adrir\git\Rides\src\main\resources\rides.temp' is opened by 12404@DESKTOP-H6ET4P7

[2025-11-15 12:35:29 #2 type.registry] 
New type domain.Ride

[2025-11-15 12:35:29 #3 type] 
Type domain.Ride is not enhanced.

[2025-11-15 12:35:29 #4 type.registry] 
New type domain.Traveler

[2025-11-15 12:35:29 #5 type.registry] 
New type domain.Driver

[2025-11-15 12:35:29 #6 type] 
Type domain.Traveler is not enhanced.

[2025-11-15 12:35:29 #7 type.registry] 
New type domain.DiscountInfo

[2025-11-15 12:35:29 #8 type.registry] 
New type domain.User

[2025-11-15 12:35:29 #9 type] 
Type domain.Driver is not enhanced.

[2025-11-15 12:35:29 #10 type.registry] 
New type java.util.ArrayList<domain.Ride>

[2025-11-15 12:35:29 #11 type] 
Type domain.DiscountInfo is not enhanced.

[2025-11-15 12:35:29 #12 type] 
Type domain.User is not enhanced.

[2025-11-15 12:35:29 #13 type.registry] 
New type java.util.ArrayList<java.lang.Object>

[2025-11-15 12:35:29 #14 type.registry] 
New type java.util.Vector<java.lang.Object>

[2025-11-15 12:35:29 #15 type.registry] 
New type java.util.ArrayList<java.lang.String>

[2025-11-15 12:35:29 #16 type.registry] 
New type java.util.ArrayList<domain.DiscountInfo>

[2025-11-15 12:35:29 #17 type.registry] 
New type java.util.Vector<domain.Ride>

------------------------------------------------------------------------------------------------------------------------

[2025-11-15 12:35:59 #1 store] 
Database 'C:\Users\adrir\git\Rides\src\main\resources\rides.temp' is opened by 8824@DESKTOP-H6ET4P7

[2025-11-15 12:35:59 #2 type.registry] 
New type domain.Ride

[2025-11-15 12:35:59 #3 type] 
Type domain.Ride is not enhanced.

[2025-11-15 12:35:59 #4 type.registry] 
New type domain.Traveler

[2025-11-15 12:35:59 #5 type.registry] 
New type domain.Driver

[2025-11-15 12:35:59 #6 type] 
Type domain.Traveler is not enhanced.

[2025-11-15 12:35:59 #7 type.registry] 
New type domain.DiscountInfo

[2025-11-15 12:35:59 #8 type.registry] 
New type domain.User

[2025-11-15 12:35:59 #9 type] 
Type domain.Driver is not enhanced.

[2025-11-15 12:35:59 #10 type.registry] 
New type java.util.ArrayList<domain.Ride>

[2025-11-15 12:35:59 #11 type] 
Type domain.DiscountInfo is not enhanced.

[2025-11-15 12:35:59 #12 type] 
Type domain.User is not enhanced.

[2025-11-15 12:35:59 #13 type.registry] 
New type java.util.ArrayList<java.lang.Object>

[2025-11-15 12:35:59 #14 type.registry] 
New type java.util.Vector<java.lang.Object>

[2025-11-15 12:35:59 #15 type.registry] 
New type java.util.ArrayList<java.lang.String>

[2025-11-15 12:35:59 #16 type.registry] 
New type java.util.ArrayList<domain.DiscountInfo>

[2025-11-15 12:35:59 #17 type.registry] 
New type java.util.Vector<domain.Ride>

------------------------------------------------------------------------------------------------------------------------

[2025-11-15 12:36:31 #1 store] 
Database 'C:\Users\adrir\git\Rides\src\main\resources\rides.temp' is opened by 9060@DESKTOP-H6ET4P7

[2025-11-15 12:36:31 #2 type.registry] 
New type domain.Ride

[2025-11-15 12:36:31 #3 type] 
Type domain.Ride is not enhanced.

[2025-11-15 12:36:31 #4 type.registry] 
New type domain.Traveler

[2025-11-15 12:36:31 #5 type.registry] 
New type domain.Driver

[2025-11-15 12:36:31 #6 type] 
Type domain.Traveler is not enhanced.

[2025-11-15 12:36:31 #7 type.registry] 
New type domain.DiscountInfo

[2025-11-15 12:36:31 #8 type.registry] 
New type domain.User

[2025-11-15 12:36:31 #9 type] 
Type domain.Driver is not enhanced.

[2025-11-15 12:36:31 #10 type.registry] 
New type java.util.ArrayList<domain.Ride>

[2025-11-15 12:36:31 #11 type] 
Type domain.DiscountInfo is not enhanced.

[2025-11-15 12:36:31 #12 type] 
Type domain.User is not enhanced.

[2025-11-15 12:36:31 #13 type.registry] 
New type java.util.ArrayList<java.lang.Object>

[2025-11-15 12:36:31 #14 type.registry] 
New type java.util.Vector<java.lang.Object>

[2025-11-15 12:36:31 #15 type.registry] 
New type java.util.ArrayList<java.lang.String>

[2025-11-15 12:36:31 #16 type.registry] 
New type java.util.ArrayList<domain.DiscountInfo>

[2025-11-15 12:36:31 #17 type.registry] 
New type java.util.Vector<domain.Ride>

------------------------------------------------------------------------------------------------------------------------

[2025-11-15 12:37:58 #1 store] 
Database 'C:\Users\adrir\git\Rides\src\main\resources\rides.temp' is opened by 5920@DESKTOP-H6ET4P7

[2025-11-15 12:37:58 #2 type.registry] 
New type domain.Ride

[2025-11-15 12:37:58 #3 type] 
Type domain.Ride is not enhanced.

[2025-11-15 12:37:58 #4 type.registry] 
New type domain.Traveler

[2025-11-15 12:37:58 #5 type.registry] 
New type domain.Driver

[2025-11-15 12:37:58 #6 type] 
Type domain.Traveler is not enhanced.

[2025-11-15 12:37:58 #7 type.registry] 
New type domain.DiscountInfo

[2025-11-15 12:37:58 #8 type.registry] 
New type domain.User

[2025-11-15 12:37:58 #9 type] 
Type domain.Driver is not enhanced.

[2025-11-15 12:37:58 #10 type.registry] 
New type java.util.ArrayList<domain.Ride>

[2025-11-15 12:37:58 #11 type] 
Type domain.DiscountInfo is not enhanced.

[2025-11-15 12:37:58 #12 type] 
Type domain.User is not enhanced.

[2025-11-15 12:37:58 #13 type.registry] 
New type java.util.ArrayList<java.lang.Object>

[2025-11-15 12:37:58 #14 type.registry] 
New type java.util.Vector<java.lang.Object>

[2025-11-15 12:37:58 #15 type.registry] 
New type java.util.ArrayList<java.lang.String>

[2025-11-15 12:37:58 #16 type.registry] 
New type java.util.ArrayList<domain.DiscountInfo>

[2025-11-15 12:37:58 #17 type.registry] 
New type java.util.Vector<domain.Ride>

------------------------------------------------------------------------------------------------------------------------

[2025-11-15 12:46:18 #1 store] 
Database 'C:\Users\adrir\git\Rides\src\main\resources\rides.temp' is opened by 1404@DESKTOP-H6ET4P7

[2025-11-15 12:46:18 #2 type.registry] 
New type domain.Ride

[2025-11-15 12:46:18 #3 type] 
Type domain.Ride is not enhanced.

[2025-11-15 12:46:18 #4 type.registry] 
New type domain.Traveler

[2025-11-15 12:46:18 #5 type.registry] 
New type domain.Driver

[2025-11-15 12:46:18 #6 type] 
Type domain.Traveler is not enhanced.

[2025-11-15 12:46:18 #7 type.registry] 
New type domain.DiscountInfo

[2025-11-15 12:46:18 #8 type.registry] 
New type domain.User

[2025-11-15 12:46:18 #9 type] 
Type domain.Driver is not enhanced.

[2025-11-15 12:46:18 #10 type.registry] 
New type java.util.ArrayList<domain.Ride>

[2025-11-15 12:46:18 #11 type] 
Type domain.DiscountInfo is not enhanced.

[2025-11-15 12:46:18 #12 type] 
Type domain.User is not enhanced.

[2025-11-15 12:46:18 #13 type.registry] 
New type java.util.ArrayList<java.lang.Object>

[2025-11-15 12:46:18 #14 type.registry] 
New type java.util.Vector<java.lang.Object>

[2025-11-15 12:46:18 #15 type.registry] 
New type java.util.ArrayList<java.lang.String>

[2025-11-15 12:46:18 #16 type.registry] 
New type java.util.ArrayList<domain.DiscountInfo>

[2025-11-15 12:46:18 #17 type.registry] 
New type java.util.Vector<domain.Ride>

------------------------------------------------------------------------------------------------------------------------

[2025-11-15 13:18:39 #1 store] 
Database 'C:\Users\adrir\git\Rides\src\main\resources\rides.temp' is opened by 22204@DESKTOP-H6ET4P7

[2025-11-15 13:18:39 #2 type.registry] 
New type domain.Ride

[2025-11-15 13:18:39 #3 type] 
Type domain.Ride is not enhanced.

[2025-11-15 13:18:39 #4 type.registry] 
New type domain.Traveler

[2025-11-15 13:18:39 #5 type.registry] 
New type domain.Driver

[2025-11-15 13:18:39 #6 type] 
Type domain.Traveler is not enhanced.

[2025-11-15 13:18:39 #7 type.registry] 
New type domain.DiscountInfo

[2025-11-15 13:18:39 #8 type.registry] 
New type domain.User

[2025-11-15 13:18:39 #9 type] 
Type domain.Driver is not enhanced.

[2025-11-15 13:18:39 #10 type.registry] 
New type java.util.ArrayList<domain.Ride>

[2025-11-15 13:18:39 #11 type] 
Type domain.DiscountInfo is not enhanced.

[2025-11-15 13:18:39 #12 type] 
Type domain.User is not enhanced.

[2025-11-15 13:18:40 #13 type.registry] 
New type java.util.ArrayList<java.lang.Object>

[2025-11-15 13:18:40 #14 type.registry] 
New type java.util.Vector<java.lang.Object>

[2025-11-15 13:18:40 #15 type.registry] 
New type java.util.ArrayList<java.lang.String>

[2025-11-15 13:18:40 #16 type.registry] 
New type java.util.ArrayList<domain.DiscountInfo>

[2025-11-15 13:18:40 #17 type.registry] 
New type java.util.Vector<domain.Ride>

