------------------------------------------------------------------------------------------------------------------------

[2025-10-02 13:56:32 #1 store] 
Database 'C:\Users\ehu\git\Rides\src\main\resources\rides.temp' is opened by 17312@U025231

[2025-10-02 13:56:32 #2 type.registry] 
New type domain.Ride

[2025-10-02 13:56:32 #3 type] 
Type domain.Ride is not enhanced.

[2025-10-02 13:56:32 #4 type.registry] 
New type domain.Traveler

[2025-10-02 13:56:32 #5 type.registry] 
New type domain.Driver

[2025-10-02 13:56:32 #6 type] 
Type domain.Traveler is not enhanced.

[2025-10-02 13:56:32 #7 type.registry] 
New type domain.DiscountInfo

[2025-10-02 13:56:32 #8 type.registry] 
New type domain.User

[2025-10-02 13:56:32 #9 type] 
Type domain.Driver is not enhanced.

[2025-10-02 13:56:32 #10 type.registry] 
New type java.util.ArrayList<domain.Ride>

[2025-10-02 13:56:32 #11 type] 
Type domain.DiscountInfo is not enhanced.

[2025-10-02 13:56:32 #12 type] 
Type domain.User is not enhanced.

[2025-10-02 13:56:32 #13 type.registry] 
New type java.util.ArrayList<java.lang.Object>

[2025-10-02 13:56:32 #14 type.registry] 
New type java.util.Vector<java.lang.Object>

[2025-10-02 13:56:32 #15 type.registry] 
New type java.util.ArrayList<java.lang.String>

[2025-10-02 13:56:32 #16 type.registry] 
New type java.util.ArrayList<domain.DiscountInfo>

[2025-10-02 13:56:32 #17 type.registry] 
New type java.util.Vector<domain.Ride>

