------------------------------------------------------------------------------------------------------------------------

[2024-04-10 15:40:24 #1 store] 
Database 'C:\Users\pboad\git\repository\Rides24\src\main\resources\rides.temp' is opened by 5480@DESKTOP-RUEBSAP

[2024-04-10 15:40:24 #2 type.registry] 
New type domain.User

[2024-04-10 15:40:24 #3 type] 
Type domain.User is not enhanced.

[2024-04-10 15:40:24 #4 type.registry] 
New type domain.Traveler

[2024-04-10 15:40:24 #5 type] 
Type domain.Traveler is not enhanced.

[2024-04-10 15:40:24 #6 type.registry] 
New type domain.Ride

[2024-04-10 15:40:24 #7 type.registry] 
New type domain.PaymentInfo

[2024-04-10 15:40:24 #8 type] 
Type domain.Ride is not enhanced.

[2024-04-10 15:40:24 #9 type] 
Type domain.PaymentInfo is not enhanced.

[2024-04-10 15:40:24 #10 type.registry] 
New type domain.Driver

[2024-04-10 15:40:24 #11 type] 
Type domain.Driver is not enhanced.

[2024-04-10 15:40:24 #12 type.registry] 
New type java.util.ArrayList<java.lang.Object>

[2024-04-10 15:40:24 #13 type.registry] 
New type java.util.Vector<java.lang.Object>

[2024-04-10 15:40:24 #14 type.registry] 
New type java.util.ArrayList<domain.PaymentInfo>

[2024-04-10 15:40:24 #15 type.registry] 
New type java.util.Vector<domain.Ride>

------------------------------------------------------------------------------------------------------------------------

[2024-04-10 15:43:59 #1 store] 
Database 'C:\Users\pboad\git\repository\Rides24\src\main\resources\rides.temp' is opened by 22740@DESKTOP-RUEBSAP

[2024-04-10 15:43:59 #2 type.registry] 
New type domain.User

[2024-04-10 15:43:59 #3 type] 
Type domain.User is not enhanced.

[2024-04-10 15:43:59 #4 type.registry] 
New type domain.Traveler

[2024-04-10 15:43:59 #5 type] 
Type domain.Traveler is not enhanced.

[2024-04-10 15:43:59 #6 type.registry] 
New type domain.Ride

[2024-04-10 15:43:59 #7 type.registry] 
New type domain.PaymentInfo

[2024-04-10 15:43:59 #8 type] 
Type domain.Ride is not enhanced.

[2024-04-10 15:43:59 #9 type] 
Type domain.PaymentInfo is not enhanced.

[2024-04-10 15:43:59 #10 type.registry] 
New type domain.Driver

[2024-04-10 15:43:59 #11 type] 
Type domain.Driver is not enhanced.

[2024-04-10 15:43:59 #12 type.registry] 
New type java.util.ArrayList<java.lang.Object>

[2024-04-10 15:43:59 #13 type.registry] 
New type java.util.Vector<java.lang.Object>

[2024-04-10 15:43:59 #14 type.registry] 
New type java.util.ArrayList<domain.PaymentInfo>

[2024-04-10 15:43:59 #15 type.registry] 
New type java.util.Vector<domain.Ride>

------------------------------------------------------------------------------------------------------------------------

[2024-04-10 15:44:19 #1 store] 
Database 'C:\Users\pboad\git\repository\Rides24\src\main\resources\rides.temp' is opened by 17512@DESKTOP-RUEBSAP

[2024-04-10 15:44:19 #2 type.registry] 
New type domain.User

[2024-04-10 15:44:19 #3 type] 
Type domain.User is not enhanced.

[2024-04-10 15:44:19 #4 type.registry] 
New type domain.Traveler

[2024-04-10 15:44:19 #5 type] 
Type domain.Traveler is not enhanced.

[2024-04-10 15:44:19 #6 type.registry] 
New type domain.Ride

[2024-04-10 15:44:19 #7 type.registry] 
New type domain.PaymentInfo

[2024-04-10 15:44:19 #8 type] 
Type domain.Ride is not enhanced.

[2024-04-10 15:44:19 #9 type] 
Type domain.PaymentInfo is not enhanced.

[2024-04-10 15:44:19 #10 type.registry] 
New type domain.Driver

[2024-04-10 15:44:19 #11 type] 
Type domain.Driver is not enhanced.

[2024-04-10 15:44:19 #12 type.registry] 
New type java.util.ArrayList<java.lang.Object>

[2024-04-10 15:44:19 #13 type.registry] 
New type java.util.Vector<java.lang.Object>

[2024-04-10 15:44:19 #14 type.registry] 
New type java.util.ArrayList<domain.PaymentInfo>

[2024-04-10 15:44:19 #15 type.registry] 
New type java.util.Vector<domain.Ride>

------------------------------------------------------------------------------------------------------------------------

[2024-04-10 15:45:56 #1 store] 
Database 'C:\Users\pboad\git\repository\Rides24\src\main\resources\rides.temp' is opened by 17720@DESKTOP-RUEBSAP

[2024-04-10 15:45:56 #2 type.registry] 
New type domain.User

[2024-04-10 15:45:56 #3 type] 
Type domain.User is not enhanced.

[2024-04-10 15:45:56 #4 type.registry] 
New type domain.Traveler

[2024-04-10 15:45:56 #5 type] 
Type domain.Traveler is not enhanced.

[2024-04-10 15:45:56 #6 type.registry] 
New type domain.Ride

[2024-04-10 15:45:56 #7 type.registry] 
New type domain.PaymentInfo

[2024-04-10 15:45:56 #8 type] 
Type domain.Ride is not enhanced.

[2024-04-10 15:45:56 #9 type] 
Type domain.PaymentInfo is not enhanced.

[2024-04-10 15:45:56 #10 type.registry] 
New type domain.Driver

[2024-04-10 15:45:56 #11 type] 
Type domain.Driver is not enhanced.

[2024-04-10 15:45:56 #12 type.registry] 
New type java.util.ArrayList<java.lang.Object>

[2024-04-10 15:45:56 #13 type.registry] 
New type java.util.Vector<java.lang.Object>

[2024-04-10 15:45:56 #14 type.registry] 
New type java.util.ArrayList<domain.PaymentInfo>

[2024-04-10 15:45:56 #15 type.registry] 
New type java.util.Vector<domain.Ride>

------------------------------------------------------------------------------------------------------------------------

[2024-04-10 15:59:19 #1 store] 
Database 'C:\Users\pboad\git\repository\Rides24\src\main\resources\rides.temp' is opened by 11448@DESKTOP-RUEBSAP

[2024-04-10 15:59:19 #2 type.registry] 
New type domain.User

[2024-04-10 15:59:19 #3 type] 
Type domain.User is not enhanced.

[2024-04-10 15:59:19 #4 type.registry] 
New type domain.Traveler

[2024-04-10 15:59:19 #5 type] 
Type domain.Traveler is not enhanced.

[2024-04-10 15:59:19 #6 type.registry] 
New type domain.Ride

[2024-04-10 15:59:19 #7 type.registry] 
New type domain.PaymentInfo

[2024-04-10 15:59:19 #8 type] 
Type domain.Ride is not enhanced.

[2024-04-10 15:59:19 #9 type] 
Type domain.PaymentInfo is not enhanced.

[2024-04-10 15:59:19 #10 type.registry] 
New type domain.Driver

[2024-04-10 15:59:19 #11 type] 
Type domain.Driver is not enhanced.

[2024-04-10 15:59:19 #12 type.registry] 
New type java.util.ArrayList<java.lang.Object>

[2024-04-10 15:59:19 #13 type.registry] 
New type java.util.Vector<java.lang.Object>

[2024-04-10 15:59:19 #14 type.registry] 
New type java.util.ArrayList<domain.PaymentInfo>

[2024-04-10 15:59:19 #15 type.registry] 
New type java.util.Vector<domain.Ride>

------------------------------------------------------------------------------------------------------------------------

[2024-04-10 16:00:10 #1 store] 
Database 'C:\Users\pboad\git\repository\Rides24\src\main\resources\rides.temp' is opened by 14664@DESKTOP-RUEBSAP

[2024-04-10 16:00:10 #2 type.registry] 
New type domain.User

[2024-04-10 16:00:10 #3 type] 
Type domain.User is not enhanced.

[2024-04-10 16:00:10 #4 type.registry] 
New type domain.Traveler

[2024-04-10 16:00:10 #5 type] 
Type domain.Traveler is not enhanced.

[2024-04-10 16:00:10 #6 type.registry] 
New type domain.Ride

[2024-04-10 16:00:10 #7 type.registry] 
New type domain.PaymentInfo

[2024-04-10 16:00:10 #8 type] 
Type domain.Ride is not enhanced.

[2024-04-10 16:00:10 #9 type] 
Type domain.PaymentInfo is not enhanced.

[2024-04-10 16:00:10 #10 type.registry] 
New type domain.Driver

[2024-04-10 16:00:10 #11 type] 
Type domain.Driver is not enhanced.

[2024-04-10 16:00:10 #12 type.registry] 
New type java.util.ArrayList<java.lang.Object>

[2024-04-10 16:00:10 #13 type.registry] 
New type java.util.Vector<java.lang.Object>

[2024-04-10 16:00:10 #14 type.registry] 
New type java.util.ArrayList<domain.PaymentInfo>

[2024-04-10 16:00:10 #15 type.registry] 
New type java.util.Vector<domain.Ride>

[2024-04-10 16:00:18 #16 type.registry] 
New type domain.CanceledRide

[2024-04-10 16:00:18 #17 type] 
Type domain.CanceledRide is not enhanced.

------------------------------------------------------------------------------------------------------------------------

[2024-04-10 16:02:36 #1 store] 
Database 'C:\Users\pboad\git\repository\Rides24\src\main\resources\rides.temp' is opened by 8580@DESKTOP-RUEBSAP

[2024-04-10 16:02:36 #2 type.registry] 
New type domain.User

[2024-04-10 16:02:36 #3 type] 
Type domain.User is not enhanced.

[2024-04-10 16:02:36 #4 type.registry] 
New type domain.Traveler

[2024-04-10 16:02:36 #5 type] 
Type domain.Traveler is not enhanced.

[2024-04-10 16:02:36 #6 type.registry] 
New type domain.Ride

[2024-04-10 16:02:36 #7 type.registry] 
New type domain.PaymentInfo

[2024-04-10 16:02:36 #8 type] 
Type domain.Ride is not enhanced.

[2024-04-10 16:02:36 #9 type] 
Type domain.PaymentInfo is not enhanced.

[2024-04-10 16:02:36 #10 type.registry] 
New type domain.Driver

[2024-04-10 16:02:36 #11 type] 
Type domain.Driver is not enhanced.

[2024-04-10 16:02:36 #12 type.registry] 
New type java.util.ArrayList<java.lang.Object>

[2024-04-10 16:02:36 #13 type.registry] 
New type java.util.Vector<java.lang.Object>

[2024-04-10 16:02:36 #14 type.registry] 
New type java.util.ArrayList<domain.PaymentInfo>

[2024-04-10 16:02:36 #15 type.registry] 
New type java.util.Vector<domain.Ride>

------------------------------------------------------------------------------------------------------------------------

[2024-04-10 16:04:00 #1 store] 
Database 'C:\Users\pboad\git\repository\Rides24\src\main\resources\rides.temp' is opened by 9304@DESKTOP-RUEBSAP

[2024-04-10 16:04:00 #2 type.registry] 
New type domain.User

[2024-04-10 16:04:00 #3 type] 
Type domain.User is not enhanced.

[2024-04-10 16:04:00 #4 type.registry] 
New type domain.Traveler

[2024-04-10 16:04:00 #5 type] 
Type domain.Traveler is not enhanced.

[2024-04-10 16:04:00 #6 type.registry] 
New type domain.Ride

[2024-04-10 16:04:00 #7 type.registry] 
New type domain.PaymentInfo

[2024-04-10 16:04:00 #8 type] 
Type domain.Ride is not enhanced.

[2024-04-10 16:04:00 #9 type] 
Type domain.PaymentInfo is not enhanced.

[2024-04-10 16:04:00 #10 type.registry] 
New type domain.Driver

[2024-04-10 16:04:00 #11 type] 
Type domain.Driver is not enhanced.

[2024-04-10 16:04:00 #12 type.registry] 
New type java.util.ArrayList<java.lang.Object>

[2024-04-10 16:04:00 #13 type.registry] 
New type java.util.Vector<java.lang.Object>

[2024-04-10 16:04:00 #14 type.registry] 
New type java.util.ArrayList<domain.PaymentInfo>

[2024-04-10 16:04:00 #15 type.registry] 
New type java.util.Vector<domain.Ride>

------------------------------------------------------------------------------------------------------------------------

[2024-04-10 16:04:11 #1 store] 
Database 'C:\Users\pboad\git\repository\Rides24\src\main\resources\rides.temp' is opened by 5496@DESKTOP-RUEBSAP

[2024-04-10 16:04:11 #2 type.registry] 
New type domain.User

[2024-04-10 16:04:11 #3 type] 
Type domain.User is not enhanced.

[2024-04-10 16:04:11 #4 type.registry] 
New type domain.Traveler

[2024-04-10 16:04:11 #5 type] 
Type domain.Traveler is not enhanced.

[2024-04-10 16:04:11 #6 type.registry] 
New type domain.Ride

[2024-04-10 16:04:11 #7 type.registry] 
New type domain.PaymentInfo

[2024-04-10 16:04:11 #8 type] 
Type domain.Ride is not enhanced.

[2024-04-10 16:04:11 #9 type] 
Type domain.PaymentInfo is not enhanced.

[2024-04-10 16:04:11 #10 type.registry] 
New type domain.Driver

[2024-04-10 16:04:11 #11 type] 
Type domain.Driver is not enhanced.

[2024-04-10 16:04:11 #12 type.registry] 
New type java.util.ArrayList<java.lang.Object>

[2024-04-10 16:04:11 #13 type.registry] 
New type java.util.Vector<java.lang.Object>

[2024-04-10 16:04:11 #14 type.registry] 
New type java.util.ArrayList<domain.PaymentInfo>

[2024-04-10 16:04:11 #15 type.registry] 
New type java.util.Vector<domain.Ride>

------------------------------------------------------------------------------------------------------------------------

[2024-04-10 16:04:25 #1 store] 
Database 'C:\Users\pboad\git\repository\Rides24\src\main\resources\rides.temp' is opened by 11912@DESKTOP-RUEBSAP

[2024-04-10 16:04:25 #2 type.registry] 
New type domain.User

[2024-04-10 16:04:25 #3 type] 
Type domain.User is not enhanced.

[2024-04-10 16:04:25 #4 type.registry] 
New type domain.Traveler

[2024-04-10 16:04:25 #5 type] 
Type domain.Traveler is not enhanced.

[2024-04-10 16:04:25 #6 type.registry] 
New type domain.Ride

[2024-04-10 16:04:25 #7 type.registry] 
New type domain.PaymentInfo

[2024-04-10 16:04:25 #8 type] 
Type domain.Ride is not enhanced.

[2024-04-10 16:04:25 #9 type] 
Type domain.PaymentInfo is not enhanced.

[2024-04-10 16:04:25 #10 type.registry] 
New type domain.Driver

[2024-04-10 16:04:25 #11 type] 
Type domain.Driver is not enhanced.

[2024-04-10 16:04:25 #12 type.registry] 
New type java.util.ArrayList<java.lang.Object>

[2024-04-10 16:04:26 #13 type.registry] 
New type java.util.Vector<java.lang.Object>

[2024-04-10 16:04:26 #14 type.registry] 
New type java.util.ArrayList<domain.PaymentInfo>

[2024-04-10 16:04:26 #15 type.registry] 
New type java.util.Vector<domain.Ride>

[2024-04-10 16:04:34 #16 type.registry] 
New type domain.CanceledRide

[2024-04-10 16:04:34 #17 type] 
Type domain.CanceledRide is not enhanced.

------------------------------------------------------------------------------------------------------------------------

[2024-04-10 16:05:53 #1 store] 
Database 'C:\Users\pboad\git\repository\Rides24\src\main\resources\rides.temp' is opened by 4704@DESKTOP-RUEBSAP

[2024-04-10 16:05:53 #2 type.registry] 
New type domain.User

[2024-04-10 16:05:53 #3 type] 
Type domain.User is not enhanced.

[2024-04-10 16:05:53 #4 type.registry] 
New type domain.Traveler

[2024-04-10 16:05:53 #5 type] 
Type domain.Traveler is not enhanced.

[2024-04-10 16:05:53 #6 type.registry] 
New type domain.Ride

[2024-04-10 16:05:53 #7 type.registry] 
New type domain.PaymentInfo

[2024-04-10 16:05:53 #8 type] 
Type domain.Ride is not enhanced.

[2024-04-10 16:05:53 #9 type] 
Type domain.PaymentInfo is not enhanced.

[2024-04-10 16:05:53 #10 type.registry] 
New type domain.Driver

[2024-04-10 16:05:53 #11 type] 
Type domain.Driver is not enhanced.

[2024-04-10 16:05:53 #12 type.registry] 
New type java.util.ArrayList<java.lang.Object>

[2024-04-10 16:05:53 #13 type.registry] 
New type java.util.Vector<java.lang.Object>

[2024-04-10 16:05:53 #14 type.registry] 
New type java.util.ArrayList<domain.PaymentInfo>

[2024-04-10 16:05:53 #15 type.registry] 
New type java.util.Vector<domain.Ride>

------------------------------------------------------------------------------------------------------------------------

[2024-04-10 16:25:29 #1 store] 
Database 'C:\Users\pboad\git\repository\Rides24\src\main\resources\rides.temp' is opened by 12688@DESKTOP-RUEBSAP

[2024-04-10 16:25:30 #2 type.registry] 
New type domain.User

[2024-04-10 16:25:30 #3 type] 
Type domain.User is not enhanced.

[2024-04-10 16:25:30 #4 type.registry] 
New type domain.Traveler

[2024-04-10 16:25:30 #5 type] 
Type domain.Traveler is not enhanced.

[2024-04-10 16:25:30 #6 type.registry] 
New type domain.Ride

[2024-04-10 16:25:30 #7 type.registry] 
New type domain.PaymentInfo

[2024-04-10 16:25:30 #8 type] 
Type domain.Ride is not enhanced.

[2024-04-10 16:25:30 #9 type] 
Type domain.PaymentInfo is not enhanced.

[2024-04-10 16:25:30 #10 type.registry] 
New type domain.Driver

[2024-04-10 16:25:30 #11 type] 
Type domain.Driver is not enhanced.

[2024-04-10 16:25:30 #12 type.registry] 
New type java.util.ArrayList<java.lang.Object>

[2024-04-10 16:25:30 #13 type.registry] 
New type java.util.Vector<java.lang.Object>

[2024-04-10 16:25:30 #14 type.registry] 
New type java.util.ArrayList<domain.PaymentInfo>

[2024-04-10 16:25:30 #15 type.registry] 
New type java.util.Vector<domain.Ride>

------------------------------------------------------------------------------------------------------------------------

[2024-04-10 16:28:28 #1 store] 
Database 'C:\Users\pboad\git\repository\Rides24\src\main\resources\rides.temp' is opened by 17872@DESKTOP-RUEBSAP

[2024-04-10 16:28:28 #2 type.registry] 
New type domain.User

[2024-04-10 16:28:28 #3 type] 
Type domain.User is not enhanced.

[2024-04-10 16:28:28 #4 type.registry] 
New type domain.Traveler

[2024-04-10 16:28:28 #5 type] 
Type domain.Traveler is not enhanced.

[2024-04-10 16:28:28 #6 type.registry] 
New type domain.Ride

[2024-04-10 16:28:28 #7 type.registry] 
New type domain.PaymentInfo

[2024-04-10 16:28:28 #8 type] 
Type domain.Ride is not enhanced.

[2024-04-10 16:28:28 #9 type] 
Type domain.PaymentInfo is not enhanced.

[2024-04-10 16:28:28 #10 type.registry] 
New type domain.Driver

[2024-04-10 16:28:28 #11 type] 
Type domain.Driver is not enhanced.

[2024-04-10 16:28:28 #12 type.registry] 
New type java.util.ArrayList<java.lang.Object>

[2024-04-10 16:28:28 #13 type.registry] 
New type java.util.Vector<java.lang.Object>

[2024-04-10 16:28:28 #14 type.registry] 
New type java.util.ArrayList<domain.PaymentInfo>

[2024-04-10 16:28:28 #15 type.registry] 
New type java.util.Vector<domain.Ride>

------------------------------------------------------------------------------------------------------------------------

[2024-04-10 16:32:47 #1 store] 
Database 'C:\Users\pboad\git\repository\Rides24\src\main\resources\rides.temp' is opened by 12800@DESKTOP-RUEBSAP

[2024-04-10 16:32:47 #2 type.registry] 
New type domain.User

[2024-04-10 16:32:47 #3 type] 
Type domain.User is not enhanced.

[2024-04-10 16:32:47 #4 type.registry] 
New type domain.Traveler

[2024-04-10 16:32:47 #5 type] 
Type domain.Traveler is not enhanced.

[2024-04-10 16:32:47 #6 type.registry] 
New type domain.Ride

[2024-04-10 16:32:47 #7 type.registry] 
New type domain.PaymentInfo

[2024-04-10 16:32:47 #8 type] 
Type domain.Ride is not enhanced.

[2024-04-10 16:32:47 #9 type] 
Type domain.PaymentInfo is not enhanced.

[2024-04-10 16:32:47 #10 type.registry] 
New type domain.Driver

[2024-04-10 16:32:47 #11 type] 
Type domain.Driver is not enhanced.

[2024-04-10 16:32:47 #12 type.registry] 
New type java.util.ArrayList<java.lang.Object>

[2024-04-10 16:32:47 #13 type.registry] 
New type java.util.Vector<java.lang.Object>

[2024-04-10 16:32:47 #14 type.registry] 
New type java.util.ArrayList<domain.PaymentInfo>

[2024-04-10 16:32:47 #15 type.registry] 
New type java.util.Vector<domain.Ride>

------------------------------------------------------------------------------------------------------------------------

[2024-04-10 16:35:23 #1 store] 
Database 'C:\Users\pboad\git\repository\Rides24\src\main\resources\rides.temp' is opened by 24088@DESKTOP-RUEBSAP

[2024-04-10 16:35:23 #2 type.registry] 
New type domain.User

[2024-04-10 16:35:23 #3 type] 
Type domain.User is not enhanced.

[2024-04-10 16:35:23 #4 type.registry] 
New type domain.Traveler

[2024-04-10 16:35:23 #5 type] 
Type domain.Traveler is not enhanced.

[2024-04-10 16:35:23 #6 type.registry] 
New type domain.Ride

[2024-04-10 16:35:23 #7 type.registry] 
New type domain.PaymentInfo

[2024-04-10 16:35:23 #8 type] 
Type domain.Ride is not enhanced.

[2024-04-10 16:35:23 #9 type] 
Type domain.PaymentInfo is not enhanced.

[2024-04-10 16:35:23 #10 type.registry] 
New type domain.Driver

[2024-04-10 16:35:23 #11 type] 
Type domain.Driver is not enhanced.

[2024-04-10 16:35:23 #12 type.registry] 
New type java.util.ArrayList<java.lang.Object>

[2024-04-10 16:35:23 #13 type.registry] 
New type java.util.Vector<java.lang.Object>

[2024-04-10 16:35:23 #14 type.registry] 
New type java.util.ArrayList<domain.PaymentInfo>

[2024-04-10 16:35:23 #15 type.registry] 
New type java.util.Vector<domain.Ride>

------------------------------------------------------------------------------------------------------------------------

[2024-04-10 16:36:16 #1 store] 
Database 'C:\Users\pboad\git\repository\Rides24\src\main\resources\rides.temp' is opened by 3460@DESKTOP-RUEBSAP

[2024-04-10 16:36:16 #2 type.registry] 
New type domain.User

[2024-04-10 16:36:16 #3 type] 
Type domain.User is not enhanced.

[2024-04-10 16:36:16 #4 type.registry] 
New type domain.Traveler

[2024-04-10 16:36:16 #5 type] 
Type domain.Traveler is not enhanced.

[2024-04-10 16:36:16 #6 type.registry] 
New type domain.Ride

[2024-04-10 16:36:16 #7 type.registry] 
New type domain.PaymentInfo

[2024-04-10 16:36:16 #8 type] 
Type domain.Ride is not enhanced.

[2024-04-10 16:36:16 #9 type] 
Type domain.PaymentInfo is not enhanced.

[2024-04-10 16:36:16 #10 type.registry] 
New type domain.Driver

[2024-04-10 16:36:16 #11 type] 
Type domain.Driver is not enhanced.

[2024-04-10 16:36:16 #12 type.registry] 
New type java.util.ArrayList<java.lang.Object>

[2024-04-10 16:36:16 #13 type.registry] 
New type java.util.Vector<java.lang.Object>

[2024-04-10 16:36:16 #14 type.registry] 
New type java.util.ArrayList<domain.PaymentInfo>

[2024-04-10 16:36:16 #15 type.registry] 
New type java.util.Vector<domain.Ride>

------------------------------------------------------------------------------------------------------------------------

[2024-04-10 16:59:26 #1 store] 
Database 'C:\Users\pboad\git\repository\Rides24\src\main\resources\rides.temp' is opened by 18036@DESKTOP-RUEBSAP

[2024-04-10 16:59:26 #2 type.registry] 
New type domain.User

[2024-04-10 16:59:26 #3 type] 
Type domain.User is not enhanced.

[2024-04-10 16:59:26 #4 type.registry] 
New type domain.Traveler

[2024-04-10 16:59:26 #5 type] 
Type domain.Traveler is not enhanced.

[2024-04-10 16:59:26 #6 type.registry] 
New type domain.Ride

[2024-04-10 16:59:26 #7 type.registry] 
New type domain.PaymentInfo

[2024-04-10 16:59:26 #8 type] 
Type domain.Ride is not enhanced.

[2024-04-10 16:59:26 #9 type] 
Type domain.PaymentInfo is not enhanced.

[2024-04-10 16:59:26 #10 type.registry] 
New type domain.Driver

[2024-04-10 16:59:26 #11 type] 
Type domain.Driver is not enhanced.

[2024-04-10 16:59:26 #12 type.registry] 
New type java.util.ArrayList<java.lang.Object>

[2024-04-10 16:59:26 #13 type.registry] 
New type java.util.Vector<java.lang.Object>

[2024-04-10 16:59:26 #14 type.registry] 
New type java.util.ArrayList<domain.PaymentInfo>

[2024-04-10 16:59:26 #15 type.registry] 
New type java.util.Vector<domain.Ride>

------------------------------------------------------------------------------------------------------------------------

[2024-04-10 17:00:50 #1 store] 
Database 'C:\Users\pboad\git\repository\Rides24\src\main\resources\rides.temp' is opened by 16724@DESKTOP-RUEBSAP

[2024-04-10 17:00:50 #2 type.registry] 
New type domain.User

[2024-04-10 17:00:50 #3 type] 
Type domain.User is not enhanced.

[2024-04-10 17:00:50 #4 type.registry] 
New type domain.Traveler

[2024-04-10 17:00:50 #5 type] 
Type domain.Traveler is not enhanced.

[2024-04-10 17:00:50 #6 type.registry] 
New type domain.Ride

[2024-04-10 17:00:50 #7 type.registry] 
New type domain.PaymentInfo

[2024-04-10 17:00:50 #8 type] 
Type domain.Ride is not enhanced.

[2024-04-10 17:00:50 #9 type] 
Type domain.PaymentInfo is not enhanced.

[2024-04-10 17:00:50 #10 type.registry] 
New type domain.Driver

[2024-04-10 17:00:50 #11 type] 
Type domain.Driver is not enhanced.

[2024-04-10 17:00:50 #12 type.registry] 
New type java.util.ArrayList<java.lang.Object>

[2024-04-10 17:00:50 #13 type.registry] 
New type java.util.Vector<java.lang.Object>

[2024-04-10 17:00:50 #14 type.registry] 
New type java.util.ArrayList<domain.PaymentInfo>

[2024-04-10 17:00:50 #15 type.registry] 
New type java.util.Vector<domain.Ride>

------------------------------------------------------------------------------------------------------------------------

[2024-04-10 17:05:05 #1 store] 
Database 'C:\Users\pboad\git\repository\Rides24\src\main\resources\rides.temp' is opened by 23160@DESKTOP-RUEBSAP

[2024-04-10 17:05:05 #2 type.registry] 
New type domain.User

[2024-04-10 17:05:05 #3 type] 
Type domain.User is not enhanced.

[2024-04-10 17:05:05 #4 type.registry] 
New type domain.Traveler

[2024-04-10 17:05:05 #5 type] 
Type domain.Traveler is not enhanced.

[2024-04-10 17:05:05 #6 type.registry] 
New type domain.Ride

[2024-04-10 17:05:05 #7 type.registry] 
New type domain.PaymentInfo

[2024-04-10 17:05:05 #8 type] 
Type domain.Ride is not enhanced.

[2024-04-10 17:05:05 #9 type] 
Type domain.PaymentInfo is not enhanced.

[2024-04-10 17:05:05 #10 type.registry] 
New type domain.Driver

[2024-04-10 17:05:05 #11 type] 
Type domain.Driver is not enhanced.

[2024-04-10 17:05:05 #12 type.registry] 
New type java.util.ArrayList<java.lang.Object>

[2024-04-10 17:05:05 #13 type.registry] 
New type java.util.Vector<java.lang.Object>

[2024-04-10 17:05:05 #14 type.registry] 
New type java.util.ArrayList<domain.PaymentInfo>

[2024-04-10 17:05:05 #15 type.registry] 
New type java.util.Vector<domain.Ride>

------------------------------------------------------------------------------------------------------------------------

[2024-04-10 17:14:38 #1 store] 
Database 'C:\Users\pboad\git\repository\Rides24\src\main\resources\rides.temp' is opened by 23284@DESKTOP-RUEBSAP

[2024-04-10 17:14:39 #2 type.registry] 
New type domain.User

[2024-04-10 17:14:39 #3 type] 
Type domain.User is not enhanced.

[2024-04-10 17:14:39 #4 type.registry] 
New type domain.Traveler

[2024-04-10 17:14:39 #5 type] 
Type domain.Traveler is not enhanced.

[2024-04-10 17:14:39 #6 type.registry] 
New type domain.Ride

[2024-04-10 17:14:39 #7 type.registry] 
New type domain.PaymentInfo

[2024-04-10 17:14:39 #8 type] 
Type domain.Ride is not enhanced.

[2024-04-10 17:14:39 #9 type] 
Type domain.PaymentInfo is not enhanced.

[2024-04-10 17:14:39 #10 type.registry] 
New type domain.Driver

[2024-04-10 17:14:39 #11 type] 
Type domain.Driver is not enhanced.

[2024-04-10 17:14:39 #12 type.registry] 
New type java.util.ArrayList<java.lang.Object>

[2024-04-10 17:14:39 #13 type.registry] 
New type java.util.Vector<java.lang.Object>

[2024-04-10 17:14:39 #14 type.registry] 
New type java.util.ArrayList<domain.PaymentInfo>

[2024-04-10 17:14:39 #15 type.registry] 
New type java.util.Vector<domain.Ride>

------------------------------------------------------------------------------------------------------------------------

[2024-04-10 17:19:57 #1 store] 
Database 'C:\Users\pboad\git\repository\Rides24\src\main\resources\rides.temp' is opened by 6548@DESKTOP-RUEBSAP

[2024-04-10 17:19:57 #2 type.registry] 
New type domain.User

[2024-04-10 17:19:57 #3 type] 
Type domain.User is not enhanced.

[2024-04-10 17:19:57 #4 type.registry] 
New type domain.Traveler

[2024-04-10 17:19:57 #5 type] 
Type domain.Traveler is not enhanced.

[2024-04-10 17:19:57 #6 type.registry] 
New type domain.Ride

[2024-04-10 17:19:57 #7 type.registry] 
New type domain.PaymentInfo

[2024-04-10 17:19:57 #8 type] 
Type domain.Ride is not enhanced.

[2024-04-10 17:19:57 #9 type] 
Type domain.PaymentInfo is not enhanced.

[2024-04-10 17:19:57 #10 type.registry] 
New type domain.Driver

[2024-04-10 17:19:57 #11 type] 
Type domain.Driver is not enhanced.

[2024-04-10 17:19:57 #12 type.registry] 
New type java.util.ArrayList<java.lang.Object>

[2024-04-10 17:19:57 #13 type.registry] 
New type java.util.Vector<java.lang.Object>

[2024-04-10 17:19:57 #14 type.registry] 
New type java.util.ArrayList<domain.PaymentInfo>

[2024-04-10 17:19:57 #15 type.registry] 
New type java.util.Vector<domain.Ride>

------------------------------------------------------------------------------------------------------------------------

[2024-04-10 17:21:06 #1 store] 
Database 'C:\Users\pboad\git\repository\Rides24\src\main\resources\rides.temp' is opened by 13296@DESKTOP-RUEBSAP

[2024-04-10 17:21:06 #2 type.registry] 
New type domain.User

[2024-04-10 17:21:06 #3 type] 
Type domain.User is not enhanced.

[2024-04-10 17:21:06 #4 type.registry] 
New type domain.Traveler

[2024-04-10 17:21:06 #5 type] 
Type domain.Traveler is not enhanced.

[2024-04-10 17:21:06 #6 type.registry] 
New type domain.Ride

[2024-04-10 17:21:06 #7 type.registry] 
New type domain.PaymentInfo

[2024-04-10 17:21:06 #8 type] 
Type domain.Ride is not enhanced.

[2024-04-10 17:21:06 #9 type] 
Type domain.PaymentInfo is not enhanced.

[2024-04-10 17:21:06 #10 type.registry] 
New type domain.Driver

[2024-04-10 17:21:06 #11 type] 
Type domain.Driver is not enhanced.

[2024-04-10 17:21:06 #12 type.registry] 
New type java.util.ArrayList<java.lang.Object>

[2024-04-10 17:21:06 #13 type.registry] 
New type java.util.Vector<java.lang.Object>

[2024-04-10 17:21:06 #14 type.registry] 
New type java.util.ArrayList<domain.PaymentInfo>

[2024-04-10 17:21:06 #15 type.registry] 
New type java.util.Vector<domain.Ride>

------------------------------------------------------------------------------------------------------------------------

[2024-04-10 17:25:50 #1 store] 
Database 'C:\Users\pboad\git\repository\Rides24\src\main\resources\rides.temp' is opened by 16492@DESKTOP-RUEBSAP

[2024-04-10 17:25:51 #2 type.registry] 
New type domain.User

[2024-04-10 17:25:51 #3 type] 
Type domain.User is not enhanced.

[2024-04-10 17:25:51 #4 type.registry] 
New type domain.Traveler

[2024-04-10 17:25:51 #5 type] 
Type domain.Traveler is not enhanced.

[2024-04-10 17:25:51 #6 type.registry] 
New type domain.Ride

[2024-04-10 17:25:51 #7 type.registry] 
New type domain.PaymentInfo

[2024-04-10 17:25:51 #8 type] 
Type domain.Ride is not enhanced.

[2024-04-10 17:25:51 #9 type] 
Type domain.PaymentInfo is not enhanced.

[2024-04-10 17:25:51 #10 type.registry] 
New type domain.Driver

[2024-04-10 17:25:51 #11 type] 
Type domain.Driver is not enhanced.

[2024-04-10 17:25:51 #12 type.registry] 
New type java.util.ArrayList<java.lang.Object>

[2024-04-10 17:25:51 #13 type.registry] 
New type java.util.Vector<java.lang.Object>

[2024-04-10 17:25:51 #14 type.registry] 
New type java.util.ArrayList<domain.PaymentInfo>

[2024-04-10 17:25:51 #15 type.registry] 
New type java.util.Vector<domain.Ride>

------------------------------------------------------------------------------------------------------------------------

[2024-04-10 17:27:04 #1 store] 
Database 'C:\Users\pboad\git\repository\Rides24\src\main\resources\rides.temp' is opened by 16328@DESKTOP-RUEBSAP

[2024-04-10 17:27:04 #2 type.registry] 
New type domain.User

[2024-04-10 17:27:04 #3 type] 
Type domain.User is not enhanced.

[2024-04-10 17:27:04 #4 type.registry] 
New type domain.Traveler

[2024-04-10 17:27:04 #5 type] 
Type domain.Traveler is not enhanced.

[2024-04-10 17:27:04 #6 type.registry] 
New type domain.Ride

[2024-04-10 17:27:04 #7 type.registry] 
New type domain.PaymentInfo

[2024-04-10 17:27:04 #8 type] 
Type domain.Ride is not enhanced.

[2024-04-10 17:27:04 #9 type] 
Type domain.PaymentInfo is not enhanced.

[2024-04-10 17:27:04 #10 type.registry] 
New type domain.Driver

[2024-04-10 17:27:04 #11 type] 
Type domain.Driver is not enhanced.

[2024-04-10 17:27:04 #12 type.registry] 
New type java.util.ArrayList<java.lang.Object>

[2024-04-10 17:27:04 #13 type.registry] 
New type java.util.Vector<java.lang.Object>

[2024-04-10 17:27:04 #14 type.registry] 
New type java.util.ArrayList<domain.PaymentInfo>

[2024-04-10 17:27:04 #15 type.registry] 
New type java.util.Vector<domain.Ride>

------------------------------------------------------------------------------------------------------------------------

[2024-04-10 17:29:25 #1 store] 
Database 'C:\Users\pboad\git\repository\Rides24\src\main\resources\rides.temp' is opened by 8908@DESKTOP-RUEBSAP

[2024-04-10 17:29:25 #2 type.registry] 
New type domain.User

[2024-04-10 17:29:25 #3 type] 
Type domain.User is not enhanced.

[2024-04-10 17:29:25 #4 type.registry] 
New type domain.Traveler

[2024-04-10 17:29:25 #5 type] 
Type domain.Traveler is not enhanced.

[2024-04-10 17:29:25 #6 type.registry] 
New type domain.Ride

[2024-04-10 17:29:25 #7 type.registry] 
New type domain.PaymentInfo

[2024-04-10 17:29:25 #8 type] 
Type domain.Ride is not enhanced.

[2024-04-10 17:29:25 #9 type] 
Type domain.PaymentInfo is not enhanced.

[2024-04-10 17:29:25 #10 type.registry] 
New type domain.Driver

[2024-04-10 17:29:25 #11 type] 
Type domain.Driver is not enhanced.

[2024-04-10 17:29:25 #12 type.registry] 
New type java.util.ArrayList<java.lang.Object>

[2024-04-10 17:29:25 #13 type.registry] 
New type java.util.Vector<java.lang.Object>

[2024-04-10 17:29:25 #14 type.registry] 
New type java.util.ArrayList<domain.PaymentInfo>

[2024-04-10 17:29:25 #15 type.registry] 
New type java.util.Vector<domain.Ride>

------------------------------------------------------------------------------------------------------------------------

[2024-04-10 17:31:06 #1 store] 
Database 'C:\Users\pboad\git\repository\Rides24\src\main\resources\rides.temp' is opened by 6428@DESKTOP-RUEBSAP

[2024-04-10 17:31:07 #2 type.registry] 
New type domain.User

[2024-04-10 17:31:07 #3 type] 
Type domain.User is not enhanced.

[2024-04-10 17:31:07 #4 type.registry] 
New type domain.Traveler

[2024-04-10 17:31:07 #5 type] 
Type domain.Traveler is not enhanced.

[2024-04-10 17:31:07 #6 type.registry] 
New type domain.Ride

[2024-04-10 17:31:07 #7 type.registry] 
New type domain.PaymentInfo

[2024-04-10 17:31:07 #8 type] 
Type domain.Ride is not enhanced.

[2024-04-10 17:31:07 #9 type] 
Type domain.PaymentInfo is not enhanced.

[2024-04-10 17:31:07 #10 type.registry] 
New type domain.Driver

[2024-04-10 17:31:07 #11 type] 
Type domain.Driver is not enhanced.

[2024-04-10 17:31:07 #12 type.registry] 
New type java.util.ArrayList<java.lang.Object>

[2024-04-10 17:31:07 #13 type.registry] 
New type java.util.Vector<java.lang.Object>

[2024-04-10 17:31:07 #14 type.registry] 
New type java.util.ArrayList<domain.PaymentInfo>

[2024-04-10 17:31:07 #15 type.registry] 
New type java.util.Vector<domain.Ride>

------------------------------------------------------------------------------------------------------------------------

[2024-04-10 17:32:26 #1 store] 
Database 'C:\Users\pboad\git\repository\Rides24\src\main\resources\rides.temp' is opened by 21032@DESKTOP-RUEBSAP

[2024-04-10 17:32:26 #2 type.registry] 
New type domain.User

[2024-04-10 17:32:26 #3 type] 
Type domain.User is not enhanced.

[2024-04-10 17:32:26 #4 type.registry] 
New type domain.Traveler

[2024-04-10 17:32:26 #5 type] 
Type domain.Traveler is not enhanced.

[2024-04-10 17:32:26 #6 type.registry] 
New type domain.Ride

[2024-04-10 17:32:26 #7 type.registry] 
New type domain.PaymentInfo

[2024-04-10 17:32:26 #8 type] 
Type domain.Ride is not enhanced.

[2024-04-10 17:32:26 #9 type] 
Type domain.PaymentInfo is not enhanced.

[2024-04-10 17:32:26 #10 type.registry] 
New type domain.Driver

[2024-04-10 17:32:26 #11 type] 
Type domain.Driver is not enhanced.

[2024-04-10 17:32:26 #12 type.registry] 
New type java.util.ArrayList<java.lang.Object>

[2024-04-10 17:32:26 #13 type.registry] 
New type java.util.Vector<java.lang.Object>

[2024-04-10 17:32:26 #14 type.registry] 
New type java.util.ArrayList<domain.PaymentInfo>

[2024-04-10 17:32:26 #15 type.registry] 
New type java.util.Vector<domain.Ride>

------------------------------------------------------------------------------------------------------------------------

[2024-04-10 17:33:30 #1 store] 
Database 'C:\Users\pboad\git\repository\Rides24\src\main\resources\rides.temp' is opened by 1208@DESKTOP-RUEBSAP

[2024-04-10 17:33:30 #2 type.registry] 
New type domain.User

[2024-04-10 17:33:30 #3 type] 
Type domain.User is not enhanced.

[2024-04-10 17:33:30 #4 type.registry] 
New type domain.Traveler

[2024-04-10 17:33:30 #5 type] 
Type domain.Traveler is not enhanced.

[2024-04-10 17:33:30 #6 type.registry] 
New type domain.Ride

[2024-04-10 17:33:30 #7 type.registry] 
New type domain.PaymentInfo

[2024-04-10 17:33:30 #8 type] 
Type domain.Ride is not enhanced.

[2024-04-10 17:33:30 #9 type] 
Type domain.PaymentInfo is not enhanced.

[2024-04-10 17:33:30 #10 type.registry] 
New type domain.Driver

[2024-04-10 17:33:30 #11 type] 
Type domain.Driver is not enhanced.

[2024-04-10 17:33:30 #12 type.registry] 
New type java.util.ArrayList<java.lang.Object>

[2024-04-10 17:33:30 #13 type.registry] 
New type java.util.Vector<java.lang.Object>

[2024-04-10 17:33:30 #14 type.registry] 
New type java.util.ArrayList<domain.PaymentInfo>

[2024-04-10 17:33:30 #15 type.registry] 
New type java.util.Vector<domain.Ride>

------------------------------------------------------------------------------------------------------------------------

[2024-04-10 17:39:03 #1 store] 
Database 'C:\Users\pboad\git\repository\Rides24\src\main\resources\rides.temp' is opened by 13780@DESKTOP-RUEBSAP

[2024-04-10 17:39:03 #2 type.registry] 
New type domain.User

[2024-04-10 17:39:03 #3 type] 
Type domain.User is not enhanced.

[2024-04-10 17:39:03 #4 type.registry] 
New type domain.Traveler

[2024-04-10 17:39:03 #5 type] 
Type domain.Traveler is not enhanced.

[2024-04-10 17:39:03 #6 type.registry] 
New type domain.Ride

[2024-04-10 17:39:03 #7 type.registry] 
New type domain.PaymentInfo

[2024-04-10 17:39:03 #8 type] 
Type domain.Ride is not enhanced.

[2024-04-10 17:39:03 #9 type] 
Type domain.PaymentInfo is not enhanced.

[2024-04-10 17:39:03 #10 type.registry] 
New type domain.Driver

[2024-04-10 17:39:03 #11 type] 
Type domain.Driver is not enhanced.

[2024-04-10 17:39:03 #12 type.registry] 
New type java.util.ArrayList<java.lang.Object>

[2024-04-10 17:39:03 #13 type.registry] 
New type java.util.Vector<java.lang.Object>

[2024-04-10 17:39:03 #14 type.registry] 
New type java.util.ArrayList<domain.PaymentInfo>

[2024-04-10 17:39:03 #15 type.registry] 
New type java.util.Vector<domain.Ride>

------------------------------------------------------------------------------------------------------------------------

[2024-04-10 17:42:16 #1 store] 
Database 'C:\Users\pboad\git\repository\Rides24\src\main\resources\rides.temp' is opened by 19076@DESKTOP-RUEBSAP

[2024-04-10 17:42:16 #2 type.registry] 
New type domain.User

[2024-04-10 17:42:16 #3 type] 
Type domain.User is not enhanced.

[2024-04-10 17:42:16 #4 type.registry] 
New type domain.Traveler

[2024-04-10 17:42:16 #5 type] 
Type domain.Traveler is not enhanced.

[2024-04-10 17:42:16 #6 type.registry] 
New type domain.Ride

[2024-04-10 17:42:16 #7 type.registry] 
New type domain.PaymentInfo

[2024-04-10 17:42:16 #8 type] 
Type domain.Ride is not enhanced.

[2024-04-10 17:42:16 #9 type] 
Type domain.PaymentInfo is not enhanced.

[2024-04-10 17:42:16 #10 type.registry] 
New type domain.Driver

[2024-04-10 17:42:16 #11 type] 
Type domain.Driver is not enhanced.

[2024-04-10 17:42:16 #12 type.registry] 
New type java.util.ArrayList<java.lang.Object>

[2024-04-10 17:42:16 #13 type.registry] 
New type java.util.Vector<java.lang.Object>

[2024-04-10 17:42:16 #14 type.registry] 
New type java.util.ArrayList<domain.PaymentInfo>

[2024-04-10 17:42:16 #15 type.registry] 
New type java.util.Vector<domain.Ride>

------------------------------------------------------------------------------------------------------------------------

[2024-04-10 17:43:19 #1 store] 
Database 'C:\Users\pboad\git\repository\Rides24\src\main\resources\rides.temp' is opened by 23608@DESKTOP-RUEBSAP

[2024-04-10 17:43:19 #2 type.registry] 
New type domain.User

[2024-04-10 17:43:19 #3 type] 
Type domain.User is not enhanced.

[2024-04-10 17:43:19 #4 type.registry] 
New type domain.Traveler

[2024-04-10 17:43:19 #5 type] 
Type domain.Traveler is not enhanced.

[2024-04-10 17:43:19 #6 type.registry] 
New type domain.Ride

[2024-04-10 17:43:19 #7 type.registry] 
New type domain.PaymentInfo

[2024-04-10 17:43:19 #8 type] 
Type domain.Ride is not enhanced.

[2024-04-10 17:43:19 #9 type] 
Type domain.PaymentInfo is not enhanced.

[2024-04-10 17:43:19 #10 type.registry] 
New type domain.Driver

[2024-04-10 17:43:19 #11 type] 
Type domain.Driver is not enhanced.

[2024-04-10 17:43:19 #12 type.registry] 
New type java.util.ArrayList<java.lang.Object>

[2024-04-10 17:43:19 #13 type.registry] 
New type java.util.Vector<java.lang.Object>

[2024-04-10 17:43:19 #14 type.registry] 
New type java.util.ArrayList<domain.PaymentInfo>

[2024-04-10 17:43:19 #15 type.registry] 
New type java.util.Vector<domain.Ride>

------------------------------------------------------------------------------------------------------------------------

[2024-04-10 17:43:47 #1 store] 
Database 'C:\Users\pboad\git\repository\Rides24\src\main\resources\rides.temp' is opened by 22960@DESKTOP-RUEBSAP

[2024-04-10 17:43:47 #2 type.registry] 
New type domain.User

[2024-04-10 17:43:47 #3 type] 
Type domain.User is not enhanced.

[2024-04-10 17:43:47 #4 type.registry] 
New type domain.Traveler

[2024-04-10 17:43:47 #5 type] 
Type domain.Traveler is not enhanced.

[2024-04-10 17:43:47 #6 type.registry] 
New type domain.Ride

[2024-04-10 17:43:47 #7 type.registry] 
New type domain.PaymentInfo

[2024-04-10 17:43:47 #8 type] 
Type domain.Ride is not enhanced.

[2024-04-10 17:43:47 #9 type] 
Type domain.PaymentInfo is not enhanced.

[2024-04-10 17:43:47 #10 type.registry] 
New type domain.Driver

[2024-04-10 17:43:47 #11 type] 
Type domain.Driver is not enhanced.

[2024-04-10 17:43:47 #12 type.registry] 
New type java.util.ArrayList<java.lang.Object>

[2024-04-10 17:43:47 #13 type.registry] 
New type java.util.Vector<java.lang.Object>

[2024-04-10 17:43:47 #14 type.registry] 
New type java.util.ArrayList<domain.PaymentInfo>

[2024-04-10 17:43:47 #15 type.registry] 
New type java.util.Vector<domain.Ride>

------------------------------------------------------------------------------------------------------------------------

[2024-04-10 17:50:35 #1 store] 
Database 'C:\Users\pboad\git\repository\Rides24\src\main\resources\rides.temp' is opened by 14728@DESKTOP-RUEBSAP

[2024-04-10 17:50:35 #2 type.registry] 
New type domain.User

[2024-04-10 17:50:35 #3 type] 
Type domain.User is not enhanced.

[2024-04-10 17:50:35 #4 type.registry] 
New type domain.Traveler

[2024-04-10 17:50:35 #5 type] 
Type domain.Traveler is not enhanced.

[2024-04-10 17:50:35 #6 type.registry] 
New type domain.Ride

[2024-04-10 17:50:35 #7 type.registry] 
New type domain.PaymentInfo

[2024-04-10 17:50:35 #8 type] 
Type domain.Ride is not enhanced.

[2024-04-10 17:50:35 #9 type] 
Type domain.PaymentInfo is not enhanced.

[2024-04-10 17:50:35 #10 type.registry] 
New type domain.Driver

[2024-04-10 17:50:35 #11 type] 
Type domain.Driver is not enhanced.

[2024-04-10 17:50:35 #12 type.registry] 
New type java.util.ArrayList<java.lang.Object>

[2024-04-10 17:50:35 #13 type.registry] 
New type java.util.Vector<java.lang.Object>

[2024-04-10 17:50:35 #14 type.registry] 
New type java.util.ArrayList<domain.PaymentInfo>

[2024-04-10 17:50:35 #15 type.registry] 
New type java.util.Vector<domain.Ride>

------------------------------------------------------------------------------------------------------------------------

[2024-04-10 17:53:32 #1 store] 
Database 'C:\Users\pboad\git\repository\Rides24\src\main\resources\rides.temp' is opened by 24332@DESKTOP-RUEBSAP

[2024-04-10 17:53:32 #2 type.registry] 
New type domain.User

[2024-04-10 17:53:32 #3 type] 
Type domain.User is not enhanced.

[2024-04-10 17:53:32 #4 type.registry] 
New type domain.Traveler

[2024-04-10 17:53:32 #5 type] 
Type domain.Traveler is not enhanced.

[2024-04-10 17:53:32 #6 type.registry] 
New type domain.Ride

[2024-04-10 17:53:32 #7 type.registry] 
New type domain.PaymentInfo

[2024-04-10 17:53:32 #8 type] 
Type domain.Ride is not enhanced.

[2024-04-10 17:53:32 #9 type] 
Type domain.PaymentInfo is not enhanced.

[2024-04-10 17:53:32 #10 type.registry] 
New type domain.Driver

[2024-04-10 17:53:32 #11 type] 
Type domain.Driver is not enhanced.

[2024-04-10 17:53:32 #12 type.registry] 
New type java.util.ArrayList<java.lang.Object>

[2024-04-10 17:53:32 #13 type.registry] 
New type java.util.Vector<java.lang.Object>

[2024-04-10 17:53:32 #14 type.registry] 
New type java.util.ArrayList<domain.PaymentInfo>

[2024-04-10 17:53:32 #15 type.registry] 
New type java.util.Vector<domain.Ride>

------------------------------------------------------------------------------------------------------------------------

[2024-04-10 17:54:53 #1 store] 
Database 'C:\Users\pboad\git\repository\Rides24\src\main\resources\rides.temp' is opened by 20632@DESKTOP-RUEBSAP

[2024-04-10 17:54:53 #2 type.registry] 
New type domain.User

[2024-04-10 17:54:53 #3 type] 
Type domain.User is not enhanced.

[2024-04-10 17:54:53 #4 type.registry] 
New type domain.Traveler

[2024-04-10 17:54:53 #5 type] 
Type domain.Traveler is not enhanced.

[2024-04-10 17:54:53 #6 type.registry] 
New type domain.Ride

[2024-04-10 17:54:53 #7 type.registry] 
New type domain.PaymentInfo

[2024-04-10 17:54:53 #8 type] 
Type domain.Ride is not enhanced.

[2024-04-10 17:54:53 #9 type] 
Type domain.PaymentInfo is not enhanced.

[2024-04-10 17:54:53 #10 type.registry] 
New type domain.Driver

[2024-04-10 17:54:53 #11 type] 
Type domain.Driver is not enhanced.

[2024-04-10 17:54:53 #12 type.registry] 
New type java.util.ArrayList<java.lang.Object>

[2024-04-10 17:54:53 #13 type.registry] 
New type java.util.Vector<java.lang.Object>

[2024-04-10 17:54:53 #14 type.registry] 
New type java.util.ArrayList<domain.PaymentInfo>

[2024-04-10 17:54:53 #15 type.registry] 
New type java.util.Vector<domain.Ride>

------------------------------------------------------------------------------------------------------------------------

[2024-04-10 17:55:34 #1 store] 
Database 'C:\Users\pboad\git\repository\Rides24\src\main\resources\rides.temp' is opened by 20536@DESKTOP-RUEBSAP

[2024-04-10 17:55:34 #2 type.registry] 
New type domain.User

[2024-04-10 17:55:34 #3 type] 
Type domain.User is not enhanced.

[2024-04-10 17:55:34 #4 type.registry] 
New type domain.Traveler

[2024-04-10 17:55:34 #5 type] 
Type domain.Traveler is not enhanced.

[2024-04-10 17:55:34 #6 type.registry] 
New type domain.Ride

[2024-04-10 17:55:34 #7 type.registry] 
New type domain.PaymentInfo

[2024-04-10 17:55:34 #8 type] 
Type domain.Ride is not enhanced.

[2024-04-10 17:55:34 #9 type] 
Type domain.PaymentInfo is not enhanced.

[2024-04-10 17:55:34 #10 type.registry] 
New type domain.Driver

[2024-04-10 17:55:34 #11 type] 
Type domain.Driver is not enhanced.

[2024-04-10 17:55:34 #12 type.registry] 
New type java.util.ArrayList<java.lang.Object>

[2024-04-10 17:55:34 #13 type.registry] 
New type java.util.Vector<java.lang.Object>

[2024-04-10 17:55:34 #14 type.registry] 
New type java.util.ArrayList<domain.PaymentInfo>

[2024-04-10 17:55:34 #15 type.registry] 
New type java.util.Vector<domain.Ride>

------------------------------------------------------------------------------------------------------------------------

[2024-04-10 17:58:41 #1 store] 
Database 'C:\Users\pboad\git\repository\Rides24\src\main\resources\rides.temp' is opened by 3612@DESKTOP-RUEBSAP

[2024-04-10 17:58:41 #2 type.registry] 
New type domain.User

[2024-04-10 17:58:41 #3 type] 
Type domain.User is not enhanced.

[2024-04-10 17:58:41 #4 type.registry] 
New type domain.Traveler

[2024-04-10 17:58:41 #5 type] 
Type domain.Traveler is not enhanced.

[2024-04-10 17:58:41 #6 type.registry] 
New type domain.Ride

[2024-04-10 17:58:41 #7 type.registry] 
New type domain.PaymentInfo

[2024-04-10 17:58:41 #8 type] 
Type domain.Ride is not enhanced.

[2024-04-10 17:58:41 #9 type] 
Type domain.PaymentInfo is not enhanced.

[2024-04-10 17:58:41 #10 type.registry] 
New type domain.Driver

[2024-04-10 17:58:41 #11 type] 
Type domain.Driver is not enhanced.

[2024-04-10 17:58:41 #12 type.registry] 
New type java.util.ArrayList<java.lang.Object>

[2024-04-10 17:58:41 #13 type.registry] 
New type java.util.Vector<java.lang.Object>

[2024-04-10 17:58:41 #14 type.registry] 
New type java.util.ArrayList<domain.PaymentInfo>

[2024-04-10 17:58:41 #15 type.registry] 
New type java.util.Vector<domain.Ride>

------------------------------------------------------------------------------------------------------------------------

[2024-04-10 18:05:24 #1 store] 
Database 'C:\Users\pboad\git\repository\Rides24\src\main\resources\rides.temp' is opened by 21820@DESKTOP-RUEBSAP

[2024-04-10 18:05:24 #2 type.registry] 
New type domain.User

[2024-04-10 18:05:24 #3 type] 
Type domain.User is not enhanced.

[2024-04-10 18:05:24 #4 type.registry] 
New type domain.Traveler

[2024-04-10 18:05:24 #5 type] 
Type domain.Traveler is not enhanced.

[2024-04-10 18:05:24 #6 type.registry] 
New type domain.Ride

[2024-04-10 18:05:24 #7 type.registry] 
New type domain.PaymentInfo

[2024-04-10 18:05:24 #8 type] 
Type domain.Ride is not enhanced.

[2024-04-10 18:05:24 #9 type] 
Type domain.PaymentInfo is not enhanced.

[2024-04-10 18:05:24 #10 type.registry] 
New type domain.Driver

[2024-04-10 18:05:24 #11 type] 
Type domain.Driver is not enhanced.

[2024-04-10 18:05:24 #12 type.registry] 
New type java.util.ArrayList<java.lang.Object>

[2024-04-10 18:05:24 #13 type.registry] 
New type java.util.Vector<java.lang.Object>

[2024-04-10 18:05:24 #14 type.registry] 
New type java.util.ArrayList<domain.PaymentInfo>

[2024-04-10 18:05:24 #15 type.registry] 
New type java.util.Vector<domain.Ride>

------------------------------------------------------------------------------------------------------------------------

[2024-04-10 18:06:55 #1 store] 
Database 'C:\Users\pboad\git\repository\Rides24\src\main\resources\rides.temp' is opened by 16040@DESKTOP-RUEBSAP

[2024-04-10 18:06:55 #2 type.registry] 
New type domain.User

[2024-04-10 18:06:55 #3 type] 
Type domain.User is not enhanced.

[2024-04-10 18:06:55 #4 type.registry] 
New type domain.Traveler

[2024-04-10 18:06:55 #5 type] 
Type domain.Traveler is not enhanced.

[2024-04-10 18:06:55 #6 type.registry] 
New type domain.Ride

[2024-04-10 18:06:55 #7 type.registry] 
New type domain.PaymentInfo

[2024-04-10 18:06:55 #8 type] 
Type domain.Ride is not enhanced.

[2024-04-10 18:06:55 #9 type] 
Type domain.PaymentInfo is not enhanced.

[2024-04-10 18:06:55 #10 type.registry] 
New type domain.Driver

[2024-04-10 18:06:55 #11 type] 
Type domain.Driver is not enhanced.

[2024-04-10 18:06:55 #12 type.registry] 
New type java.util.ArrayList<java.lang.Object>

[2024-04-10 18:06:55 #13 type.registry] 
New type java.util.Vector<java.lang.Object>

[2024-04-10 18:06:55 #14 type.registry] 
New type java.util.ArrayList<domain.PaymentInfo>

[2024-04-10 18:06:55 #15 type.registry] 
New type java.util.Vector<domain.Ride>

------------------------------------------------------------------------------------------------------------------------

[2024-04-10 21:26:47 #1 store] 
Database 'C:\Users\pboad\git\repository\Rides24\src\main\resources\rides.temp' is opened by 17432@DESKTOP-RUEBSAP

[2024-04-10 21:26:47 #2 type.registry] 
New type domain.User

[2024-04-10 21:26:47 #3 type] 
Type domain.User is not enhanced.

[2024-04-10 21:26:47 #4 type.registry] 
New type domain.Traveler

[2024-04-10 21:26:47 #5 type] 
Type domain.Traveler is not enhanced.

[2024-04-10 21:26:47 #6 type.registry] 
New type domain.Ride

[2024-04-10 21:26:47 #7 type.registry] 
New type domain.PaymentInfo

[2024-04-10 21:26:47 #8 type] 
Type domain.Ride is not enhanced.

[2024-04-10 21:26:47 #9 type] 
Type domain.PaymentInfo is not enhanced.

[2024-04-10 21:26:47 #10 type.registry] 
New type domain.Driver

[2024-04-10 21:26:47 #11 type] 
Type domain.Driver is not enhanced.

[2024-04-10 21:26:47 #12 type.registry] 
New type java.util.ArrayList<java.lang.Object>

[2024-04-10 21:26:47 #13 type.registry] 
New type java.util.Vector<java.lang.Object>

[2024-04-10 21:26:47 #14 type.registry] 
New type java.util.ArrayList<domain.PaymentInfo>

[2024-04-10 21:26:47 #15 type.registry] 
New type java.util.Vector<domain.Ride>

------------------------------------------------------------------------------------------------------------------------

[2024-04-10 21:49:26 #1 store] 
Database 'C:\Users\pboad\git\repository\Rides24\src\main\resources\rides.temp' is opened by 15060@DESKTOP-RUEBSAP

[2024-04-10 21:49:27 #2 type.registry] 
New type domain.User

[2024-04-10 21:49:27 #3 type] 
Type domain.User is not enhanced.

[2024-04-10 21:49:27 #4 type.registry] 
New type domain.Traveler

[2024-04-10 21:49:27 #5 type] 
Type domain.Traveler is not enhanced.

[2024-04-10 21:49:27 #6 type.registry] 
New type domain.Ride

[2024-04-10 21:49:27 #7 type.registry] 
New type domain.PaymentInfo

[2024-04-10 21:49:27 #8 type] 
Type domain.Ride is not enhanced.

[2024-04-10 21:49:27 #9 type] 
Type domain.PaymentInfo is not enhanced.

[2024-04-10 21:49:27 #10 type.registry] 
New type domain.Driver

[2024-04-10 21:49:27 #11 type] 
Type domain.Driver is not enhanced.

[2024-04-10 21:49:27 #12 type.registry] 
New type java.util.ArrayList<java.lang.Object>

[2024-04-10 21:49:27 #13 type.registry] 
New type java.util.Vector<java.lang.Object>

[2024-04-10 21:49:27 #14 type.registry] 
New type java.util.ArrayList<domain.PaymentInfo>

[2024-04-10 21:49:27 #15 type.registry] 
New type java.util.Vector<domain.Ride>

------------------------------------------------------------------------------------------------------------------------

[2024-04-10 22:10:24 #1 store] 
Database 'C:\Users\pboad\git\repository\Rides24\src\main\resources\rides.temp' is opened by 28832@DESKTOP-RUEBSAP

[2024-04-10 22:10:24 #2 type.registry] 
New type domain.User

[2024-04-10 22:10:24 #3 type] 
Type domain.User is not enhanced.

[2024-04-10 22:10:24 #4 type.registry] 
New type domain.Traveler

[2024-04-10 22:10:24 #5 type] 
Type domain.Traveler is not enhanced.

[2024-04-10 22:10:24 #6 type.registry] 
New type domain.Ride

[2024-04-10 22:10:24 #7 type.registry] 
New type domain.PaymentInfo

[2024-04-10 22:10:24 #8 type] 
Type domain.Ride is not enhanced.

[2024-04-10 22:10:24 #9 type] 
Type domain.PaymentInfo is not enhanced.

[2024-04-10 22:10:24 #10 type.registry] 
New type domain.Driver

[2024-04-10 22:10:24 #11 type] 
Type domain.Driver is not enhanced.

[2024-04-10 22:10:24 #12 type.registry] 
New type java.util.ArrayList<java.lang.Object>

[2024-04-10 22:10:24 #13 type.registry] 
New type java.util.Vector<java.lang.Object>

[2024-04-10 22:10:24 #14 type.registry] 
New type java.util.ArrayList<domain.PaymentInfo>

[2024-04-10 22:10:24 #15 type.registry] 
New type java.util.Vector<domain.Ride>

------------------------------------------------------------------------------------------------------------------------

[2024-04-10 22:11:40 #1 store] 
Database 'C:\Users\pboad\git\repository\Rides24\src\main\resources\rides.temp' is opened by 30496@DESKTOP-RUEBSAP

[2024-04-10 22:11:40 #2 type.registry] 
New type domain.User

[2024-04-10 22:11:40 #3 type] 
Type domain.User is not enhanced.

[2024-04-10 22:11:40 #4 type.registry] 
New type domain.Traveler

[2024-04-10 22:11:40 #5 type] 
Type domain.Traveler is not enhanced.

[2024-04-10 22:11:40 #6 type.registry] 
New type domain.Ride

[2024-04-10 22:11:40 #7 type.registry] 
New type domain.PaymentInfo

[2024-04-10 22:11:40 #8 type] 
Type domain.Ride is not enhanced.

[2024-04-10 22:11:40 #9 type] 
Type domain.PaymentInfo is not enhanced.

[2024-04-10 22:11:40 #10 type.registry] 
New type domain.Driver

[2024-04-10 22:11:40 #11 type] 
Type domain.Driver is not enhanced.

[2024-04-10 22:11:40 #12 type.registry] 
New type java.util.ArrayList<java.lang.Object>

[2024-04-10 22:11:40 #13 type.registry] 
New type java.util.Vector<java.lang.Object>

[2024-04-10 22:11:40 #14 type.registry] 
New type java.util.ArrayList<domain.PaymentInfo>

[2024-04-10 22:11:40 #15 type.registry] 
New type java.util.Vector<domain.Ride>

------------------------------------------------------------------------------------------------------------------------

[2024-04-10 22:14:28 #1 store] 
Database 'C:\Users\pboad\git\repository\Rides24\src\main\resources\rides.temp' is opened by 29388@DESKTOP-RUEBSAP

[2024-04-10 22:14:28 #2 type.registry] 
New type domain.User

[2024-04-10 22:14:28 #3 type] 
Type domain.User is not enhanced.

[2024-04-10 22:14:28 #4 type.registry] 
New type domain.Traveler

[2024-04-10 22:14:28 #5 type] 
Type domain.Traveler is not enhanced.

[2024-04-10 22:14:28 #6 type.registry] 
New type domain.Ride

[2024-04-10 22:14:28 #7 type.registry] 
New type domain.PaymentInfo

[2024-04-10 22:14:28 #8 type] 
Type domain.Ride is not enhanced.

[2024-04-10 22:14:28 #9 type] 
Type domain.PaymentInfo is not enhanced.

[2024-04-10 22:14:28 #10 type.registry] 
New type domain.Driver

[2024-04-10 22:14:28 #11 type] 
Type domain.Driver is not enhanced.

[2024-04-10 22:14:28 #12 type.registry] 
New type java.util.ArrayList<java.lang.Object>

[2024-04-10 22:14:28 #13 type.registry] 
New type java.util.Vector<java.lang.Object>

[2024-04-10 22:14:28 #14 type.registry] 
New type java.util.ArrayList<domain.PaymentInfo>

[2024-04-10 22:14:28 #15 type.registry] 
New type java.util.Vector<domain.Ride>

------------------------------------------------------------------------------------------------------------------------

[2024-04-10 22:36:47 #1 store] 
Database 'C:\Users\pboad\git\repository\Rides24\src\main\resources\rides.temp' is opened by 21944@DESKTOP-RUEBSAP

[2024-04-10 22:36:47 #2 type.registry] 
New type domain.User

[2024-04-10 22:36:47 #3 type] 
Type domain.User is not enhanced.

[2024-04-10 22:36:47 #4 type.registry] 
New type domain.Traveler

[2024-04-10 22:36:47 #5 type] 
Type domain.Traveler is not enhanced.

[2024-04-10 22:36:47 #6 type.registry] 
New type domain.Ride

[2024-04-10 22:36:47 #7 type.registry] 
New type domain.PaymentInfo

[2024-04-10 22:36:47 #8 type] 
Type domain.Ride is not enhanced.

[2024-04-10 22:36:47 #9 type] 
Type domain.PaymentInfo is not enhanced.

[2024-04-10 22:36:47 #10 type.registry] 
New type domain.Driver

[2024-04-10 22:36:47 #11 type] 
Type domain.Driver is not enhanced.

[2024-04-10 22:36:47 #12 type.registry] 
New type java.util.ArrayList<java.lang.Object>

[2024-04-10 22:36:47 #13 type.registry] 
New type java.util.Vector<java.lang.Object>

[2024-04-10 22:36:47 #14 type.registry] 
New type java.util.ArrayList<domain.PaymentInfo>

[2024-04-10 22:36:47 #15 type.registry] 
New type java.util.Vector<domain.Ride>

------------------------------------------------------------------------------------------------------------------------

[2024-04-10 22:39:39 #1 store] 
Database 'C:\Users\pboad\git\repository\Rides24\src\main\resources\rides.temp' is opened by 29312@DESKTOP-RUEBSAP

[2024-04-10 22:39:39 #2 type.registry] 
New type domain.User

[2024-04-10 22:39:39 #3 type] 
Type domain.User is not enhanced.

[2024-04-10 22:39:39 #4 type.registry] 
New type domain.Traveler

[2024-04-10 22:39:39 #5 type] 
Type domain.Traveler is not enhanced.

[2024-04-10 22:39:39 #6 type.registry] 
New type domain.Ride

[2024-04-10 22:39:39 #7 type.registry] 
New type domain.PaymentInfo

[2024-04-10 22:39:39 #8 type] 
Type domain.Ride is not enhanced.

[2024-04-10 22:39:39 #9 type] 
Type domain.PaymentInfo is not enhanced.

[2024-04-10 22:39:39 #10 type.registry] 
New type domain.Driver

[2024-04-10 22:39:39 #11 type] 
Type domain.Driver is not enhanced.

[2024-04-10 22:39:39 #12 type.registry] 
New type java.util.ArrayList<java.lang.Object>

[2024-04-10 22:39:39 #13 type.registry] 
New type java.util.Vector<java.lang.Object>

[2024-04-10 22:39:39 #14 type.registry] 
New type java.util.ArrayList<domain.PaymentInfo>

[2024-04-10 22:39:39 #15 type.registry] 
New type java.util.Vector<domain.Ride>

------------------------------------------------------------------------------------------------------------------------

[2024-04-10 22:41:10 #1 store] 
Database 'C:\Users\pboad\git\repository\Rides24\src\main\resources\rides.temp' is opened by 19100@DESKTOP-RUEBSAP

[2024-04-10 22:41:10 #2 type.registry] 
New type domain.User

[2024-04-10 22:41:10 #3 type] 
Type domain.User is not enhanced.

[2024-04-10 22:41:10 #4 type.registry] 
New type domain.Traveler

[2024-04-10 22:41:10 #5 type] 
Type domain.Traveler is not enhanced.

[2024-04-10 22:41:10 #6 type.registry] 
New type domain.Ride

[2024-04-10 22:41:10 #7 type.registry] 
New type domain.PaymentInfo

[2024-04-10 22:41:10 #8 type] 
Type domain.Ride is not enhanced.

[2024-04-10 22:41:10 #9 type] 
Type domain.PaymentInfo is not enhanced.

[2024-04-10 22:41:10 #10 type.registry] 
New type domain.Driver

[2024-04-10 22:41:10 #11 type] 
Type domain.Driver is not enhanced.

[2024-04-10 22:41:10 #12 type.registry] 
New type java.util.ArrayList<java.lang.Object>

[2024-04-10 22:41:10 #13 type.registry] 
New type java.util.Vector<java.lang.Object>

[2024-04-10 22:41:10 #14 type.registry] 
New type java.util.ArrayList<domain.PaymentInfo>

[2024-04-10 22:41:10 #15 type.registry] 
New type java.util.Vector<domain.Ride>

------------------------------------------------------------------------------------------------------------------------

[2024-04-10 22:44:57 #1 store] 
Database 'C:\Users\pboad\git\repository\Rides24\src\main\resources\rides.temp' is opened by 14132@DESKTOP-RUEBSAP

[2024-04-10 22:44:57 #2 type.registry] 
New type domain.User

[2024-04-10 22:44:57 #3 type] 
Type domain.User is not enhanced.

[2024-04-10 22:44:57 #4 type.registry] 
New type domain.Traveler

[2024-04-10 22:44:57 #5 type] 
Type domain.Traveler is not enhanced.

[2024-04-10 22:44:57 #6 type.registry] 
New type domain.Ride

[2024-04-10 22:44:57 #7 type.registry] 
New type domain.PaymentInfo

[2024-04-10 22:44:57 #8 type] 
Type domain.Ride is not enhanced.

[2024-04-10 22:44:57 #9 type] 
Type domain.PaymentInfo is not enhanced.

[2024-04-10 22:44:57 #10 type.registry] 
New type domain.Driver

[2024-04-10 22:44:57 #11 type] 
Type domain.Driver is not enhanced.

[2024-04-10 22:44:57 #12 type.registry] 
New type java.util.ArrayList<java.lang.Object>

[2024-04-10 22:44:57 #13 type.registry] 
New type java.util.Vector<java.lang.Object>

[2024-04-10 22:44:57 #14 type.registry] 
New type java.util.ArrayList<domain.PaymentInfo>

[2024-04-10 22:44:57 #15 type.registry] 
New type java.util.Vector<domain.Ride>

------------------------------------------------------------------------------------------------------------------------

[2024-04-10 22:47:37 #1 store] 
Database 'C:\Users\pboad\git\repository\Rides24\src\main\resources\rides.temp' is opened by 23784@DESKTOP-RUEBSAP

[2024-04-10 22:47:37 #2 type.registry] 
New type domain.User

[2024-04-10 22:47:37 #3 type] 
Type domain.User is not enhanced.

[2024-04-10 22:47:37 #4 type.registry] 
New type domain.Traveler

[2024-04-10 22:47:37 #5 type] 
Type domain.Traveler is not enhanced.

[2024-04-10 22:47:37 #6 type.registry] 
New type domain.Ride

[2024-04-10 22:47:37 #7 type.registry] 
New type domain.PaymentInfo

[2024-04-10 22:47:37 #8 type] 
Type domain.Ride is not enhanced.

[2024-04-10 22:47:37 #9 type] 
Type domain.PaymentInfo is not enhanced.

[2024-04-10 22:47:37 #10 type.registry] 
New type domain.Driver

[2024-04-10 22:47:37 #11 type] 
Type domain.Driver is not enhanced.

[2024-04-10 22:47:37 #12 type.registry] 
New type java.util.ArrayList<java.lang.Object>

[2024-04-10 22:47:37 #13 type.registry] 
New type java.util.Vector<java.lang.Object>

[2024-04-10 22:47:37 #14 type.registry] 
New type java.util.ArrayList<domain.PaymentInfo>

[2024-04-10 22:47:37 #15 type.registry] 
New type java.util.Vector<domain.Ride>

------------------------------------------------------------------------------------------------------------------------

[2024-04-10 22:49:42 #1 store] 
Database 'C:\Users\pboad\git\repository\Rides24\src\main\resources\rides.temp' is opened by 18700@DESKTOP-RUEBSAP

[2024-04-10 22:49:42 #2 type.registry] 
New type domain.User

[2024-04-10 22:49:42 #3 type] 
Type domain.User is not enhanced.

[2024-04-10 22:49:42 #4 type.registry] 
New type domain.Traveler

[2024-04-10 22:49:42 #5 type] 
Type domain.Traveler is not enhanced.

[2024-04-10 22:49:42 #6 type.registry] 
New type domain.Ride

[2024-04-10 22:49:42 #7 type.registry] 
New type domain.PaymentInfo

[2024-04-10 22:49:42 #8 type] 
Type domain.Ride is not enhanced.

[2024-04-10 22:49:42 #9 type] 
Type domain.PaymentInfo is not enhanced.

[2024-04-10 22:49:42 #10 type.registry] 
New type domain.Driver

[2024-04-10 22:49:42 #11 type] 
Type domain.Driver is not enhanced.

[2024-04-10 22:49:42 #12 type.registry] 
New type java.util.ArrayList<java.lang.Object>

[2024-04-10 22:49:42 #13 type.registry] 
New type java.util.Vector<java.lang.Object>

[2024-04-10 22:49:42 #14 type.registry] 
New type java.util.ArrayList<domain.PaymentInfo>

[2024-04-10 22:49:42 #15 type.registry] 
New type java.util.Vector<domain.Ride>

------------------------------------------------------------------------------------------------------------------------

[2024-04-10 22:51:10 #1 store] 
Database 'C:\Users\pboad\git\repository\Rides24\src\main\resources\rides.temp' is opened by 17632@DESKTOP-RUEBSAP

[2024-04-10 22:51:10 #2 type.registry] 
New type domain.User

[2024-04-10 22:51:10 #3 type] 
Type domain.User is not enhanced.

[2024-04-10 22:51:10 #4 type.registry] 
New type domain.Traveler

[2024-04-10 22:51:10 #5 type] 
Type domain.Traveler is not enhanced.

[2024-04-10 22:51:10 #6 type.registry] 
New type domain.Ride

[2024-04-10 22:51:10 #7 type.registry] 
New type domain.PaymentInfo

[2024-04-10 22:51:10 #8 type] 
Type domain.Ride is not enhanced.

[2024-04-10 22:51:10 #9 type] 
Type domain.PaymentInfo is not enhanced.

[2024-04-10 22:51:10 #10 type.registry] 
New type domain.Driver

[2024-04-10 22:51:10 #11 type] 
Type domain.Driver is not enhanced.

[2024-04-10 22:51:10 #12 type.registry] 
New type java.util.ArrayList<java.lang.Object>

[2024-04-10 22:51:10 #13 type.registry] 
New type java.util.Vector<java.lang.Object>

[2024-04-10 22:51:10 #14 type.registry] 
New type java.util.ArrayList<domain.PaymentInfo>

[2024-04-10 22:51:10 #15 type.registry] 
New type java.util.Vector<domain.Ride>

------------------------------------------------------------------------------------------------------------------------

[2024-04-10 22:55:22 #1 store] 
Database 'C:\Users\pboad\git\repository\Rides24\src\main\resources\rides.temp' is opened by 26932@DESKTOP-RUEBSAP

[2024-04-10 22:55:22 #2 type.registry] 
New type domain.User

[2024-04-10 22:55:22 #3 type] 
Type domain.User is not enhanced.

[2024-04-10 22:55:22 #4 type.registry] 
New type domain.Traveler

[2024-04-10 22:55:22 #5 type] 
Type domain.Traveler is not enhanced.

[2024-04-10 22:55:22 #6 type.registry] 
New type domain.Ride

[2024-04-10 22:55:22 #7 type.registry] 
New type domain.PaymentInfo

[2024-04-10 22:55:22 #8 type] 
Type domain.Ride is not enhanced.

[2024-04-10 22:55:22 #9 type] 
Type domain.PaymentInfo is not enhanced.

[2024-04-10 22:55:22 #10 type.registry] 
New type domain.Driver

[2024-04-10 22:55:22 #11 type] 
Type domain.Driver is not enhanced.

[2024-04-10 22:55:22 #12 type.registry] 
New type java.util.ArrayList<java.lang.Object>

[2024-04-10 22:55:22 #13 type.registry] 
New type java.util.Vector<java.lang.Object>

[2024-04-10 22:55:22 #14 type.registry] 
New type java.util.ArrayList<domain.PaymentInfo>

[2024-04-10 22:55:22 #15 type.registry] 
New type java.util.Vector<domain.Ride>

------------------------------------------------------------------------------------------------------------------------

[2024-04-10 23:03:07 #1 store] 
Database 'C:\Users\pboad\git\repository\Rides24\src\main\resources\rides.temp' is opened by 19996@DESKTOP-RUEBSAP

[2024-04-10 23:03:08 #2 type.registry] 
New type domain.User

[2024-04-10 23:03:08 #3 type] 
Type domain.User is not enhanced.

[2024-04-10 23:03:08 #4 type.registry] 
New type domain.Traveler

[2024-04-10 23:03:08 #5 type] 
Type domain.Traveler is not enhanced.

[2024-04-10 23:03:08 #6 type.registry] 
New type domain.Ride

[2024-04-10 23:03:08 #7 type.registry] 
New type domain.PaymentInfo

[2024-04-10 23:03:08 #8 type] 
Type domain.Ride is not enhanced.

[2024-04-10 23:03:08 #9 type] 
Type domain.PaymentInfo is not enhanced.

[2024-04-10 23:03:08 #10 type.registry] 
New type domain.Driver

[2024-04-10 23:03:08 #11 type] 
Type domain.Driver is not enhanced.

[2024-04-10 23:03:08 #12 type.registry] 
New type java.util.ArrayList<java.lang.Object>

[2024-04-10 23:03:08 #13 type.registry] 
New type java.util.Vector<java.lang.Object>

[2024-04-10 23:03:08 #14 type.registry] 
New type java.util.ArrayList<domain.PaymentInfo>

[2024-04-10 23:03:08 #15 type.registry] 
New type java.util.Vector<domain.Ride>

------------------------------------------------------------------------------------------------------------------------

[2024-04-10 23:05:46 #1 store] 
Database 'C:\Users\pboad\git\repository\Rides24\src\main\resources\rides.temp' is opened by 11304@DESKTOP-RUEBSAP

[2024-04-10 23:05:46 #2 type.registry] 
New type domain.User

[2024-04-10 23:05:46 #3 type] 
Type domain.User is not enhanced.

[2024-04-10 23:05:46 #4 type.registry] 
New type domain.Traveler

[2024-04-10 23:05:46 #5 type] 
Type domain.Traveler is not enhanced.

[2024-04-10 23:05:46 #6 type.registry] 
New type domain.Ride

[2024-04-10 23:05:46 #7 type.registry] 
New type domain.PaymentInfo

[2024-04-10 23:05:46 #8 type] 
Type domain.Ride is not enhanced.

[2024-04-10 23:05:46 #9 type] 
Type domain.PaymentInfo is not enhanced.

[2024-04-10 23:05:46 #10 type.registry] 
New type domain.Driver

[2024-04-10 23:05:46 #11 type] 
Type domain.Driver is not enhanced.

[2024-04-10 23:05:46 #12 type.registry] 
New type java.util.ArrayList<java.lang.Object>

[2024-04-10 23:05:46 #13 type.registry] 
New type java.util.Vector<java.lang.Object>

[2024-04-10 23:05:46 #14 type.registry] 
New type java.util.ArrayList<domain.PaymentInfo>

[2024-04-10 23:05:46 #15 type.registry] 
New type java.util.Vector<domain.Ride>

------------------------------------------------------------------------------------------------------------------------

[2024-04-10 23:25:04 #1 store] 
Database 'C:\Users\pboad\git\repository\Rides24\src\main\resources\rides.temp' is opened by 13720@DESKTOP-RUEBSAP

[2024-04-10 23:25:04 #2 type.registry] 
New type domain.User

[2024-04-10 23:25:04 #3 type] 
Type domain.User is not enhanced.

[2024-04-10 23:25:04 #4 type.registry] 
New type domain.Traveler

[2024-04-10 23:25:04 #5 type] 
Type domain.Traveler is not enhanced.

[2024-04-10 23:25:04 #6 type.registry] 
New type domain.Ride

[2024-04-10 23:25:04 #7 type.registry] 
New type domain.PaymentInfo

[2024-04-10 23:25:04 #8 type] 
Type domain.Ride is not enhanced.

[2024-04-10 23:25:04 #9 type] 
Type domain.PaymentInfo is not enhanced.

[2024-04-10 23:25:04 #10 type.registry] 
New type domain.Driver

[2024-04-10 23:25:04 #11 type] 
Type domain.Driver is not enhanced.

[2024-04-10 23:25:04 #12 type.registry] 
New type java.util.ArrayList<java.lang.Object>

[2024-04-10 23:25:04 #13 type.registry] 
New type java.util.Vector<java.lang.Object>

[2024-04-10 23:25:04 #14 type.registry] 
New type java.util.ArrayList<domain.PaymentInfo>

[2024-04-10 23:25:04 #15 type.registry] 
New type java.util.Vector<domain.Ride>

------------------------------------------------------------------------------------------------------------------------

[2024-04-10 23:37:40 #1 store] 
Database 'C:\Users\pboad\git\repository\Rides24\src\main\resources\rides.temp' is opened by 26224@DESKTOP-RUEBSAP

[2024-04-10 23:37:40 #2 type.registry] 
New type domain.User

[2024-04-10 23:37:40 #3 type] 
Type domain.User is not enhanced.

[2024-04-10 23:37:40 #4 type.registry] 
New type domain.Traveler

[2024-04-10 23:37:40 #5 type] 
Type domain.Traveler is not enhanced.

[2024-04-10 23:37:40 #6 type.registry] 
New type domain.Ride

[2024-04-10 23:37:40 #7 type.registry] 
New type domain.PaymentInfo

[2024-04-10 23:37:40 #8 type] 
Type domain.Ride is not enhanced.

[2024-04-10 23:37:40 #9 type] 
Type domain.PaymentInfo is not enhanced.

[2024-04-10 23:37:40 #10 type.registry] 
New type domain.Driver

[2024-04-10 23:37:40 #11 type] 
Type domain.Driver is not enhanced.

[2024-04-10 23:37:40 #12 type.registry] 
New type java.util.ArrayList<java.lang.Object>

[2024-04-10 23:37:40 #13 type.registry] 
New type java.util.Vector<java.lang.Object>

[2024-04-10 23:37:40 #14 type.registry] 
New type java.util.ArrayList<domain.PaymentInfo>

[2024-04-10 23:37:40 #15 type.registry] 
New type java.util.Vector<domain.Ride>

------------------------------------------------------------------------------------------------------------------------

[2024-04-10 23:41:00 #1 store] 
Database 'C:\Users\pboad\git\repository\Rides24\src\main\resources\rides.temp' is opened by 13380@DESKTOP-RUEBSAP

[2024-04-10 23:41:00 #2 type.registry] 
New type domain.User

[2024-04-10 23:41:00 #3 type] 
Type domain.User is not enhanced.

[2024-04-10 23:41:00 #4 type.registry] 
New type domain.Traveler

[2024-04-10 23:41:00 #5 type] 
Type domain.Traveler is not enhanced.

[2024-04-10 23:41:00 #6 type.registry] 
New type domain.Ride

[2024-04-10 23:41:00 #7 type.registry] 
New type domain.PaymentInfo

[2024-04-10 23:41:00 #8 type] 
Type domain.Ride is not enhanced.

[2024-04-10 23:41:00 #9 type] 
Type domain.PaymentInfo is not enhanced.

[2024-04-10 23:41:00 #10 type.registry] 
New type domain.Driver

[2024-04-10 23:41:00 #11 type] 
Type domain.Driver is not enhanced.

[2024-04-10 23:41:00 #12 type.registry] 
New type java.util.ArrayList<java.lang.Object>

[2024-04-10 23:41:00 #13 type.registry] 
New type java.util.Vector<java.lang.Object>

[2024-04-10 23:41:00 #14 type.registry] 
New type java.util.ArrayList<domain.PaymentInfo>

[2024-04-10 23:41:00 #15 type.registry] 
New type java.util.Vector<domain.Ride>

