------------------------------------------------------------------------------------------------------------------------

[2024-03-26 16:57:22 #1 store] 
Database 'C:\Users\pboad\git\repository\Rides24\src\main\resources\rides.temp' is opened by 81088@DESKTOP-RUEBSAP

[2024-03-26 16:57:22 #2 type.registry] 
New type domain.User

[2024-03-26 16:57:22 #3 type] 
Type domain.User is not enhanced.

[2024-03-26 16:57:22 #4 type.registry] 
New type domain.Driver

[2024-03-26 16:57:22 #5 type] 
Type domain.Driver is not enhanced.

[2024-03-26 16:57:22 #6 type.registry] 
New type domain.Ride

[2024-03-26 16:57:22 #7 type] 
Type domain.Ride is not enhanced.

[2024-03-26 16:57:22 #8 type.registry] 
New type domain.Traveler

[2024-03-26 16:57:22 #9 type] 
Type domain.Traveler is not enhanced.

[2024-03-26 16:57:22 #10 type.registry] 
New type java.util.Vector<java.lang.Object>

[2024-03-26 16:57:22 #11 type.registry] 
New type java.util.Vector<domain.Ride>

------------------------------------------------------------------------------------------------------------------------

[2024-03-26 16:58:41 #1 store] 
Database 'C:\Users\pboad\git\repository\Rides24\src\main\resources\rides.temp' is opened by 64940@DESKTOP-RUEBSAP

[2024-03-26 16:58:42 #2 type.registry] 
New type domain.User

[2024-03-26 16:58:42 #3 type] 
Type domain.User is not enhanced.

[2024-03-26 16:58:42 #4 type.registry] 
New type domain.Driver

[2024-03-26 16:58:42 #5 type] 
Type domain.Driver is not enhanced.

[2024-03-26 16:58:42 #6 type.registry] 
New type domain.Ride

[2024-03-26 16:58:42 #7 type] 
Type domain.Ride is not enhanced.

[2024-03-26 16:58:42 #8 type.registry] 
New type domain.Traveler

[2024-03-26 16:58:42 #9 type] 
Type domain.Traveler is not enhanced.

[2024-03-26 16:58:42 #10 type.registry] 
New type java.util.Vector<java.lang.Object>

[2024-03-26 16:58:42 #11 type.registry] 
New type java.util.Vector<domain.Ride>

------------------------------------------------------------------------------------------------------------------------

[2024-03-26 17:03:15 #1 store] 
Database 'C:\Users\pboad\git\repository\Rides24\src\main\resources\rides.temp' is opened by 76848@DESKTOP-RUEBSAP

[2024-03-26 17:03:15 #2 type.registry] 
New type domain.User

[2024-03-26 17:03:15 #3 type] 
Type domain.User is not enhanced.

[2024-03-26 17:03:15 #4 type.registry] 
New type domain.Driver

[2024-03-26 17:03:15 #5 type] 
Type domain.Driver is not enhanced.

[2024-03-26 17:03:15 #6 type.registry] 
New type domain.Ride

[2024-03-26 17:03:15 #7 type] 
Type domain.Ride is not enhanced.

[2024-03-26 17:03:15 #8 type.registry] 
New type domain.Traveler

[2024-03-26 17:03:15 #9 type] 
Type domain.Traveler is not enhanced.

[2024-03-26 17:03:15 #10 type.registry] 
New type java.util.Vector<java.lang.Object>

[2024-03-26 17:03:15 #11 type.registry] 
New type java.util.Vector<domain.Ride>

------------------------------------------------------------------------------------------------------------------------

[2024-03-26 17:08:04 #1 store] 
Database 'C:\Users\pboad\git\repository\Rides24\src\main\resources\rides.temp' is opened by 70896@DESKTOP-RUEBSAP

[2024-03-26 17:08:04 #2 type.registry] 
New type domain.User

[2024-03-26 17:08:04 #3 type] 
Type domain.User is not enhanced.

[2024-03-26 17:08:04 #4 type.registry] 
New type domain.Driver

[2024-03-26 17:08:04 #5 type] 
Type domain.Driver is not enhanced.

[2024-03-26 17:08:04 #6 type.registry] 
New type domain.Ride

[2024-03-26 17:08:04 #7 type] 
Type domain.Ride is not enhanced.

[2024-03-26 17:08:04 #8 type.registry] 
New type domain.Traveler

[2024-03-26 17:08:04 #9 type] 
Type domain.Traveler is not enhanced.

[2024-03-26 17:08:04 #10 type.registry] 
New type java.util.Vector<java.lang.Object>

[2024-03-26 17:08:04 #11 type.registry] 
New type java.util.Vector<domain.Ride>

------------------------------------------------------------------------------------------------------------------------

[2024-03-26 17:09:41 #1 store] 
Database 'C:\Users\pboad\git\repository\Rides24\src\main\resources\rides.temp' is opened by 13224@DESKTOP-RUEBSAP

[2024-03-26 17:09:41 #2 type.registry] 
New type domain.User

[2024-03-26 17:09:41 #3 type] 
Type domain.User is not enhanced.

[2024-03-26 17:09:41 #4 type.registry] 
New type domain.Driver

[2024-03-26 17:09:41 #5 type] 
Type domain.Driver is not enhanced.

[2024-03-26 17:09:41 #6 type.registry] 
New type domain.Ride

[2024-03-26 17:09:41 #7 type] 
Type domain.Ride is not enhanced.

[2024-03-26 17:09:41 #8 type.registry] 
New type domain.Traveler

[2024-03-26 17:09:41 #9 type] 
Type domain.Traveler is not enhanced.

[2024-03-26 17:09:41 #10 type.registry] 
New type java.util.Vector<java.lang.Object>

[2024-03-26 17:09:41 #11 type.registry] 
New type java.util.Vector<domain.Ride>

------------------------------------------------------------------------------------------------------------------------

[2024-03-26 17:15:00 #1 store] 
Database 'C:\Users\pboad\git\repository\Rides24\src\main\resources\rides.temp' is opened by 81660@DESKTOP-RUEBSAP

[2024-03-26 17:15:00 #2 type.registry] 
New type domain.User

[2024-03-26 17:15:00 #3 type] 
Type domain.User is not enhanced.

[2024-03-26 17:15:00 #4 type.registry] 
New type domain.Driver

[2024-03-26 17:15:00 #5 type] 
Type domain.Driver is not enhanced.

[2024-03-26 17:15:00 #6 type.registry] 
New type domain.Ride

[2024-03-26 17:15:00 #7 type] 
Type domain.Ride is not enhanced.

[2024-03-26 17:15:00 #8 type.registry] 
New type domain.Traveler

[2024-03-26 17:15:00 #9 type] 
Type domain.Traveler is not enhanced.

[2024-03-26 17:15:00 #10 type.registry] 
New type java.util.Vector<java.lang.Object>

[2024-03-26 17:15:00 #11 type.registry] 
New type java.util.Vector<domain.Ride>

------------------------------------------------------------------------------------------------------------------------

[2024-03-26 17:21:59 #1 store] 
Database 'C:\Users\pboad\git\repository\Rides24\src\main\resources\rides.temp' is opened by 49568@DESKTOP-RUEBSAP

[2024-03-26 17:21:59 #2 type.registry] 
New type domain.User

[2024-03-26 17:21:59 #3 type] 
Type domain.User is not enhanced.

[2024-03-26 17:21:59 #4 type.registry] 
New type domain.Driver

[2024-03-26 17:21:59 #5 type] 
Type domain.Driver is not enhanced.

[2024-03-26 17:21:59 #6 type.registry] 
New type domain.Ride

[2024-03-26 17:21:59 #7 type] 
Type domain.Ride is not enhanced.

[2024-03-26 17:21:59 #8 type.registry] 
New type domain.Traveler

[2024-03-26 17:21:59 #9 type] 
Type domain.Traveler is not enhanced.

[2024-03-26 17:21:59 #10 type.registry] 
New type java.util.Vector<java.lang.Object>

[2024-03-26 17:21:59 #11 type.registry] 
New type java.util.Vector<domain.Ride>

------------------------------------------------------------------------------------------------------------------------

[2024-03-26 17:25:08 #1 store] 
Database 'C:\Users\pboad\git\repository\Rides24\src\main\resources\rides.temp' is opened by 82404@DESKTOP-RUEBSAP

[2024-03-26 17:25:08 #2 type.registry] 
New type domain.User

[2024-03-26 17:25:08 #3 type] 
Type domain.User is not enhanced.

[2024-03-26 17:25:08 #4 type.registry] 
New type domain.Driver

[2024-03-26 17:25:08 #5 type] 
Type domain.Driver is not enhanced.

[2024-03-26 17:25:08 #6 type.registry] 
New type domain.Ride

[2024-03-26 17:25:08 #7 type] 
Type domain.Ride is not enhanced.

[2024-03-26 17:25:08 #8 type.registry] 
New type domain.Traveler

[2024-03-26 17:25:08 #9 type] 
Type domain.Traveler is not enhanced.

[2024-03-26 17:25:08 #10 type.registry] 
New type java.util.Vector<java.lang.Object>

[2024-03-26 17:25:08 #11 type.registry] 
New type java.util.Vector<domain.Ride>

------------------------------------------------------------------------------------------------------------------------

[2024-03-26 17:30:57 #1 store] 
Database 'C:\Users\pboad\git\repository\Rides24\src\main\resources\rides.temp' is opened by 68624@DESKTOP-RUEBSAP

[2024-03-26 17:30:57 #2 type.registry] 
New type domain.User

[2024-03-26 17:30:57 #3 type] 
Type domain.User is not enhanced.

[2024-03-26 17:30:57 #4 type.registry] 
New type domain.Driver

[2024-03-26 17:30:57 #5 type] 
Type domain.Driver is not enhanced.

[2024-03-26 17:30:57 #6 type.registry] 
New type domain.Ride

[2024-03-26 17:30:57 #7 type] 
Type domain.Ride is not enhanced.

[2024-03-26 17:30:57 #8 type.registry] 
New type domain.Traveler

[2024-03-26 17:30:57 #9 type] 
Type domain.Traveler is not enhanced.

[2024-03-26 17:30:57 #10 type.registry] 
New type java.util.Vector<java.lang.Object>

[2024-03-26 17:30:57 #11 type.registry] 
New type java.util.Vector<domain.Ride>

------------------------------------------------------------------------------------------------------------------------

[2024-03-26 17:32:22 #1 store] 
Database 'C:\Users\pboad\git\repository\Rides24\src\main\resources\rides.temp' is opened by 84900@DESKTOP-RUEBSAP

[2024-03-26 17:32:22 #2 type.registry] 
New type domain.User

[2024-03-26 17:32:22 #3 type] 
Type domain.User is not enhanced.

[2024-03-26 17:32:22 #4 type.registry] 
New type domain.Driver

[2024-03-26 17:32:22 #5 type] 
Type domain.Driver is not enhanced.

[2024-03-26 17:32:22 #6 type.registry] 
New type domain.Ride

[2024-03-26 17:32:22 #7 type] 
Type domain.Ride is not enhanced.

[2024-03-26 17:32:22 #8 type.registry] 
New type domain.Traveler

[2024-03-26 17:32:22 #9 type] 
Type domain.Traveler is not enhanced.

[2024-03-26 17:32:22 #10 type.registry] 
New type java.util.Vector<java.lang.Object>

[2024-03-26 17:32:22 #11 type.registry] 
New type java.util.Vector<domain.Ride>

------------------------------------------------------------------------------------------------------------------------

[2024-03-26 17:32:48 #1 store] 
Database 'C:\Users\pboad\git\repository\Rides24\src\main\resources\rides.temp' is opened by 82120@DESKTOP-RUEBSAP

[2024-03-26 17:32:48 #2 type.registry] 
New type domain.User

[2024-03-26 17:32:48 #3 type] 
Type domain.User is not enhanced.

[2024-03-26 17:32:48 #4 type.registry] 
New type domain.Driver

[2024-03-26 17:32:48 #5 type] 
Type domain.Driver is not enhanced.

[2024-03-26 17:32:48 #6 type.registry] 
New type domain.Ride

[2024-03-26 17:32:48 #7 type] 
Type domain.Ride is not enhanced.

[2024-03-26 17:32:48 #8 type.registry] 
New type domain.Traveler

[2024-03-26 17:32:48 #9 type] 
Type domain.Traveler is not enhanced.

[2024-03-26 17:32:48 #10 type.registry] 
New type java.util.Vector<java.lang.Object>

[2024-03-26 17:32:48 #11 type.registry] 
New type java.util.Vector<domain.Ride>

------------------------------------------------------------------------------------------------------------------------

[2024-03-26 17:38:30 #1 store] 
Database 'C:\Users\pboad\git\repository\Rides24\src\main\resources\rides.temp' is opened by 78988@DESKTOP-RUEBSAP

[2024-03-26 17:38:30 #2 type.registry] 
New type domain.User

[2024-03-26 17:38:30 #3 type] 
Type domain.User is not enhanced.

[2024-03-26 17:38:30 #4 type.registry] 
New type domain.Driver

[2024-03-26 17:38:30 #5 type] 
Type domain.Driver is not enhanced.

[2024-03-26 17:38:30 #6 type.registry] 
New type domain.Ride

[2024-03-26 17:38:30 #7 type] 
Type domain.Ride is not enhanced.

[2024-03-26 17:38:30 #8 type.registry] 
New type domain.Traveler

[2024-03-26 17:38:30 #9 type] 
Type domain.Traveler is not enhanced.

[2024-03-26 17:38:30 #10 type.registry] 
New type java.util.Vector<java.lang.Object>

[2024-03-26 17:38:30 #11 type.registry] 
New type java.util.Vector<domain.Ride>

------------------------------------------------------------------------------------------------------------------------

[2024-03-26 17:45:22 #1 store] 
Database 'C:\Users\pboad\git\repository\Rides24\src\main\resources\rides.temp' is opened by 70200@DESKTOP-RUEBSAP

[2024-03-26 17:45:22 #2 type.registry] 
New type domain.User

[2024-03-26 17:45:22 #3 type] 
Type domain.User is not enhanced.

[2024-03-26 17:45:22 #4 type.registry] 
New type domain.Driver

[2024-03-26 17:45:22 #5 type] 
Type domain.Driver is not enhanced.

[2024-03-26 17:45:22 #6 type.registry] 
New type domain.Ride

[2024-03-26 17:45:22 #7 type] 
Type domain.Ride is not enhanced.

[2024-03-26 17:45:22 #8 type.registry] 
New type domain.Traveler

[2024-03-26 17:45:22 #9 type] 
Type domain.Traveler is not enhanced.

[2024-03-26 17:45:22 #10 type.registry] 
New type java.util.Vector<java.lang.Object>

[2024-03-26 17:45:22 #11 type.registry] 
New type java.util.Vector<domain.Ride>

------------------------------------------------------------------------------------------------------------------------

[2024-03-26 17:48:09 #1 store] 
Database 'C:\Users\pboad\git\repository\Rides24\src\main\resources\rides.temp' is opened by 73236@DESKTOP-RUEBSAP

[2024-03-26 17:48:09 #2 type.registry] 
New type domain.User

[2024-03-26 17:48:09 #3 type] 
Type domain.User is not enhanced.

[2024-03-26 17:48:09 #4 type.registry] 
New type domain.Driver

[2024-03-26 17:48:09 #5 type] 
Type domain.Driver is not enhanced.

[2024-03-26 17:48:09 #6 type.registry] 
New type domain.Ride

[2024-03-26 17:48:09 #7 type] 
Type domain.Ride is not enhanced.

[2024-03-26 17:48:09 #8 type.registry] 
New type domain.Traveler

[2024-03-26 17:48:09 #9 type] 
Type domain.Traveler is not enhanced.

[2024-03-26 17:48:09 #10 type.registry] 
New type java.util.Vector<java.lang.Object>

[2024-03-26 17:48:09 #11 type.registry] 
New type java.util.Vector<domain.Ride>

------------------------------------------------------------------------------------------------------------------------

[2024-03-26 17:50:20 #1 store] 
Database 'C:\Users\pboad\git\repository\Rides24\src\main\resources\rides.temp' is opened by 70540@DESKTOP-RUEBSAP

[2024-03-26 17:50:20 #2 type.registry] 
New type domain.User

[2024-03-26 17:50:20 #3 type] 
Type domain.User is not enhanced.

[2024-03-26 17:50:20 #4 type.registry] 
New type domain.Driver

[2024-03-26 17:50:20 #5 type] 
Type domain.Driver is not enhanced.

[2024-03-26 17:50:20 #6 type.registry] 
New type domain.Ride

[2024-03-26 17:50:20 #7 type] 
Type domain.Ride is not enhanced.

[2024-03-26 17:50:20 #8 type.registry] 
New type domain.Traveler

[2024-03-26 17:50:20 #9 type] 
Type domain.Traveler is not enhanced.

[2024-03-26 17:50:20 #10 type.registry] 
New type java.util.Vector<java.lang.Object>

[2024-03-26 17:50:20 #11 type.registry] 
New type java.util.Vector<domain.Ride>

------------------------------------------------------------------------------------------------------------------------

[2024-03-26 18:00:00 #1 store] 
Database 'C:\Users\pboad\git\repository\Rides24\src\main\resources\rides.temp' is opened by 81120@DESKTOP-RUEBSAP

[2024-03-26 18:00:00 #2 type.registry] 
New type domain.User

[2024-03-26 18:00:00 #3 type] 
Type domain.User is not enhanced.

[2024-03-26 18:00:00 #4 type.registry] 
New type domain.Traveler

[2024-03-26 18:00:00 #5 type] 
Type domain.Traveler is not enhanced.

[2024-03-26 18:00:00 #6 type.registry] 
New type domain.Ride

[2024-03-26 18:00:00 #7 type] 
Type domain.Ride is not enhanced.

[2024-03-26 18:00:00 #8 type.registry] 
New type domain.Driver

[2024-03-26 18:00:00 #9 type] 
Type domain.Driver is not enhanced.

[2024-03-26 18:00:00 #10 type.registry] 
New type java.util.Vector<java.lang.Object>

[2024-03-26 18:00:00 #11 type.registry] 
New type java.util.Vector<domain.Ride>

------------------------------------------------------------------------------------------------------------------------

[2024-03-26 18:08:05 #1 store] 
Database 'C:\Users\pboad\git\repository\Rides24\src\main\resources\rides.temp' is opened by 17308@DESKTOP-RUEBSAP

[2024-03-26 18:08:05 #2 type.registry] 
New type domain.User

[2024-03-26 18:08:05 #3 type] 
Type domain.User is not enhanced.

[2024-03-26 18:08:05 #4 type.registry] 
New type domain.Traveler

[2024-03-26 18:08:05 #5 type] 
Type domain.Traveler is not enhanced.

[2024-03-26 18:08:05 #6 type.registry] 
New type domain.Ride

[2024-03-26 18:08:05 #7 type] 
Type domain.Ride is not enhanced.

[2024-03-26 18:08:05 #8 type.registry] 
New type domain.Driver

[2024-03-26 18:08:05 #9 type] 
Type domain.Driver is not enhanced.

[2024-03-26 18:08:05 #10 type.registry] 
New type java.util.Vector<java.lang.Object>

[2024-03-26 18:08:05 #11 type.registry] 
New type java.util.Vector<domain.Ride>

------------------------------------------------------------------------------------------------------------------------

[2024-03-26 18:26:01 #1 store] 
Database 'C:\Users\pboad\git\repository\Rides24\src\main\resources\rides.temp' is opened by 60760@DESKTOP-RUEBSAP

[2024-03-26 18:26:01 #2 type.registry] 
New type domain.User

[2024-03-26 18:26:01 #3 type] 
Type domain.User is not enhanced.

[2024-03-26 18:26:01 #4 type.registry] 
New type domain.Traveler

[2024-03-26 18:26:01 #5 type] 
Type domain.Traveler is not enhanced.

[2024-03-26 18:26:01 #6 type.registry] 
New type domain.Ride

[2024-03-26 18:26:01 #7 type] 
Type domain.Ride is not enhanced.

[2024-03-26 18:26:01 #8 type.registry] 
New type domain.Driver

[2024-03-26 18:26:01 #9 type] 
Type domain.Driver is not enhanced.

[2024-03-26 18:26:01 #10 type.registry] 
New type java.util.Vector<java.lang.Object>

[2024-03-26 18:26:01 #11 type.registry] 
New type java.util.Vector<domain.Ride>

------------------------------------------------------------------------------------------------------------------------

[2024-03-26 18:31:07 #1 store] 
Database 'C:\Users\pboad\git\repository\Rides24\src\main\resources\rides.temp' is opened by 73456@DESKTOP-RUEBSAP

[2024-03-26 18:31:07 #2 type.registry] 
New type domain.User

[2024-03-26 18:31:07 #3 type] 
Type domain.User is not enhanced.

[2024-03-26 18:31:07 #4 type.registry] 
New type domain.Traveler

[2024-03-26 18:31:07 #5 type] 
Type domain.Traveler is not enhanced.

[2024-03-26 18:31:07 #6 type.registry] 
New type domain.Ride

[2024-03-26 18:31:07 #7 type] 
Type domain.Ride is not enhanced.

[2024-03-26 18:31:07 #8 type.registry] 
New type domain.Driver

[2024-03-26 18:31:07 #9 type] 
Type domain.Driver is not enhanced.

[2024-03-26 18:31:07 #10 type.registry] 
New type java.util.Vector<java.lang.Object>

[2024-03-26 18:31:07 #11 type.registry] 
New type java.util.Vector<domain.Ride>

------------------------------------------------------------------------------------------------------------------------

[2024-03-26 18:32:49 #1 store] 
Database 'C:\Users\pboad\git\repository\Rides24\src\main\resources\rides.temp' is opened by 71412@DESKTOP-RUEBSAP

[2024-03-26 18:32:49 #2 type.registry] 
New type domain.User

[2024-03-26 18:32:49 #3 type] 
Type domain.User is not enhanced.

[2024-03-26 18:32:49 #4 type.registry] 
New type domain.Traveler

[2024-03-26 18:32:49 #5 type] 
Type domain.Traveler is not enhanced.

[2024-03-26 18:32:49 #6 type.registry] 
New type domain.Ride

[2024-03-26 18:32:49 #7 type] 
Type domain.Ride is not enhanced.

[2024-03-26 18:32:49 #8 type.registry] 
New type domain.Driver

[2024-03-26 18:32:49 #9 type] 
Type domain.Driver is not enhanced.

[2024-03-26 18:32:49 #10 type.registry] 
New type java.util.Vector<java.lang.Object>

[2024-03-26 18:32:49 #11 type.registry] 
New type java.util.Vector<domain.Ride>

------------------------------------------------------------------------------------------------------------------------

[2024-03-26 18:38:50 #1 store] 
Database 'C:\Users\pboad\git\repository\Rides24\src\main\resources\rides.temp' is opened by 76376@DESKTOP-RUEBSAP

[2024-03-26 18:38:50 #2 type.registry] 
New type domain.User

[2024-03-26 18:38:50 #3 type] 
Type domain.User is not enhanced.

[2024-03-26 18:38:50 #4 type.registry] 
New type domain.Traveler

[2024-03-26 18:38:50 #5 type] 
Type domain.Traveler is not enhanced.

[2024-03-26 18:38:50 #6 type.registry] 
New type domain.Ride

[2024-03-26 18:38:50 #7 type] 
Type domain.Ride is not enhanced.

[2024-03-26 18:38:50 #8 type.registry] 
New type domain.Driver

[2024-03-26 18:38:50 #9 type] 
Type domain.Driver is not enhanced.

[2024-03-26 18:38:50 #10 type.registry] 
New type java.util.Vector<java.lang.Object>

[2024-03-26 18:38:50 #11 type.registry] 
New type java.util.Vector<domain.Ride>

