------------------------------------------------------------------------------------------------------------------------

[2024-03-15 17:51:24 #1 store] 
Database 'C:\Users\pboad\git\repository\Rides24\src\main\resources\rides.temp' is opened by 12096@DESKTOP-RUEBSAP

[2024-03-15 17:51:24 #2 type.registry] 
New type domain.User

[2024-03-15 17:51:24 #3 type] 
Type domain.User is not enhanced.

[2024-03-15 17:51:24 #4 type.registry] 
New type domain.Driver

[2024-03-15 17:51:24 #5 type] 
Type domain.Driver is not enhanced.

[2024-03-15 17:51:24 #6 type.registry] 
New type domain.Ride

[2024-03-15 17:51:24 #7 type.registry] 
New type domain.BookedRide

[2024-03-15 17:51:24 #8 type] 
Type domain.Ride is not enhanced.

[2024-03-15 17:51:24 #9 type] 
Type domain.BookedRide is not enhanced.

[2024-03-15 17:51:24 #10 type.registry] 
New type domain.Traveler

[2024-03-15 17:51:24 #11 type] 
Type domain.Traveler is not enhanced.

[2024-03-15 17:51:24 #12 type.registry] 
New type java.util.Vector<java.lang.Object>

[2024-03-15 17:51:24 #13 type.registry] 
New type java.util.Vector<domain.BookedRide>

[2024-03-15 17:51:24 #14 type.registry] 
New type java.util.Vector<domain.Ride>

------------------------------------------------------------------------------------------------------------------------

[2024-03-15 17:54:18 #1 store] 
Database 'C:\Users\pboad\git\repository\Rides24\src\main\resources\rides.temp' is opened by 22716@DESKTOP-RUEBSAP

[2024-03-15 17:54:18 #2 type.registry] 
New type domain.User

[2024-03-15 17:54:18 #3 type] 
Type domain.User is not enhanced.

[2024-03-15 17:54:18 #4 type.registry] 
New type domain.Driver

[2024-03-15 17:54:18 #5 type] 
Type domain.Driver is not enhanced.

[2024-03-15 17:54:18 #6 type.registry] 
New type domain.Ride

[2024-03-15 17:54:18 #7 type.registry] 
New type domain.BookedRide

[2024-03-15 17:54:18 #8 type] 
Type domain.Ride is not enhanced.

[2024-03-15 17:54:18 #9 type] 
Type domain.BookedRide is not enhanced.

[2024-03-15 17:54:18 #10 type.registry] 
New type domain.Traveler

[2024-03-15 17:54:18 #11 type] 
Type domain.Traveler is not enhanced.

[2024-03-15 17:54:18 #12 type.registry] 
New type java.util.Vector<java.lang.Object>

[2024-03-15 17:54:18 #13 type.registry] 
New type java.util.Vector<domain.BookedRide>

[2024-03-15 17:54:18 #14 type.registry] 
New type java.util.Vector<domain.Ride>

------------------------------------------------------------------------------------------------------------------------

[2024-03-15 17:56:09 #1 store] 
Database 'C:\Users\pboad\git\repository\Rides24\src\main\resources\rides.temp' is opened by 16724@DESKTOP-RUEBSAP

[2024-03-15 17:56:09 #2 type.registry] 
New type domain.User

[2024-03-15 17:56:09 #3 type] 
Type domain.User is not enhanced.

[2024-03-15 17:56:09 #4 type.registry] 
New type domain.Driver

[2024-03-15 17:56:09 #5 type] 
Type domain.Driver is not enhanced.

[2024-03-15 17:56:09 #6 type.registry] 
New type domain.Ride

[2024-03-15 17:56:09 #7 type.registry] 
New type domain.BookedRide

[2024-03-15 17:56:09 #8 type] 
Type domain.Ride is not enhanced.

[2024-03-15 17:56:09 #9 type] 
Type domain.BookedRide is not enhanced.

[2024-03-15 17:56:09 #10 type.registry] 
New type domain.Traveler

[2024-03-15 17:56:09 #11 type] 
Type domain.Traveler is not enhanced.

[2024-03-15 17:56:09 #12 type.registry] 
New type java.util.Vector<java.lang.Object>

[2024-03-15 17:56:09 #13 type.registry] 
New type java.util.Vector<domain.BookedRide>

[2024-03-15 17:56:09 #14 type.registry] 
New type java.util.Vector<domain.Ride>

