------------------------------------------------------------------------------------------------------------------------

[2024-05-03 17:15:42 #1 store] 
Database 'C:\Users\pboad\git\repository\Rides24\src\main\resources\rides.temp' is opened by 40156@DESKTOP-RUEBSAP

[2024-05-03 17:15:43 #2 type.registry] 
New type domain.User

[2024-05-03 17:15:43 #3 type] 
Type domain.User is not enhanced.

[2024-05-03 17:15:43 #4 type.registry] 
New type domain.Traveler

[2024-05-03 17:15:43 #5 type] 
Type domain.Traveler is not enhanced.

[2024-05-03 17:15:43 #6 type.registry] 
New type domain.Ride

[2024-05-03 17:15:43 #7 type.registry] 
New type domain.PaymentInfo

[2024-05-03 17:15:43 #8 type] 
Type domain.Ride is not enhanced.

[2024-05-03 17:15:43 #9 type] 
Type domain.PaymentInfo is not enhanced.

[2024-05-03 17:15:43 #10 type.registry] 
New type domain.Driver

[2024-05-03 17:15:43 #11 type] 
Type domain.Driver is not enhanced.

[2024-05-03 17:15:43 #12 type.registry] 
New type java.util.ArrayList<java.lang.Object>

[2024-05-03 17:15:43 #13 type.registry] 
New type java.util.Vector<java.lang.Object>

[2024-05-03 17:15:43 #14 type.registry] 
New type java.util.ArrayList<domain.PaymentInfo>

[2024-05-03 17:15:43 #15 type.registry] 
New type java.util.Vector<domain.Ride>

------------------------------------------------------------------------------------------------------------------------

[2024-05-03 17:21:29 #1 store] 
Database 'C:\Users\pboad\git\repository\Rides24\src\main\resources\rides.temp' is opened by 20228@DESKTOP-RUEBSAP

[2024-05-03 17:21:33 #2 type.registry] 
New type domain.User

[2024-05-03 17:21:33 #3 type] 
Type domain.User is not enhanced.

[2024-05-03 17:21:33 #4 type.registry] 
New type domain.Traveler

[2024-05-03 17:21:33 #5 type] 
Type domain.Traveler is not enhanced.

[2024-05-03 17:21:33 #6 type.registry] 
New type domain.Ride

[2024-05-03 17:21:33 #7 type.registry] 
New type domain.PaymentInfo

[2024-05-03 17:21:33 #8 type] 
Type domain.Ride is not enhanced.

[2024-05-03 17:21:33 #9 type] 
Type domain.PaymentInfo is not enhanced.

[2024-05-03 17:21:33 #10 type.registry] 
New type java.util.ArrayList<java.lang.Object>

[2024-05-03 17:21:33 #11 type.registry] 
New type java.util.Vector<java.lang.Object>

[2024-05-03 17:21:33 #12 type.registry] 
New type java.util.ArrayList<domain.PaymentInfo>

[2024-05-03 17:21:33 #13 type.registry] 
New type java.util.Vector<domain.Ride>

------------------------------------------------------------------------------------------------------------------------

[2024-05-03 17:22:56 #1 store] 
Database 'C:\Users\pboad\git\repository\Rides24\src\main\resources\rides.temp' is opened by 15084@DESKTOP-RUEBSAP

[2024-05-03 17:22:57 #2 type.registry] 
New type domain.Ride

[2024-05-03 17:22:57 #3 type] 
Type domain.Ride is not enhanced.

[2024-05-03 17:22:59 #4 type.registry] 
New type domain.User

[2024-05-03 17:22:59 #5 type] 
Type domain.User is not enhanced.

[2024-05-03 17:22:59 #6 type.registry] 
New type domain.Traveler

[2024-05-03 17:22:59 #7 type] 
Type domain.Traveler is not enhanced.

[2024-05-03 17:22:59 #8 type.registry] 
New type domain.PaymentInfo

[2024-05-03 17:22:59 #9 type] 
Type domain.PaymentInfo is not enhanced.

[2024-05-03 17:22:59 #10 type.registry] 
New type java.util.ArrayList<java.lang.Object>

[2024-05-03 17:22:59 #11 type.registry] 
New type java.util.Vector<java.lang.Object>

[2024-05-03 17:22:59 #12 type.registry] 
New type java.util.ArrayList<domain.PaymentInfo>

[2024-05-03 17:22:59 #13 type.registry] 
New type java.util.Vector<domain.Ride>

------------------------------------------------------------------------------------------------------------------------

[2024-05-03 17:25:13 #1 store] 
Database 'C:\Users\pboad\git\repository\Rides24\src\main\resources\rides.temp' is opened by 14428@DESKTOP-RUEBSAP

[2024-05-03 17:25:14 #2 type.registry] 
New type domain.Ride

[2024-05-03 17:25:14 #3 type] 
Type domain.Ride is not enhanced.

------------------------------------------------------------------------------------------------------------------------

[2024-05-03 17:25:23 #1 store] 
Database 'C:\Users\pboad\git\repository\Rides24\src\main\resources\rides.temp' is opened by 31384@DESKTOP-RUEBSAP

[2024-05-03 17:25:23 #2 type.registry] 
New type domain.Ride

[2024-05-03 17:25:23 #3 type] 
Type domain.Ride is not enhanced.

------------------------------------------------------------------------------------------------------------------------

[2024-05-03 17:25:32 #1 store] 
Database 'C:\Users\pboad\git\repository\Rides24\src\main\resources\rides.temp' is opened by 3656@DESKTOP-RUEBSAP

[2024-05-03 17:25:32 #2 type.registry] 
New type domain.Ride

[2024-05-03 17:25:32 #3 type] 
Type domain.Ride is not enhanced.

------------------------------------------------------------------------------------------------------------------------

[2024-05-03 17:25:38 #1 store] 
Database 'C:\Users\pboad\git\repository\Rides24\src\main\resources\rides.temp' is opened by 42012@DESKTOP-RUEBSAP

[2024-05-03 17:25:39 #2 type.registry] 
New type domain.Ride

[2024-05-03 17:25:39 #3 type] 
Type domain.Ride is not enhanced.

[2024-05-03 17:25:47 #4 type.registry] 
New type domain.User

[2024-05-03 17:25:47 #5 type] 
Type domain.User is not enhanced.

[2024-05-03 17:25:47 #6 type.registry] 
New type domain.Traveler

[2024-05-03 17:25:47 #7 type] 
Type domain.Traveler is not enhanced.

[2024-05-03 17:25:47 #8 type.registry] 
New type domain.PaymentInfo

[2024-05-03 17:25:47 #9 type] 
Type domain.PaymentInfo is not enhanced.

[2024-05-03 17:25:47 #10 type.registry] 
New type java.util.ArrayList<java.lang.Object>

[2024-05-03 17:25:47 #11 type.registry] 
New type java.util.Vector<java.lang.Object>

[2024-05-03 17:25:47 #12 type.registry] 
New type java.util.ArrayList<domain.PaymentInfo>

[2024-05-03 17:25:47 #13 type.registry] 
New type java.util.Vector<domain.Ride>

------------------------------------------------------------------------------------------------------------------------

[2024-05-03 17:26:07 #1 store] 
Database 'C:\Users\pboad\git\repository\Rides24\src\main\resources\rides.temp' is opened by 22404@DESKTOP-RUEBSAP

[2024-05-03 17:26:08 #2 type.registry] 
New type domain.Ride

[2024-05-03 17:26:08 #3 type] 
Type domain.Ride is not enhanced.

------------------------------------------------------------------------------------------------------------------------

[2024-05-03 17:27:19 #1 store] 
Database 'C:\Users\pboad\git\repository\Rides24\src\main\resources\rides.temp' is opened by 36024@DESKTOP-RUEBSAP

[2024-05-03 17:27:19 #2 type.registry] 
New type domain.Ride

[2024-05-03 17:27:19 #3 type] 
Type domain.Ride is not enhanced.

------------------------------------------------------------------------------------------------------------------------

[2024-05-03 17:27:34 #1 store] 
Database 'C:\Users\pboad\git\repository\Rides24\src\main\resources\rides.temp' is opened by 40332@DESKTOP-RUEBSAP

[2024-05-03 17:27:34 #2 type.registry] 
New type domain.Ride

[2024-05-03 17:27:34 #3 type] 
Type domain.Ride is not enhanced.

[2024-05-03 17:27:37 #4 type.registry] 
New type domain.User

[2024-05-03 17:27:37 #5 type] 
Type domain.User is not enhanced.

[2024-05-03 17:27:37 #6 type.registry] 
New type domain.Traveler

[2024-05-03 17:27:37 #7 type] 
Type domain.Traveler is not enhanced.

[2024-05-03 17:27:37 #8 type.registry] 
New type domain.PaymentInfo

[2024-05-03 17:27:37 #9 type] 
Type domain.PaymentInfo is not enhanced.

[2024-05-03 17:27:37 #10 type.registry] 
New type java.util.ArrayList<java.lang.Object>

[2024-05-03 17:27:37 #11 type.registry] 
New type java.util.Vector<java.lang.Object>

[2024-05-03 17:27:37 #12 type.registry] 
New type java.util.ArrayList<domain.PaymentInfo>

[2024-05-03 17:27:37 #13 type.registry] 
New type java.util.Vector<domain.Ride>

------------------------------------------------------------------------------------------------------------------------

[2024-05-03 17:30:25 #1 store] 
Database 'C:\Users\pboad\git\repository\Rides24\src\main\resources\rides.temp' is opened by 36244@DESKTOP-RUEBSAP

[2024-05-03 17:30:25 #2 type.registry] 
New type domain.Ride

[2024-05-03 17:30:25 #3 type] 
Type domain.Ride is not enhanced.

[2024-05-03 17:30:27 #4 type.registry] 
New type domain.User

[2024-05-03 17:30:27 #5 type] 
Type domain.User is not enhanced.

[2024-05-03 17:30:27 #6 type.registry] 
New type domain.Traveler

[2024-05-03 17:30:27 #7 type] 
Type domain.Traveler is not enhanced.

[2024-05-03 17:30:27 #8 type.registry] 
New type domain.PaymentInfo

[2024-05-03 17:30:27 #9 type] 
Type domain.PaymentInfo is not enhanced.

[2024-05-03 17:30:27 #10 type.registry] 
New type java.util.ArrayList<java.lang.Object>

[2024-05-03 17:30:27 #11 type.registry] 
New type java.util.Vector<java.lang.Object>

[2024-05-03 17:30:27 #12 type.registry] 
New type java.util.ArrayList<domain.PaymentInfo>

[2024-05-03 17:30:27 #13 type.registry] 
New type java.util.Vector<domain.Ride>

------------------------------------------------------------------------------------------------------------------------

[2024-05-03 17:31:58 #1 store] 
Database 'C:\Users\pboad\git\repository\Rides24\src\main\resources\rides.temp' is opened by 3992@DESKTOP-RUEBSAP

[2024-05-03 17:31:58 #2 type.registry] 
New type domain.Ride

[2024-05-03 17:31:58 #3 type] 
Type domain.Ride is not enhanced.

[2024-05-03 17:32:02 #4 type.registry] 
New type domain.User

[2024-05-03 17:32:02 #5 type] 
Type domain.User is not enhanced.

[2024-05-03 17:32:02 #6 type.registry] 
New type domain.Driver

[2024-05-03 17:32:02 #7 type] 
Type domain.Driver is not enhanced.

[2024-05-03 17:32:02 #8 type.registry] 
New type java.util.Vector<java.lang.Object>

[2024-05-03 17:32:02 #9 type.registry] 
New type java.util.Vector<domain.Ride>

------------------------------------------------------------------------------------------------------------------------

[2024-05-03 17:33:26 #1 store] 
Database 'C:\Users\pboad\git\repository\Rides24\src\main\resources\rides.temp' is opened by 11520@DESKTOP-RUEBSAP

[2024-05-03 17:33:26 #2 type.registry] 
New type domain.Ride

[2024-05-03 17:33:26 #3 type] 
Type domain.Ride is not enhanced.

[2024-05-03 17:33:29 #4 type.registry] 
New type domain.User

[2024-05-03 17:33:29 #5 type] 
Type domain.User is not enhanced.

[2024-05-03 17:33:29 #6 type.registry] 
New type domain.Driver

[2024-05-03 17:33:29 #7 type] 
Type domain.Driver is not enhanced.

[2024-05-03 17:33:29 #8 type.registry] 
New type java.util.Vector<java.lang.Object>

[2024-05-03 17:33:29 #9 type.registry] 
New type java.util.Vector<domain.Ride>

------------------------------------------------------------------------------------------------------------------------

[2024-05-03 17:33:35 #1 store] 
Database 'C:\Users\pboad\git\repository\Rides24\src\main\resources\rides.temp' is opened by 4300@DESKTOP-RUEBSAP

[2024-05-03 17:33:35 #2 type.registry] 
New type domain.Ride

[2024-05-03 17:33:35 #3 type] 
Type domain.Ride is not enhanced.

[2024-05-03 17:33:38 #4 type.registry] 
New type domain.User

[2024-05-03 17:33:38 #5 type] 
Type domain.User is not enhanced.

[2024-05-03 17:33:38 #6 type.registry] 
New type domain.Traveler

[2024-05-03 17:33:38 #7 type] 
Type domain.Traveler is not enhanced.

[2024-05-03 17:33:38 #8 type.registry] 
New type domain.PaymentInfo

[2024-05-03 17:33:38 #9 type] 
Type domain.PaymentInfo is not enhanced.

[2024-05-03 17:33:38 #10 type.registry] 
New type java.util.ArrayList<java.lang.Object>

[2024-05-03 17:33:38 #11 type.registry] 
New type java.util.Vector<java.lang.Object>

[2024-05-03 17:33:38 #12 type.registry] 
New type java.util.ArrayList<domain.PaymentInfo>

[2024-05-03 17:33:38 #13 type.registry] 
New type java.util.Vector<domain.Ride>

[2024-05-03 17:40:20 #14 type.registry] 
New type domain.Driver

[2024-05-03 17:40:20 #15 type] 
Type domain.Driver is not enhanced.

