------------------------------------------------------------------------------------------------------------------------

[2024-04-27 17:07:02 #1 store] 
Database 'C:\Users\pboad\git\repository\Rides24\src\main\resources\rides.temp' is opened by 83876@DESKTOP-RUEBSAP

[2024-04-27 17:07:02 #2 type.registry] 
New type domain.User

[2024-04-27 17:07:02 #3 type] 
Type domain.User is not enhanced.

[2024-04-27 17:07:02 #4 type.registry] 
New type domain.Traveler

[2024-04-27 17:07:02 #5 type] 
Type domain.Traveler is not enhanced.

[2024-04-27 17:07:02 #6 type.registry] 
New type domain.Ride

[2024-04-27 17:07:02 #7 type.registry] 
New type domain.PaymentInfo

[2024-04-27 17:07:02 #8 type] 
Type domain.Ride is not enhanced.

[2024-04-27 17:07:02 #9 type] 
Type domain.PaymentInfo is not enhanced.

[2024-04-27 17:07:02 #10 type.registry] 
New type domain.Driver

[2024-04-27 17:07:02 #11 type] 
Type domain.Driver is not enhanced.

[2024-04-27 17:07:02 #12 type.registry] 
New type java.util.ArrayList<java.lang.Object>

[2024-04-27 17:07:02 #13 type.registry] 
New type java.util.Vector<java.lang.Object>

[2024-04-27 17:07:02 #14 type.registry] 
New type java.util.ArrayList<domain.PaymentInfo>

[2024-04-27 17:07:02 #15 type.registry] 
New type java.util.Vector<domain.Ride>

------------------------------------------------------------------------------------------------------------------------

[2024-04-27 17:07:55 #1 store] 
Database 'C:\Users\pboad\git\repository\Rides24\src\main\resources\rides.temp' is opened by 78064@DESKTOP-RUEBSAP

[2024-04-27 17:07:55 #2 type.registry] 
New type domain.User

[2024-04-27 17:07:55 #3 type] 
Type domain.User is not enhanced.

[2024-04-27 17:07:55 #4 type.registry] 
New type domain.Traveler

[2024-04-27 17:07:55 #5 type] 
Type domain.Traveler is not enhanced.

[2024-04-27 17:07:55 #6 type.registry] 
New type domain.Ride

[2024-04-27 17:07:55 #7 type.registry] 
New type domain.PaymentInfo

[2024-04-27 17:07:55 #8 type] 
Type domain.Ride is not enhanced.

[2024-04-27 17:07:55 #9 type] 
Type domain.PaymentInfo is not enhanced.

[2024-04-27 17:07:55 #10 type.registry] 
New type domain.Driver

[2024-04-27 17:07:55 #11 type] 
Type domain.Driver is not enhanced.

[2024-04-27 17:07:55 #12 type.registry] 
New type java.util.ArrayList<java.lang.Object>

[2024-04-27 17:07:55 #13 type.registry] 
New type java.util.Vector<java.lang.Object>

[2024-04-27 17:07:55 #14 type.registry] 
New type java.util.ArrayList<domain.PaymentInfo>

[2024-04-27 17:07:55 #15 type.registry] 
New type java.util.Vector<domain.Ride>

