------------------------------------------------------------------------------------------------------------------------

[2025-09-28 11:07:12 #1 store] 
Database 'C:\Users\Shirley\OneDrive\UPV\5 curso\IS2\proyecto\adrian\enEclipse\Rides\src\main\resources\rides.temp' is opened by 7088@LAPTOP-9IP7ANLF

[2025-09-28 11:07:13 #2 type.registry] 
New type domain.Ride

[2025-09-28 11:07:13 #3 type] 
Type domain.Ride is not enhanced.

[2025-09-28 11:07:13 #4 type.registry] 
New type domain.Traveler

[2025-09-28 11:07:13 #5 type.registry] 
New type domain.Driver

[2025-09-28 11:07:13 #6 type] 
Type domain.Traveler is not enhanced.

[2025-09-28 11:07:13 #7 type.registry] 
New type domain.DiscountInfo

[2025-09-28 11:07:13 #8 type.registry] 
New type domain.User

[2025-09-28 11:07:13 #9 type] 
Type domain.Driver is not enhanced.

[2025-09-28 11:07:13 #10 type.registry] 
New type java.util.ArrayList<domain.Ride>

[2025-09-28 11:07:13 #11 type] 
Type domain.DiscountInfo is not enhanced.

[2025-09-28 11:07:13 #12 type] 
Type domain.User is not enhanced.

[2025-09-28 11:07:13 #13 type.registry] 
New type java.util.ArrayList<java.lang.Object>

[2025-09-28 11:07:13 #14 type.registry] 
New type java.util.Vector<java.lang.Object>

[2025-09-28 11:07:13 #15 type.registry] 
New type java.util.ArrayList<java.lang.String>

[2025-09-28 11:07:13 #16 type.registry] 
New type java.util.ArrayList<domain.DiscountInfo>

[2025-09-28 11:07:13 #17 type.registry] 
New type java.util.Vector<domain.Ride>

