------------------------------------------------------------------------------------------------------------------------

[2024-04-01 18:18:50 #1 store] 
Database 'C:\Users\pboad\git\repository\Rides24\src\main\resources\rides.temp' is opened by 73684@DESKTOP-RUEBSAP

[2024-04-01 18:18:50 #2 type.registry] 
New type domain.User

[2024-04-01 18:18:50 #3 type] 
Type domain.User is not enhanced.

[2024-04-01 18:18:50 #4 type.registry] 
New type domain.Traveler

[2024-04-01 18:18:50 #5 type] 
Type domain.Traveler is not enhanced.

[2024-04-01 18:18:50 #6 type.registry] 
New type domain.Ride

[2024-04-01 18:18:50 #7 type.registry] 
New type domain.PaymentInfo

[2024-04-01 18:18:50 #8 type] 
Type domain.Ride is not enhanced.

[2024-04-01 18:18:50 #9 type] 
Type domain.PaymentInfo is not enhanced.

[2024-04-01 18:18:50 #10 type.registry] 
New type domain.Driver

[2024-04-01 18:18:50 #11 type] 
Type domain.Driver is not enhanced.

[2024-04-01 18:18:50 #12 type.registry] 
New type java.util.ArrayList<java.lang.Object>

[2024-04-01 18:18:50 #13 type.registry] 
New type java.util.Vector<java.lang.Object>

[2024-04-01 18:18:50 #14 type.registry] 
New type java.util.ArrayList<domain.PaymentInfo>

[2024-04-01 18:18:50 #15 type.registry] 
New type java.util.Vector<domain.Ride>

------------------------------------------------------------------------------------------------------------------------

[2024-04-01 19:02:20 #1 store] 
Database 'C:\Users\pboad\git\repository\Rides24\src\main\resources\rides.temp' is opened by 103376@DESKTOP-RUEBSAP

[2024-04-01 19:02:20 #2 type.registry] 
New type domain.User

[2024-04-01 19:02:20 #3 type] 
Type domain.User is not enhanced.

[2024-04-01 19:02:20 #4 type.registry] 
New type domain.Traveler

[2024-04-01 19:02:20 #5 type] 
Type domain.Traveler is not enhanced.

[2024-04-01 19:02:20 #6 type.registry] 
New type domain.Ride

[2024-04-01 19:02:20 #7 type.registry] 
New type domain.PaymentInfo

[2024-04-01 19:02:20 #8 type] 
Type domain.Ride is not enhanced.

[2024-04-01 19:02:20 #9 type] 
Type domain.PaymentInfo is not enhanced.

[2024-04-01 19:02:20 #10 type.registry] 
New type domain.Driver

[2024-04-01 19:02:20 #11 type] 
Type domain.Driver is not enhanced.

[2024-04-01 19:02:20 #12 type.registry] 
New type java.util.ArrayList<java.lang.Object>

[2024-04-01 19:02:20 #13 type.registry] 
New type java.util.Vector<java.lang.Object>

[2024-04-01 19:02:20 #14 type.registry] 
New type java.util.ArrayList<domain.PaymentInfo>

[2024-04-01 19:02:20 #15 type.registry] 
New type java.util.Vector<domain.Ride>

------------------------------------------------------------------------------------------------------------------------

[2024-04-01 19:03:43 #1 store] 
Database 'C:\Users\pboad\git\repository\Rides24\src\main\resources\rides.temp' is opened by 79648@DESKTOP-RUEBSAP

[2024-04-01 19:03:44 #2 type.registry] 
New type domain.User

[2024-04-01 19:03:44 #3 type] 
Type domain.User is not enhanced.

[2024-04-01 19:03:44 #4 type.registry] 
New type domain.Traveler

[2024-04-01 19:03:44 #5 type] 
Type domain.Traveler is not enhanced.

[2024-04-01 19:03:44 #6 type.registry] 
New type domain.Ride

[2024-04-01 19:03:44 #7 type.registry] 
New type domain.PaymentInfo

[2024-04-01 19:03:44 #8 type] 
Type domain.Ride is not enhanced.

[2024-04-01 19:03:44 #9 type] 
Type domain.PaymentInfo is not enhanced.

[2024-04-01 19:03:44 #10 type.registry] 
New type domain.Driver

[2024-04-01 19:03:44 #11 type] 
Type domain.Driver is not enhanced.

[2024-04-01 19:03:44 #12 type.registry] 
New type java.util.ArrayList<java.lang.Object>

[2024-04-01 19:03:44 #13 type.registry] 
New type java.util.Vector<java.lang.Object>

[2024-04-01 19:03:44 #14 type.registry] 
New type java.util.ArrayList<domain.PaymentInfo>

[2024-04-01 19:03:44 #15 type.registry] 
New type java.util.Vector<domain.Ride>

------------------------------------------------------------------------------------------------------------------------

[2024-04-01 19:04:32 #1 store] 
Database 'C:\Users\pboad\git\repository\Rides24\src\main\resources\rides.temp' is opened by 99896@DESKTOP-RUEBSAP

[2024-04-01 19:04:32 #2 type.registry] 
New type domain.User

[2024-04-01 19:04:32 #3 type] 
Type domain.User is not enhanced.

[2024-04-01 19:04:32 #4 type.registry] 
New type domain.Traveler

[2024-04-01 19:04:32 #5 type] 
Type domain.Traveler is not enhanced.

[2024-04-01 19:04:32 #6 type.registry] 
New type domain.Ride

[2024-04-01 19:04:32 #7 type.registry] 
New type domain.PaymentInfo

[2024-04-01 19:04:32 #8 type] 
Type domain.Ride is not enhanced.

[2024-04-01 19:04:32 #9 type] 
Type domain.PaymentInfo is not enhanced.

[2024-04-01 19:04:32 #10 type.registry] 
New type domain.Driver

[2024-04-01 19:04:32 #11 type] 
Type domain.Driver is not enhanced.

[2024-04-01 19:04:32 #12 type.registry] 
New type java.util.ArrayList<java.lang.Object>

[2024-04-01 19:04:32 #13 type.registry] 
New type java.util.Vector<java.lang.Object>

[2024-04-01 19:04:32 #14 type.registry] 
New type java.util.ArrayList<domain.PaymentInfo>

[2024-04-01 19:04:32 #15 type.registry] 
New type java.util.Vector<domain.Ride>

------------------------------------------------------------------------------------------------------------------------

[2024-04-01 19:04:55 #1 store] 
Database 'C:\Users\pboad\git\repository\Rides24\src\main\resources\rides.temp' is opened by 70440@DESKTOP-RUEBSAP

[2024-04-01 19:04:56 #2 type.registry] 
New type domain.User

[2024-04-01 19:04:56 #3 type] 
Type domain.User is not enhanced.

[2024-04-01 19:04:56 #4 type.registry] 
New type domain.Traveler

[2024-04-01 19:04:56 #5 type] 
Type domain.Traveler is not enhanced.

[2024-04-01 19:04:56 #6 type.registry] 
New type domain.Ride

[2024-04-01 19:04:56 #7 type.registry] 
New type domain.PaymentInfo

[2024-04-01 19:04:56 #8 type] 
Type domain.Ride is not enhanced.

[2024-04-01 19:04:56 #9 type] 
Type domain.PaymentInfo is not enhanced.

[2024-04-01 19:04:56 #10 type.registry] 
New type domain.Driver

[2024-04-01 19:04:56 #11 type] 
Type domain.Driver is not enhanced.

[2024-04-01 19:04:56 #12 type.registry] 
New type java.util.ArrayList<java.lang.Object>

[2024-04-01 19:04:56 #13 type.registry] 
New type java.util.Vector<java.lang.Object>

[2024-04-01 19:04:56 #14 type.registry] 
New type java.util.ArrayList<domain.PaymentInfo>

[2024-04-01 19:04:56 #15 type.registry] 
New type java.util.Vector<domain.Ride>

------------------------------------------------------------------------------------------------------------------------

[2024-04-01 19:05:27 #1 store] 
Database 'C:\Users\pboad\git\repository\Rides24\src\main\resources\rides.temp' is opened by 68744@DESKTOP-RUEBSAP

[2024-04-01 19:05:27 #2 type.registry] 
New type domain.User

[2024-04-01 19:05:27 #3 type] 
Type domain.User is not enhanced.

[2024-04-01 19:05:27 #4 type.registry] 
New type domain.Traveler

[2024-04-01 19:05:27 #5 type] 
Type domain.Traveler is not enhanced.

[2024-04-01 19:05:27 #6 type.registry] 
New type domain.Ride

[2024-04-01 19:05:27 #7 type.registry] 
New type domain.PaymentInfo

[2024-04-01 19:05:27 #8 type] 
Type domain.Ride is not enhanced.

[2024-04-01 19:05:27 #9 type] 
Type domain.PaymentInfo is not enhanced.

[2024-04-01 19:05:27 #10 type.registry] 
New type domain.Driver

[2024-04-01 19:05:27 #11 type] 
Type domain.Driver is not enhanced.

[2024-04-01 19:05:27 #12 type.registry] 
New type java.util.ArrayList<java.lang.Object>

[2024-04-01 19:05:27 #13 type.registry] 
New type java.util.Vector<java.lang.Object>

[2024-04-01 19:05:27 #14 type.registry] 
New type java.util.ArrayList<domain.PaymentInfo>

[2024-04-01 19:05:27 #15 type.registry] 
New type java.util.Vector<domain.Ride>

------------------------------------------------------------------------------------------------------------------------

[2024-04-01 19:12:08 #1 store] 
Database 'C:\Users\pboad\git\repository\Rides24\src\main\resources\rides.temp' is opened by 82092@DESKTOP-RUEBSAP

[2024-04-01 19:12:08 #2 type.registry] 
New type domain.User

[2024-04-01 19:12:08 #3 type] 
Type domain.User is not enhanced.

[2024-04-01 19:12:08 #4 type.registry] 
New type domain.Traveler

[2024-04-01 19:12:08 #5 type] 
Type domain.Traveler is not enhanced.

[2024-04-01 19:12:08 #6 type.registry] 
New type domain.Ride

[2024-04-01 19:12:08 #7 type.registry] 
New type domain.PaymentInfo

[2024-04-01 19:12:08 #8 type] 
Type domain.Ride is not enhanced.

[2024-04-01 19:12:08 #9 type] 
Type domain.PaymentInfo is not enhanced.

[2024-04-01 19:12:08 #10 type.registry] 
New type domain.Driver

[2024-04-01 19:12:08 #11 type] 
Type domain.Driver is not enhanced.

[2024-04-01 19:12:08 #12 type.registry] 
New type java.util.ArrayList<java.lang.Object>

[2024-04-01 19:12:08 #13 type.registry] 
New type java.util.Vector<java.lang.Object>

[2024-04-01 19:12:08 #14 type.registry] 
New type java.util.ArrayList<domain.PaymentInfo>

[2024-04-01 19:12:08 #15 type.registry] 
New type java.util.Vector<domain.Ride>

------------------------------------------------------------------------------------------------------------------------

[2024-04-01 19:19:27 #1 store] 
Database 'C:\Users\pboad\git\repository\Rides24\src\main\resources\rides.temp' is opened by 93728@DESKTOP-RUEBSAP

[2024-04-01 19:19:27 #2 type.registry] 
New type domain.User

[2024-04-01 19:19:27 #3 type] 
Type domain.User is not enhanced.

[2024-04-01 19:19:27 #4 type.registry] 
New type domain.Traveler

[2024-04-01 19:19:27 #5 type] 
Type domain.Traveler is not enhanced.

[2024-04-01 19:19:27 #6 type.registry] 
New type domain.Ride

[2024-04-01 19:19:27 #7 type.registry] 
New type domain.PaymentInfo

[2024-04-01 19:19:27 #8 type] 
Type domain.Ride is not enhanced.

[2024-04-01 19:19:27 #9 type] 
Type domain.PaymentInfo is not enhanced.

[2024-04-01 19:19:27 #10 type.registry] 
New type domain.Driver

[2024-04-01 19:19:27 #11 type] 
Type domain.Driver is not enhanced.

[2024-04-01 19:19:27 #12 type.registry] 
New type java.util.ArrayList<java.lang.Object>

[2024-04-01 19:19:27 #13 type.registry] 
New type java.util.Vector<java.lang.Object>

[2024-04-01 19:19:27 #14 type.registry] 
New type java.util.ArrayList<domain.PaymentInfo>

[2024-04-01 19:19:27 #15 type.registry] 
New type java.util.Vector<domain.Ride>

------------------------------------------------------------------------------------------------------------------------

[2024-04-01 19:20:35 #1 store] 
Database 'C:\Users\pboad\git\repository\Rides24\src\main\resources\rides.temp' is opened by 99096@DESKTOP-RUEBSAP

[2024-04-01 19:20:35 #2 type.registry] 
New type domain.User

[2024-04-01 19:20:35 #3 type] 
Type domain.User is not enhanced.

[2024-04-01 19:20:35 #4 type.registry] 
New type domain.Traveler

[2024-04-01 19:20:35 #5 type] 
Type domain.Traveler is not enhanced.

[2024-04-01 19:20:35 #6 type.registry] 
New type domain.Ride

[2024-04-01 19:20:35 #7 type.registry] 
New type domain.PaymentInfo

[2024-04-01 19:20:35 #8 type] 
Type domain.Ride is not enhanced.

[2024-04-01 19:20:35 #9 type] 
Type domain.PaymentInfo is not enhanced.

[2024-04-01 19:20:35 #10 type.registry] 
New type domain.Driver

[2024-04-01 19:20:35 #11 type] 
Type domain.Driver is not enhanced.

[2024-04-01 19:20:35 #12 type.registry] 
New type java.util.ArrayList<java.lang.Object>

[2024-04-01 19:20:35 #13 type.registry] 
New type java.util.Vector<java.lang.Object>

[2024-04-01 19:20:35 #14 type.registry] 
New type java.util.ArrayList<domain.PaymentInfo>

[2024-04-01 19:20:35 #15 type.registry] 
New type java.util.Vector<domain.Ride>

------------------------------------------------------------------------------------------------------------------------

[2024-04-01 19:21:46 #1 store] 
Database 'C:\Users\pboad\git\repository\Rides24\src\main\resources\rides.temp' is opened by 102076@DESKTOP-RUEBSAP

[2024-04-01 19:21:46 #2 type.registry] 
New type domain.User

[2024-04-01 19:21:46 #3 type] 
Type domain.User is not enhanced.

[2024-04-01 19:21:46 #4 type.registry] 
New type domain.Traveler

[2024-04-01 19:21:46 #5 type] 
Type domain.Traveler is not enhanced.

[2024-04-01 19:21:46 #6 type.registry] 
New type domain.Ride

[2024-04-01 19:21:46 #7 type.registry] 
New type domain.PaymentInfo

[2024-04-01 19:21:46 #8 type] 
Type domain.Ride is not enhanced.

[2024-04-01 19:21:46 #9 type] 
Type domain.PaymentInfo is not enhanced.

[2024-04-01 19:21:46 #10 type.registry] 
New type domain.Driver

[2024-04-01 19:21:46 #11 type] 
Type domain.Driver is not enhanced.

[2024-04-01 19:21:46 #12 type.registry] 
New type java.util.ArrayList<java.lang.Object>

[2024-04-01 19:21:46 #13 type.registry] 
New type java.util.Vector<java.lang.Object>

[2024-04-01 19:21:46 #14 type.registry] 
New type java.util.ArrayList<domain.PaymentInfo>

[2024-04-01 19:21:46 #15 type.registry] 
New type java.util.Vector<domain.Ride>

------------------------------------------------------------------------------------------------------------------------

[2024-04-01 19:24:18 #1 store] 
Database 'C:\Users\pboad\git\repository\Rides24\src\main\resources\rides.temp' is opened by 96192@DESKTOP-RUEBSAP

[2024-04-01 19:24:18 #2 type.registry] 
New type domain.User

[2024-04-01 19:24:18 #3 type] 
Type domain.User is not enhanced.

[2024-04-01 19:24:18 #4 type.registry] 
New type domain.Traveler

[2024-04-01 19:24:18 #5 type] 
Type domain.Traveler is not enhanced.

[2024-04-01 19:24:18 #6 type.registry] 
New type domain.Ride

[2024-04-01 19:24:18 #7 type.registry] 
New type domain.PaymentInfo

[2024-04-01 19:24:18 #8 type] 
Type domain.Ride is not enhanced.

[2024-04-01 19:24:18 #9 type] 
Type domain.PaymentInfo is not enhanced.

[2024-04-01 19:24:18 #10 type.registry] 
New type domain.Driver

[2024-04-01 19:24:18 #11 type] 
Type domain.Driver is not enhanced.

[2024-04-01 19:24:18 #12 type.registry] 
New type java.util.ArrayList<java.lang.Object>

[2024-04-01 19:24:18 #13 type.registry] 
New type java.util.Vector<java.lang.Object>

[2024-04-01 19:24:18 #14 type.registry] 
New type java.util.ArrayList<domain.PaymentInfo>

[2024-04-01 19:24:18 #15 type.registry] 
New type java.util.Vector<domain.Ride>

------------------------------------------------------------------------------------------------------------------------

[2024-04-01 19:29:40 #1 store] 
Database 'C:\Users\pboad\git\repository\Rides24\src\main\resources\rides.temp' is opened by 87768@DESKTOP-RUEBSAP

[2024-04-01 19:29:40 #2 type.registry] 
New type domain.User

[2024-04-01 19:29:40 #3 type] 
Type domain.User is not enhanced.

[2024-04-01 19:29:40 #4 type.registry] 
New type domain.Traveler

[2024-04-01 19:29:40 #5 type] 
Type domain.Traveler is not enhanced.

[2024-04-01 19:29:40 #6 type.registry] 
New type domain.Ride

[2024-04-01 19:29:40 #7 type.registry] 
New type domain.PaymentInfo

[2024-04-01 19:29:40 #8 type] 
Type domain.Ride is not enhanced.

[2024-04-01 19:29:40 #9 type] 
Type domain.PaymentInfo is not enhanced.

[2024-04-01 19:29:40 #10 type.registry] 
New type domain.Driver

[2024-04-01 19:29:40 #11 type] 
Type domain.Driver is not enhanced.

[2024-04-01 19:29:40 #12 type.registry] 
New type java.util.ArrayList<java.lang.Object>

[2024-04-01 19:29:40 #13 type.registry] 
New type java.util.Vector<java.lang.Object>

[2024-04-01 19:29:40 #14 type.registry] 
New type java.util.ArrayList<domain.PaymentInfo>

[2024-04-01 19:29:40 #15 type.registry] 
New type java.util.Vector<domain.Ride>

------------------------------------------------------------------------------------------------------------------------

[2024-04-01 19:30:36 #1 store] 
Database 'C:\Users\pboad\git\repository\Rides24\src\main\resources\rides.temp' is opened by 85304@DESKTOP-RUEBSAP

[2024-04-01 19:30:36 #2 type.registry] 
New type domain.User

[2024-04-01 19:30:36 #3 type] 
Type domain.User is not enhanced.

[2024-04-01 19:30:36 #4 type.registry] 
New type domain.Traveler

[2024-04-01 19:30:36 #5 type] 
Type domain.Traveler is not enhanced.

[2024-04-01 19:30:36 #6 type.registry] 
New type domain.Ride

[2024-04-01 19:30:36 #7 type.registry] 
New type domain.PaymentInfo

[2024-04-01 19:30:36 #8 type] 
Type domain.Ride is not enhanced.

[2024-04-01 19:30:36 #9 type] 
Type domain.PaymentInfo is not enhanced.

[2024-04-01 19:30:36 #10 type.registry] 
New type domain.Driver

[2024-04-01 19:30:36 #11 type] 
Type domain.Driver is not enhanced.

[2024-04-01 19:30:36 #12 type.registry] 
New type java.util.ArrayList<java.lang.Object>

[2024-04-01 19:30:36 #13 type.registry] 
New type java.util.Vector<java.lang.Object>

[2024-04-01 19:30:36 #14 type.registry] 
New type java.util.ArrayList<domain.PaymentInfo>

[2024-04-01 19:30:36 #15 type.registry] 
New type java.util.Vector<domain.Ride>

------------------------------------------------------------------------------------------------------------------------

[2024-04-01 19:40:53 #1 store] 
Database 'C:\Users\pboad\git\repository\Rides24\src\main\resources\rides.temp' is opened by 99304@DESKTOP-RUEBSAP

[2024-04-01 19:40:53 #2 type.registry] 
New type domain.User

[2024-04-01 19:40:53 #3 type] 
Type domain.User is not enhanced.

[2024-04-01 19:40:53 #4 type.registry] 
New type domain.Traveler

[2024-04-01 19:40:53 #5 type] 
Type domain.Traveler is not enhanced.

[2024-04-01 19:40:53 #6 type.registry] 
New type domain.Ride

[2024-04-01 19:40:53 #7 type.registry] 
New type domain.PaymentInfo

[2024-04-01 19:40:53 #8 type] 
Type domain.Ride is not enhanced.

[2024-04-01 19:40:53 #9 type] 
Type domain.PaymentInfo is not enhanced.

[2024-04-01 19:40:53 #10 type.registry] 
New type domain.Driver

[2024-04-01 19:40:53 #11 type] 
Type domain.Driver is not enhanced.

[2024-04-01 19:40:54 #12 type.registry] 
New type java.util.ArrayList<java.lang.Object>

[2024-04-01 19:40:54 #13 type.registry] 
New type java.util.Vector<java.lang.Object>

[2024-04-01 19:40:54 #14 type.registry] 
New type java.util.ArrayList<domain.PaymentInfo>

[2024-04-01 19:40:54 #15 type.registry] 
New type java.util.Vector<domain.Ride>

------------------------------------------------------------------------------------------------------------------------

[2024-04-01 19:48:35 #1 store] 
Database 'C:\Users\pboad\git\repository\Rides24\src\main\resources\rides.temp' is opened by 90736@DESKTOP-RUEBSAP

[2024-04-01 19:48:35 #2 type.registry] 
New type domain.User

[2024-04-01 19:48:35 #3 type] 
Type domain.User is not enhanced.

[2024-04-01 19:48:35 #4 type.registry] 
New type domain.Traveler

[2024-04-01 19:48:35 #5 type] 
Type domain.Traveler is not enhanced.

[2024-04-01 19:48:35 #6 type.registry] 
New type domain.Ride

[2024-04-01 19:48:35 #7 type.registry] 
New type domain.PaymentInfo

[2024-04-01 19:48:35 #8 type] 
Type domain.Ride is not enhanced.

[2024-04-01 19:48:35 #9 type] 
Type domain.PaymentInfo is not enhanced.

[2024-04-01 19:48:35 #10 type.registry] 
New type domain.Driver

[2024-04-01 19:48:35 #11 type] 
Type domain.Driver is not enhanced.

[2024-04-01 19:48:35 #12 type.registry] 
New type java.util.ArrayList<java.lang.Object>

[2024-04-01 19:48:35 #13 type.registry] 
New type java.util.Vector<java.lang.Object>

[2024-04-01 19:48:35 #14 type.registry] 
New type java.util.ArrayList<domain.PaymentInfo>

[2024-04-01 19:48:35 #15 type.registry] 
New type java.util.Vector<domain.Ride>

------------------------------------------------------------------------------------------------------------------------

[2024-04-01 19:55:20 #1 store] 
Database 'C:\Users\pboad\git\repository\Rides24\src\main\resources\rides.temp' is opened by 102300@DESKTOP-RUEBSAP

[2024-04-01 19:55:20 #2 type.registry] 
New type domain.User

[2024-04-01 19:55:20 #3 type] 
Type domain.User is not enhanced.

[2024-04-01 19:55:20 #4 type.registry] 
New type domain.Traveler

[2024-04-01 19:55:20 #5 type] 
Type domain.Traveler is not enhanced.

[2024-04-01 19:55:20 #6 type.registry] 
New type domain.Ride

[2024-04-01 19:55:20 #7 type.registry] 
New type domain.PaymentInfo

[2024-04-01 19:55:20 #8 type] 
Type domain.Ride is not enhanced.

[2024-04-01 19:55:20 #9 type] 
Type domain.PaymentInfo is not enhanced.

[2024-04-01 19:55:20 #10 type.registry] 
New type domain.Driver

[2024-04-01 19:55:20 #11 type] 
Type domain.Driver is not enhanced.

[2024-04-01 19:55:20 #12 type.registry] 
New type java.util.ArrayList<java.lang.Object>

[2024-04-01 19:55:20 #13 type.registry] 
New type java.util.Vector<java.lang.Object>

[2024-04-01 19:55:20 #14 type.registry] 
New type java.util.ArrayList<domain.PaymentInfo>

[2024-04-01 19:55:20 #15 type.registry] 
New type java.util.Vector<domain.Ride>

------------------------------------------------------------------------------------------------------------------------

[2024-04-01 19:57:20 #1 store] 
Database 'C:\Users\pboad\git\repository\Rides24\src\main\resources\rides.temp' is opened by 100392@DESKTOP-RUEBSAP

[2024-04-01 19:57:20 #2 type.registry] 
New type domain.User

[2024-04-01 19:57:20 #3 type] 
Type domain.User is not enhanced.

[2024-04-01 19:57:20 #4 type.registry] 
New type domain.Traveler

[2024-04-01 19:57:20 #5 type] 
Type domain.Traveler is not enhanced.

[2024-04-01 19:57:20 #6 type.registry] 
New type domain.Ride

[2024-04-01 19:57:20 #7 type.registry] 
New type domain.PaymentInfo

[2024-04-01 19:57:20 #8 type] 
Type domain.Ride is not enhanced.

[2024-04-01 19:57:20 #9 type] 
Type domain.PaymentInfo is not enhanced.

[2024-04-01 19:57:20 #10 type.registry] 
New type domain.Driver

[2024-04-01 19:57:20 #11 type] 
Type domain.Driver is not enhanced.

[2024-04-01 19:57:20 #12 type.registry] 
New type java.util.ArrayList<java.lang.Object>

[2024-04-01 19:57:20 #13 type.registry] 
New type java.util.Vector<java.lang.Object>

[2024-04-01 19:57:20 #14 type.registry] 
New type java.util.ArrayList<domain.PaymentInfo>

[2024-04-01 19:57:20 #15 type.registry] 
New type java.util.Vector<domain.Ride>

------------------------------------------------------------------------------------------------------------------------

[2024-04-01 19:57:45 #1 store] 
Database 'C:\Users\pboad\git\repository\Rides24\src\main\resources\rides.temp' is opened by 95480@DESKTOP-RUEBSAP

[2024-04-01 19:57:45 #2 type.registry] 
New type domain.User

[2024-04-01 19:57:45 #3 type] 
Type domain.User is not enhanced.

[2024-04-01 19:57:45 #4 type.registry] 
New type domain.Traveler

[2024-04-01 19:57:45 #5 type] 
Type domain.Traveler is not enhanced.

[2024-04-01 19:57:45 #6 type.registry] 
New type domain.Ride

[2024-04-01 19:57:45 #7 type.registry] 
New type domain.PaymentInfo

[2024-04-01 19:57:45 #8 type] 
Type domain.Ride is not enhanced.

[2024-04-01 19:57:45 #9 type] 
Type domain.PaymentInfo is not enhanced.

[2024-04-01 19:57:45 #10 type.registry] 
New type domain.Driver

[2024-04-01 19:57:45 #11 type] 
Type domain.Driver is not enhanced.

[2024-04-01 19:57:45 #12 type.registry] 
New type java.util.ArrayList<java.lang.Object>

[2024-04-01 19:57:45 #13 type.registry] 
New type java.util.Vector<java.lang.Object>

[2024-04-01 19:57:45 #14 type.registry] 
New type java.util.ArrayList<domain.PaymentInfo>

[2024-04-01 19:57:45 #15 type.registry] 
New type java.util.Vector<domain.Ride>

------------------------------------------------------------------------------------------------------------------------

[2024-04-01 20:04:35 #1 store] 
Database 'C:\Users\pboad\git\repository\Rides24\src\main\resources\rides.temp' is opened by 95792@DESKTOP-RUEBSAP

[2024-04-01 20:04:35 #2 type.registry] 
New type domain.User

[2024-04-01 20:04:35 #3 type] 
Type domain.User is not enhanced.

[2024-04-01 20:04:35 #4 type.registry] 
New type domain.Traveler

[2024-04-01 20:04:35 #5 type] 
Type domain.Traveler is not enhanced.

[2024-04-01 20:04:35 #6 type.registry] 
New type domain.Ride

[2024-04-01 20:04:35 #7 type.registry] 
New type domain.PaymentInfo

[2024-04-01 20:04:35 #8 type] 
Type domain.Ride is not enhanced.

[2024-04-01 20:04:35 #9 type] 
Type domain.PaymentInfo is not enhanced.

[2024-04-01 20:04:35 #10 type.registry] 
New type domain.Driver

[2024-04-01 20:04:35 #11 type] 
Type domain.Driver is not enhanced.

[2024-04-01 20:04:35 #12 type.registry] 
New type java.util.ArrayList<java.lang.Object>

[2024-04-01 20:04:35 #13 type.registry] 
New type java.util.Vector<java.lang.Object>

[2024-04-01 20:04:35 #14 type.registry] 
New type java.util.ArrayList<domain.PaymentInfo>

[2024-04-01 20:04:35 #15 type.registry] 
New type java.util.Vector<domain.Ride>

------------------------------------------------------------------------------------------------------------------------

[2024-04-01 20:06:51 #1 store] 
Database 'C:\Users\pboad\git\repository\Rides24\src\main\resources\rides.temp' is opened by 95912@DESKTOP-RUEBSAP

[2024-04-01 20:06:51 #2 type.registry] 
New type domain.User

[2024-04-01 20:06:51 #3 type] 
Type domain.User is not enhanced.

[2024-04-01 20:06:51 #4 type.registry] 
New type domain.Traveler

[2024-04-01 20:06:51 #5 type] 
Type domain.Traveler is not enhanced.

[2024-04-01 20:06:51 #6 type.registry] 
New type domain.Ride

[2024-04-01 20:06:51 #7 type.registry] 
New type domain.PaymentInfo

[2024-04-01 20:06:51 #8 type] 
Type domain.Ride is not enhanced.

[2024-04-01 20:06:51 #9 type] 
Type domain.PaymentInfo is not enhanced.

[2024-04-01 20:06:51 #10 type.registry] 
New type domain.Driver

[2024-04-01 20:06:51 #11 type] 
Type domain.Driver is not enhanced.

[2024-04-01 20:06:51 #12 type.registry] 
New type java.util.ArrayList<java.lang.Object>

[2024-04-01 20:06:51 #13 type.registry] 
New type java.util.Vector<java.lang.Object>

[2024-04-01 20:06:51 #14 type.registry] 
New type java.util.ArrayList<domain.PaymentInfo>

[2024-04-01 20:06:51 #15 type.registry] 
New type java.util.Vector<domain.Ride>

------------------------------------------------------------------------------------------------------------------------

[2024-04-01 20:13:48 #1 store] 
Database 'C:\Users\pboad\git\repository\Rides24\src\main\resources\rides.temp' is opened by 88596@DESKTOP-RUEBSAP

[2024-04-01 20:13:48 #2 type.registry] 
New type domain.User

[2024-04-01 20:13:48 #3 type] 
Type domain.User is not enhanced.

[2024-04-01 20:13:48 #4 type.registry] 
New type domain.Traveler

[2024-04-01 20:13:48 #5 type] 
Type domain.Traveler is not enhanced.

[2024-04-01 20:13:48 #6 type.registry] 
New type domain.Ride

[2024-04-01 20:13:48 #7 type.registry] 
New type domain.PaymentInfo

[2024-04-01 20:13:48 #8 type] 
Type domain.Ride is not enhanced.

[2024-04-01 20:13:48 #9 type] 
Type domain.PaymentInfo is not enhanced.

[2024-04-01 20:13:48 #10 type.registry] 
New type domain.Driver

[2024-04-01 20:13:48 #11 type] 
Type domain.Driver is not enhanced.

[2024-04-01 20:13:48 #12 type.registry] 
New type java.util.ArrayList<java.lang.Object>

[2024-04-01 20:13:48 #13 type.registry] 
New type java.util.Vector<java.lang.Object>

[2024-04-01 20:13:48 #14 type.registry] 
New type java.util.ArrayList<domain.PaymentInfo>

[2024-04-01 20:13:48 #15 type.registry] 
New type java.util.Vector<domain.Ride>

------------------------------------------------------------------------------------------------------------------------

[2024-04-01 20:17:30 #1 store] 
Database 'C:\Users\pboad\git\repository\Rides24\src\main\resources\rides.temp' is opened by 80596@DESKTOP-RUEBSAP

[2024-04-01 20:17:30 #2 type.registry] 
New type domain.User

[2024-04-01 20:17:30 #3 type] 
Type domain.User is not enhanced.

[2024-04-01 20:17:30 #4 type.registry] 
New type domain.Traveler

[2024-04-01 20:17:30 #5 type] 
Type domain.Traveler is not enhanced.

[2024-04-01 20:17:30 #6 type.registry] 
New type domain.Ride

[2024-04-01 20:17:30 #7 type.registry] 
New type domain.PaymentInfo

[2024-04-01 20:17:30 #8 type] 
Type domain.Ride is not enhanced.

[2024-04-01 20:17:30 #9 type] 
Type domain.PaymentInfo is not enhanced.

[2024-04-01 20:17:30 #10 type.registry] 
New type domain.Driver

[2024-04-01 20:17:30 #11 type] 
Type domain.Driver is not enhanced.

[2024-04-01 20:17:30 #12 type.registry] 
New type java.util.ArrayList<java.lang.Object>

[2024-04-01 20:17:30 #13 type.registry] 
New type java.util.Vector<java.lang.Object>

[2024-04-01 20:17:30 #14 type.registry] 
New type java.util.ArrayList<domain.PaymentInfo>

[2024-04-01 20:17:30 #15 type.registry] 
New type java.util.Vector<domain.Ride>

------------------------------------------------------------------------------------------------------------------------

[2024-04-01 20:24:04 #1 store] 
Database 'C:\Users\pboad\git\repository\Rides24\src\main\resources\rides.temp' is opened by 94296@DESKTOP-RUEBSAP

[2024-04-01 20:24:04 #2 type.registry] 
New type domain.User

[2024-04-01 20:24:04 #3 type] 
Type domain.User is not enhanced.

[2024-04-01 20:24:04 #4 type.registry] 
New type domain.Traveler

[2024-04-01 20:24:04 #5 type] 
Type domain.Traveler is not enhanced.

[2024-04-01 20:24:04 #6 type.registry] 
New type domain.Ride

[2024-04-01 20:24:04 #7 type.registry] 
New type domain.PaymentInfo

[2024-04-01 20:24:04 #8 type] 
Type domain.Ride is not enhanced.

[2024-04-01 20:24:04 #9 type] 
Type domain.PaymentInfo is not enhanced.

[2024-04-01 20:24:04 #10 type.registry] 
New type domain.Driver

[2024-04-01 20:24:04 #11 type] 
Type domain.Driver is not enhanced.

[2024-04-01 20:24:04 #12 type.registry] 
New type java.util.ArrayList<java.lang.Object>

[2024-04-01 20:24:04 #13 type.registry] 
New type java.util.Vector<java.lang.Object>

[2024-04-01 20:24:04 #14 type.registry] 
New type java.util.ArrayList<domain.PaymentInfo>

[2024-04-01 20:24:04 #15 type.registry] 
New type java.util.Vector<domain.Ride>

------------------------------------------------------------------------------------------------------------------------

[2024-04-01 20:25:24 #1 store] 
Database 'C:\Users\pboad\git\repository\Rides24\src\main\resources\rides.temp' is opened by 68720@DESKTOP-RUEBSAP

[2024-04-01 20:25:24 #2 type.registry] 
New type domain.User

[2024-04-01 20:25:24 #3 type] 
Type domain.User is not enhanced.

[2024-04-01 20:25:24 #4 type.registry] 
New type domain.Traveler

[2024-04-01 20:25:24 #5 type] 
Type domain.Traveler is not enhanced.

[2024-04-01 20:25:24 #6 type.registry] 
New type domain.Ride

[2024-04-01 20:25:24 #7 type.registry] 
New type domain.PaymentInfo

[2024-04-01 20:25:24 #8 type] 
Type domain.Ride is not enhanced.

[2024-04-01 20:25:24 #9 type] 
Type domain.PaymentInfo is not enhanced.

[2024-04-01 20:25:24 #10 type.registry] 
New type domain.Driver

[2024-04-01 20:25:24 #11 type] 
Type domain.Driver is not enhanced.

[2024-04-01 20:25:24 #12 type.registry] 
New type java.util.ArrayList<java.lang.Object>

[2024-04-01 20:25:24 #13 type.registry] 
New type java.util.Vector<java.lang.Object>

[2024-04-01 20:25:24 #14 type.registry] 
New type java.util.ArrayList<domain.PaymentInfo>

[2024-04-01 20:25:24 #15 type.registry] 
New type java.util.Vector<domain.Ride>

------------------------------------------------------------------------------------------------------------------------

[2024-04-01 20:26:21 #1 store] 
Database 'C:\Users\pboad\git\repository\Rides24\src\main\resources\rides.temp' is opened by 103232@DESKTOP-RUEBSAP

[2024-04-01 20:26:21 #2 type.registry] 
New type domain.User

[2024-04-01 20:26:21 #3 type] 
Type domain.User is not enhanced.

[2024-04-01 20:26:21 #4 type.registry] 
New type domain.Traveler

[2024-04-01 20:26:21 #5 type] 
Type domain.Traveler is not enhanced.

[2024-04-01 20:26:21 #6 type.registry] 
New type domain.Ride

[2024-04-01 20:26:21 #7 type.registry] 
New type domain.PaymentInfo

[2024-04-01 20:26:21 #8 type] 
Type domain.Ride is not enhanced.

[2024-04-01 20:26:21 #9 type] 
Type domain.PaymentInfo is not enhanced.

[2024-04-01 20:26:21 #10 type.registry] 
New type domain.Driver

[2024-04-01 20:26:21 #11 type] 
Type domain.Driver is not enhanced.

[2024-04-01 20:26:21 #12 type.registry] 
New type java.util.ArrayList<java.lang.Object>

[2024-04-01 20:26:21 #13 type.registry] 
New type java.util.Vector<java.lang.Object>

[2024-04-01 20:26:21 #14 type.registry] 
New type java.util.ArrayList<domain.PaymentInfo>

[2024-04-01 20:26:21 #15 type.registry] 
New type java.util.Vector<domain.Ride>

------------------------------------------------------------------------------------------------------------------------

[2024-04-01 20:29:30 #1 store] 
Database 'C:\Users\pboad\git\repository\Rides24\src\main\resources\rides.temp' is opened by 99352@DESKTOP-RUEBSAP

[2024-04-01 20:29:30 #2 type.registry] 
New type domain.User

[2024-04-01 20:29:30 #3 type] 
Type domain.User is not enhanced.

[2024-04-01 20:29:30 #4 type.registry] 
New type domain.Traveler

[2024-04-01 20:29:30 #5 type] 
Type domain.Traveler is not enhanced.

[2024-04-01 20:29:30 #6 type.registry] 
New type domain.Ride

[2024-04-01 20:29:30 #7 type.registry] 
New type domain.PaymentInfo

[2024-04-01 20:29:30 #8 type] 
Type domain.Ride is not enhanced.

[2024-04-01 20:29:30 #9 type] 
Type domain.PaymentInfo is not enhanced.

[2024-04-01 20:29:30 #10 type.registry] 
New type domain.Driver

[2024-04-01 20:29:30 #11 type] 
Type domain.Driver is not enhanced.

[2024-04-01 20:29:30 #12 type.registry] 
New type java.util.ArrayList<java.lang.Object>

[2024-04-01 20:29:30 #13 type.registry] 
New type java.util.Vector<java.lang.Object>

[2024-04-01 20:29:30 #14 type.registry] 
New type java.util.ArrayList<domain.PaymentInfo>

[2024-04-01 20:29:30 #15 type.registry] 
New type java.util.Vector<domain.Ride>

------------------------------------------------------------------------------------------------------------------------

[2024-04-01 20:30:15 #1 store] 
Database 'C:\Users\pboad\git\repository\Rides24\src\main\resources\rides.temp' is opened by 99976@DESKTOP-RUEBSAP

[2024-04-01 20:30:15 #2 type.registry] 
New type domain.User

[2024-04-01 20:30:15 #3 type] 
Type domain.User is not enhanced.

[2024-04-01 20:30:15 #4 type.registry] 
New type domain.Traveler

[2024-04-01 20:30:15 #5 type] 
Type domain.Traveler is not enhanced.

[2024-04-01 20:30:15 #6 type.registry] 
New type domain.Ride

[2024-04-01 20:30:15 #7 type.registry] 
New type domain.PaymentInfo

[2024-04-01 20:30:15 #8 type] 
Type domain.Ride is not enhanced.

[2024-04-01 20:30:15 #9 type] 
Type domain.PaymentInfo is not enhanced.

[2024-04-01 20:30:15 #10 type.registry] 
New type domain.Driver

[2024-04-01 20:30:15 #11 type] 
Type domain.Driver is not enhanced.

[2024-04-01 20:30:15 #12 type.registry] 
New type java.util.ArrayList<java.lang.Object>

[2024-04-01 20:30:15 #13 type.registry] 
New type java.util.Vector<java.lang.Object>

[2024-04-01 20:30:15 #14 type.registry] 
New type java.util.ArrayList<domain.PaymentInfo>

[2024-04-01 20:30:15 #15 type.registry] 
New type java.util.Vector<domain.Ride>

------------------------------------------------------------------------------------------------------------------------

[2024-04-01 20:31:15 #1 store] 
Database 'C:\Users\pboad\git\repository\Rides24\src\main\resources\rides.temp' is opened by 16464@DESKTOP-RUEBSAP

[2024-04-01 20:31:15 #2 type.registry] 
New type domain.User

[2024-04-01 20:31:15 #3 type] 
Type domain.User is not enhanced.

[2024-04-01 20:31:15 #4 type.registry] 
New type domain.Traveler

[2024-04-01 20:31:15 #5 type] 
Type domain.Traveler is not enhanced.

[2024-04-01 20:31:15 #6 type.registry] 
New type domain.Ride

[2024-04-01 20:31:15 #7 type.registry] 
New type domain.PaymentInfo

[2024-04-01 20:31:15 #8 type] 
Type domain.Ride is not enhanced.

[2024-04-01 20:31:15 #9 type] 
Type domain.PaymentInfo is not enhanced.

[2024-04-01 20:31:15 #10 type.registry] 
New type domain.Driver

[2024-04-01 20:31:15 #11 type] 
Type domain.Driver is not enhanced.

[2024-04-01 20:31:15 #12 type.registry] 
New type java.util.ArrayList<java.lang.Object>

[2024-04-01 20:31:15 #13 type.registry] 
New type java.util.Vector<java.lang.Object>

[2024-04-01 20:31:15 #14 type.registry] 
New type java.util.ArrayList<domain.PaymentInfo>

[2024-04-01 20:31:15 #15 type.registry] 
New type java.util.Vector<domain.Ride>

------------------------------------------------------------------------------------------------------------------------

[2024-04-01 20:33:14 #1 store] 
Database 'C:\Users\pboad\git\repository\Rides24\src\main\resources\rides.temp' is opened by 91216@DESKTOP-RUEBSAP

[2024-04-01 20:33:14 #2 type.registry] 
New type domain.User

[2024-04-01 20:33:14 #3 type] 
Type domain.User is not enhanced.

[2024-04-01 20:33:14 #4 type.registry] 
New type domain.Traveler

[2024-04-01 20:33:14 #5 type] 
Type domain.Traveler is not enhanced.

[2024-04-01 20:33:14 #6 type.registry] 
New type domain.Ride

[2024-04-01 20:33:14 #7 type.registry] 
New type domain.PaymentInfo

[2024-04-01 20:33:14 #8 type] 
Type domain.Ride is not enhanced.

[2024-04-01 20:33:14 #9 type] 
Type domain.PaymentInfo is not enhanced.

[2024-04-01 20:33:14 #10 type.registry] 
New type domain.Driver

[2024-04-01 20:33:14 #11 type] 
Type domain.Driver is not enhanced.

[2024-04-01 20:33:14 #12 type.registry] 
New type java.util.ArrayList<java.lang.Object>

[2024-04-01 20:33:14 #13 type.registry] 
New type java.util.Vector<java.lang.Object>

[2024-04-01 20:33:14 #14 type.registry] 
New type java.util.ArrayList<domain.PaymentInfo>

[2024-04-01 20:33:14 #15 type.registry] 
New type java.util.Vector<domain.Ride>

