------------------------------------------------------------------------------------------------------------------------

[2024-04-11 13:05:14 #1 store] 
Database 'C:\Users\pboad\git\repository\Rides24\src\main\resources\rides.temp' is opened by 21552@DESKTOP-RUEBSAP

[2024-04-11 13:05:14 #2 type.registry] 
New type domain.User

[2024-04-11 13:05:14 #3 type] 
Type domain.User is not enhanced.

[2024-04-11 13:05:14 #4 type.registry] 
New type domain.Traveler

[2024-04-11 13:05:14 #5 type] 
Type domain.Traveler is not enhanced.

[2024-04-11 13:05:14 #6 type.registry] 
New type domain.Ride

[2024-04-11 13:05:14 #7 type.registry] 
New type domain.PaymentInfo

[2024-04-11 13:05:14 #8 type] 
Type domain.Ride is not enhanced.

[2024-04-11 13:05:14 #9 type] 
Type domain.PaymentInfo is not enhanced.

[2024-04-11 13:05:14 #10 type.registry] 
New type domain.Driver

[2024-04-11 13:05:14 #11 type] 
Type domain.Driver is not enhanced.

[2024-04-11 13:05:14 #12 type.registry] 
New type java.util.ArrayList<java.lang.Object>

[2024-04-11 13:05:14 #13 type.registry] 
New type java.util.Vector<java.lang.Object>

[2024-04-11 13:05:14 #14 type.registry] 
New type java.util.ArrayList<domain.PaymentInfo>

[2024-04-11 13:05:14 #15 type.registry] 
New type java.util.Vector<domain.Ride>

------------------------------------------------------------------------------------------------------------------------

[2024-04-11 13:25:37 #1 store] 
Database 'C:\Users\pboad\git\repository\Rides24\src\main\resources\rides.temp' is opened by 24776@DESKTOP-RUEBSAP

[2024-04-11 13:25:37 #2 type.registry] 
New type domain.User

[2024-04-11 13:25:37 #3 type] 
Type domain.User is not enhanced.

[2024-04-11 13:25:37 #4 type.registry] 
New type domain.Traveler

[2024-04-11 13:25:37 #5 type] 
Type domain.Traveler is not enhanced.

[2024-04-11 13:25:37 #6 type.registry] 
New type domain.Ride

[2024-04-11 13:25:37 #7 type.registry] 
New type domain.PaymentInfo

[2024-04-11 13:25:37 #8 type] 
Type domain.Ride is not enhanced.

[2024-04-11 13:25:37 #9 type] 
Type domain.PaymentInfo is not enhanced.

[2024-04-11 13:25:37 #10 type.registry] 
New type domain.Driver

[2024-04-11 13:25:37 #11 type] 
Type domain.Driver is not enhanced.

[2024-04-11 13:25:37 #12 type.registry] 
New type java.util.ArrayList<java.lang.Object>

[2024-04-11 13:25:37 #13 type.registry] 
New type java.util.Vector<java.lang.Object>

[2024-04-11 13:25:37 #14 type.registry] 
New type java.util.ArrayList<domain.PaymentInfo>

[2024-04-11 13:25:37 #15 type.registry] 
New type java.util.Vector<domain.Ride>

------------------------------------------------------------------------------------------------------------------------

[2024-04-11 13:32:09 #1 store] 
Database 'C:\Users\pboad\git\repository\Rides24\src\main\resources\rides.temp' is opened by 28244@DESKTOP-RUEBSAP

[2024-04-11 13:32:09 #2 type.registry] 
New type domain.User

[2024-04-11 13:32:09 #3 type] 
Type domain.User is not enhanced.

[2024-04-11 13:32:09 #4 type.registry] 
New type domain.Traveler

[2024-04-11 13:32:09 #5 type] 
Type domain.Traveler is not enhanced.

[2024-04-11 13:32:09 #6 type.registry] 
New type domain.Ride

[2024-04-11 13:32:09 #7 type.registry] 
New type domain.PaymentInfo

[2024-04-11 13:32:09 #8 type] 
Type domain.Ride is not enhanced.

[2024-04-11 13:32:09 #9 type] 
Type domain.PaymentInfo is not enhanced.

[2024-04-11 13:32:09 #10 type.registry] 
New type domain.Driver

[2024-04-11 13:32:09 #11 type] 
Type domain.Driver is not enhanced.

[2024-04-11 13:32:09 #12 type.registry] 
New type java.util.ArrayList<java.lang.Object>

[2024-04-11 13:32:09 #13 type.registry] 
New type java.util.Vector<java.lang.Object>

[2024-04-11 13:32:09 #14 type.registry] 
New type java.util.ArrayList<domain.PaymentInfo>

[2024-04-11 13:32:09 #15 type.registry] 
New type java.util.Vector<domain.Ride>

------------------------------------------------------------------------------------------------------------------------

[2024-04-11 13:48:47 #1 store] 
Database 'C:\Users\pboad\git\repository\Rides24\src\main\resources\rides.temp' is opened by 12704@DESKTOP-RUEBSAP

[2024-04-11 13:48:47 #2 type.registry] 
New type domain.User

[2024-04-11 13:48:47 #3 type] 
Type domain.User is not enhanced.

[2024-04-11 13:48:47 #4 type.registry] 
New type domain.Traveler

[2024-04-11 13:48:47 #5 type] 
Type domain.Traveler is not enhanced.

[2024-04-11 13:48:47 #6 type.registry] 
New type domain.Ride

[2024-04-11 13:48:47 #7 type.registry] 
New type domain.PaymentInfo

[2024-04-11 13:48:47 #8 type] 
Type domain.Ride is not enhanced.

[2024-04-11 13:48:47 #9 type] 
Type domain.PaymentInfo is not enhanced.

[2024-04-11 13:48:47 #10 type.registry] 
New type domain.Driver

[2024-04-11 13:48:47 #11 type] 
Type domain.Driver is not enhanced.

[2024-04-11 13:48:47 #12 type.registry] 
New type java.util.ArrayList<java.lang.Object>

[2024-04-11 13:48:47 #13 type.registry] 
New type java.util.Vector<java.lang.Object>

[2024-04-11 13:48:47 #14 type.registry] 
New type java.util.ArrayList<domain.PaymentInfo>

[2024-04-11 13:48:47 #15 type.registry] 
New type java.util.Vector<domain.Ride>

------------------------------------------------------------------------------------------------------------------------

[2024-04-11 13:51:18 #1 store] 
Database 'C:\Users\pboad\git\repository\Rides24\src\main\resources\rides.temp' is opened by 17396@DESKTOP-RUEBSAP

[2024-04-11 13:51:18 #2 type.registry] 
New type domain.User

[2024-04-11 13:51:18 #3 type] 
Type domain.User is not enhanced.

[2024-04-11 13:51:18 #4 type.registry] 
New type domain.Traveler

[2024-04-11 13:51:18 #5 type] 
Type domain.Traveler is not enhanced.

[2024-04-11 13:51:18 #6 type.registry] 
New type domain.Ride

[2024-04-11 13:51:18 #7 type.registry] 
New type domain.PaymentInfo

[2024-04-11 13:51:18 #8 type] 
Type domain.Ride is not enhanced.

[2024-04-11 13:51:18 #9 type] 
Type domain.PaymentInfo is not enhanced.

[2024-04-11 13:51:18 #10 type.registry] 
New type domain.Driver

[2024-04-11 13:51:18 #11 type] 
Type domain.Driver is not enhanced.

[2024-04-11 13:51:18 #12 type.registry] 
New type java.util.ArrayList<java.lang.Object>

[2024-04-11 13:51:18 #13 type.registry] 
New type java.util.Vector<java.lang.Object>

[2024-04-11 13:51:18 #14 type.registry] 
New type java.util.ArrayList<domain.PaymentInfo>

[2024-04-11 13:51:18 #15 type.registry] 
New type java.util.Vector<domain.Ride>

------------------------------------------------------------------------------------------------------------------------

[2024-04-11 18:27:47 #1 store] 
Database 'C:\Users\pboad\git\repository\Rides24\src\main\resources\rides.temp' is opened by 30644@DESKTOP-RUEBSAP

[2024-04-11 18:27:47 #2 type.registry] 
New type domain.User

[2024-04-11 18:27:47 #3 type] 
Type domain.User is not enhanced.

[2024-04-11 18:27:47 #4 type.registry] 
New type domain.Traveler

[2024-04-11 18:27:47 #5 type] 
Type domain.Traveler is not enhanced.

[2024-04-11 18:27:47 #6 type.registry] 
New type domain.Ride

[2024-04-11 18:27:47 #7 type.registry] 
New type domain.PaymentInfo

[2024-04-11 18:27:47 #8 type] 
Type domain.Ride is not enhanced.

[2024-04-11 18:27:47 #9 type] 
Type domain.PaymentInfo is not enhanced.

[2024-04-11 18:27:47 #10 type.registry] 
New type domain.Driver

[2024-04-11 18:27:47 #11 type] 
Type domain.Driver is not enhanced.

[2024-04-11 18:27:47 #12 type.registry] 
New type java.util.ArrayList<java.lang.Object>

[2024-04-11 18:27:47 #13 type.registry] 
New type java.util.Vector<java.lang.Object>

[2024-04-11 18:27:47 #14 type.registry] 
New type java.util.ArrayList<domain.PaymentInfo>

[2024-04-11 18:27:47 #15 type.registry] 
New type java.util.Vector<domain.Ride>

------------------------------------------------------------------------------------------------------------------------

[2024-04-11 18:32:43 #1 store] 
Database 'C:\Users\pboad\git\repository\Rides24\src\main\resources\rides.temp' is opened by 16504@DESKTOP-RUEBSAP

[2024-04-11 18:32:43 #2 type.registry] 
New type domain.User

[2024-04-11 18:32:43 #3 type] 
Type domain.User is not enhanced.

[2024-04-11 18:32:43 #4 type.registry] 
New type domain.Traveler

[2024-04-11 18:32:43 #5 type] 
Type domain.Traveler is not enhanced.

[2024-04-11 18:32:43 #6 type.registry] 
New type domain.Ride

[2024-04-11 18:32:43 #7 type.registry] 
New type domain.PaymentInfo

[2024-04-11 18:32:43 #8 type] 
Type domain.Ride is not enhanced.

[2024-04-11 18:32:43 #9 type] 
Type domain.PaymentInfo is not enhanced.

[2024-04-11 18:32:43 #10 type.registry] 
New type domain.Driver

[2024-04-11 18:32:43 #11 type] 
Type domain.Driver is not enhanced.

[2024-04-11 18:32:43 #12 type.registry] 
New type java.util.ArrayList<java.lang.Object>

[2024-04-11 18:32:43 #13 type.registry] 
New type java.util.Vector<java.lang.Object>

[2024-04-11 18:32:43 #14 type.registry] 
New type java.util.ArrayList<domain.PaymentInfo>

[2024-04-11 18:32:43 #15 type.registry] 
New type java.util.Vector<domain.Ride>

------------------------------------------------------------------------------------------------------------------------

[2024-04-11 18:41:26 #1 store] 
Database 'C:\Users\pboad\git\repository\Rides24\src\main\resources\rides.temp' is opened by 25968@DESKTOP-RUEBSAP

[2024-04-11 18:41:26 #2 type.registry] 
New type domain.User

[2024-04-11 18:41:26 #3 type] 
Type domain.User is not enhanced.

[2024-04-11 18:41:26 #4 type.registry] 
New type domain.Traveler

[2024-04-11 18:41:26 #5 type] 
Type domain.Traveler is not enhanced.

[2024-04-11 18:41:26 #6 type.registry] 
New type domain.Ride

[2024-04-11 18:41:26 #7 type.registry] 
New type domain.PaymentInfo

[2024-04-11 18:41:26 #8 type] 
Type domain.Ride is not enhanced.

[2024-04-11 18:41:26 #9 type] 
Type domain.PaymentInfo is not enhanced.

[2024-04-11 18:41:26 #10 type.registry] 
New type domain.Driver

[2024-04-11 18:41:26 #11 type] 
Type domain.Driver is not enhanced.

[2024-04-11 18:41:26 #12 type.registry] 
New type java.util.ArrayList<java.lang.Object>

[2024-04-11 18:41:26 #13 type.registry] 
New type java.util.Vector<java.lang.Object>

[2024-04-11 18:41:26 #14 type.registry] 
New type java.util.ArrayList<domain.PaymentInfo>

[2024-04-11 18:41:26 #15 type.registry] 
New type java.util.Vector<domain.Ride>

