------------------------------------------------------------------------------------------------------------------------

[2024-03-30 16:28:51 #1 store] 
Database 'C:\Users\pboad\git\repository\Rides24\src\main\resources\rides.temp' is opened by 93644@DESKTOP-RUEBSAP

[2024-03-30 16:28:51 #2 type.registry] 
New type domain.User

[2024-03-30 16:28:51 #3 type] 
Type domain.User is not enhanced.

[2024-03-30 16:28:51 #4 type.registry] 
New type domain.Traveler

[2024-03-30 16:28:51 #5 type] 
Type domain.Traveler is not enhanced.

[2024-03-30 16:28:51 #6 type.registry] 
New type domain.Ride

[2024-03-30 16:28:51 #7 type.registry] 
New type domain.PaymentInfo

[2024-03-30 16:28:51 #8 type] 
Type domain.Ride is not enhanced.

[2024-03-30 16:28:51 #9 type] 
Type domain.PaymentInfo is not enhanced.

[2024-03-30 16:28:51 #10 type.registry] 
New type domain.Driver

[2024-03-30 16:28:51 #11 type] 
Type domain.Driver is not enhanced.

[2024-03-30 16:28:51 #12 type.registry] 
New type java.util.ArrayList<java.lang.Object>

[2024-03-30 16:28:51 #13 type.registry] 
New type java.util.Vector<java.lang.Object>

[2024-03-30 16:28:51 #14 type.registry] 
New type java.util.ArrayList<domain.PaymentInfo>

[2024-03-30 16:28:51 #15 type.registry] 
New type java.util.Vector<domain.Ride>

------------------------------------------------------------------------------------------------------------------------

[2024-03-30 16:36:23 #1 store] 
Database 'C:\Users\pboad\git\repository\Rides24\src\main\resources\rides.temp' is opened by 95864@DESKTOP-RUEBSAP

[2024-03-30 16:36:24 #2 type.registry] 
New type domain.User

[2024-03-30 16:36:24 #3 type] 
Type domain.User is not enhanced.

[2024-03-30 16:36:24 #4 type.registry] 
New type domain.Traveler

[2024-03-30 16:36:24 #5 type] 
Type domain.Traveler is not enhanced.

[2024-03-30 16:36:24 #6 type.registry] 
New type domain.Ride

[2024-03-30 16:36:24 #7 type.registry] 
New type domain.PaymentInfo

[2024-03-30 16:36:24 #8 type] 
Type domain.Ride is not enhanced.

[2024-03-30 16:36:24 #9 type] 
Type domain.PaymentInfo is not enhanced.

[2024-03-30 16:36:24 #10 type.registry] 
New type domain.Driver

[2024-03-30 16:36:24 #11 type] 
Type domain.Driver is not enhanced.

[2024-03-30 16:36:24 #12 type.registry] 
New type java.util.ArrayList<java.lang.Object>

[2024-03-30 16:36:24 #13 type.registry] 
New type java.util.Vector<java.lang.Object>

[2024-03-30 16:36:24 #14 type.registry] 
New type java.util.ArrayList<domain.PaymentInfo>

[2024-03-30 16:36:24 #15 type.registry] 
New type java.util.Vector<domain.Ride>

------------------------------------------------------------------------------------------------------------------------

[2024-03-30 16:42:42 #1 store] 
Database 'C:\Users\pboad\git\repository\Rides24\src\main\resources\rides.temp' is opened by 82980@DESKTOP-RUEBSAP

[2024-03-30 16:42:42 #2 type.registry] 
New type domain.User

[2024-03-30 16:42:42 #3 type] 
Type domain.User is not enhanced.

[2024-03-30 16:42:42 #4 type.registry] 
New type domain.Traveler

[2024-03-30 16:42:42 #5 type] 
Type domain.Traveler is not enhanced.

[2024-03-30 16:42:42 #6 type.registry] 
New type domain.Ride

[2024-03-30 16:42:42 #7 type.registry] 
New type domain.PaymentInfo

[2024-03-30 16:42:42 #8 type] 
Type domain.Ride is not enhanced.

[2024-03-30 16:42:42 #9 type] 
Type domain.PaymentInfo is not enhanced.

[2024-03-30 16:42:42 #10 type.registry] 
New type domain.Driver

[2024-03-30 16:42:42 #11 type] 
Type domain.Driver is not enhanced.

[2024-03-30 16:42:42 #12 type.registry] 
New type java.util.ArrayList<java.lang.Object>

[2024-03-30 16:42:42 #13 type.registry] 
New type java.util.Vector<java.lang.Object>

[2024-03-30 16:42:42 #14 type.registry] 
New type java.util.ArrayList<domain.PaymentInfo>

[2024-03-30 16:42:42 #15 type.registry] 
New type java.util.Vector<domain.Ride>

------------------------------------------------------------------------------------------------------------------------

[2024-03-30 17:07:28 #1 store] 
Database 'C:\Users\pboad\git\repository\Rides24\src\main\resources\rides.temp' is opened by 58576@DESKTOP-RUEBSAP

[2024-03-30 17:07:28 #2 type.registry] 
New type domain.User

[2024-03-30 17:07:28 #3 type] 
Type domain.User is not enhanced.

[2024-03-30 17:07:28 #4 type.registry] 
New type domain.Traveler

[2024-03-30 17:07:28 #5 type] 
Type domain.Traveler is not enhanced.

[2024-03-30 17:07:28 #6 type.registry] 
New type domain.Ride

[2024-03-30 17:07:28 #7 type.registry] 
New type domain.PaymentInfo

[2024-03-30 17:07:28 #8 type] 
Type domain.Ride is not enhanced.

[2024-03-30 17:07:28 #9 type] 
Type domain.PaymentInfo is not enhanced.

[2024-03-30 17:07:28 #10 type.registry] 
New type domain.Driver

[2024-03-30 17:07:28 #11 type] 
Type domain.Driver is not enhanced.

[2024-03-30 17:07:28 #12 type.registry] 
New type java.util.ArrayList<java.lang.Object>

[2024-03-30 17:07:28 #13 type.registry] 
New type java.util.Vector<java.lang.Object>

[2024-03-30 17:07:28 #14 type.registry] 
New type java.util.ArrayList<domain.PaymentInfo>

[2024-03-30 17:07:28 #15 type.registry] 
New type java.util.Vector<domain.Ride>

