------------------------------------------------------------------------------------------------------------------------

[2024-04-28 10:22:15 #1 store] 
Database 'C:\Users\pboad\git\repository\Rides24\src\main\resources\rides.temp' is opened by 102128@DESKTOP-RUEBSAP

[2024-04-28 10:22:16 #2 type.registry] 
New type domain.User

[2024-04-28 10:22:16 #3 type] 
Type domain.User is not enhanced.

[2024-04-28 10:22:16 #4 type.registry] 
New type domain.Traveler

[2024-04-28 10:22:16 #5 type] 
Type domain.Traveler is not enhanced.

[2024-04-28 10:22:16 #6 type.registry] 
New type domain.Ride

[2024-04-28 10:22:16 #7 type.registry] 
New type domain.PaymentInfo

[2024-04-28 10:22:16 #8 type] 
Type domain.Ride is not enhanced.

[2024-04-28 10:22:16 #9 type] 
Type domain.PaymentInfo is not enhanced.

[2024-04-28 10:22:16 #10 type.registry] 
New type domain.Driver

[2024-04-28 10:22:16 #11 type] 
Type domain.Driver is not enhanced.

[2024-04-28 10:22:16 #12 type.registry] 
New type java.util.ArrayList<java.lang.Object>

[2024-04-28 10:22:16 #13 type.registry] 
New type java.util.Vector<java.lang.Object>

[2024-04-28 10:22:16 #14 type.registry] 
New type java.util.ArrayList<domain.PaymentInfo>

[2024-04-28 10:22:16 #15 type.registry] 
New type java.util.Vector<domain.Ride>

------------------------------------------------------------------------------------------------------------------------

[2024-04-28 11:02:11 #1 store] 
Database 'C:\Users\pboad\git\repository\Rides24\src\main\resources\rides.temp' is opened by 76552@DESKTOP-RUEBSAP

[2024-04-28 11:02:11 #2 type.registry] 
New type domain.User

[2024-04-28 11:02:11 #3 type] 
Type domain.User is not enhanced.

[2024-04-28 11:02:11 #4 type.registry] 
New type domain.Traveler

[2024-04-28 11:02:11 #5 type] 
Type domain.Traveler is not enhanced.

[2024-04-28 11:02:11 #6 type.registry] 
New type domain.Ride

[2024-04-28 11:02:11 #7 type.registry] 
New type domain.PaymentInfo

[2024-04-28 11:02:11 #8 type] 
Type domain.Ride is not enhanced.

[2024-04-28 11:02:11 #9 type] 
Type domain.PaymentInfo is not enhanced.

[2024-04-28 11:02:11 #10 type.registry] 
New type domain.Driver

[2024-04-28 11:02:11 #11 type] 
Type domain.Driver is not enhanced.

[2024-04-28 11:02:11 #12 type.registry] 
New type java.util.ArrayList<java.lang.Object>

[2024-04-28 11:02:11 #13 type.registry] 
New type java.util.Vector<java.lang.Object>

[2024-04-28 11:02:11 #14 type.registry] 
New type java.util.ArrayList<domain.PaymentInfo>

[2024-04-28 11:02:11 #15 type.registry] 
New type java.util.Vector<domain.Ride>

