------------------------------------------------------------------------------------------------------------------------

[2024-04-07 12:07:06 #1 store] 
Database 'C:\Users\pboad\git\repository\Rides24\src\main\resources\rides.temp' is opened by 12348@DESKTOP-RUEBSAP

[2024-04-07 12:07:06 #2 type.registry] 
New type domain.User

[2024-04-07 12:07:06 #3 type] 
Type domain.User is not enhanced.

[2024-04-07 12:07:06 #4 type.registry] 
New type domain.Traveler

[2024-04-07 12:07:06 #5 type] 
Type domain.Traveler is not enhanced.

[2024-04-07 12:07:06 #6 type.registry] 
New type domain.Ride

[2024-04-07 12:07:06 #7 type.registry] 
New type domain.PaymentInfo

[2024-04-07 12:07:06 #8 type] 
Type domain.Ride is not enhanced.

[2024-04-07 12:07:06 #9 type] 
Type domain.PaymentInfo is not enhanced.

[2024-04-07 12:07:06 #10 type.registry] 
New type domain.Driver

[2024-04-07 12:07:06 #11 type] 
Type domain.Driver is not enhanced.

[2024-04-07 12:07:06 #12 type.registry] 
New type java.util.ArrayList<java.lang.Object>

[2024-04-07 12:07:06 #13 type.registry] 
New type java.util.Vector<java.lang.Object>

[2024-04-07 12:07:06 #14 type.registry] 
New type java.util.ArrayList<domain.PaymentInfo>

[2024-04-07 12:07:06 #15 type.registry] 
New type java.util.Vector<domain.Ride>

------------------------------------------------------------------------------------------------------------------------

[2024-04-07 12:32:37 #1 store] 
Database 'C:\Users\pboad\git\repository\Rides24\src\main\resources\rides.temp' is opened by 14104@DESKTOP-RUEBSAP

[2024-04-07 12:32:37 #2 type.registry] 
New type domain.User

[2024-04-07 12:32:37 #3 type] 
Type domain.User is not enhanced.

[2024-04-07 12:32:37 #4 type.registry] 
New type domain.Traveler

[2024-04-07 12:32:37 #5 type] 
Type domain.Traveler is not enhanced.

[2024-04-07 12:32:37 #6 type.registry] 
New type domain.Ride

[2024-04-07 12:32:37 #7 type.registry] 
New type domain.PaymentInfo

[2024-04-07 12:32:37 #8 type] 
Type domain.Ride is not enhanced.

[2024-04-07 12:32:37 #9 type] 
Type domain.PaymentInfo is not enhanced.

[2024-04-07 12:32:37 #10 type.registry] 
New type domain.Driver

[2024-04-07 12:32:37 #11 type] 
Type domain.Driver is not enhanced.

[2024-04-07 12:32:37 #12 type.registry] 
New type java.util.ArrayList<java.lang.Object>

[2024-04-07 12:32:37 #13 type.registry] 
New type java.util.Vector<java.lang.Object>

[2024-04-07 12:32:37 #14 type.registry] 
New type java.util.ArrayList<domain.PaymentInfo>

[2024-04-07 12:32:37 #15 type.registry] 
New type java.util.Vector<domain.Ride>

------------------------------------------------------------------------------------------------------------------------

[2024-04-07 12:32:52 #1 store] 
Database 'C:\Users\pboad\git\repository\Rides24\src\main\resources\rides.temp' is opened by 11412@DESKTOP-RUEBSAP

[2024-04-07 12:32:52 #2 type.registry] 
New type domain.User

[2024-04-07 12:32:52 #3 type] 
Type domain.User is not enhanced.

[2024-04-07 12:32:52 #4 type.registry] 
New type domain.Traveler

[2024-04-07 12:32:52 #5 type] 
Type domain.Traveler is not enhanced.

[2024-04-07 12:32:52 #6 type.registry] 
New type domain.Ride

[2024-04-07 12:32:52 #7 type.registry] 
New type domain.PaymentInfo

[2024-04-07 12:32:52 #8 type] 
Type domain.Ride is not enhanced.

[2024-04-07 12:32:52 #9 type] 
Type domain.PaymentInfo is not enhanced.

[2024-04-07 12:32:52 #10 type.registry] 
New type domain.Driver

[2024-04-07 12:32:52 #11 type] 
Type domain.Driver is not enhanced.

[2024-04-07 12:32:52 #12 type.registry] 
New type java.util.ArrayList<java.lang.Object>

[2024-04-07 12:32:52 #13 type.registry] 
New type java.util.Vector<java.lang.Object>

[2024-04-07 12:32:52 #14 type.registry] 
New type java.util.ArrayList<domain.PaymentInfo>

[2024-04-07 12:32:52 #15 type.registry] 
New type java.util.Vector<domain.Ride>

------------------------------------------------------------------------------------------------------------------------

[2024-04-07 12:57:16 #1 store] 
Database 'C:\Users\pboad\git\repository\Rides24\src\main\resources\rides.temp' is opened by 33404@DESKTOP-RUEBSAP

[2024-04-07 12:57:16 #2 type.registry] 
New type domain.User

[2024-04-07 12:57:16 #3 type] 
Type domain.User is not enhanced.

[2024-04-07 12:57:16 #4 type.registry] 
New type domain.Traveler

[2024-04-07 12:57:16 #5 type] 
Type domain.Traveler is not enhanced.

[2024-04-07 12:57:16 #6 type.registry] 
New type domain.Ride

[2024-04-07 12:57:16 #7 type.registry] 
New type domain.PaymentInfo

[2024-04-07 12:57:16 #8 type] 
Type domain.Ride is not enhanced.

[2024-04-07 12:57:16 #9 type] 
Type domain.PaymentInfo is not enhanced.

[2024-04-07 12:57:16 #10 type.registry] 
New type domain.Driver

[2024-04-07 12:57:16 #11 type] 
Type domain.Driver is not enhanced.

[2024-04-07 12:57:16 #12 type.registry] 
New type java.util.ArrayList<java.lang.Object>

[2024-04-07 12:57:16 #13 type.registry] 
New type java.util.Vector<java.lang.Object>

[2024-04-07 12:57:16 #14 type.registry] 
New type java.util.ArrayList<domain.PaymentInfo>

[2024-04-07 12:57:16 #15 type.registry] 
New type java.util.Vector<domain.Ride>

------------------------------------------------------------------------------------------------------------------------

[2024-04-07 13:01:45 #1 store] 
Database 'C:\Users\pboad\git\repository\Rides24\src\main\resources\rides.temp' is opened by 31436@DESKTOP-RUEBSAP

[2024-04-07 13:01:45 #2 type.registry] 
New type domain.User

[2024-04-07 13:01:45 #3 type] 
Type domain.User is not enhanced.

[2024-04-07 13:01:45 #4 type.registry] 
New type domain.Traveler

[2024-04-07 13:01:45 #5 type] 
Type domain.Traveler is not enhanced.

[2024-04-07 13:01:45 #6 type.registry] 
New type domain.Ride

[2024-04-07 13:01:45 #7 type.registry] 
New type domain.PaymentInfo

[2024-04-07 13:01:45 #8 type] 
Type domain.Ride is not enhanced.

[2024-04-07 13:01:45 #9 type] 
Type domain.PaymentInfo is not enhanced.

[2024-04-07 13:01:45 #10 type.registry] 
New type domain.Driver

[2024-04-07 13:01:45 #11 type] 
Type domain.Driver is not enhanced.

[2024-04-07 13:01:45 #12 type.registry] 
New type java.util.ArrayList<java.lang.Object>

[2024-04-07 13:01:45 #13 type.registry] 
New type java.util.Vector<java.lang.Object>

[2024-04-07 13:01:45 #14 type.registry] 
New type java.util.ArrayList<domain.PaymentInfo>

[2024-04-07 13:01:45 #15 type.registry] 
New type java.util.Vector<domain.Ride>

------------------------------------------------------------------------------------------------------------------------

[2024-04-07 13:03:30 #1 store] 
Database 'C:\Users\pboad\git\repository\Rides24\src\main\resources\rides.temp' is opened by 21240@DESKTOP-RUEBSAP

[2024-04-07 13:03:30 #2 type.registry] 
New type domain.User

[2024-04-07 13:03:30 #3 type] 
Type domain.User is not enhanced.

[2024-04-07 13:03:30 #4 type.registry] 
New type domain.Traveler

[2024-04-07 13:03:30 #5 type] 
Type domain.Traveler is not enhanced.

[2024-04-07 13:03:30 #6 type.registry] 
New type domain.Ride

[2024-04-07 13:03:30 #7 type.registry] 
New type domain.PaymentInfo

[2024-04-07 13:03:30 #8 type] 
Type domain.Ride is not enhanced.

[2024-04-07 13:03:30 #9 type] 
Type domain.PaymentInfo is not enhanced.

[2024-04-07 13:03:30 #10 type.registry] 
New type domain.Driver

[2024-04-07 13:03:30 #11 type] 
Type domain.Driver is not enhanced.

[2024-04-07 13:03:30 #12 type.registry] 
New type java.util.ArrayList<java.lang.Object>

[2024-04-07 13:03:30 #13 type.registry] 
New type java.util.Vector<java.lang.Object>

[2024-04-07 13:03:30 #14 type.registry] 
New type java.util.ArrayList<domain.PaymentInfo>

[2024-04-07 13:03:30 #15 type.registry] 
New type java.util.Vector<domain.Ride>

------------------------------------------------------------------------------------------------------------------------

[2024-04-07 13:04:10 #1 store] 
Database 'C:\Users\pboad\git\repository\Rides24\src\main\resources\rides.temp' is opened by 11988@DESKTOP-RUEBSAP

[2024-04-07 13:04:10 #2 type.registry] 
New type domain.User

[2024-04-07 13:04:10 #3 type] 
Type domain.User is not enhanced.

[2024-04-07 13:04:10 #4 type.registry] 
New type domain.Traveler

[2024-04-07 13:04:10 #5 type] 
Type domain.Traveler is not enhanced.

[2024-04-07 13:04:10 #6 type.registry] 
New type domain.Ride

[2024-04-07 13:04:10 #7 type.registry] 
New type domain.PaymentInfo

[2024-04-07 13:04:10 #8 type] 
Type domain.Ride is not enhanced.

[2024-04-07 13:04:10 #9 type] 
Type domain.PaymentInfo is not enhanced.

[2024-04-07 13:04:10 #10 type.registry] 
New type domain.Driver

[2024-04-07 13:04:10 #11 type] 
Type domain.Driver is not enhanced.

[2024-04-07 13:04:10 #12 type.registry] 
New type java.util.ArrayList<java.lang.Object>

[2024-04-07 13:04:10 #13 type.registry] 
New type java.util.Vector<java.lang.Object>

[2024-04-07 13:04:10 #14 type.registry] 
New type java.util.ArrayList<domain.PaymentInfo>

[2024-04-07 13:04:10 #15 type.registry] 
New type java.util.Vector<domain.Ride>

------------------------------------------------------------------------------------------------------------------------

[2024-04-07 13:17:42 #1 store] 
Database 'C:\Users\pboad\git\repository\Rides24\src\main\resources\rides.temp' is opened by 14460@DESKTOP-RUEBSAP

[2024-04-07 13:17:42 #2 type.registry] 
New type domain.User

[2024-04-07 13:17:42 #3 type] 
Type domain.User is not enhanced.

[2024-04-07 13:17:42 #4 type.registry] 
New type domain.Traveler

[2024-04-07 13:17:42 #5 type] 
Type domain.Traveler is not enhanced.

[2024-04-07 13:17:42 #6 type.registry] 
New type domain.Ride

[2024-04-07 13:17:42 #7 type.registry] 
New type domain.PaymentInfo

[2024-04-07 13:17:42 #8 type] 
Type domain.Ride is not enhanced.

[2024-04-07 13:17:42 #9 type] 
Type domain.PaymentInfo is not enhanced.

[2024-04-07 13:17:42 #10 type.registry] 
New type domain.Driver

[2024-04-07 13:17:42 #11 type] 
Type domain.Driver is not enhanced.

[2024-04-07 13:17:42 #12 type.registry] 
New type java.util.ArrayList<java.lang.Object>

[2024-04-07 13:17:42 #13 type.registry] 
New type java.util.Vector<java.lang.Object>

[2024-04-07 13:17:42 #14 type.registry] 
New type java.util.ArrayList<domain.PaymentInfo>

[2024-04-07 13:17:42 #15 type.registry] 
New type java.util.Vector<domain.Ride>

------------------------------------------------------------------------------------------------------------------------

[2024-04-07 13:29:55 #1 store] 
Database 'C:\Users\pboad\git\repository\Rides24\src\main\resources\rides.temp' is opened by 25488@DESKTOP-RUEBSAP

[2024-04-07 13:29:55 #2 type.registry] 
New type domain.User

[2024-04-07 13:29:55 #3 type] 
Type domain.User is not enhanced.

[2024-04-07 13:29:55 #4 type.registry] 
New type domain.Traveler

[2024-04-07 13:29:55 #5 type] 
Type domain.Traveler is not enhanced.

[2024-04-07 13:29:55 #6 type.registry] 
New type domain.Ride

[2024-04-07 13:29:55 #7 type.registry] 
New type domain.PaymentInfo

[2024-04-07 13:29:55 #8 type] 
Type domain.Ride is not enhanced.

[2024-04-07 13:29:55 #9 type] 
Type domain.PaymentInfo is not enhanced.

[2024-04-07 13:29:55 #10 type.registry] 
New type domain.Driver

[2024-04-07 13:29:55 #11 type] 
Type domain.Driver is not enhanced.

[2024-04-07 13:29:55 #12 type.registry] 
New type java.util.ArrayList<java.lang.Object>

[2024-04-07 13:29:55 #13 type.registry] 
New type java.util.Vector<java.lang.Object>

[2024-04-07 13:29:55 #14 type.registry] 
New type java.util.ArrayList<domain.PaymentInfo>

[2024-04-07 13:29:55 #15 type.registry] 
New type java.util.Vector<domain.Ride>

------------------------------------------------------------------------------------------------------------------------

[2024-04-07 18:11:22 #1 store] 
Database 'C:\Users\Propietario\git\RepositoryRides24\Rides24\src\main\resources\rides.temp' is opened by 3904@pc-1669806295

[2024-04-07 18:11:23 #2 type.registry] 
New type domain.User

[2024-04-07 18:11:23 #3 type] 
Type domain.User is not enhanced.

[2024-04-07 18:11:23 #4 type.registry] 
New type domain.Traveler

[2024-04-07 18:11:23 #5 type] 
Type domain.Traveler is not enhanced.

[2024-04-07 18:11:23 #6 type.registry] 
New type domain.Ride

[2024-04-07 18:11:23 #7 type.registry] 
New type domain.PaymentInfo

[2024-04-07 18:11:23 #8 type] 
Type domain.Ride is not enhanced.

[2024-04-07 18:11:23 #9 type] 
Type domain.PaymentInfo is not enhanced.

[2024-04-07 18:11:23 #10 type.registry] 
New type domain.Driver

[2024-04-07 18:11:23 #11 type] 
Type domain.Driver is not enhanced.

[2024-04-07 18:11:23 #12 type.registry] 
New type java.util.ArrayList<java.lang.Object>

[2024-04-07 18:11:23 #13 type.registry] 
New type java.util.Vector<java.lang.Object>

[2024-04-07 18:11:23 #14 type.registry] 
New type java.util.ArrayList<domain.PaymentInfo>

[2024-04-07 18:11:23 #15 type.registry] 
New type java.util.Vector<domain.Ride>

------------------------------------------------------------------------------------------------------------------------

[2024-04-07 18:13:12 #1 store] 
Database 'C:\Users\Propietario\git\RepositoryRides24\Rides24\src\main\resources\rides.temp' is opened by 8948@pc-1669806295

[2024-04-07 18:13:12 #2 type.registry] 
New type domain.User

[2024-04-07 18:13:12 #3 type] 
Type domain.User is not enhanced.

[2024-04-07 18:13:12 #4 type.registry] 
New type domain.Traveler

[2024-04-07 18:13:12 #5 type] 
Type domain.Traveler is not enhanced.

[2024-04-07 18:13:12 #6 type.registry] 
New type domain.Ride

[2024-04-07 18:13:12 #7 type.registry] 
New type domain.PaymentInfo

[2024-04-07 18:13:12 #8 type] 
Type domain.Ride is not enhanced.

[2024-04-07 18:13:12 #9 type] 
Type domain.PaymentInfo is not enhanced.

[2024-04-07 18:13:12 #10 type.registry] 
New type domain.Driver

[2024-04-07 18:13:12 #11 type] 
Type domain.Driver is not enhanced.

[2024-04-07 18:13:12 #12 type.registry] 
New type java.util.ArrayList<java.lang.Object>

[2024-04-07 18:13:12 #13 type.registry] 
New type java.util.Vector<java.lang.Object>

[2024-04-07 18:13:12 #14 type.registry] 
New type java.util.ArrayList<domain.PaymentInfo>

[2024-04-07 18:13:12 #15 type.registry] 
New type java.util.Vector<domain.Ride>

------------------------------------------------------------------------------------------------------------------------

[2024-04-07 18:14:15 #1 store] 
Database 'C:\Users\Propietario\git\RepositoryRides24\Rides24\src\main\resources\rides.temp' is opened by 9720@pc-1669806295

[2024-04-07 18:14:15 #2 type.registry] 
New type domain.User

[2024-04-07 18:14:15 #3 type] 
Type domain.User is not enhanced.

[2024-04-07 18:14:15 #4 type.registry] 
New type domain.Traveler

[2024-04-07 18:14:15 #5 type] 
Type domain.Traveler is not enhanced.

[2024-04-07 18:14:15 #6 type.registry] 
New type domain.Ride

[2024-04-07 18:14:15 #7 type.registry] 
New type domain.PaymentInfo

[2024-04-07 18:14:15 #8 type] 
Type domain.Ride is not enhanced.

[2024-04-07 18:14:15 #9 type] 
Type domain.PaymentInfo is not enhanced.

[2024-04-07 18:14:15 #10 type.registry] 
New type domain.Driver

[2024-04-07 18:14:15 #11 type] 
Type domain.Driver is not enhanced.

[2024-04-07 18:14:15 #12 type.registry] 
New type java.util.ArrayList<java.lang.Object>

[2024-04-07 18:14:15 #13 type.registry] 
New type java.util.Vector<java.lang.Object>

[2024-04-07 18:14:15 #14 type.registry] 
New type java.util.ArrayList<domain.PaymentInfo>

[2024-04-07 18:14:15 #15 type.registry] 
New type java.util.Vector<domain.Ride>

------------------------------------------------------------------------------------------------------------------------

[2024-04-07 18:21:31 #1 store] 
Database 'C:\Users\Propietario\git\RepositoryRides24\Rides24\src\main\resources\rides.temp' is opened by 14340@pc-1669806295

[2024-04-07 18:21:31 #2 type.registry] 
New type domain.User

[2024-04-07 18:21:31 #3 type] 
Type domain.User is not enhanced.

[2024-04-07 18:21:31 #4 type.registry] 
New type domain.Traveler

[2024-04-07 18:21:31 #5 type] 
Type domain.Traveler is not enhanced.

[2024-04-07 18:21:31 #6 type.registry] 
New type domain.Ride

[2024-04-07 18:21:31 #7 type.registry] 
New type domain.PaymentInfo

[2024-04-07 18:21:31 #8 type] 
Type domain.Ride is not enhanced.

[2024-04-07 18:21:31 #9 type] 
Type domain.PaymentInfo is not enhanced.

[2024-04-07 18:21:31 #10 type.registry] 
New type domain.Driver

[2024-04-07 18:21:31 #11 type] 
Type domain.Driver is not enhanced.

[2024-04-07 18:21:31 #12 type.registry] 
New type java.util.ArrayList<java.lang.Object>

[2024-04-07 18:21:31 #13 type.registry] 
New type java.util.Vector<java.lang.Object>

[2024-04-07 18:21:31 #14 type.registry] 
New type java.util.ArrayList<domain.PaymentInfo>

[2024-04-07 18:21:31 #15 type.registry] 
New type java.util.Vector<domain.Ride>

------------------------------------------------------------------------------------------------------------------------

[2024-04-07 18:28:06 #1 store] 
Database 'C:\Users\Propietario\git\RepositoryRides24\Rides24\src\main\resources\rides.temp' is opened by 25592@pc-1669806295

[2024-04-07 18:28:06 #2 type.registry] 
New type domain.User

[2024-04-07 18:28:06 #3 type] 
Type domain.User is not enhanced.

[2024-04-07 18:28:06 #4 type.registry] 
New type domain.Traveler

[2024-04-07 18:28:06 #5 type] 
Type domain.Traveler is not enhanced.

[2024-04-07 18:28:06 #6 type.registry] 
New type domain.Ride

[2024-04-07 18:28:06 #7 type.registry] 
New type domain.PaymentInfo

[2024-04-07 18:28:06 #8 type] 
Type domain.Ride is not enhanced.

[2024-04-07 18:28:06 #9 type] 
Type domain.PaymentInfo is not enhanced.

[2024-04-07 18:28:06 #10 type.registry] 
New type domain.Driver

[2024-04-07 18:28:06 #11 type] 
Type domain.Driver is not enhanced.

[2024-04-07 18:28:06 #12 type.registry] 
New type java.util.ArrayList<java.lang.Object>

[2024-04-07 18:28:06 #13 type.registry] 
New type java.util.Vector<java.lang.Object>

[2024-04-07 18:28:06 #14 type.registry] 
New type java.util.ArrayList<domain.PaymentInfo>

[2024-04-07 18:28:06 #15 type.registry] 
New type java.util.Vector<domain.Ride>

------------------------------------------------------------------------------------------------------------------------

[2024-04-07 18:28:42 #1 store] 
Database 'C:\Users\Propietario\git\RepositoryRides24\Rides24\src\main\resources\rides.temp' is opened by 24956@pc-1669806295

[2024-04-07 18:28:42 #2 type.registry] 
New type domain.User

[2024-04-07 18:28:42 #3 type] 
Type domain.User is not enhanced.

[2024-04-07 18:28:42 #4 type.registry] 
New type domain.Traveler

[2024-04-07 18:28:42 #5 type] 
Type domain.Traveler is not enhanced.

[2024-04-07 18:28:42 #6 type.registry] 
New type domain.Ride

[2024-04-07 18:28:42 #7 type.registry] 
New type domain.PaymentInfo

[2024-04-07 18:28:42 #8 type] 
Type domain.Ride is not enhanced.

[2024-04-07 18:28:42 #9 type] 
Type domain.PaymentInfo is not enhanced.

[2024-04-07 18:28:42 #10 type.registry] 
New type domain.Driver

[2024-04-07 18:28:42 #11 type] 
Type domain.Driver is not enhanced.

[2024-04-07 18:28:42 #12 type.registry] 
New type java.util.ArrayList<java.lang.Object>

[2024-04-07 18:28:42 #13 type.registry] 
New type java.util.Vector<java.lang.Object>

[2024-04-07 18:28:42 #14 type.registry] 
New type java.util.ArrayList<domain.PaymentInfo>

[2024-04-07 18:28:42 #15 type.registry] 
New type java.util.Vector<domain.Ride>

------------------------------------------------------------------------------------------------------------------------

[2024-04-07 18:29:11 #1 store] 
Database 'C:\Users\Propietario\git\RepositoryRides24\Rides24\src\main\resources\rides.temp' is opened by 22920@pc-1669806295

[2024-04-07 18:29:11 #2 type.registry] 
New type domain.User

[2024-04-07 18:29:11 #3 type] 
Type domain.User is not enhanced.

[2024-04-07 18:29:11 #4 type.registry] 
New type domain.Traveler

[2024-04-07 18:29:11 #5 type] 
Type domain.Traveler is not enhanced.

[2024-04-07 18:29:11 #6 type.registry] 
New type domain.Ride

[2024-04-07 18:29:11 #7 type.registry] 
New type domain.PaymentInfo

[2024-04-07 18:29:11 #8 type] 
Type domain.Ride is not enhanced.

[2024-04-07 18:29:11 #9 type] 
Type domain.PaymentInfo is not enhanced.

[2024-04-07 18:29:11 #10 type.registry] 
New type domain.Driver

[2024-04-07 18:29:11 #11 type] 
Type domain.Driver is not enhanced.

[2024-04-07 18:29:11 #12 type.registry] 
New type java.util.ArrayList<java.lang.Object>

[2024-04-07 18:29:11 #13 type.registry] 
New type java.util.Vector<java.lang.Object>

[2024-04-07 18:29:11 #14 type.registry] 
New type java.util.ArrayList<domain.PaymentInfo>

[2024-04-07 18:29:11 #15 type.registry] 
New type java.util.Vector<domain.Ride>

------------------------------------------------------------------------------------------------------------------------

[2024-04-07 18:31:19 #1 store] 
Database 'C:\Users\Propietario\git\RepositoryRides24\Rides24\src\main\resources\rides.temp' is opened by 25380@pc-1669806295

[2024-04-07 18:31:19 #2 type.registry] 
New type domain.User

[2024-04-07 18:31:19 #3 type] 
Type domain.User is not enhanced.

[2024-04-07 18:31:19 #4 type.registry] 
New type domain.Traveler

[2024-04-07 18:31:19 #5 type] 
Type domain.Traveler is not enhanced.

[2024-04-07 18:31:19 #6 type.registry] 
New type domain.Ride

[2024-04-07 18:31:19 #7 type.registry] 
New type domain.PaymentInfo

[2024-04-07 18:31:19 #8 type] 
Type domain.Ride is not enhanced.

[2024-04-07 18:31:19 #9 type] 
Type domain.PaymentInfo is not enhanced.

[2024-04-07 18:31:19 #10 type.registry] 
New type domain.Driver

[2024-04-07 18:31:19 #11 type] 
Type domain.Driver is not enhanced.

[2024-04-07 18:31:19 #12 type.registry] 
New type java.util.ArrayList<java.lang.Object>

[2024-04-07 18:31:19 #13 type.registry] 
New type java.util.Vector<java.lang.Object>

[2024-04-07 18:31:19 #14 type.registry] 
New type java.util.ArrayList<domain.PaymentInfo>

[2024-04-07 18:31:19 #15 type.registry] 
New type java.util.Vector<domain.Ride>

------------------------------------------------------------------------------------------------------------------------

[2024-04-07 18:39:53 #1 store] 
Database 'C:\Users\Propietario\git\RepositoryRides24\Rides24\src\main\resources\rides.temp' is opened by 11708@pc-1669806295

[2024-04-07 18:39:53 #2 type.registry] 
New type domain.User

[2024-04-07 18:39:53 #3 type] 
Type domain.User is not enhanced.

[2024-04-07 18:39:53 #4 type.registry] 
New type domain.Traveler

[2024-04-07 18:39:53 #5 type] 
Type domain.Traveler is not enhanced.

[2024-04-07 18:39:53 #6 type.registry] 
New type domain.Ride

[2024-04-07 18:39:53 #7 type.registry] 
New type domain.PaymentInfo

[2024-04-07 18:39:53 #8 type] 
Type domain.Ride is not enhanced.

[2024-04-07 18:39:53 #9 type] 
Type domain.PaymentInfo is not enhanced.

[2024-04-07 18:39:53 #10 type.registry] 
New type domain.Driver

[2024-04-07 18:39:53 #11 type] 
Type domain.Driver is not enhanced.

[2024-04-07 18:39:53 #12 type.registry] 
New type java.util.ArrayList<java.lang.Object>

[2024-04-07 18:39:53 #13 type.registry] 
New type java.util.Vector<java.lang.Object>

[2024-04-07 18:39:53 #14 type.registry] 
New type java.util.ArrayList<domain.PaymentInfo>

[2024-04-07 18:39:53 #15 type.registry] 
New type java.util.Vector<domain.Ride>

------------------------------------------------------------------------------------------------------------------------

[2024-04-07 18:40:04 #1 store] 
Database 'C:\Users\Propietario\git\RepositoryRides24\Rides24\src\main\resources\rides.temp' is opened by 11680@pc-1669806295

[2024-04-07 18:40:04 #2 type.registry] 
New type domain.User

[2024-04-07 18:40:04 #3 type] 
Type domain.User is not enhanced.

[2024-04-07 18:40:04 #4 type.registry] 
New type domain.Traveler

[2024-04-07 18:40:04 #5 type] 
Type domain.Traveler is not enhanced.

[2024-04-07 18:40:04 #6 type.registry] 
New type domain.Ride

[2024-04-07 18:40:04 #7 type.registry] 
New type domain.PaymentInfo

[2024-04-07 18:40:04 #8 type] 
Type domain.Ride is not enhanced.

[2024-04-07 18:40:04 #9 type] 
Type domain.PaymentInfo is not enhanced.

[2024-04-07 18:40:04 #10 type.registry] 
New type domain.Driver

[2024-04-07 18:40:04 #11 type] 
Type domain.Driver is not enhanced.

[2024-04-07 18:40:04 #12 type.registry] 
New type java.util.ArrayList<java.lang.Object>

[2024-04-07 18:40:04 #13 type.registry] 
New type java.util.Vector<java.lang.Object>

[2024-04-07 18:40:04 #14 type.registry] 
New type java.util.ArrayList<domain.PaymentInfo>

[2024-04-07 18:40:04 #15 type.registry] 
New type java.util.Vector<domain.Ride>

------------------------------------------------------------------------------------------------------------------------

[2024-04-07 18:40:43 #1 store] 
Database 'C:\Users\Propietario\git\RepositoryRides24\Rides24\src\main\resources\rides.temp' is opened by 6216@pc-1669806295

[2024-04-07 18:40:43 #2 type.registry] 
New type domain.User

[2024-04-07 18:40:43 #3 type] 
Type domain.User is not enhanced.

[2024-04-07 18:40:43 #4 type.registry] 
New type domain.Traveler

[2024-04-07 18:40:43 #5 type] 
Type domain.Traveler is not enhanced.

[2024-04-07 18:40:43 #6 type.registry] 
New type domain.Ride

[2024-04-07 18:40:43 #7 type.registry] 
New type domain.PaymentInfo

[2024-04-07 18:40:43 #8 type] 
Type domain.Ride is not enhanced.

[2024-04-07 18:40:43 #9 type] 
Type domain.PaymentInfo is not enhanced.

[2024-04-07 18:40:43 #10 type.registry] 
New type domain.Driver

[2024-04-07 18:40:43 #11 type] 
Type domain.Driver is not enhanced.

[2024-04-07 18:40:43 #12 type.registry] 
New type java.util.ArrayList<java.lang.Object>

[2024-04-07 18:40:43 #13 type.registry] 
New type java.util.Vector<java.lang.Object>

[2024-04-07 18:40:43 #14 type.registry] 
New type java.util.ArrayList<domain.PaymentInfo>

[2024-04-07 18:40:43 #15 type.registry] 
New type java.util.Vector<domain.Ride>

------------------------------------------------------------------------------------------------------------------------

[2024-04-07 18:46:23 #1 store] 
Database 'C:\Users\pboad\git\repository\Rides24\src\main\resources\rides.temp' is opened by 30284@DESKTOP-RUEBSAP

[2024-04-07 18:46:23 #2 type.registry] 
New type domain.User

[2024-04-07 18:46:23 #3 type] 
Type domain.User is not enhanced.

[2024-04-07 18:46:23 #4 type.registry] 
New type domain.Traveler

[2024-04-07 18:46:23 #5 type] 
Type domain.Traveler is not enhanced.

[2024-04-07 18:46:23 #6 type.registry] 
New type domain.Ride

[2024-04-07 18:46:23 #7 type.registry] 
New type domain.PaymentInfo

[2024-04-07 18:46:23 #8 type] 
Type domain.Ride is not enhanced.

[2024-04-07 18:46:23 #9 type] 
Type domain.PaymentInfo is not enhanced.

[2024-04-07 18:46:23 #10 type.registry] 
New type domain.Driver

[2024-04-07 18:46:23 #11 type] 
Type domain.Driver is not enhanced.

[2024-04-07 18:46:23 #12 type.registry] 
New type java.util.ArrayList<java.lang.Object>

[2024-04-07 18:46:23 #13 type.registry] 
New type java.util.Vector<java.lang.Object>

[2024-04-07 18:46:23 #14 type.registry] 
New type java.util.ArrayList<domain.PaymentInfo>

[2024-04-07 18:46:23 #15 type.registry] 
New type java.util.Vector<domain.Ride>

------------------------------------------------------------------------------------------------------------------------

[2024-04-07 18:47:42 #1 store] 
Database 'C:\Users\pboad\git\repository\Rides24\src\main\resources\rides.temp' is opened by 38608@DESKTOP-RUEBSAP

[2024-04-07 18:47:42 #2 type.registry] 
New type domain.User

[2024-04-07 18:47:42 #3 type] 
Type domain.User is not enhanced.

[2024-04-07 18:47:42 #4 type.registry] 
New type domain.Traveler

[2024-04-07 18:47:42 #5 type] 
Type domain.Traveler is not enhanced.

[2024-04-07 18:47:42 #6 type.registry] 
New type domain.Ride

[2024-04-07 18:47:42 #7 type.registry] 
New type domain.PaymentInfo

[2024-04-07 18:47:42 #8 type] 
Type domain.Ride is not enhanced.

[2024-04-07 18:47:42 #9 type] 
Type domain.PaymentInfo is not enhanced.

[2024-04-07 18:47:42 #10 type.registry] 
New type domain.Driver

[2024-04-07 18:47:42 #11 type] 
Type domain.Driver is not enhanced.

[2024-04-07 18:47:42 #12 type.registry] 
New type java.util.ArrayList<java.lang.Object>

[2024-04-07 18:47:42 #13 type.registry] 
New type java.util.Vector<java.lang.Object>

[2024-04-07 18:47:42 #14 type.registry] 
New type java.util.ArrayList<domain.PaymentInfo>

[2024-04-07 18:47:42 #15 type.registry] 
New type java.util.Vector<domain.Ride>

------------------------------------------------------------------------------------------------------------------------

[2024-04-07 18:59:04 #1 store] 
Database 'C:\Users\pboad\git\repository\Rides24\src\main\resources\rides.temp' is opened by 30056@DESKTOP-RUEBSAP

[2024-04-07 18:59:04 #2 type.registry] 
New type domain.User

[2024-04-07 18:59:04 #3 type] 
Type domain.User is not enhanced.

[2024-04-07 18:59:04 #4 type.registry] 
New type domain.Traveler

[2024-04-07 18:59:04 #5 type] 
Type domain.Traveler is not enhanced.

[2024-04-07 18:59:04 #6 type.registry] 
New type domain.Ride

[2024-04-07 18:59:04 #7 type.registry] 
New type domain.PaymentInfo

[2024-04-07 18:59:04 #8 type] 
Type domain.Ride is not enhanced.

[2024-04-07 18:59:04 #9 type] 
Type domain.PaymentInfo is not enhanced.

[2024-04-07 18:59:04 #10 type.registry] 
New type domain.Driver

[2024-04-07 18:59:04 #11 type] 
Type domain.Driver is not enhanced.

[2024-04-07 18:59:04 #12 type.registry] 
New type java.util.ArrayList<java.lang.Object>

[2024-04-07 18:59:04 #13 type.registry] 
New type java.util.Vector<java.lang.Object>

[2024-04-07 18:59:04 #14 type.registry] 
New type java.util.ArrayList<domain.PaymentInfo>

[2024-04-07 18:59:04 #15 type.registry] 
New type java.util.Vector<domain.Ride>

------------------------------------------------------------------------------------------------------------------------

[2024-04-07 19:02:53 #1 store] 
Database 'C:\Users\pboad\git\repository\Rides24\src\main\resources\rides.temp' is opened by 16856@DESKTOP-RUEBSAP

[2024-04-07 19:02:53 #2 type.registry] 
New type domain.User

[2024-04-07 19:02:53 #3 type] 
Type domain.User is not enhanced.

[2024-04-07 19:02:53 #4 type.registry] 
New type domain.Traveler

[2024-04-07 19:02:53 #5 type] 
Type domain.Traveler is not enhanced.

[2024-04-07 19:02:53 #6 type.registry] 
New type domain.Ride

[2024-04-07 19:02:53 #7 type.registry] 
New type domain.PaymentInfo

[2024-04-07 19:02:53 #8 type] 
Type domain.Ride is not enhanced.

[2024-04-07 19:02:53 #9 type] 
Type domain.PaymentInfo is not enhanced.

[2024-04-07 19:02:53 #10 type.registry] 
New type domain.Driver

[2024-04-07 19:02:53 #11 type] 
Type domain.Driver is not enhanced.

[2024-04-07 19:02:53 #12 type.registry] 
New type java.util.ArrayList<java.lang.Object>

[2024-04-07 19:02:53 #13 type.registry] 
New type java.util.Vector<java.lang.Object>

[2024-04-07 19:02:53 #14 type.registry] 
New type java.util.ArrayList<domain.PaymentInfo>

[2024-04-07 19:02:53 #15 type.registry] 
New type java.util.Vector<domain.Ride>

------------------------------------------------------------------------------------------------------------------------

[2024-04-07 19:08:48 #1 store] 
Database 'C:\Users\pboad\git\repository\Rides24\src\main\resources\rides.temp' is opened by 35780@DESKTOP-RUEBSAP

[2024-04-07 19:08:48 #2 type.registry] 
New type domain.User

[2024-04-07 19:08:48 #3 type] 
Type domain.User is not enhanced.

[2024-04-07 19:08:48 #4 type.registry] 
New type domain.Traveler

[2024-04-07 19:08:48 #5 type] 
Type domain.Traveler is not enhanced.

[2024-04-07 19:08:48 #6 type.registry] 
New type domain.Ride

[2024-04-07 19:08:48 #7 type.registry] 
New type domain.PaymentInfo

[2024-04-07 19:08:48 #8 type] 
Type domain.Ride is not enhanced.

[2024-04-07 19:08:48 #9 type] 
Type domain.PaymentInfo is not enhanced.

[2024-04-07 19:08:48 #10 type.registry] 
New type domain.Driver

[2024-04-07 19:08:48 #11 type] 
Type domain.Driver is not enhanced.

[2024-04-07 19:08:48 #12 type.registry] 
New type java.util.ArrayList<java.lang.Object>

[2024-04-07 19:08:48 #13 type.registry] 
New type java.util.Vector<java.lang.Object>

[2024-04-07 19:08:48 #14 type.registry] 
New type java.util.ArrayList<domain.PaymentInfo>

[2024-04-07 19:08:48 #15 type.registry] 
New type java.util.Vector<domain.Ride>

------------------------------------------------------------------------------------------------------------------------

[2024-04-07 19:10:23 #1 store] 
Database 'C:\Users\pboad\git\repository\Rides24\src\main\resources\rides.temp' is opened by 35216@DESKTOP-RUEBSAP

[2024-04-07 19:10:23 #2 type.registry] 
New type domain.User

[2024-04-07 19:10:23 #3 type] 
Type domain.User is not enhanced.

[2024-04-07 19:10:23 #4 type.registry] 
New type domain.Traveler

[2024-04-07 19:10:23 #5 type] 
Type domain.Traveler is not enhanced.

[2024-04-07 19:10:23 #6 type.registry] 
New type domain.Ride

[2024-04-07 19:10:23 #7 type.registry] 
New type domain.PaymentInfo

[2024-04-07 19:10:23 #8 type] 
Type domain.Ride is not enhanced.

[2024-04-07 19:10:23 #9 type] 
Type domain.PaymentInfo is not enhanced.

[2024-04-07 19:10:23 #10 type.registry] 
New type domain.Driver

[2024-04-07 19:10:23 #11 type] 
Type domain.Driver is not enhanced.

[2024-04-07 19:10:23 #12 type.registry] 
New type java.util.ArrayList<java.lang.Object>

[2024-04-07 19:10:23 #13 type.registry] 
New type java.util.Vector<java.lang.Object>

[2024-04-07 19:10:23 #14 type.registry] 
New type java.util.ArrayList<domain.PaymentInfo>

[2024-04-07 19:10:23 #15 type.registry] 
New type java.util.Vector<domain.Ride>

------------------------------------------------------------------------------------------------------------------------

[2024-04-07 19:10:41 #1 store] 
Database 'C:\Users\pboad\git\repository\Rides24\src\main\resources\rides.temp' is opened by 2600@DESKTOP-RUEBSAP

[2024-04-07 19:10:41 #2 type.registry] 
New type domain.User

[2024-04-07 19:10:41 #3 type] 
Type domain.User is not enhanced.

[2024-04-07 19:10:41 #4 type.registry] 
New type domain.Traveler

[2024-04-07 19:10:41 #5 type] 
Type domain.Traveler is not enhanced.

[2024-04-07 19:10:41 #6 type.registry] 
New type domain.Ride

[2024-04-07 19:10:41 #7 type.registry] 
New type domain.PaymentInfo

[2024-04-07 19:10:41 #8 type] 
Type domain.Ride is not enhanced.

[2024-04-07 19:10:41 #9 type] 
Type domain.PaymentInfo is not enhanced.

[2024-04-07 19:10:41 #10 type.registry] 
New type domain.Driver

[2024-04-07 19:10:41 #11 type] 
Type domain.Driver is not enhanced.

[2024-04-07 19:10:41 #12 type.registry] 
New type java.util.ArrayList<java.lang.Object>

[2024-04-07 19:10:41 #13 type.registry] 
New type java.util.Vector<java.lang.Object>

[2024-04-07 19:10:41 #14 type.registry] 
New type java.util.ArrayList<domain.PaymentInfo>

[2024-04-07 19:10:41 #15 type.registry] 
New type java.util.Vector<domain.Ride>

------------------------------------------------------------------------------------------------------------------------

[2024-04-07 19:10:57 #1 store] 
Database 'C:\Users\pboad\git\repository\Rides24\src\main\resources\rides.temp' is opened by 15868@DESKTOP-RUEBSAP

[2024-04-07 19:10:58 #2 type.registry] 
New type domain.User

[2024-04-07 19:10:58 #3 type] 
Type domain.User is not enhanced.

[2024-04-07 19:10:58 #4 type.registry] 
New type domain.Traveler

[2024-04-07 19:10:58 #5 type] 
Type domain.Traveler is not enhanced.

[2024-04-07 19:10:58 #6 type.registry] 
New type domain.Ride

[2024-04-07 19:10:58 #7 type.registry] 
New type domain.PaymentInfo

[2024-04-07 19:10:58 #8 type] 
Type domain.Ride is not enhanced.

[2024-04-07 19:10:58 #9 type] 
Type domain.PaymentInfo is not enhanced.

[2024-04-07 19:10:58 #10 type.registry] 
New type domain.Driver

[2024-04-07 19:10:58 #11 type] 
Type domain.Driver is not enhanced.

[2024-04-07 19:10:58 #12 type.registry] 
New type java.util.ArrayList<java.lang.Object>

[2024-04-07 19:10:58 #13 type.registry] 
New type java.util.Vector<java.lang.Object>

[2024-04-07 19:10:58 #14 type.registry] 
New type java.util.ArrayList<domain.PaymentInfo>

[2024-04-07 19:10:58 #15 type.registry] 
New type java.util.Vector<domain.Ride>

------------------------------------------------------------------------------------------------------------------------

[2024-04-07 19:15:08 #1 store] 
Database 'C:\Users\pboad\git\repository\Rides24\src\main\resources\rides.temp' is opened by 38520@DESKTOP-RUEBSAP

[2024-04-07 19:15:08 #2 type.registry] 
New type domain.User

[2024-04-07 19:15:08 #3 type] 
Type domain.User is not enhanced.

[2024-04-07 19:15:08 #4 type.registry] 
New type domain.Traveler

[2024-04-07 19:15:08 #5 type] 
Type domain.Traveler is not enhanced.

[2024-04-07 19:15:08 #6 type.registry] 
New type domain.Ride

[2024-04-07 19:15:08 #7 type.registry] 
New type domain.PaymentInfo

[2024-04-07 19:15:08 #8 type] 
Type domain.Ride is not enhanced.

[2024-04-07 19:15:08 #9 type] 
Type domain.PaymentInfo is not enhanced.

[2024-04-07 19:15:08 #10 type.registry] 
New type domain.Driver

[2024-04-07 19:15:08 #11 type] 
Type domain.Driver is not enhanced.

[2024-04-07 19:15:08 #12 type.registry] 
New type java.util.ArrayList<java.lang.Object>

[2024-04-07 19:15:08 #13 type.registry] 
New type java.util.Vector<java.lang.Object>

[2024-04-07 19:15:08 #14 type.registry] 
New type java.util.ArrayList<domain.PaymentInfo>

[2024-04-07 19:15:08 #15 type.registry] 
New type java.util.Vector<domain.Ride>

------------------------------------------------------------------------------------------------------------------------

[2024-04-07 19:29:54 #1 store] 
Database 'C:\Users\pboad\git\repository\Rides24\src\main\resources\rides.temp' is opened by 35400@DESKTOP-RUEBSAP

[2024-04-07 19:29:55 #2 type.registry] 
New type domain.User

[2024-04-07 19:29:55 #3 type] 
Type domain.User is not enhanced.

[2024-04-07 19:29:55 #4 type.registry] 
New type domain.Traveler

[2024-04-07 19:29:55 #5 type] 
Type domain.Traveler is not enhanced.

[2024-04-07 19:29:55 #6 type.registry] 
New type domain.Ride

[2024-04-07 19:29:55 #7 type.registry] 
New type domain.PaymentInfo

[2024-04-07 19:29:55 #8 type] 
Type domain.Ride is not enhanced.

[2024-04-07 19:29:55 #9 type] 
Type domain.PaymentInfo is not enhanced.

[2024-04-07 19:29:55 #10 type.registry] 
New type domain.Driver

[2024-04-07 19:29:55 #11 type] 
Type domain.Driver is not enhanced.

[2024-04-07 19:29:55 #12 type.registry] 
New type java.util.ArrayList<java.lang.Object>

[2024-04-07 19:29:55 #13 type.registry] 
New type java.util.Vector<java.lang.Object>

[2024-04-07 19:29:55 #14 type.registry] 
New type java.util.ArrayList<domain.PaymentInfo>

[2024-04-07 19:29:55 #15 type.registry] 
New type java.util.Vector<domain.Ride>

------------------------------------------------------------------------------------------------------------------------

[2024-04-07 19:30:37 #1 store] 
Database 'C:\Users\pboad\git\repository\Rides24\src\main\resources\rides.temp' is opened by 34316@DESKTOP-RUEBSAP

[2024-04-07 19:30:38 #2 type.registry] 
New type domain.User

[2024-04-07 19:30:38 #3 type] 
Type domain.User is not enhanced.

[2024-04-07 19:30:38 #4 type.registry] 
New type domain.Traveler

[2024-04-07 19:30:38 #5 type] 
Type domain.Traveler is not enhanced.

[2024-04-07 19:30:38 #6 type.registry] 
New type domain.Ride

[2024-04-07 19:30:38 #7 type.registry] 
New type domain.PaymentInfo

[2024-04-07 19:30:38 #8 type] 
Type domain.Ride is not enhanced.

[2024-04-07 19:30:38 #9 type] 
Type domain.PaymentInfo is not enhanced.

[2024-04-07 19:30:38 #10 type.registry] 
New type domain.Driver

[2024-04-07 19:30:38 #11 type] 
Type domain.Driver is not enhanced.

[2024-04-07 19:30:38 #12 type.registry] 
New type java.util.ArrayList<java.lang.Object>

[2024-04-07 19:30:38 #13 type.registry] 
New type java.util.Vector<java.lang.Object>

[2024-04-07 19:30:38 #14 type.registry] 
New type java.util.ArrayList<domain.PaymentInfo>

[2024-04-07 19:30:38 #15 type.registry] 
New type java.util.Vector<domain.Ride>

------------------------------------------------------------------------------------------------------------------------

[2024-04-07 19:31:07 #1 store] 
Database 'C:\Users\pboad\git\repository\Rides24\src\main\resources\rides.temp' is opened by 38192@DESKTOP-RUEBSAP

[2024-04-07 19:31:07 #2 type.registry] 
New type domain.User

[2024-04-07 19:31:07 #3 type] 
Type domain.User is not enhanced.

[2024-04-07 19:31:07 #4 type.registry] 
New type domain.Traveler

[2024-04-07 19:31:07 #5 type] 
Type domain.Traveler is not enhanced.

[2024-04-07 19:31:07 #6 type.registry] 
New type domain.Ride

[2024-04-07 19:31:07 #7 type.registry] 
New type domain.PaymentInfo

[2024-04-07 19:31:07 #8 type] 
Type domain.Ride is not enhanced.

[2024-04-07 19:31:07 #9 type] 
Type domain.PaymentInfo is not enhanced.

[2024-04-07 19:31:07 #10 type.registry] 
New type domain.Driver

[2024-04-07 19:31:07 #11 type] 
Type domain.Driver is not enhanced.

[2024-04-07 19:31:07 #12 type.registry] 
New type java.util.ArrayList<java.lang.Object>

[2024-04-07 19:31:07 #13 type.registry] 
New type java.util.Vector<java.lang.Object>

[2024-04-07 19:31:07 #14 type.registry] 
New type java.util.ArrayList<domain.PaymentInfo>

[2024-04-07 19:31:07 #15 type.registry] 
New type java.util.Vector<domain.Ride>

------------------------------------------------------------------------------------------------------------------------

[2024-04-07 19:51:34 #1 store] 
Database 'C:\Users\pboad\git\repository\Rides24\src\main\resources\rides.temp' is opened by 38288@DESKTOP-RUEBSAP

[2024-04-07 19:51:34 #2 type.registry] 
New type domain.User

[2024-04-07 19:51:34 #3 type] 
Type domain.User is not enhanced.

[2024-04-07 19:51:34 #4 type.registry] 
New type domain.Traveler

[2024-04-07 19:51:34 #5 type] 
Type domain.Traveler is not enhanced.

[2024-04-07 19:51:34 #6 type.registry] 
New type domain.Ride

[2024-04-07 19:51:34 #7 type.registry] 
New type domain.PaymentInfo

[2024-04-07 19:51:34 #8 type] 
Type domain.Ride is not enhanced.

[2024-04-07 19:51:34 #9 type] 
Type domain.PaymentInfo is not enhanced.

[2024-04-07 19:51:34 #10 type.registry] 
New type domain.Driver

[2024-04-07 19:51:34 #11 type] 
Type domain.Driver is not enhanced.

[2024-04-07 19:51:34 #12 type.registry] 
New type java.util.ArrayList<java.lang.Object>

[2024-04-07 19:51:34 #13 type.registry] 
New type java.util.Vector<java.lang.Object>

[2024-04-07 19:51:34 #14 type.registry] 
New type java.util.ArrayList<domain.PaymentInfo>

[2024-04-07 19:51:34 #15 type.registry] 
New type java.util.Vector<domain.Ride>

------------------------------------------------------------------------------------------------------------------------

[2024-04-07 19:53:47 #1 store] 
Database 'C:\Users\pboad\git\repository\Rides24\src\main\resources\rides.temp' is opened by 28848@DESKTOP-RUEBSAP

[2024-04-07 19:53:47 #2 type.registry] 
New type domain.User

[2024-04-07 19:53:47 #3 type] 
Type domain.User is not enhanced.

[2024-04-07 19:53:47 #4 type.registry] 
New type domain.Traveler

[2024-04-07 19:53:47 #5 type] 
Type domain.Traveler is not enhanced.

[2024-04-07 19:53:47 #6 type.registry] 
New type domain.Ride

[2024-04-07 19:53:47 #7 type.registry] 
New type domain.PaymentInfo

[2024-04-07 19:53:47 #8 type] 
Type domain.Ride is not enhanced.

[2024-04-07 19:53:47 #9 type] 
Type domain.PaymentInfo is not enhanced.

[2024-04-07 19:53:47 #10 type.registry] 
New type domain.Driver

[2024-04-07 19:53:47 #11 type] 
Type domain.Driver is not enhanced.

[2024-04-07 19:53:47 #12 type.registry] 
New type java.util.ArrayList<java.lang.Object>

[2024-04-07 19:53:47 #13 type.registry] 
New type java.util.Vector<java.lang.Object>

[2024-04-07 19:53:47 #14 type.registry] 
New type java.util.ArrayList<domain.PaymentInfo>

[2024-04-07 19:53:47 #15 type.registry] 
New type java.util.Vector<domain.Ride>

------------------------------------------------------------------------------------------------------------------------

[2024-04-07 19:54:39 #1 store] 
Database 'C:\Users\pboad\git\repository\Rides24\src\main\resources\rides.temp' is opened by 26728@DESKTOP-RUEBSAP

[2024-04-07 19:54:39 #2 type.registry] 
New type domain.User

[2024-04-07 19:54:39 #3 type] 
Type domain.User is not enhanced.

[2024-04-07 19:54:39 #4 type.registry] 
New type domain.Traveler

[2024-04-07 19:54:39 #5 type] 
Type domain.Traveler is not enhanced.

[2024-04-07 19:54:39 #6 type.registry] 
New type domain.Ride

[2024-04-07 19:54:39 #7 type.registry] 
New type domain.PaymentInfo

[2024-04-07 19:54:39 #8 type] 
Type domain.Ride is not enhanced.

[2024-04-07 19:54:39 #9 type] 
Type domain.PaymentInfo is not enhanced.

[2024-04-07 19:54:39 #10 type.registry] 
New type domain.Driver

[2024-04-07 19:54:39 #11 type] 
Type domain.Driver is not enhanced.

[2024-04-07 19:54:39 #12 type.registry] 
New type java.util.ArrayList<java.lang.Object>

[2024-04-07 19:54:39 #13 type.registry] 
New type java.util.Vector<java.lang.Object>

[2024-04-07 19:54:39 #14 type.registry] 
New type java.util.ArrayList<domain.PaymentInfo>

[2024-04-07 19:54:39 #15 type.registry] 
New type java.util.Vector<domain.Ride>

------------------------------------------------------------------------------------------------------------------------

[2024-04-07 20:25:22 #1 store] 
Database 'C:\Users\pboad\git\repository\Rides24\src\main\resources\rides.temp' is opened by 38000@DESKTOP-RUEBSAP

[2024-04-07 20:25:22 #2 type.registry] 
New type domain.User

[2024-04-07 20:25:22 #3 type] 
Type domain.User is not enhanced.

[2024-04-07 20:25:22 #4 type.registry] 
New type domain.Traveler

[2024-04-07 20:25:22 #5 type] 
Type domain.Traveler is not enhanced.

[2024-04-07 20:25:22 #6 type.registry] 
New type domain.Ride

[2024-04-07 20:25:22 #7 type.registry] 
New type domain.PaymentInfo

[2024-04-07 20:25:22 #8 type] 
Type domain.Ride is not enhanced.

[2024-04-07 20:25:22 #9 type] 
Type domain.PaymentInfo is not enhanced.

[2024-04-07 20:25:22 #10 type.registry] 
New type domain.Driver

[2024-04-07 20:25:22 #11 type] 
Type domain.Driver is not enhanced.

[2024-04-07 20:25:22 #12 type.registry] 
New type java.util.ArrayList<java.lang.Object>

[2024-04-07 20:25:22 #13 type.registry] 
New type java.util.Vector<java.lang.Object>

[2024-04-07 20:25:22 #14 type.registry] 
New type java.util.ArrayList<domain.PaymentInfo>

[2024-04-07 20:25:22 #15 type.registry] 
New type java.util.Vector<domain.Ride>

------------------------------------------------------------------------------------------------------------------------

[2024-04-07 20:35:06 #1 store] 
Database 'C:\Users\pboad\git\repository\Rides24\src\main\resources\rides.temp' is opened by 32640@DESKTOP-RUEBSAP

[2024-04-07 20:35:06 #2 type.registry] 
New type domain.User

[2024-04-07 20:35:06 #3 type] 
Type domain.User is not enhanced.

[2024-04-07 20:35:06 #4 type.registry] 
New type domain.Traveler

[2024-04-07 20:35:06 #5 type] 
Type domain.Traveler is not enhanced.

[2024-04-07 20:35:06 #6 type.registry] 
New type domain.Ride

[2024-04-07 20:35:06 #7 type.registry] 
New type domain.PaymentInfo

[2024-04-07 20:35:06 #8 type] 
Type domain.Ride is not enhanced.

[2024-04-07 20:35:06 #9 type] 
Type domain.PaymentInfo is not enhanced.

[2024-04-07 20:35:06 #10 type.registry] 
New type domain.Driver

[2024-04-07 20:35:06 #11 type] 
Type domain.Driver is not enhanced.

[2024-04-07 20:35:06 #12 type.registry] 
New type java.util.ArrayList<java.lang.Object>

[2024-04-07 20:35:06 #13 type.registry] 
New type java.util.Vector<java.lang.Object>

[2024-04-07 20:35:06 #14 type.registry] 
New type java.util.ArrayList<domain.PaymentInfo>

[2024-04-07 20:35:06 #15 type.registry] 
New type java.util.Vector<domain.Ride>

------------------------------------------------------------------------------------------------------------------------

[2024-04-07 20:39:18 #1 store] 
Database 'C:\Users\pboad\git\repository\Rides24\src\main\resources\rides.temp' is opened by 12252@DESKTOP-RUEBSAP

[2024-04-07 20:39:18 #2 type.registry] 
New type domain.User

[2024-04-07 20:39:18 #3 type] 
Type domain.User is not enhanced.

[2024-04-07 20:39:18 #4 type.registry] 
New type domain.Traveler

[2024-04-07 20:39:18 #5 type] 
Type domain.Traveler is not enhanced.

[2024-04-07 20:39:18 #6 type.registry] 
New type domain.Ride

[2024-04-07 20:39:18 #7 type.registry] 
New type domain.PaymentInfo

[2024-04-07 20:39:18 #8 type] 
Type domain.Ride is not enhanced.

[2024-04-07 20:39:18 #9 type] 
Type domain.PaymentInfo is not enhanced.

[2024-04-07 20:39:18 #10 type.registry] 
New type domain.Driver

[2024-04-07 20:39:18 #11 type] 
Type domain.Driver is not enhanced.

[2024-04-07 20:39:18 #12 type.registry] 
New type java.util.ArrayList<java.lang.Object>

[2024-04-07 20:39:18 #13 type.registry] 
New type java.util.Vector<java.lang.Object>

[2024-04-07 20:39:18 #14 type.registry] 
New type java.util.ArrayList<domain.PaymentInfo>

[2024-04-07 20:39:18 #15 type.registry] 
New type java.util.Vector<domain.Ride>

------------------------------------------------------------------------------------------------------------------------

[2024-04-07 20:44:04 #1 store] 
Database 'C:\Users\pboad\git\repository\Rides24\src\main\resources\rides.temp' is opened by 27012@DESKTOP-RUEBSAP

[2024-04-07 20:44:04 #2 type.registry] 
New type domain.User

[2024-04-07 20:44:04 #3 type] 
Type domain.User is not enhanced.

[2024-04-07 20:44:04 #4 type.registry] 
New type domain.Traveler

[2024-04-07 20:44:04 #5 type] 
Type domain.Traveler is not enhanced.

[2024-04-07 20:44:04 #6 type.registry] 
New type domain.Ride

[2024-04-07 20:44:04 #7 type.registry] 
New type domain.PaymentInfo

[2024-04-07 20:44:04 #8 type] 
Type domain.Ride is not enhanced.

[2024-04-07 20:44:04 #9 type] 
Type domain.PaymentInfo is not enhanced.

[2024-04-07 20:44:04 #10 type.registry] 
New type domain.Driver

[2024-04-07 20:44:04 #11 type] 
Type domain.Driver is not enhanced.

[2024-04-07 20:44:04 #12 type.registry] 
New type java.util.ArrayList<java.lang.Object>

[2024-04-07 20:44:04 #13 type.registry] 
New type java.util.Vector<java.lang.Object>

[2024-04-07 20:44:04 #14 type.registry] 
New type java.util.ArrayList<domain.PaymentInfo>

[2024-04-07 20:44:04 #15 type.registry] 
New type java.util.Vector<domain.Ride>

------------------------------------------------------------------------------------------------------------------------

[2024-04-07 20:58:06 #1 store] 
Database 'C:\Users\pboad\git\repository\Rides24\src\main\resources\rides.temp' is opened by 34612@DESKTOP-RUEBSAP

[2024-04-07 20:58:06 #2 type.registry] 
New type domain.User

[2024-04-07 20:58:06 #3 type] 
Type domain.User is not enhanced.

[2024-04-07 20:58:06 #4 type.registry] 
New type domain.Traveler

[2024-04-07 20:58:06 #5 type] 
Type domain.Traveler is not enhanced.

[2024-04-07 20:58:06 #6 type.registry] 
New type domain.Ride

[2024-04-07 20:58:06 #7 type.registry] 
New type domain.PaymentInfo

[2024-04-07 20:58:06 #8 type] 
Type domain.Ride is not enhanced.

[2024-04-07 20:58:06 #9 type] 
Type domain.PaymentInfo is not enhanced.

[2024-04-07 20:58:06 #10 type.registry] 
New type domain.Driver

[2024-04-07 20:58:06 #11 type] 
Type domain.Driver is not enhanced.

[2024-04-07 20:58:06 #12 type.registry] 
New type java.util.ArrayList<java.lang.Object>

[2024-04-07 20:58:06 #13 type.registry] 
New type java.util.Vector<java.lang.Object>

[2024-04-07 20:58:06 #14 type.registry] 
New type java.util.ArrayList<domain.PaymentInfo>

[2024-04-07 20:58:06 #15 type.registry] 
New type java.util.Vector<domain.Ride>

------------------------------------------------------------------------------------------------------------------------

[2024-04-07 20:59:00 #1 store] 
Database 'C:\Users\pboad\git\repository\Rides24\src\main\resources\rides.temp' is opened by 5736@DESKTOP-RUEBSAP

[2024-04-07 20:59:00 #2 type.registry] 
New type domain.User

[2024-04-07 20:59:00 #3 type] 
Type domain.User is not enhanced.

[2024-04-07 20:59:00 #4 type.registry] 
New type domain.Traveler

[2024-04-07 20:59:00 #5 type] 
Type domain.Traveler is not enhanced.

[2024-04-07 20:59:00 #6 type.registry] 
New type domain.Ride

[2024-04-07 20:59:00 #7 type.registry] 
New type domain.PaymentInfo

[2024-04-07 20:59:00 #8 type] 
Type domain.Ride is not enhanced.

[2024-04-07 20:59:00 #9 type] 
Type domain.PaymentInfo is not enhanced.

[2024-04-07 20:59:00 #10 type.registry] 
New type domain.Driver

[2024-04-07 20:59:00 #11 type] 
Type domain.Driver is not enhanced.

[2024-04-07 20:59:00 #12 type.registry] 
New type java.util.ArrayList<java.lang.Object>

[2024-04-07 20:59:00 #13 type.registry] 
New type java.util.Vector<java.lang.Object>

[2024-04-07 20:59:00 #14 type.registry] 
New type java.util.ArrayList<domain.PaymentInfo>

[2024-04-07 20:59:00 #15 type.registry] 
New type java.util.Vector<domain.Ride>

------------------------------------------------------------------------------------------------------------------------

[2024-04-07 21:00:24 #1 store] 
Database 'C:\Users\pboad\git\repository\Rides24\src\main\resources\rides.temp' is opened by 5992@DESKTOP-RUEBSAP

[2024-04-07 21:00:24 #2 type.registry] 
New type domain.User

[2024-04-07 21:00:24 #3 type] 
Type domain.User is not enhanced.

[2024-04-07 21:00:24 #4 type.registry] 
New type domain.Traveler

[2024-04-07 21:00:24 #5 type] 
Type domain.Traveler is not enhanced.

[2024-04-07 21:00:24 #6 type.registry] 
New type domain.Ride

[2024-04-07 21:00:24 #7 type.registry] 
New type domain.PaymentInfo

[2024-04-07 21:00:24 #8 type] 
Type domain.Ride is not enhanced.

[2024-04-07 21:00:24 #9 type] 
Type domain.PaymentInfo is not enhanced.

[2024-04-07 21:00:24 #10 type.registry] 
New type domain.Driver

[2024-04-07 21:00:24 #11 type] 
Type domain.Driver is not enhanced.

[2024-04-07 21:00:24 #12 type.registry] 
New type java.util.ArrayList<java.lang.Object>

[2024-04-07 21:00:24 #13 type.registry] 
New type java.util.Vector<java.lang.Object>

[2024-04-07 21:00:24 #14 type.registry] 
New type java.util.ArrayList<domain.PaymentInfo>

[2024-04-07 21:00:24 #15 type.registry] 
New type java.util.Vector<domain.Ride>

------------------------------------------------------------------------------------------------------------------------

[2024-04-07 21:10:41 #1 store] 
Database 'C:\Users\pboad\git\repository\Rides24\src\main\resources\rides.temp' is opened by 5452@DESKTOP-RUEBSAP

[2024-04-07 21:10:42 #2 type.registry] 
New type domain.User

[2024-04-07 21:10:42 #3 type] 
Type domain.User is not enhanced.

[2024-04-07 21:10:42 #4 type.registry] 
New type domain.Traveler

[2024-04-07 21:10:42 #5 type] 
Type domain.Traveler is not enhanced.

[2024-04-07 21:10:42 #6 type.registry] 
New type domain.Ride

[2024-04-07 21:10:42 #7 type.registry] 
New type domain.PaymentInfo

[2024-04-07 21:10:42 #8 type] 
Type domain.Ride is not enhanced.

[2024-04-07 21:10:42 #9 type] 
Type domain.PaymentInfo is not enhanced.

[2024-04-07 21:10:42 #10 type.registry] 
New type domain.Driver

[2024-04-07 21:10:42 #11 type] 
Type domain.Driver is not enhanced.

[2024-04-07 21:10:42 #12 type.registry] 
New type java.util.ArrayList<java.lang.Object>

[2024-04-07 21:10:42 #13 type.registry] 
New type java.util.Vector<java.lang.Object>

[2024-04-07 21:10:42 #14 type.registry] 
New type java.util.ArrayList<domain.PaymentInfo>

[2024-04-07 21:10:42 #15 type.registry] 
New type java.util.Vector<domain.Ride>

------------------------------------------------------------------------------------------------------------------------

[2024-04-07 21:14:20 #1 store] 
Database 'C:\Users\pboad\git\repository\Rides24\src\main\resources\rides.temp' is opened by 15328@DESKTOP-RUEBSAP

[2024-04-07 21:14:20 #2 type.registry] 
New type domain.User

[2024-04-07 21:14:20 #3 type] 
Type domain.User is not enhanced.

[2024-04-07 21:14:20 #4 type.registry] 
New type domain.Traveler

[2024-04-07 21:14:20 #5 type] 
Type domain.Traveler is not enhanced.

[2024-04-07 21:14:20 #6 type.registry] 
New type domain.Ride

[2024-04-07 21:14:20 #7 type.registry] 
New type domain.PaymentInfo

[2024-04-07 21:14:20 #8 type] 
Type domain.Ride is not enhanced.

[2024-04-07 21:14:20 #9 type] 
Type domain.PaymentInfo is not enhanced.

[2024-04-07 21:14:20 #10 type.registry] 
New type domain.Driver

[2024-04-07 21:14:20 #11 type] 
Type domain.Driver is not enhanced.

[2024-04-07 21:14:20 #12 type.registry] 
New type java.util.ArrayList<java.lang.Object>

[2024-04-07 21:14:20 #13 type.registry] 
New type java.util.Vector<java.lang.Object>

[2024-04-07 21:14:20 #14 type.registry] 
New type java.util.ArrayList<domain.PaymentInfo>

[2024-04-07 21:14:20 #15 type.registry] 
New type java.util.Vector<domain.Ride>

------------------------------------------------------------------------------------------------------------------------

[2024-04-07 21:18:42 #1 store] 
Database 'C:\Users\pboad\git\repository\Rides24\src\main\resources\rides.temp' is opened by 35856@DESKTOP-RUEBSAP

[2024-04-07 21:18:42 #2 type.registry] 
New type domain.User

[2024-04-07 21:18:42 #3 type] 
Type domain.User is not enhanced.

[2024-04-07 21:18:42 #4 type.registry] 
New type domain.Traveler

[2024-04-07 21:18:42 #5 type] 
Type domain.Traveler is not enhanced.

[2024-04-07 21:18:42 #6 type.registry] 
New type domain.Ride

[2024-04-07 21:18:42 #7 type.registry] 
New type domain.PaymentInfo

[2024-04-07 21:18:42 #8 type] 
Type domain.Ride is not enhanced.

[2024-04-07 21:18:42 #9 type] 
Type domain.PaymentInfo is not enhanced.

[2024-04-07 21:18:42 #10 type.registry] 
New type domain.Driver

[2024-04-07 21:18:42 #11 type] 
Type domain.Driver is not enhanced.

[2024-04-07 21:18:42 #12 type.registry] 
New type java.util.ArrayList<java.lang.Object>

[2024-04-07 21:18:42 #13 type.registry] 
New type java.util.Vector<java.lang.Object>

[2024-04-07 21:18:42 #14 type.registry] 
New type java.util.ArrayList<domain.PaymentInfo>

[2024-04-07 21:18:42 #15 type.registry] 
New type java.util.Vector<domain.Ride>

------------------------------------------------------------------------------------------------------------------------

[2024-04-07 21:20:14 #1 store] 
Database 'C:\Users\pboad\git\repository\Rides24\src\main\resources\rides.temp' is opened by 36296@DESKTOP-RUEBSAP

[2024-04-07 21:20:15 #2 type.registry] 
New type domain.User

[2024-04-07 21:20:15 #3 type] 
Type domain.User is not enhanced.

[2024-04-07 21:20:15 #4 type.registry] 
New type domain.Traveler

[2024-04-07 21:20:15 #5 type] 
Type domain.Traveler is not enhanced.

[2024-04-07 21:20:15 #6 type.registry] 
New type domain.Ride

[2024-04-07 21:20:15 #7 type.registry] 
New type domain.PaymentInfo

[2024-04-07 21:20:15 #8 type] 
Type domain.Ride is not enhanced.

[2024-04-07 21:20:15 #9 type] 
Type domain.PaymentInfo is not enhanced.

[2024-04-07 21:20:15 #10 type.registry] 
New type domain.Driver

[2024-04-07 21:20:15 #11 type] 
Type domain.Driver is not enhanced.

[2024-04-07 21:20:15 #12 type.registry] 
New type java.util.ArrayList<java.lang.Object>

[2024-04-07 21:20:15 #13 type.registry] 
New type java.util.Vector<java.lang.Object>

[2024-04-07 21:20:15 #14 type.registry] 
New type java.util.ArrayList<domain.PaymentInfo>

[2024-04-07 21:20:15 #15 type.registry] 
New type java.util.Vector<domain.Ride>

------------------------------------------------------------------------------------------------------------------------

[2024-04-07 21:21:11 #1 store] 
Database 'C:\Users\pboad\git\repository\Rides24\src\main\resources\rides.temp' is opened by 38164@DESKTOP-RUEBSAP

[2024-04-07 21:21:11 #2 type.registry] 
New type domain.User

[2024-04-07 21:21:11 #3 type] 
Type domain.User is not enhanced.

[2024-04-07 21:21:11 #4 type.registry] 
New type domain.Traveler

[2024-04-07 21:21:11 #5 type] 
Type domain.Traveler is not enhanced.

[2024-04-07 21:21:11 #6 type.registry] 
New type domain.Ride

[2024-04-07 21:21:11 #7 type.registry] 
New type domain.PaymentInfo

[2024-04-07 21:21:11 #8 type] 
Type domain.Ride is not enhanced.

[2024-04-07 21:21:11 #9 type] 
Type domain.PaymentInfo is not enhanced.

[2024-04-07 21:21:11 #10 type.registry] 
New type domain.Driver

[2024-04-07 21:21:11 #11 type] 
Type domain.Driver is not enhanced.

[2024-04-07 21:21:11 #12 type.registry] 
New type java.util.ArrayList<java.lang.Object>

[2024-04-07 21:21:11 #13 type.registry] 
New type java.util.Vector<java.lang.Object>

[2024-04-07 21:21:11 #14 type.registry] 
New type java.util.ArrayList<domain.PaymentInfo>

[2024-04-07 21:21:11 #15 type.registry] 
New type java.util.Vector<domain.Ride>

------------------------------------------------------------------------------------------------------------------------

[2024-04-07 21:28:19 #1 store] 
Database 'C:\Users\pboad\git\repository\Rides24\src\main\resources\rides.temp' is opened by 4100@DESKTOP-RUEBSAP

[2024-04-07 21:28:19 #2 type.registry] 
New type domain.User

[2024-04-07 21:28:19 #3 type] 
Type domain.User is not enhanced.

[2024-04-07 21:28:19 #4 type.registry] 
New type domain.Traveler

[2024-04-07 21:28:19 #5 type] 
Type domain.Traveler is not enhanced.

[2024-04-07 21:28:19 #6 type.registry] 
New type domain.Ride

[2024-04-07 21:28:19 #7 type.registry] 
New type domain.PaymentInfo

[2024-04-07 21:28:19 #8 type] 
Type domain.Ride is not enhanced.

[2024-04-07 21:28:19 #9 type] 
Type domain.PaymentInfo is not enhanced.

[2024-04-07 21:28:19 #10 type.registry] 
New type domain.Driver

[2024-04-07 21:28:19 #11 type] 
Type domain.Driver is not enhanced.

[2024-04-07 21:28:19 #12 type.registry] 
New type java.util.ArrayList<java.lang.Object>

[2024-04-07 21:28:19 #13 type.registry] 
New type java.util.Vector<java.lang.Object>

[2024-04-07 21:28:19 #14 type.registry] 
New type java.util.ArrayList<domain.PaymentInfo>

[2024-04-07 21:28:19 #15 type.registry] 
New type java.util.Vector<domain.Ride>

