------------------------------------------------------------------------------------------------------------------------

[2024-03-04 15:54:26 #1 store] 
Database 'C:\Users\pboad\eclipse-workspace\Rides24\src\main\resources\rides.temp' is opened by 64400@DESKTOP-RUEBSAP

[2024-03-04 15:54:26 #2 type.registry] 
New type domain.User

[2024-03-04 15:54:26 #3 type] 
Type domain.User is not enhanced.

[2024-03-04 15:54:26 #4 type.registry] 
New type domain.Driver

[2024-03-04 15:54:26 #5 type] 
Type domain.Driver is not enhanced.

[2024-03-04 15:54:26 #6 type.registry] 
New type domain.Ride

[2024-03-04 15:54:26 #7 type.registry] 
New type domain.BookedRide

[2024-03-04 15:54:26 #8 type] 
Type domain.Ride is not enhanced.

[2024-03-04 15:54:26 #9 type] 
Type domain.BookedRide is not enhanced.

[2024-03-04 15:54:26 #10 type.registry] 
New type domain.Traveler

[2024-03-04 15:54:26 #11 type] 
Type domain.Traveler is not enhanced.

[2024-03-04 15:54:26 #12 type.registry] 
New type java.util.Vector<java.lang.Object>

[2024-03-04 15:54:26 #13 type.registry] 
New type java.util.Vector<domain.BookedRide>

[2024-03-04 15:54:26 #14 type.registry] 
New type java.util.Vector<domain.Ride>

------------------------------------------------------------------------------------------------------------------------

[2024-03-04 15:55:38 #1 store] 
Database 'C:\Users\pboad\eclipse-workspace\Rides24\src\main\resources\rides.temp' is opened by 87156@DESKTOP-RUEBSAP

[2024-03-04 15:55:38 #2 type.registry] 
New type domain.User

[2024-03-04 15:55:38 #3 type] 
Type domain.User is not enhanced.

[2024-03-04 15:55:38 #4 type.registry] 
New type domain.Driver

[2024-03-04 15:55:38 #5 type] 
Type domain.Driver is not enhanced.

[2024-03-04 15:55:38 #6 type.registry] 
New type domain.Ride

[2024-03-04 15:55:38 #7 type.registry] 
New type domain.BookedRide

[2024-03-04 15:55:38 #8 type] 
Type domain.Ride is not enhanced.

[2024-03-04 15:55:38 #9 type] 
Type domain.BookedRide is not enhanced.

[2024-03-04 15:55:38 #10 type.registry] 
New type domain.Traveler

[2024-03-04 15:55:38 #11 type] 
Type domain.Traveler is not enhanced.

[2024-03-04 15:55:38 #12 type.registry] 
New type java.util.Vector<java.lang.Object>

[2024-03-04 15:55:38 #13 type.registry] 
New type java.util.Vector<domain.BookedRide>

[2024-03-04 15:55:38 #14 type.registry] 
New type java.util.Vector<domain.Ride>

------------------------------------------------------------------------------------------------------------------------

[2024-03-04 15:57:43 #1 store] 
Database 'C:\Users\pboad\eclipse-workspace\Rides24\src\main\resources\rides.temp' is opened by 15932@DESKTOP-RUEBSAP

[2024-03-04 15:57:43 #2 type.registry] 
New type domain.User

[2024-03-04 15:57:43 #3 type] 
Type domain.User is not enhanced.

[2024-03-04 15:57:43 #4 type.registry] 
New type domain.Driver

[2024-03-04 15:57:43 #5 type] 
Type domain.Driver is not enhanced.

[2024-03-04 15:57:43 #6 type.registry] 
New type domain.Ride

[2024-03-04 15:57:43 #7 type.registry] 
New type domain.BookedRide

[2024-03-04 15:57:43 #8 type] 
Type domain.Ride is not enhanced.

[2024-03-04 15:57:43 #9 type] 
Type domain.BookedRide is not enhanced.

[2024-03-04 15:57:43 #10 type.registry] 
New type domain.Traveler

[2024-03-04 15:57:43 #11 type] 
Type domain.Traveler is not enhanced.

[2024-03-04 15:57:43 #12 type.registry] 
New type java.util.Vector<java.lang.Object>

[2024-03-04 15:57:43 #13 type.registry] 
New type java.util.Vector<domain.BookedRide>

[2024-03-04 15:57:43 #14 type.registry] 
New type java.util.Vector<domain.Ride>

------------------------------------------------------------------------------------------------------------------------

[2024-03-04 15:59:22 #1 store] 
Database 'C:\Users\pboad\eclipse-workspace\Rides24\src\main\resources\rides.temp' is opened by 72332@DESKTOP-RUEBSAP

[2024-03-04 15:59:22 #2 type.registry] 
New type domain.User

[2024-03-04 15:59:22 #3 type] 
Type domain.User is not enhanced.

[2024-03-04 15:59:22 #4 type.registry] 
New type domain.Driver

[2024-03-04 15:59:22 #5 type] 
Type domain.Driver is not enhanced.

[2024-03-04 15:59:22 #6 type.registry] 
New type domain.Ride

[2024-03-04 15:59:22 #7 type.registry] 
New type domain.BookedRide

[2024-03-04 15:59:22 #8 type] 
Type domain.Ride is not enhanced.

[2024-03-04 15:59:22 #9 type] 
Type domain.BookedRide is not enhanced.

[2024-03-04 15:59:22 #10 type.registry] 
New type domain.Traveler

[2024-03-04 15:59:22 #11 type] 
Type domain.Traveler is not enhanced.

[2024-03-04 15:59:22 #12 type.registry] 
New type java.util.Vector<java.lang.Object>

[2024-03-04 15:59:22 #13 type.registry] 
New type java.util.Vector<domain.BookedRide>

[2024-03-04 15:59:22 #14 type.registry] 
New type java.util.Vector<domain.Ride>

------------------------------------------------------------------------------------------------------------------------

[2024-03-04 16:12:38 #1 store] 
Database 'C:\Users\pboad\eclipse-workspace\Rides24\src\main\resources\rides.temp' is opened by 68072@DESKTOP-RUEBSAP

[2024-03-04 16:12:38 #2 type.registry] 
New type domain.User

[2024-03-04 16:12:38 #3 type] 
Type domain.User is not enhanced.

[2024-03-04 16:12:38 #4 type.registry] 
New type domain.Driver

[2024-03-04 16:12:38 #5 type] 
Type domain.Driver is not enhanced.

[2024-03-04 16:12:38 #6 type.registry] 
New type domain.Ride

[2024-03-04 16:12:38 #7 type.registry] 
New type domain.BookedRide

[2024-03-04 16:12:38 #8 type] 
Type domain.Ride is not enhanced.

[2024-03-04 16:12:38 #9 type] 
Type domain.BookedRide is not enhanced.

[2024-03-04 16:12:38 #10 type.registry] 
New type domain.Traveler

[2024-03-04 16:12:38 #11 type] 
Type domain.Traveler is not enhanced.

[2024-03-04 16:12:38 #12 type.registry] 
New type java.util.Vector<java.lang.Object>

[2024-03-04 16:12:38 #13 type.registry] 
New type java.util.Vector<domain.BookedRide>

[2024-03-04 16:12:38 #14 type.registry] 
New type java.util.Vector<domain.Ride>

------------------------------------------------------------------------------------------------------------------------

[2024-03-04 16:28:10 #1 store] 
Database 'C:\Users\pboad\eclipse-workspace\Rides24\src\main\resources\rides.temp' is opened by 55620@DESKTOP-RUEBSAP

[2024-03-04 16:28:10 #2 type.registry] 
New type domain.User

[2024-03-04 16:28:10 #3 type] 
Type domain.User is not enhanced.

[2024-03-04 16:28:10 #4 type.registry] 
New type domain.Driver

[2024-03-04 16:28:10 #5 type] 
Type domain.Driver is not enhanced.

[2024-03-04 16:28:10 #6 type.registry] 
New type domain.Ride

[2024-03-04 16:28:10 #7 type.registry] 
New type domain.BookedRide

[2024-03-04 16:28:10 #8 type] 
Type domain.Ride is not enhanced.

[2024-03-04 16:28:10 #9 type] 
Type domain.BookedRide is not enhanced.

[2024-03-04 16:28:10 #10 type.registry] 
New type domain.Traveler

[2024-03-04 16:28:10 #11 type] 
Type domain.Traveler is not enhanced.

[2024-03-04 16:28:10 #12 type.registry] 
New type java.util.Vector<java.lang.Object>

[2024-03-04 16:28:10 #13 type.registry] 
New type java.util.Vector<domain.BookedRide>

[2024-03-04 16:28:10 #14 type.registry] 
New type java.util.Vector<domain.Ride>

------------------------------------------------------------------------------------------------------------------------

[2024-03-04 16:34:00 #1 store] 
Database 'C:\Users\pboad\eclipse-workspace\Rides24\src\main\resources\rides.temp' is opened by 82872@DESKTOP-RUEBSAP

[2024-03-04 16:34:00 #2 type.registry] 
New type domain.User

[2024-03-04 16:34:00 #3 type] 
Type domain.User is not enhanced.

[2024-03-04 16:34:00 #4 type.registry] 
New type domain.Driver

[2024-03-04 16:34:00 #5 type] 
Type domain.Driver is not enhanced.

[2024-03-04 16:34:00 #6 type.registry] 
New type domain.Ride

[2024-03-04 16:34:00 #7 type.registry] 
New type domain.BookedRide

[2024-03-04 16:34:00 #8 type] 
Type domain.Ride is not enhanced.

[2024-03-04 16:34:00 #9 type] 
Type domain.BookedRide is not enhanced.

[2024-03-04 16:34:00 #10 type.registry] 
New type domain.Traveler

[2024-03-04 16:34:00 #11 type] 
Type domain.Traveler is not enhanced.

[2024-03-04 16:34:00 #12 type.registry] 
New type java.util.Vector<java.lang.Object>

[2024-03-04 16:34:00 #13 type.registry] 
New type java.util.Vector<domain.BookedRide>

[2024-03-04 16:34:00 #14 type.registry] 
New type java.util.Vector<domain.Ride>

------------------------------------------------------------------------------------------------------------------------

[2024-03-04 16:36:11 #1 store] 
Database 'C:\Users\pboad\eclipse-workspace\Rides24\src\main\resources\rides.temp' is opened by 43224@DESKTOP-RUEBSAP

[2024-03-04 16:36:12 #2 type.registry] 
New type domain.User

[2024-03-04 16:36:12 #3 type] 
Type domain.User is not enhanced.

[2024-03-04 16:36:12 #4 type.registry] 
New type domain.Driver

[2024-03-04 16:36:12 #5 type] 
Type domain.Driver is not enhanced.

[2024-03-04 16:36:12 #6 type.registry] 
New type domain.Ride

[2024-03-04 16:36:12 #7 type.registry] 
New type domain.BookedRide

[2024-03-04 16:36:12 #8 type] 
Type domain.Ride is not enhanced.

[2024-03-04 16:36:12 #9 type] 
Type domain.BookedRide is not enhanced.

[2024-03-04 16:36:12 #10 type.registry] 
New type domain.Traveler

[2024-03-04 16:36:12 #11 type] 
Type domain.Traveler is not enhanced.

[2024-03-04 16:36:12 #12 type.registry] 
New type java.util.Vector<java.lang.Object>

[2024-03-04 16:36:12 #13 type.registry] 
New type java.util.Vector<domain.BookedRide>

[2024-03-04 16:36:12 #14 type.registry] 
New type java.util.Vector<domain.Ride>

------------------------------------------------------------------------------------------------------------------------

[2024-03-04 16:38:03 #1 store] 
Database 'C:\Users\pboad\eclipse-workspace\Rides24\src\main\resources\rides.temp' is opened by 75296@DESKTOP-RUEBSAP

[2024-03-04 16:38:03 #2 type.registry] 
New type domain.User

[2024-03-04 16:38:03 #3 type] 
Type domain.User is not enhanced.

[2024-03-04 16:38:03 #4 type.registry] 
New type domain.Driver

[2024-03-04 16:38:03 #5 type] 
Type domain.Driver is not enhanced.

[2024-03-04 16:38:03 #6 type.registry] 
New type domain.Ride

[2024-03-04 16:38:03 #7 type.registry] 
New type domain.BookedRide

[2024-03-04 16:38:03 #8 type] 
Type domain.Ride is not enhanced.

[2024-03-04 16:38:03 #9 type] 
Type domain.BookedRide is not enhanced.

[2024-03-04 16:38:03 #10 type.registry] 
New type domain.Traveler

[2024-03-04 16:38:03 #11 type] 
Type domain.Traveler is not enhanced.

[2024-03-04 16:38:03 #12 type.registry] 
New type java.util.Vector<java.lang.Object>

[2024-03-04 16:38:03 #13 type.registry] 
New type java.util.Vector<domain.BookedRide>

[2024-03-04 16:38:03 #14 type.registry] 
New type java.util.Vector<domain.Ride>

------------------------------------------------------------------------------------------------------------------------

[2024-03-04 17:05:42 #1 store] 
Database 'C:\Users\pboad\eclipse-workspace\Rides24\src\main\resources\rides.temp' is opened by 83288@DESKTOP-RUEBSAP

[2024-03-04 17:05:42 #2 type.registry] 
New type domain.User

[2024-03-04 17:05:42 #3 type] 
Type domain.User is not enhanced.

[2024-03-04 17:05:42 #4 type.registry] 
New type domain.Driver

[2024-03-04 17:05:42 #5 type] 
Type domain.Driver is not enhanced.

[2024-03-04 17:05:42 #6 type.registry] 
New type domain.Ride

[2024-03-04 17:05:42 #7 type.registry] 
New type domain.BookedRide

[2024-03-04 17:05:42 #8 type] 
Type domain.Ride is not enhanced.

[2024-03-04 17:05:42 #9 type] 
Type domain.BookedRide is not enhanced.

[2024-03-04 17:05:42 #10 type.registry] 
New type domain.Traveler

[2024-03-04 17:05:42 #11 type] 
Type domain.Traveler is not enhanced.

[2024-03-04 17:05:42 #12 type.registry] 
New type java.util.Vector<java.lang.Object>

[2024-03-04 17:05:42 #13 type.registry] 
New type java.util.Vector<domain.BookedRide>

[2024-03-04 17:05:42 #14 type.registry] 
New type java.util.Vector<domain.Ride>

------------------------------------------------------------------------------------------------------------------------

[2024-03-04 17:06:03 #1 store] 
Database 'C:\Users\pboad\eclipse-workspace\Rides24\src\main\resources\rides.temp' is opened by 76620@DESKTOP-RUEBSAP

[2024-03-04 17:06:03 #2 type.registry] 
New type domain.User

[2024-03-04 17:06:03 #3 type] 
Type domain.User is not enhanced.

[2024-03-04 17:06:03 #4 type.registry] 
New type domain.Driver

[2024-03-04 17:06:03 #5 type] 
Type domain.Driver is not enhanced.

[2024-03-04 17:06:03 #6 type.registry] 
New type domain.Ride

[2024-03-04 17:06:03 #7 type.registry] 
New type domain.BookedRide

[2024-03-04 17:06:03 #8 type] 
Type domain.Ride is not enhanced.

[2024-03-04 17:06:03 #9 type] 
Type domain.BookedRide is not enhanced.

[2024-03-04 17:06:03 #10 type.registry] 
New type domain.Traveler

[2024-03-04 17:06:03 #11 type] 
Type domain.Traveler is not enhanced.

[2024-03-04 17:06:03 #12 type.registry] 
New type java.util.Vector<java.lang.Object>

[2024-03-04 17:06:03 #13 type.registry] 
New type java.util.Vector<domain.BookedRide>

[2024-03-04 17:06:03 #14 type.registry] 
New type java.util.Vector<domain.Ride>

------------------------------------------------------------------------------------------------------------------------

[2024-03-04 17:08:37 #1 store] 
Database 'C:\Users\pboad\eclipse-workspace\Rides24\src\main\resources\rides.temp' is opened by 68656@DESKTOP-RUEBSAP

[2024-03-04 17:08:37 #2 type.registry] 
New type domain.User

[2024-03-04 17:08:37 #3 type] 
Type domain.User is not enhanced.

[2024-03-04 17:08:37 #4 type.registry] 
New type domain.Driver

[2024-03-04 17:08:37 #5 type] 
Type domain.Driver is not enhanced.

[2024-03-04 17:08:37 #6 type.registry] 
New type domain.Ride

[2024-03-04 17:08:37 #7 type.registry] 
New type domain.BookedRide

[2024-03-04 17:08:37 #8 type] 
Type domain.Ride is not enhanced.

[2024-03-04 17:08:37 #9 type] 
Type domain.BookedRide is not enhanced.

[2024-03-04 17:08:37 #10 type.registry] 
New type domain.Traveler

[2024-03-04 17:08:37 #11 type] 
Type domain.Traveler is not enhanced.

[2024-03-04 17:08:37 #12 type.registry] 
New type java.util.Vector<java.lang.Object>

[2024-03-04 17:08:37 #13 type.registry] 
New type java.util.Vector<domain.BookedRide>

[2024-03-04 17:08:37 #14 type.registry] 
New type java.util.Vector<domain.Ride>

------------------------------------------------------------------------------------------------------------------------

[2024-03-04 17:11:25 #1 store] 
Database 'C:\Users\pboad\eclipse-workspace\Rides24\src\main\resources\rides.temp' is opened by 49792@DESKTOP-RUEBSAP

[2024-03-04 17:11:25 #2 type.registry] 
New type domain.User

[2024-03-04 17:11:25 #3 type] 
Type domain.User is not enhanced.

[2024-03-04 17:11:25 #4 type.registry] 
New type domain.Driver

[2024-03-04 17:11:25 #5 type] 
Type domain.Driver is not enhanced.

[2024-03-04 17:11:25 #6 type.registry] 
New type domain.Ride

[2024-03-04 17:11:25 #7 type.registry] 
New type domain.BookedRide

[2024-03-04 17:11:25 #8 type] 
Type domain.Ride is not enhanced.

[2024-03-04 17:11:25 #9 type] 
Type domain.BookedRide is not enhanced.

[2024-03-04 17:11:25 #10 type.registry] 
New type domain.Traveler

[2024-03-04 17:11:25 #11 type] 
Type domain.Traveler is not enhanced.

[2024-03-04 17:11:25 #12 type.registry] 
New type java.util.Vector<java.lang.Object>

[2024-03-04 17:11:25 #13 type.registry] 
New type java.util.Vector<domain.BookedRide>

[2024-03-04 17:11:25 #14 type.registry] 
New type java.util.Vector<domain.Ride>

------------------------------------------------------------------------------------------------------------------------

[2024-03-04 17:12:04 #1 store] 
Database 'C:\Users\pboad\eclipse-workspace\Rides24\src\main\resources\rides.temp' is opened by 56708@DESKTOP-RUEBSAP

[2024-03-04 17:12:04 #2 type.registry] 
New type domain.User

[2024-03-04 17:12:04 #3 type] 
Type domain.User is not enhanced.

[2024-03-04 17:12:04 #4 type.registry] 
New type domain.Driver

[2024-03-04 17:12:04 #5 type] 
Type domain.Driver is not enhanced.

[2024-03-04 17:12:04 #6 type.registry] 
New type domain.Ride

[2024-03-04 17:12:04 #7 type.registry] 
New type domain.BookedRide

[2024-03-04 17:12:04 #8 type] 
Type domain.Ride is not enhanced.

[2024-03-04 17:12:04 #9 type] 
Type domain.BookedRide is not enhanced.

[2024-03-04 17:12:04 #10 type.registry] 
New type domain.Traveler

[2024-03-04 17:12:04 #11 type] 
Type domain.Traveler is not enhanced.

[2024-03-04 17:12:04 #12 type.registry] 
New type java.util.Vector<java.lang.Object>

[2024-03-04 17:12:04 #13 type.registry] 
New type java.util.Vector<domain.BookedRide>

[2024-03-04 17:12:04 #14 type.registry] 
New type java.util.Vector<domain.Ride>

------------------------------------------------------------------------------------------------------------------------

[2024-03-04 17:13:20 #1 store] 
Database 'C:\Users\pboad\eclipse-workspace\Rides24\src\main\resources\rides.temp' is opened by 42096@DESKTOP-RUEBSAP

[2024-03-04 17:13:20 #2 type.registry] 
New type domain.User

[2024-03-04 17:13:20 #3 type] 
Type domain.User is not enhanced.

[2024-03-04 17:13:20 #4 type.registry] 
New type domain.Driver

[2024-03-04 17:13:20 #5 type] 
Type domain.Driver is not enhanced.

[2024-03-04 17:13:20 #6 type.registry] 
New type domain.Ride

[2024-03-04 17:13:20 #7 type.registry] 
New type domain.BookedRide

[2024-03-04 17:13:20 #8 type] 
Type domain.Ride is not enhanced.

[2024-03-04 17:13:20 #9 type] 
Type domain.BookedRide is not enhanced.

[2024-03-04 17:13:20 #10 type.registry] 
New type domain.Traveler

[2024-03-04 17:13:20 #11 type] 
Type domain.Traveler is not enhanced.

[2024-03-04 17:13:20 #12 type.registry] 
New type java.util.Vector<java.lang.Object>

[2024-03-04 17:13:20 #13 type.registry] 
New type java.util.Vector<domain.BookedRide>

[2024-03-04 17:13:20 #14 type.registry] 
New type java.util.Vector<domain.Ride>

------------------------------------------------------------------------------------------------------------------------

[2024-03-04 17:14:11 #1 store] 
Database 'C:\Users\pboad\eclipse-workspace\Rides24\src\main\resources\rides.temp' is opened by 70568@DESKTOP-RUEBSAP

[2024-03-04 17:14:11 #2 type.registry] 
New type domain.User

[2024-03-04 17:14:11 #3 type] 
Type domain.User is not enhanced.

[2024-03-04 17:14:11 #4 type.registry] 
New type domain.Driver

[2024-03-04 17:14:11 #5 type] 
Type domain.Driver is not enhanced.

[2024-03-04 17:14:11 #6 type.registry] 
New type domain.Ride

[2024-03-04 17:14:11 #7 type.registry] 
New type domain.BookedRide

[2024-03-04 17:14:11 #8 type] 
Type domain.Ride is not enhanced.

[2024-03-04 17:14:11 #9 type] 
Type domain.BookedRide is not enhanced.

[2024-03-04 17:14:11 #10 type.registry] 
New type domain.Traveler

[2024-03-04 17:14:11 #11 type] 
Type domain.Traveler is not enhanced.

[2024-03-04 17:14:11 #12 type.registry] 
New type java.util.Vector<java.lang.Object>

[2024-03-04 17:14:11 #13 type.registry] 
New type java.util.Vector<domain.BookedRide>

[2024-03-04 17:14:11 #14 type.registry] 
New type java.util.Vector<domain.Ride>

------------------------------------------------------------------------------------------------------------------------

[2024-03-04 17:19:58 #1 store] 
Database 'C:\Users\pboad\eclipse-workspace\Rides24\src\main\resources\rides.temp' is opened by 8452@DESKTOP-RUEBSAP

[2024-03-04 17:19:58 #2 type.registry] 
New type domain.User

[2024-03-04 17:19:58 #3 type] 
Type domain.User is not enhanced.

[2024-03-04 17:19:58 #4 type.registry] 
New type domain.Driver

[2024-03-04 17:19:58 #5 type] 
Type domain.Driver is not enhanced.

[2024-03-04 17:19:58 #6 type.registry] 
New type domain.Ride

[2024-03-04 17:19:58 #7 type.registry] 
New type domain.BookedRide

[2024-03-04 17:19:58 #8 type] 
Type domain.Ride is not enhanced.

[2024-03-04 17:19:58 #9 type] 
Type domain.BookedRide is not enhanced.

[2024-03-04 17:19:58 #10 type.registry] 
New type domain.Traveler

[2024-03-04 17:19:58 #11 type] 
Type domain.Traveler is not enhanced.

[2024-03-04 17:19:58 #12 type.registry] 
New type java.util.Vector<java.lang.Object>

[2024-03-04 17:19:58 #13 type.registry] 
New type java.util.Vector<domain.BookedRide>

[2024-03-04 17:19:58 #14 type.registry] 
New type java.util.Vector<domain.Ride>

------------------------------------------------------------------------------------------------------------------------

[2024-03-04 17:22:28 #1 store] 
Database 'C:\Users\pboad\eclipse-workspace\Rides24\src\main\resources\rides.temp' is opened by 51548@DESKTOP-RUEBSAP

[2024-03-04 17:22:28 #2 type.registry] 
New type domain.User

[2024-03-04 17:22:28 #3 type] 
Type domain.User is not enhanced.

[2024-03-04 17:22:29 #4 type.registry] 
New type domain.Driver

[2024-03-04 17:22:29 #5 type] 
Type domain.Driver is not enhanced.

[2024-03-04 17:22:29 #6 type.registry] 
New type domain.Ride

[2024-03-04 17:22:29 #7 type.registry] 
New type domain.BookedRide

[2024-03-04 17:22:29 #8 type] 
Type domain.Ride is not enhanced.

[2024-03-04 17:22:29 #9 type] 
Type domain.BookedRide is not enhanced.

[2024-03-04 17:22:29 #10 type.registry] 
New type domain.Traveler

[2024-03-04 17:22:29 #11 type] 
Type domain.Traveler is not enhanced.

[2024-03-04 17:22:29 #12 type.registry] 
New type java.util.Vector<java.lang.Object>

[2024-03-04 17:22:29 #13 type.registry] 
New type java.util.Vector<domain.BookedRide>

[2024-03-04 17:22:29 #14 type.registry] 
New type java.util.Vector<domain.Ride>

------------------------------------------------------------------------------------------------------------------------

[2024-03-04 17:26:45 #1 store] 
Database 'C:\Users\pboad\eclipse-workspace\Rides24\src\main\resources\rides.temp' is opened by 64248@DESKTOP-RUEBSAP

[2024-03-04 17:26:45 #2 type.registry] 
New type domain.User

[2024-03-04 17:26:45 #3 type] 
Type domain.User is not enhanced.

[2024-03-04 17:26:45 #4 type.registry] 
New type domain.Driver

[2024-03-04 17:26:45 #5 type] 
Type domain.Driver is not enhanced.

[2024-03-04 17:26:45 #6 type.registry] 
New type domain.Ride

[2024-03-04 17:26:45 #7 type.registry] 
New type domain.BookedRide

[2024-03-04 17:26:45 #8 type] 
Type domain.Ride is not enhanced.

[2024-03-04 17:26:45 #9 type] 
Type domain.BookedRide is not enhanced.

[2024-03-04 17:26:45 #10 type.registry] 
New type domain.Traveler

[2024-03-04 17:26:45 #11 type] 
Type domain.Traveler is not enhanced.

[2024-03-04 17:26:45 #12 type.registry] 
New type java.util.Vector<java.lang.Object>

[2024-03-04 17:26:45 #13 type.registry] 
New type java.util.Vector<domain.BookedRide>

[2024-03-04 17:26:45 #14 type.registry] 
New type java.util.Vector<domain.Ride>

------------------------------------------------------------------------------------------------------------------------

[2024-03-04 17:27:19 #1 store] 
Database 'C:\Users\pboad\eclipse-workspace\Rides24\src\main\resources\rides.temp' is opened by 68828@DESKTOP-RUEBSAP

[2024-03-04 17:27:20 #2 type.registry] 
New type domain.User

[2024-03-04 17:27:20 #3 type] 
Type domain.User is not enhanced.

[2024-03-04 17:27:20 #4 type.registry] 
New type domain.Driver

[2024-03-04 17:27:20 #5 type] 
Type domain.Driver is not enhanced.

[2024-03-04 17:27:20 #6 type.registry] 
New type domain.Ride

[2024-03-04 17:27:20 #7 type.registry] 
New type domain.BookedRide

[2024-03-04 17:27:20 #8 type] 
Type domain.Ride is not enhanced.

[2024-03-04 17:27:20 #9 type] 
Type domain.BookedRide is not enhanced.

[2024-03-04 17:27:20 #10 type.registry] 
New type domain.Traveler

[2024-03-04 17:27:20 #11 type] 
Type domain.Traveler is not enhanced.

[2024-03-04 17:27:20 #12 type.registry] 
New type java.util.Vector<java.lang.Object>

[2024-03-04 17:27:20 #13 type.registry] 
New type java.util.Vector<domain.BookedRide>

[2024-03-04 17:27:20 #14 type.registry] 
New type java.util.Vector<domain.Ride>

------------------------------------------------------------------------------------------------------------------------

[2024-03-04 17:28:07 #1 store] 
Database 'C:\Users\pboad\eclipse-workspace\Rides24\src\main\resources\rides.temp' is opened by 77804@DESKTOP-RUEBSAP

[2024-03-04 17:28:07 #2 type.registry] 
New type domain.User

[2024-03-04 17:28:07 #3 type] 
Type domain.User is not enhanced.

[2024-03-04 17:28:07 #4 type.registry] 
New type domain.Driver

[2024-03-04 17:28:07 #5 type] 
Type domain.Driver is not enhanced.

[2024-03-04 17:28:07 #6 type.registry] 
New type domain.Ride

[2024-03-04 17:28:07 #7 type.registry] 
New type domain.BookedRide

[2024-03-04 17:28:07 #8 type] 
Type domain.Ride is not enhanced.

[2024-03-04 17:28:07 #9 type] 
Type domain.BookedRide is not enhanced.

[2024-03-04 17:28:07 #10 type.registry] 
New type domain.Traveler

[2024-03-04 17:28:07 #11 type] 
Type domain.Traveler is not enhanced.

[2024-03-04 17:28:07 #12 type.registry] 
New type java.util.Vector<java.lang.Object>

[2024-03-04 17:28:07 #13 type.registry] 
New type java.util.Vector<domain.BookedRide>

[2024-03-04 17:28:07 #14 type.registry] 
New type java.util.Vector<domain.Ride>

------------------------------------------------------------------------------------------------------------------------

[2024-03-04 17:30:15 #1 store] 
Database 'C:\Users\pboad\eclipse-workspace\Rides24\src\main\resources\rides.temp' is opened by 62200@DESKTOP-RUEBSAP

[2024-03-04 17:30:15 #2 type.registry] 
New type domain.User

[2024-03-04 17:30:15 #3 type] 
Type domain.User is not enhanced.

[2024-03-04 17:30:15 #4 type.registry] 
New type domain.Driver

[2024-03-04 17:30:15 #5 type] 
Type domain.Driver is not enhanced.

[2024-03-04 17:30:15 #6 type.registry] 
New type domain.Ride

[2024-03-04 17:30:15 #7 type.registry] 
New type domain.BookedRide

[2024-03-04 17:30:15 #8 type] 
Type domain.Ride is not enhanced.

[2024-03-04 17:30:15 #9 type] 
Type domain.BookedRide is not enhanced.

[2024-03-04 17:30:15 #10 type.registry] 
New type domain.Traveler

[2024-03-04 17:30:15 #11 type] 
Type domain.Traveler is not enhanced.

[2024-03-04 17:30:15 #12 type.registry] 
New type java.util.Vector<java.lang.Object>

[2024-03-04 17:30:15 #13 type.registry] 
New type java.util.Vector<domain.BookedRide>

[2024-03-04 17:30:15 #14 type.registry] 
New type java.util.Vector<domain.Ride>

------------------------------------------------------------------------------------------------------------------------

[2024-03-04 17:36:21 #1 store] 
Database 'C:\Users\pboad\eclipse-workspace\Rides24\src\main\resources\rides.temp' is opened by 75656@DESKTOP-RUEBSAP

[2024-03-04 17:36:21 #2 type.registry] 
New type domain.User

[2024-03-04 17:36:21 #3 type] 
Type domain.User is not enhanced.

[2024-03-04 17:36:21 #4 type.registry] 
New type domain.Driver

[2024-03-04 17:36:21 #5 type] 
Type domain.Driver is not enhanced.

[2024-03-04 17:36:21 #6 type.registry] 
New type domain.Ride

[2024-03-04 17:36:21 #7 type.registry] 
New type domain.BookedRide

[2024-03-04 17:36:21 #8 type] 
Type domain.Ride is not enhanced.

[2024-03-04 17:36:21 #9 type] 
Type domain.BookedRide is not enhanced.

[2024-03-04 17:36:21 #10 type.registry] 
New type domain.Traveler

[2024-03-04 17:36:21 #11 type] 
Type domain.Traveler is not enhanced.

[2024-03-04 17:36:21 #12 type.registry] 
New type java.util.Vector<java.lang.Object>

[2024-03-04 17:36:21 #13 type.registry] 
New type java.util.Vector<domain.BookedRide>

[2024-03-04 17:36:21 #14 type.registry] 
New type java.util.Vector<domain.Ride>

------------------------------------------------------------------------------------------------------------------------

[2024-03-04 17:43:42 #1 store] 
Database 'C:\Users\pboad\eclipse-workspace\Rides24\src\main\resources\rides.temp' is opened by 49844@DESKTOP-RUEBSAP

[2024-03-04 17:43:42 #2 type.registry] 
New type domain.User

[2024-03-04 17:43:42 #3 type] 
Type domain.User is not enhanced.

[2024-03-04 17:43:42 #4 type.registry] 
New type domain.Driver

[2024-03-04 17:43:42 #5 type] 
Type domain.Driver is not enhanced.

[2024-03-04 17:43:42 #6 type.registry] 
New type domain.Ride

[2024-03-04 17:43:42 #7 type.registry] 
New type domain.BookedRide

[2024-03-04 17:43:42 #8 type] 
Type domain.Ride is not enhanced.

[2024-03-04 17:43:42 #9 type] 
Type domain.BookedRide is not enhanced.

[2024-03-04 17:43:42 #10 type.registry] 
New type domain.Traveler

[2024-03-04 17:43:42 #11 type] 
Type domain.Traveler is not enhanced.

[2024-03-04 17:43:42 #12 type.registry] 
New type java.util.Vector<java.lang.Object>

[2024-03-04 17:43:42 #13 type.registry] 
New type java.util.Vector<domain.BookedRide>

[2024-03-04 17:43:42 #14 type.registry] 
New type java.util.Vector<domain.Ride>

------------------------------------------------------------------------------------------------------------------------

[2024-03-04 17:44:19 #1 store] 
Database 'C:\Users\pboad\eclipse-workspace\Rides24\src\main\resources\rides.temp' is opened by 80268@DESKTOP-RUEBSAP

[2024-03-04 17:44:19 #2 type.registry] 
New type domain.User

[2024-03-04 17:44:19 #3 type] 
Type domain.User is not enhanced.

[2024-03-04 17:44:19 #4 type.registry] 
New type domain.Driver

[2024-03-04 17:44:19 #5 type] 
Type domain.Driver is not enhanced.

[2024-03-04 17:44:19 #6 type.registry] 
New type domain.Ride

[2024-03-04 17:44:19 #7 type.registry] 
New type domain.BookedRide

[2024-03-04 17:44:19 #8 type] 
Type domain.Ride is not enhanced.

[2024-03-04 17:44:19 #9 type] 
Type domain.BookedRide is not enhanced.

[2024-03-04 17:44:19 #10 type.registry] 
New type domain.Traveler

[2024-03-04 17:44:19 #11 type] 
Type domain.Traveler is not enhanced.

[2024-03-04 17:44:19 #12 type.registry] 
New type java.util.Vector<java.lang.Object>

[2024-03-04 17:44:19 #13 type.registry] 
New type java.util.Vector<domain.BookedRide>

[2024-03-04 17:44:19 #14 type.registry] 
New type java.util.Vector<domain.Ride>

------------------------------------------------------------------------------------------------------------------------

[2024-03-04 17:44:50 #1 store] 
Database 'C:\Users\pboad\eclipse-workspace\Rides24\src\main\resources\rides.temp' is opened by 84688@DESKTOP-RUEBSAP

[2024-03-04 17:44:50 #2 type.registry] 
New type domain.User

[2024-03-04 17:44:50 #3 type] 
Type domain.User is not enhanced.

[2024-03-04 17:44:50 #4 type.registry] 
New type domain.Driver

[2024-03-04 17:44:50 #5 type] 
Type domain.Driver is not enhanced.

[2024-03-04 17:44:50 #6 type.registry] 
New type domain.Ride

[2024-03-04 17:44:50 #7 type.registry] 
New type domain.BookedRide

[2024-03-04 17:44:50 #8 type] 
Type domain.Ride is not enhanced.

[2024-03-04 17:44:50 #9 type] 
Type domain.BookedRide is not enhanced.

[2024-03-04 17:44:50 #10 type.registry] 
New type domain.Traveler

[2024-03-04 17:44:50 #11 type] 
Type domain.Traveler is not enhanced.

[2024-03-04 17:44:50 #12 type.registry] 
New type java.util.Vector<java.lang.Object>

[2024-03-04 17:44:50 #13 type.registry] 
New type java.util.Vector<domain.BookedRide>

[2024-03-04 17:44:50 #14 type.registry] 
New type java.util.Vector<domain.Ride>

------------------------------------------------------------------------------------------------------------------------

[2024-03-04 17:46:57 #1 store] 
Database 'C:\Users\pboad\eclipse-workspace\Rides24\src\main\resources\rides.temp' is opened by 64692@DESKTOP-RUEBSAP

[2024-03-04 17:46:57 #2 type.registry] 
New type domain.User

[2024-03-04 17:46:57 #3 type] 
Type domain.User is not enhanced.

[2024-03-04 17:46:57 #4 type.registry] 
New type domain.Driver

[2024-03-04 17:46:57 #5 type] 
Type domain.Driver is not enhanced.

[2024-03-04 17:46:57 #6 type.registry] 
New type domain.Ride

[2024-03-04 17:46:57 #7 type.registry] 
New type domain.BookedRide

[2024-03-04 17:46:57 #8 type] 
Type domain.Ride is not enhanced.

[2024-03-04 17:46:57 #9 type] 
Type domain.BookedRide is not enhanced.

[2024-03-04 17:46:57 #10 type.registry] 
New type domain.Traveler

[2024-03-04 17:46:57 #11 type] 
Type domain.Traveler is not enhanced.

[2024-03-04 17:46:57 #12 type.registry] 
New type java.util.Vector<java.lang.Object>

[2024-03-04 17:46:57 #13 type.registry] 
New type java.util.Vector<domain.BookedRide>

[2024-03-04 17:46:57 #14 type.registry] 
New type java.util.Vector<domain.Ride>

------------------------------------------------------------------------------------------------------------------------

[2024-03-04 17:47:12 #1 store] 
Database 'C:\Users\pboad\eclipse-workspace\Rides24\src\main\resources\rides.temp' is opened by 53564@DESKTOP-RUEBSAP

[2024-03-04 17:47:12 #2 type.registry] 
New type domain.User

[2024-03-04 17:47:12 #3 type] 
Type domain.User is not enhanced.

[2024-03-04 17:47:12 #4 type.registry] 
New type domain.Driver

[2024-03-04 17:47:12 #5 type] 
Type domain.Driver is not enhanced.

[2024-03-04 17:47:12 #6 type.registry] 
New type domain.Ride

[2024-03-04 17:47:12 #7 type.registry] 
New type domain.BookedRide

[2024-03-04 17:47:12 #8 type] 
Type domain.Ride is not enhanced.

[2024-03-04 17:47:12 #9 type] 
Type domain.BookedRide is not enhanced.

[2024-03-04 17:47:12 #10 type.registry] 
New type domain.Traveler

[2024-03-04 17:47:12 #11 type] 
Type domain.Traveler is not enhanced.

[2024-03-04 17:47:12 #12 type.registry] 
New type java.util.Vector<java.lang.Object>

[2024-03-04 17:47:12 #13 type.registry] 
New type java.util.Vector<domain.BookedRide>

[2024-03-04 17:47:12 #14 type.registry] 
New type java.util.Vector<domain.Ride>

------------------------------------------------------------------------------------------------------------------------

[2024-03-04 17:48:04 #1 store] 
Database 'C:\Users\pboad\eclipse-workspace\Rides24\src\main\resources\rides.temp' is opened by 83672@DESKTOP-RUEBSAP

[2024-03-04 17:48:04 #2 type.registry] 
New type domain.User

[2024-03-04 17:48:04 #3 type] 
Type domain.User is not enhanced.

[2024-03-04 17:48:04 #4 type.registry] 
New type domain.Driver

[2024-03-04 17:48:04 #5 type] 
Type domain.Driver is not enhanced.

[2024-03-04 17:48:04 #6 type.registry] 
New type domain.Ride

[2024-03-04 17:48:04 #7 type.registry] 
New type domain.BookedRide

[2024-03-04 17:48:04 #8 type] 
Type domain.Ride is not enhanced.

[2024-03-04 17:48:04 #9 type] 
Type domain.BookedRide is not enhanced.

[2024-03-04 17:48:04 #10 type.registry] 
New type domain.Traveler

[2024-03-04 17:48:04 #11 type] 
Type domain.Traveler is not enhanced.

[2024-03-04 17:48:04 #12 type.registry] 
New type java.util.Vector<java.lang.Object>

[2024-03-04 17:48:04 #13 type.registry] 
New type java.util.Vector<domain.BookedRide>

[2024-03-04 17:48:04 #14 type.registry] 
New type java.util.Vector<domain.Ride>

------------------------------------------------------------------------------------------------------------------------

[2024-03-04 17:48:57 #1 store] 
Database 'C:\Users\pboad\eclipse-workspace\Rides24\src\main\resources\rides.temp' is opened by 88776@DESKTOP-RUEBSAP

[2024-03-04 17:48:57 #2 type.registry] 
New type domain.User

[2024-03-04 17:48:57 #3 type] 
Type domain.User is not enhanced.

[2024-03-04 17:48:57 #4 type.registry] 
New type domain.Driver

[2024-03-04 17:48:57 #5 type] 
Type domain.Driver is not enhanced.

[2024-03-04 17:48:57 #6 type.registry] 
New type domain.Ride

[2024-03-04 17:48:57 #7 type.registry] 
New type domain.BookedRide

[2024-03-04 17:48:57 #8 type] 
Type domain.Ride is not enhanced.

[2024-03-04 17:48:57 #9 type] 
Type domain.BookedRide is not enhanced.

[2024-03-04 17:48:57 #10 type.registry] 
New type domain.Traveler

[2024-03-04 17:48:57 #11 type] 
Type domain.Traveler is not enhanced.

[2024-03-04 17:48:57 #12 type.registry] 
New type java.util.Vector<java.lang.Object>

[2024-03-04 17:48:57 #13 type.registry] 
New type java.util.Vector<domain.BookedRide>

[2024-03-04 17:48:57 #14 type.registry] 
New type java.util.Vector<domain.Ride>

------------------------------------------------------------------------------------------------------------------------

[2024-03-04 17:51:15 #1 store] 
Database 'C:\Users\pboad\eclipse-workspace\Rides24\src\main\resources\rides.temp' is opened by 37688@DESKTOP-RUEBSAP

[2024-03-04 17:51:15 #2 type.registry] 
New type domain.User

[2024-03-04 17:51:15 #3 type] 
Type domain.User is not enhanced.

[2024-03-04 17:51:15 #4 type.registry] 
New type domain.Driver

[2024-03-04 17:51:15 #5 type] 
Type domain.Driver is not enhanced.

[2024-03-04 17:51:15 #6 type.registry] 
New type domain.Ride

[2024-03-04 17:51:15 #7 type.registry] 
New type domain.BookedRide

[2024-03-04 17:51:15 #8 type] 
Type domain.Ride is not enhanced.

[2024-03-04 17:51:15 #9 type] 
Type domain.BookedRide is not enhanced.

[2024-03-04 17:51:15 #10 type.registry] 
New type domain.Traveler

[2024-03-04 17:51:15 #11 type] 
Type domain.Traveler is not enhanced.

[2024-03-04 17:51:15 #12 type.registry] 
New type java.util.Vector<java.lang.Object>

[2024-03-04 17:51:15 #13 type.registry] 
New type java.util.Vector<domain.BookedRide>

[2024-03-04 17:51:15 #14 type.registry] 
New type java.util.Vector<domain.Ride>

------------------------------------------------------------------------------------------------------------------------

[2024-03-04 20:53:48 #1 store] 
Database 'C:\Users\pboad\eclipse-workspace\Rides24\src\main\resources\rides.temp' is opened by 89396@DESKTOP-RUEBSAP

[2024-03-04 20:53:48 #2 type.registry] 
New type domain.User

[2024-03-04 20:53:48 #3 type] 
Type domain.User is not enhanced.

[2024-03-04 20:53:48 #4 type.registry] 
New type domain.Driver

[2024-03-04 20:53:48 #5 type] 
Type domain.Driver is not enhanced.

[2024-03-04 20:53:48 #6 type.registry] 
New type domain.Ride

[2024-03-04 20:53:48 #7 type.registry] 
New type domain.BookedRide

[2024-03-04 20:53:48 #8 type] 
Type domain.Ride is not enhanced.

[2024-03-04 20:53:48 #9 type] 
Type domain.BookedRide is not enhanced.

[2024-03-04 20:53:48 #10 type.registry] 
New type domain.Traveler

[2024-03-04 20:53:48 #11 type] 
Type domain.Traveler is not enhanced.

[2024-03-04 20:53:48 #12 type.registry] 
New type java.util.Vector<java.lang.Object>

[2024-03-04 20:53:48 #13 type.registry] 
New type java.util.Vector<domain.BookedRide>

[2024-03-04 20:53:48 #14 type.registry] 
New type java.util.Vector<domain.Ride>

------------------------------------------------------------------------------------------------------------------------

[2024-03-04 20:57:57 #1 store] 
Database 'C:\Users\pboad\eclipse-workspace\Rides24\src\main\resources\rides.temp' is opened by 49312@DESKTOP-RUEBSAP

[2024-03-04 20:57:57 #2 type.registry] 
New type domain.User

[2024-03-04 20:57:57 #3 type] 
Type domain.User is not enhanced.

[2024-03-04 20:57:57 #4 type.registry] 
New type domain.Driver

[2024-03-04 20:57:57 #5 type] 
Type domain.Driver is not enhanced.

[2024-03-04 20:57:57 #6 type.registry] 
New type domain.Ride

[2024-03-04 20:57:57 #7 type.registry] 
New type domain.BookedRide

[2024-03-04 20:57:57 #8 type] 
Type domain.Ride is not enhanced.

[2024-03-04 20:57:57 #9 type] 
Type domain.BookedRide is not enhanced.

[2024-03-04 20:57:57 #10 type.registry] 
New type domain.Traveler

[2024-03-04 20:57:57 #11 type] 
Type domain.Traveler is not enhanced.

[2024-03-04 20:57:57 #12 type.registry] 
New type java.util.Vector<java.lang.Object>

[2024-03-04 20:57:57 #13 type.registry] 
New type java.util.Vector<domain.BookedRide>

[2024-03-04 20:57:57 #14 type.registry] 
New type java.util.Vector<domain.Ride>

------------------------------------------------------------------------------------------------------------------------

[2024-03-04 20:58:04 #1 store] 
Database 'C:\Users\pboad\eclipse-workspace\Rides24\src\main\resources\rides.temp' is opened by 78716@DESKTOP-RUEBSAP

[2024-03-04 20:58:04 #2 type.registry] 
New type domain.User

[2024-03-04 20:58:04 #3 type] 
Type domain.User is not enhanced.

[2024-03-04 20:58:05 #4 type.registry] 
New type domain.Driver

[2024-03-04 20:58:05 #5 type] 
Type domain.Driver is not enhanced.

[2024-03-04 20:58:05 #6 type.registry] 
New type domain.Ride

[2024-03-04 20:58:05 #7 type.registry] 
New type domain.BookedRide

[2024-03-04 20:58:05 #8 type] 
Type domain.Ride is not enhanced.

[2024-03-04 20:58:05 #9 type] 
Type domain.BookedRide is not enhanced.

[2024-03-04 20:58:05 #10 type.registry] 
New type domain.Traveler

[2024-03-04 20:58:05 #11 type] 
Type domain.Traveler is not enhanced.

[2024-03-04 20:58:05 #12 type.registry] 
New type java.util.Vector<java.lang.Object>

[2024-03-04 20:58:05 #13 type.registry] 
New type java.util.Vector<domain.BookedRide>

[2024-03-04 20:58:05 #14 type.registry] 
New type java.util.Vector<domain.Ride>

------------------------------------------------------------------------------------------------------------------------

[2024-03-04 21:00:30 #1 store] 
Database 'C:\Users\pboad\eclipse-workspace\Rides24\src\main\resources\rides.temp' is opened by 79880@DESKTOP-RUEBSAP

[2024-03-04 21:00:30 #2 type.registry] 
New type domain.User

[2024-03-04 21:00:30 #3 type] 
Type domain.User is not enhanced.

[2024-03-04 21:00:30 #4 type.registry] 
New type domain.Driver

[2024-03-04 21:00:30 #5 type] 
Type domain.Driver is not enhanced.

[2024-03-04 21:00:30 #6 type.registry] 
New type domain.Ride

[2024-03-04 21:00:30 #7 type.registry] 
New type domain.BookedRide

[2024-03-04 21:00:30 #8 type] 
Type domain.Ride is not enhanced.

[2024-03-04 21:00:30 #9 type] 
Type domain.BookedRide is not enhanced.

[2024-03-04 21:00:30 #10 type.registry] 
New type domain.Traveler

[2024-03-04 21:00:30 #11 type] 
Type domain.Traveler is not enhanced.

[2024-03-04 21:00:30 #12 type.registry] 
New type java.util.Vector<java.lang.Object>

[2024-03-04 21:00:30 #13 type.registry] 
New type java.util.Vector<domain.BookedRide>

[2024-03-04 21:00:30 #14 type.registry] 
New type java.util.Vector<domain.Ride>

------------------------------------------------------------------------------------------------------------------------

[2024-03-04 21:03:31 #1 store] 
Database 'C:\Users\pboad\eclipse-workspace\Rides24\src\main\resources\rides.temp' is opened by 67796@DESKTOP-RUEBSAP

[2024-03-04 21:03:31 #2 type.registry] 
New type domain.User

[2024-03-04 21:03:31 #3 type] 
Type domain.User is not enhanced.

[2024-03-04 21:03:31 #4 type.registry] 
New type domain.Driver

[2024-03-04 21:03:31 #5 type] 
Type domain.Driver is not enhanced.

[2024-03-04 21:03:31 #6 type.registry] 
New type domain.Ride

[2024-03-04 21:03:31 #7 type.registry] 
New type domain.BookedRide

[2024-03-04 21:03:31 #8 type] 
Type domain.Ride is not enhanced.

[2024-03-04 21:03:31 #9 type] 
Type domain.BookedRide is not enhanced.

[2024-03-04 21:03:31 #10 type.registry] 
New type domain.Traveler

[2024-03-04 21:03:31 #11 type] 
Type domain.Traveler is not enhanced.

[2024-03-04 21:03:31 #12 type.registry] 
New type java.util.Vector<java.lang.Object>

[2024-03-04 21:03:31 #13 type.registry] 
New type java.util.Vector<domain.BookedRide>

[2024-03-04 21:03:31 #14 type.registry] 
New type java.util.Vector<domain.Ride>

------------------------------------------------------------------------------------------------------------------------

[2024-03-04 21:05:02 #1 store] 
Database 'C:\Users\pboad\eclipse-workspace\Rides24\src\main\resources\rides.temp' is opened by 87964@DESKTOP-RUEBSAP

[2024-03-04 21:05:02 #2 type.registry] 
New type domain.User

[2024-03-04 21:05:02 #3 type] 
Type domain.User is not enhanced.

[2024-03-04 21:05:02 #4 type.registry] 
New type domain.Driver

[2024-03-04 21:05:02 #5 type] 
Type domain.Driver is not enhanced.

[2024-03-04 21:05:02 #6 type.registry] 
New type domain.Ride

[2024-03-04 21:05:02 #7 type.registry] 
New type domain.BookedRide

[2024-03-04 21:05:02 #8 type] 
Type domain.Ride is not enhanced.

[2024-03-04 21:05:02 #9 type] 
Type domain.BookedRide is not enhanced.

[2024-03-04 21:05:02 #10 type.registry] 
New type domain.Traveler

[2024-03-04 21:05:02 #11 type] 
Type domain.Traveler is not enhanced.

[2024-03-04 21:05:02 #12 type.registry] 
New type java.util.Vector<java.lang.Object>

[2024-03-04 21:05:02 #13 type.registry] 
New type java.util.Vector<domain.BookedRide>

[2024-03-04 21:05:02 #14 type.registry] 
New type java.util.Vector<domain.Ride>

------------------------------------------------------------------------------------------------------------------------

[2024-03-04 21:08:25 #1 store] 
Database 'C:\Users\pboad\eclipse-workspace\Rides24\src\main\resources\rides.temp' is opened by 79532@DESKTOP-RUEBSAP

[2024-03-04 21:08:25 #2 type.registry] 
New type domain.User

[2024-03-04 21:08:25 #3 type] 
Type domain.User is not enhanced.

[2024-03-04 21:08:25 #4 type.registry] 
New type domain.Driver

[2024-03-04 21:08:25 #5 type] 
Type domain.Driver is not enhanced.

[2024-03-04 21:08:25 #6 type.registry] 
New type domain.Ride

[2024-03-04 21:08:25 #7 type.registry] 
New type domain.BookedRide

[2024-03-04 21:08:25 #8 type] 
Type domain.Ride is not enhanced.

[2024-03-04 21:08:25 #9 type] 
Type domain.BookedRide is not enhanced.

[2024-03-04 21:08:25 #10 type.registry] 
New type domain.Traveler

[2024-03-04 21:08:25 #11 type] 
Type domain.Traveler is not enhanced.

[2024-03-04 21:08:25 #12 type.registry] 
New type java.util.Vector<java.lang.Object>

[2024-03-04 21:08:25 #13 type.registry] 
New type java.util.Vector<domain.BookedRide>

[2024-03-04 21:08:25 #14 type.registry] 
New type java.util.Vector<domain.Ride>

