------------------------------------------------------------------------------------------------------------------------

[2024-02-29 08:39:39 #1 store] 
Database 'C:\Users\pboad\eclipse-workspace\Rides24\src\main\resources\rides.temp' is opened by 73772@DESKTOP-RUEBSAP

[2024-02-29 08:39:39 #2 type.registry] 
New type domain.Driver

[2024-02-29 08:39:39 #3 type] 
Type domain.Driver is not enhanced.

[2024-02-29 08:39:39 #4 type.registry] 
New type domain.Ride

[2024-02-29 08:39:39 #5 type] 
Type domain.Ride is not enhanced.

[2024-02-29 08:39:39 #6 type.registry] 
New type java.util.Vector<java.lang.Object>

[2024-02-29 08:39:39 #7 type.registry] 
New type java.util.Vector<domain.Ride>

------------------------------------------------------------------------------------------------------------------------

[2024-02-29 08:47:32 #1 store] 
Database 'C:\Users\pboad\eclipse-workspace\Rides24\src\main\resources\rides.temp' is opened by 72532@DESKTOP-RUEBSAP

[2024-02-29 08:47:32 #2 type.registry] 
New type domain.Driver

[2024-02-29 08:47:32 #3 type] 
Type domain.Driver is not enhanced.

[2024-02-29 08:47:32 #4 type.registry] 
New type domain.Ride

[2024-02-29 08:47:32 #5 type] 
Type domain.Ride is not enhanced.

[2024-02-29 08:47:32 #6 type.registry] 
New type java.util.Vector<java.lang.Object>

[2024-02-29 08:47:32 #7 type.registry] 
New type java.util.Vector<domain.Ride>

[2024-02-29 08:47:34 #8 type.registry] 
New type domain.User

[2024-02-29 08:47:34 #9 type] 
Type domain.User is not enhanced.

[2024-02-29 08:47:34 #10 type.registry] 
New type domain.Traveler

[2024-02-29 08:47:34 #11 type] 
Type domain.Traveler is not enhanced.

------------------------------------------------------------------------------------------------------------------------

[2024-02-29 08:48:07 #1 store] 
Database 'C:\Users\pboad\eclipse-workspace\Rides24\src\main\resources\rides.temp' is opened by 33504@DESKTOP-RUEBSAP

[2024-02-29 08:48:07 #2 type.registry] 
New type domain.Driver

[2024-02-29 08:48:07 #3 type] 
Type domain.Driver is not enhanced.

[2024-02-29 08:48:07 #4 type.registry] 
New type domain.Ride

[2024-02-29 08:48:07 #5 type] 
Type domain.Ride is not enhanced.

[2024-02-29 08:48:07 #6 type.registry] 
New type java.util.Vector<java.lang.Object>

[2024-02-29 08:48:07 #7 type.registry] 
New type java.util.Vector<domain.Ride>

[2024-02-29 08:48:10 #8 type.registry] 
New type domain.User

[2024-02-29 08:48:10 #9 type] 
Type domain.User is not enhanced.

[2024-02-29 08:48:10 #10 type.registry] 
New type domain.Traveler

[2024-02-29 08:48:10 #11 type] 
Type domain.Traveler is not enhanced.

------------------------------------------------------------------------------------------------------------------------

[2024-02-29 08:48:39 #1 store] 
Database 'C:\Users\pboad\eclipse-workspace\Rides24\src\main\resources\rides.temp' is opened by 77728@DESKTOP-RUEBSAP

[2024-02-29 08:48:39 #2 type.registry] 
New type domain.Driver

[2024-02-29 08:48:39 #3 type] 
Type domain.Driver is not enhanced.

[2024-02-29 08:48:39 #4 type.registry] 
New type domain.Ride

[2024-02-29 08:48:39 #5 type] 
Type domain.Ride is not enhanced.

[2024-02-29 08:48:39 #6 type.registry] 
New type java.util.Vector<java.lang.Object>

[2024-02-29 08:48:39 #7 type.registry] 
New type java.util.Vector<domain.Ride>

[2024-02-29 08:48:42 #8 type.registry] 
New type domain.User

[2024-02-29 08:48:42 #9 type] 
Type domain.User is not enhanced.

[2024-02-29 08:48:42 #10 type.registry] 
New type domain.Traveler

[2024-02-29 08:48:42 #11 type] 
Type domain.Traveler is not enhanced.

------------------------------------------------------------------------------------------------------------------------

[2024-02-29 08:52:18 #1 store] 
Database 'C:\Users\pboad\eclipse-workspace\Rides24\src\main\resources\rides.temp' is opened by 70040@DESKTOP-RUEBSAP

[2024-02-29 08:52:19 #2 type.registry] 
New type domain.Driver

[2024-02-29 08:52:19 #3 type] 
Type domain.Driver is not enhanced.

[2024-02-29 08:52:19 #4 type.registry] 
New type domain.Ride

[2024-02-29 08:52:19 #5 type] 
Type domain.Ride is not enhanced.

[2024-02-29 08:52:19 #6 type.registry] 
New type java.util.Vector<java.lang.Object>

[2024-02-29 08:52:19 #7 type.registry] 
New type java.util.Vector<domain.Ride>

[2024-02-29 08:52:28 #8 type.registry] 
New type domain.User

[2024-02-29 08:52:28 #9 type] 
Type domain.User is not enhanced.

[2024-02-29 08:52:28 #10 type.registry] 
New type domain.Traveler

[2024-02-29 08:52:28 #11 type] 
Type domain.Traveler is not enhanced.

------------------------------------------------------------------------------------------------------------------------

[2024-02-29 09:00:00 #1 store] 
Database 'C:\Users\pboad\eclipse-workspace\Rides24\src\main\resources\rides.temp' is opened by 49740@DESKTOP-RUEBSAP

[2024-02-29 09:00:00 #2 type.registry] 
New type domain.Driver

[2024-02-29 09:00:00 #3 type] 
Type domain.Driver is not enhanced.

[2024-02-29 09:00:00 #4 type.registry] 
New type domain.Ride

[2024-02-29 09:00:00 #5 type] 
Type domain.Ride is not enhanced.

[2024-02-29 09:00:00 #6 type.registry] 
New type java.util.Vector<java.lang.Object>

[2024-02-29 09:00:00 #7 type.registry] 
New type java.util.Vector<domain.Ride>

[2024-02-29 09:00:04 #8 type.registry] 
New type domain.User

[2024-02-29 09:00:04 #9 type] 
Type domain.User is not enhanced.

------------------------------------------------------------------------------------------------------------------------

[2024-02-29 09:00:31 #1 store] 
Database 'C:\Users\pboad\eclipse-workspace\Rides24\src\main\resources\rides.temp' is opened by 75820@DESKTOP-RUEBSAP

[2024-02-29 09:00:31 #2 type.registry] 
New type domain.Driver

[2024-02-29 09:00:31 #3 type] 
Type domain.Driver is not enhanced.

[2024-02-29 09:00:31 #4 type.registry] 
New type domain.Ride

[2024-02-29 09:00:31 #5 type] 
Type domain.Ride is not enhanced.

[2024-02-29 09:00:31 #6 type.registry] 
New type java.util.Vector<java.lang.Object>

[2024-02-29 09:00:31 #7 type.registry] 
New type java.util.Vector<domain.Ride>

[2024-02-29 09:00:36 #8 type.registry] 
New type domain.User

[2024-02-29 09:00:36 #9 type] 
Type domain.User is not enhanced.

[2024-02-29 09:00:36 #10 type.registry] 
New type domain.Traveler

[2024-02-29 09:00:36 #11 type] 
Type domain.Traveler is not enhanced.

------------------------------------------------------------------------------------------------------------------------

[2024-02-29 09:45:24 #1 store] 
Database 'C:\Users\pboad\eclipse-workspace\Rides24\src\main\resources\rides.temp' is opened by 34724@DESKTOP-RUEBSAP

[2024-02-29 09:45:24 #2 type.registry] 
New type domain.Driver

[2024-02-29 09:45:24 #3 type] 
Type domain.Driver is not enhanced.

[2024-02-29 09:45:24 #4 type.registry] 
New type domain.Ride

[2024-02-29 09:45:24 #5 type] 
Type domain.Ride is not enhanced.

[2024-02-29 09:45:24 #6 type.registry] 
New type java.util.Vector<java.lang.Object>

[2024-02-29 09:45:24 #7 type.registry] 
New type java.util.Vector<domain.Ride>

[2024-02-29 09:45:28 #8 type.registry] 
New type domain.User

[2024-02-29 09:45:28 #9 type] 
Type domain.User is not enhanced.

[2024-02-29 09:45:28 #10 type.registry] 
New type domain.Traveler

[2024-02-29 09:45:28 #11 type] 
Type domain.Traveler is not enhanced.

------------------------------------------------------------------------------------------------------------------------

[2024-02-29 09:45:54 #1 store] 
Database 'C:\Users\pboad\eclipse-workspace\Rides24\src\main\resources\rides.temp' is opened by 77120@DESKTOP-RUEBSAP

[2024-02-29 09:45:54 #2 type.registry] 
New type domain.Driver

[2024-02-29 09:45:54 #3 type] 
Type domain.Driver is not enhanced.

[2024-02-29 09:45:54 #4 type.registry] 
New type domain.Ride

[2024-02-29 09:45:54 #5 type] 
Type domain.Ride is not enhanced.

[2024-02-29 09:45:54 #6 type.registry] 
New type java.util.Vector<java.lang.Object>

[2024-02-29 09:45:54 #7 type.registry] 
New type java.util.Vector<domain.Ride>

[2024-02-29 09:45:58 #8 type.registry] 
New type domain.User

[2024-02-29 09:45:58 #9 type] 
Type domain.User is not enhanced.

[2024-02-29 09:45:58 #10 type.registry] 
New type domain.Traveler

[2024-02-29 09:45:58 #11 type] 
Type domain.Traveler is not enhanced.

------------------------------------------------------------------------------------------------------------------------

[2024-02-29 09:51:18 #1 store] 
Database 'C:\Users\pboad\eclipse-workspace\Rides24\src\main\resources\rides.temp' is opened by 39744@DESKTOP-RUEBSAP

[2024-02-29 09:51:18 #2 type.registry] 
New type domain.Driver

[2024-02-29 09:51:18 #3 type] 
Type domain.Driver is not enhanced.

[2024-02-29 09:51:18 #4 type.registry] 
New type domain.Ride

[2024-02-29 09:51:18 #5 type] 
Type domain.Ride is not enhanced.

[2024-02-29 09:51:18 #6 type.registry] 
New type java.util.Vector<java.lang.Object>

[2024-02-29 09:51:18 #7 type.registry] 
New type java.util.Vector<domain.Ride>

[2024-02-29 09:51:21 #8 type.registry] 
New type domain.User

[2024-02-29 09:51:21 #9 type] 
Type domain.User is not enhanced.

[2024-02-29 09:51:21 #10 type.registry] 
New type domain.Traveler

[2024-02-29 09:51:21 #11 type] 
Type domain.Traveler is not enhanced.

------------------------------------------------------------------------------------------------------------------------

[2024-02-29 09:54:09 #1 store] 
Database 'C:\Users\pboad\eclipse-workspace\Rides24\src\main\resources\rides.temp' is opened by 53900@DESKTOP-RUEBSAP

[2024-02-29 09:54:09 #2 type.registry] 
New type domain.Driver

[2024-02-29 09:54:09 #3 type] 
Type domain.Driver is not enhanced.

[2024-02-29 09:54:09 #4 type.registry] 
New type domain.Ride

[2024-02-29 09:54:09 #5 type] 
Type domain.Ride is not enhanced.

[2024-02-29 09:54:09 #6 type.registry] 
New type java.util.Vector<java.lang.Object>

[2024-02-29 09:54:09 #7 type.registry] 
New type java.util.Vector<domain.Ride>

[2024-02-29 09:54:12 #8 type.registry] 
New type domain.User

[2024-02-29 09:54:12 #9 type] 
Type domain.User is not enhanced.

[2024-02-29 09:54:12 #10 type.registry] 
New type domain.Traveler

[2024-02-29 09:54:12 #11 type] 
Type domain.Traveler is not enhanced.

------------------------------------------------------------------------------------------------------------------------

[2024-02-29 09:58:33 #1 store] 
Database 'C:\Users\pboad\eclipse-workspace\Rides24\src\main\resources\rides.temp' is opened by 74240@DESKTOP-RUEBSAP

[2024-02-29 09:58:33 #2 type.registry] 
New type domain.Driver

[2024-02-29 09:58:33 #3 type] 
Type domain.Driver is not enhanced.

[2024-02-29 09:58:33 #4 type.registry] 
New type domain.Ride

[2024-02-29 09:58:33 #5 type] 
Type domain.Ride is not enhanced.

[2024-02-29 09:58:33 #6 type.registry] 
New type java.util.Vector<java.lang.Object>

[2024-02-29 09:58:33 #7 type.registry] 
New type java.util.Vector<domain.Ride>

[2024-02-29 09:58:35 #8 type.registry] 
New type domain.User

[2024-02-29 09:58:35 #9 type] 
Type domain.User is not enhanced.

[2024-02-29 09:58:35 #10 type.registry] 
New type domain.Traveler

[2024-02-29 09:58:35 #11 type] 
Type domain.Traveler is not enhanced.

------------------------------------------------------------------------------------------------------------------------

[2024-02-29 10:01:43 #1 store] 
Database 'C:\Users\pboad\eclipse-workspace\Rides24\src\main\resources\rides.temp' is opened by 62184@DESKTOP-RUEBSAP

[2024-02-29 10:01:43 #2 type.registry] 
New type domain.Driver

[2024-02-29 10:01:43 #3 type] 
Type domain.Driver is not enhanced.

[2024-02-29 10:01:43 #4 type.registry] 
New type domain.Ride

[2024-02-29 10:01:43 #5 type] 
Type domain.Ride is not enhanced.

[2024-02-29 10:01:43 #6 type.registry] 
New type java.util.Vector<java.lang.Object>

[2024-02-29 10:01:43 #7 type.registry] 
New type java.util.Vector<domain.Ride>

[2024-02-29 10:01:47 #8 type.registry] 
New type domain.User

[2024-02-29 10:01:47 #9 type] 
Type domain.User is not enhanced.

[2024-02-29 10:01:47 #10 type.registry] 
New type domain.Traveler

[2024-02-29 10:01:47 #11 type] 
Type domain.Traveler is not enhanced.

------------------------------------------------------------------------------------------------------------------------

[2024-02-29 10:02:31 #1 store] 
Database 'C:\Users\pboad\eclipse-workspace\Rides24\src\main\resources\rides.temp' is opened by 63200@DESKTOP-RUEBSAP

[2024-02-29 10:02:31 #2 type.registry] 
New type domain.Driver

[2024-02-29 10:02:31 #3 type] 
Type domain.Driver is not enhanced.

[2024-02-29 10:02:31 #4 type.registry] 
New type domain.Ride

[2024-02-29 10:02:31 #5 type] 
Type domain.Ride is not enhanced.

[2024-02-29 10:02:31 #6 type.registry] 
New type java.util.Vector<java.lang.Object>

[2024-02-29 10:02:31 #7 type.registry] 
New type java.util.Vector<domain.Ride>

[2024-02-29 10:02:33 #8 type.registry] 
New type domain.User

[2024-02-29 10:02:33 #9 type] 
Type domain.User is not enhanced.

[2024-02-29 10:02:33 #10 type.registry] 
New type domain.Traveler

[2024-02-29 10:02:33 #11 type] 
Type domain.Traveler is not enhanced.

------------------------------------------------------------------------------------------------------------------------

[2024-02-29 10:09:10 #1 store] 
Database 'C:\Users\pboad\eclipse-workspace\Rides24\src\main\resources\rides.temp' is opened by 53416@DESKTOP-RUEBSAP

[2024-02-29 10:09:10 #2 type.registry] 
New type domain.Driver

[2024-02-29 10:09:10 #3 type] 
Type domain.Driver is not enhanced.

[2024-02-29 10:09:10 #4 type.registry] 
New type domain.Ride

[2024-02-29 10:09:10 #5 type] 
Type domain.Ride is not enhanced.

[2024-02-29 10:09:10 #6 type.registry] 
New type java.util.Vector<java.lang.Object>

[2024-02-29 10:09:10 #7 type.registry] 
New type java.util.Vector<domain.Ride>

[2024-02-29 10:09:14 #8 type.registry] 
New type domain.User

[2024-02-29 10:09:14 #9 type] 
Type domain.User is not enhanced.

[2024-02-29 10:09:14 #10 type.registry] 
New type domain.Traveler

[2024-02-29 10:09:14 #11 type] 
Type domain.Traveler is not enhanced.

------------------------------------------------------------------------------------------------------------------------

[2024-02-29 10:13:05 #1 store] 
Database 'C:\Users\pboad\eclipse-workspace\Rides24\src\main\resources\rides.temp' is opened by 76460@DESKTOP-RUEBSAP

[2024-02-29 10:13:05 #2 type.registry] 
New type domain.Driver

[2024-02-29 10:13:05 #3 type] 
Type domain.Driver is not enhanced.

[2024-02-29 10:13:05 #4 type.registry] 
New type domain.Ride

[2024-02-29 10:13:05 #5 type] 
Type domain.Ride is not enhanced.

[2024-02-29 10:13:05 #6 type.registry] 
New type java.util.Vector<java.lang.Object>

[2024-02-29 10:13:05 #7 type.registry] 
New type java.util.Vector<domain.Ride>

[2024-02-29 10:13:11 #8 type.registry] 
New type domain.User

[2024-02-29 10:13:11 #9 type] 
Type domain.User is not enhanced.

[2024-02-29 10:13:12 #10 type.registry] 
New type domain.Traveler

[2024-02-29 10:13:12 #11 type] 
Type domain.Traveler is not enhanced.

------------------------------------------------------------------------------------------------------------------------

[2024-02-29 10:13:29 #1 store] 
Database 'C:\Users\pboad\eclipse-workspace\Rides24\src\main\resources\rides.temp' is opened by 74688@DESKTOP-RUEBSAP

[2024-02-29 10:13:29 #2 type.registry] 
New type domain.Driver

[2024-02-29 10:13:29 #3 type] 
Type domain.Driver is not enhanced.

[2024-02-29 10:13:29 #4 type.registry] 
New type domain.Ride

[2024-02-29 10:13:29 #5 type] 
Type domain.Ride is not enhanced.

[2024-02-29 10:13:29 #6 type.registry] 
New type java.util.Vector<java.lang.Object>

[2024-02-29 10:13:29 #7 type.registry] 
New type java.util.Vector<domain.Ride>

[2024-02-29 10:13:32 #8 type.registry] 
New type domain.User

[2024-02-29 10:13:32 #9 type] 
Type domain.User is not enhanced.

[2024-02-29 10:13:32 #10 type.registry] 
New type domain.Traveler

[2024-02-29 10:13:32 #11 type] 
Type domain.Traveler is not enhanced.

------------------------------------------------------------------------------------------------------------------------

[2024-02-29 10:17:50 #1 store] 
Database 'C:\Users\pboad\eclipse-workspace\Rides24\src\main\resources\rides.temp' is opened by 60876@DESKTOP-RUEBSAP

[2024-02-29 10:17:51 #2 type.registry] 
New type domain.Driver

[2024-02-29 10:17:51 #3 type] 
Type domain.Driver is not enhanced.

[2024-02-29 10:17:51 #4 type.registry] 
New type domain.Ride

[2024-02-29 10:17:51 #5 type] 
Type domain.Ride is not enhanced.

[2024-02-29 10:17:51 #6 type.registry] 
New type java.util.Vector<java.lang.Object>

[2024-02-29 10:17:51 #7 type.registry] 
New type java.util.Vector<domain.Ride>

[2024-02-29 10:17:55 #8 type.registry] 
New type domain.User

[2024-02-29 10:17:55 #9 type] 
Type domain.User is not enhanced.

[2024-02-29 10:17:55 #10 type.registry] 
New type domain.Traveler

[2024-02-29 10:17:55 #11 type] 
Type domain.Traveler is not enhanced.

------------------------------------------------------------------------------------------------------------------------

[2024-02-29 10:18:38 #1 store] 
Database 'C:\Users\pboad\eclipse-workspace\Rides24\src\main\resources\rides.temp' is opened by 67956@DESKTOP-RUEBSAP

[2024-02-29 10:18:38 #2 type.registry] 
New type domain.Driver

[2024-02-29 10:18:38 #3 type] 
Type domain.Driver is not enhanced.

[2024-02-29 10:18:38 #4 type.registry] 
New type domain.Ride

[2024-02-29 10:18:38 #5 type] 
Type domain.Ride is not enhanced.

[2024-02-29 10:18:38 #6 type.registry] 
New type java.util.Vector<java.lang.Object>

[2024-02-29 10:18:38 #7 type.registry] 
New type java.util.Vector<domain.Ride>

[2024-02-29 10:18:41 #8 type.registry] 
New type domain.User

[2024-02-29 10:18:41 #9 type] 
Type domain.User is not enhanced.

[2024-02-29 10:18:41 #10 type.registry] 
New type domain.Traveler

[2024-02-29 10:18:41 #11 type] 
Type domain.Traveler is not enhanced.

------------------------------------------------------------------------------------------------------------------------

[2024-02-29 10:22:56 #1 store] 
Database 'C:\Users\pboad\eclipse-workspace\Rides24\src\main\resources\rides.temp' is opened by 74584@DESKTOP-RUEBSAP

[2024-02-29 10:22:56 #2 type.registry] 
New type domain.Driver

[2024-02-29 10:22:56 #3 type] 
Type domain.Driver is not enhanced.

[2024-02-29 10:22:56 #4 type.registry] 
New type domain.Ride

[2024-02-29 10:22:56 #5 type] 
Type domain.Ride is not enhanced.

[2024-02-29 10:22:56 #6 type.registry] 
New type java.util.Vector<java.lang.Object>

[2024-02-29 10:22:56 #7 type.registry] 
New type java.util.Vector<domain.Ride>

[2024-02-29 10:22:59 #8 type.registry] 
New type domain.User

[2024-02-29 10:22:59 #9 type] 
Type domain.User is not enhanced.

[2024-02-29 10:22:59 #10 type.registry] 
New type domain.Traveler

[2024-02-29 10:22:59 #11 type] 
Type domain.Traveler is not enhanced.

------------------------------------------------------------------------------------------------------------------------

[2024-02-29 10:23:30 #1 store] 
Database 'C:\Users\pboad\eclipse-workspace\Rides24\src\main\resources\rides.temp' is opened by 73148@DESKTOP-RUEBSAP

[2024-02-29 10:23:31 #2 type.registry] 
New type domain.Driver

[2024-02-29 10:23:31 #3 type] 
Type domain.Driver is not enhanced.

[2024-02-29 10:23:31 #4 type.registry] 
New type domain.Ride

[2024-02-29 10:23:31 #5 type] 
Type domain.Ride is not enhanced.

[2024-02-29 10:23:31 #6 type.registry] 
New type java.util.Vector<java.lang.Object>

[2024-02-29 10:23:31 #7 type.registry] 
New type java.util.Vector<domain.Ride>

[2024-02-29 10:23:34 #8 type.registry] 
New type domain.User

[2024-02-29 10:23:34 #9 type] 
Type domain.User is not enhanced.

[2024-02-29 10:23:34 #10 type.registry] 
New type domain.Traveler

[2024-02-29 10:23:34 #11 type] 
Type domain.Traveler is not enhanced.

------------------------------------------------------------------------------------------------------------------------

[2024-02-29 10:24:08 #1 store] 
Database 'C:\Users\pboad\eclipse-workspace\Rides24\src\main\resources\rides.temp' is opened by 70792@DESKTOP-RUEBSAP

[2024-02-29 10:24:08 #2 type.registry] 
New type domain.Driver

[2024-02-29 10:24:08 #3 type] 
Type domain.Driver is not enhanced.

[2024-02-29 10:24:08 #4 type.registry] 
New type domain.Ride

[2024-02-29 10:24:08 #5 type] 
Type domain.Ride is not enhanced.

[2024-02-29 10:24:08 #6 type.registry] 
New type java.util.Vector<java.lang.Object>

[2024-02-29 10:24:08 #7 type.registry] 
New type java.util.Vector<domain.Ride>

[2024-02-29 10:24:11 #8 type.registry] 
New type domain.User

[2024-02-29 10:24:11 #9 type] 
Type domain.User is not enhanced.

[2024-02-29 10:24:11 #10 type.registry] 
New type domain.Traveler

[2024-02-29 10:24:11 #11 type] 
Type domain.Traveler is not enhanced.

------------------------------------------------------------------------------------------------------------------------

[2024-02-29 10:26:44 #1 store] 
Database 'C:\Users\pboad\eclipse-workspace\Rides24\src\main\resources\rides.temp' is opened by 70088@DESKTOP-RUEBSAP

[2024-02-29 10:26:44 #2 type.registry] 
New type domain.Driver

[2024-02-29 10:26:44 #3 type] 
Type domain.Driver is not enhanced.

[2024-02-29 10:26:44 #4 type.registry] 
New type domain.Ride

[2024-02-29 10:26:44 #5 type] 
Type domain.Ride is not enhanced.

[2024-02-29 10:26:44 #6 type.registry] 
New type java.util.Vector<java.lang.Object>

[2024-02-29 10:26:44 #7 type.registry] 
New type java.util.Vector<domain.Ride>

[2024-02-29 10:26:49 #8 type.registry] 
New type domain.User

[2024-02-29 10:26:49 #9 type] 
Type domain.User is not enhanced.

[2024-02-29 10:26:49 #10 type.registry] 
New type domain.Traveler

[2024-02-29 10:26:49 #11 type] 
Type domain.Traveler is not enhanced.

------------------------------------------------------------------------------------------------------------------------

[2024-02-29 10:28:23 #1 store] 
Database 'C:\Users\pboad\eclipse-workspace\Rides24\src\main\resources\rides.temp' is opened by 74408@DESKTOP-RUEBSAP

[2024-02-29 10:28:23 #2 type.registry] 
New type domain.Driver

[2024-02-29 10:28:23 #3 type] 
Type domain.Driver is not enhanced.

[2024-02-29 10:28:23 #4 type.registry] 
New type domain.Ride

[2024-02-29 10:28:23 #5 type] 
Type domain.Ride is not enhanced.

[2024-02-29 10:28:23 #6 type.registry] 
New type java.util.Vector<java.lang.Object>

[2024-02-29 10:28:23 #7 type.registry] 
New type java.util.Vector<domain.Ride>

[2024-02-29 10:28:27 #8 type.registry] 
New type domain.User

[2024-02-29 10:28:27 #9 type] 
Type domain.User is not enhanced.

[2024-02-29 10:28:27 #10 type.registry] 
New type domain.Traveler

[2024-02-29 10:28:27 #11 type] 
Type domain.Traveler is not enhanced.

------------------------------------------------------------------------------------------------------------------------

[2024-02-29 10:28:33 #1 store] 
Database 'C:\Users\pboad\eclipse-workspace\Rides24\src\main\resources\rides.temp' is opened by 34084@DESKTOP-RUEBSAP

[2024-02-29 10:28:33 #2 type.registry] 
New type domain.Driver

[2024-02-29 10:28:33 #3 type] 
Type domain.Driver is not enhanced.

[2024-02-29 10:28:33 #4 type.registry] 
New type domain.Ride

[2024-02-29 10:28:33 #5 type] 
Type domain.Ride is not enhanced.

[2024-02-29 10:28:33 #6 type.registry] 
New type java.util.Vector<java.lang.Object>

[2024-02-29 10:28:33 #7 type.registry] 
New type java.util.Vector<domain.Ride>

[2024-02-29 10:28:36 #8 type.registry] 
New type domain.User

[2024-02-29 10:28:36 #9 type] 
Type domain.User is not enhanced.

------------------------------------------------------------------------------------------------------------------------

[2024-02-29 10:28:45 #1 store] 
Database 'C:\Users\pboad\eclipse-workspace\Rides24\src\main\resources\rides.temp' is opened by 72748@DESKTOP-RUEBSAP

[2024-02-29 10:28:45 #2 type.registry] 
New type domain.Driver

[2024-02-29 10:28:45 #3 type] 
Type domain.Driver is not enhanced.

[2024-02-29 10:28:45 #4 type.registry] 
New type domain.Ride

[2024-02-29 10:28:45 #5 type] 
Type domain.Ride is not enhanced.

[2024-02-29 10:28:45 #6 type.registry] 
New type java.util.Vector<java.lang.Object>

[2024-02-29 10:28:45 #7 type.registry] 
New type java.util.Vector<domain.Ride>

[2024-02-29 10:28:48 #8 type.registry] 
New type domain.User

[2024-02-29 10:28:48 #9 type] 
Type domain.User is not enhanced.

[2024-02-29 10:28:48 #10 type.registry] 
New type domain.Traveler

[2024-02-29 10:28:48 #11 type] 
Type domain.Traveler is not enhanced.

------------------------------------------------------------------------------------------------------------------------

[2024-02-29 10:29:12 #1 store] 
Database 'C:\Users\pboad\eclipse-workspace\Rides24\src\main\resources\rides.temp' is opened by 68156@DESKTOP-RUEBSAP

[2024-02-29 10:29:12 #2 type.registry] 
New type domain.Driver

[2024-02-29 10:29:12 #3 type] 
Type domain.Driver is not enhanced.

[2024-02-29 10:29:12 #4 type.registry] 
New type domain.Ride

[2024-02-29 10:29:12 #5 type] 
Type domain.Ride is not enhanced.

[2024-02-29 10:29:12 #6 type.registry] 
New type java.util.Vector<java.lang.Object>

[2024-02-29 10:29:12 #7 type.registry] 
New type java.util.Vector<domain.Ride>

[2024-02-29 10:29:15 #8 type.registry] 
New type domain.User

[2024-02-29 10:29:15 #9 type] 
Type domain.User is not enhanced.

------------------------------------------------------------------------------------------------------------------------

[2024-02-29 10:29:34 #1 store] 
Database 'C:\Users\pboad\eclipse-workspace\Rides24\src\main\resources\rides.temp' is opened by 70692@DESKTOP-RUEBSAP

[2024-02-29 10:29:34 #2 type.registry] 
New type domain.Driver

[2024-02-29 10:29:34 #3 type] 
Type domain.Driver is not enhanced.

[2024-02-29 10:29:34 #4 type.registry] 
New type domain.Ride

[2024-02-29 10:29:34 #5 type] 
Type domain.Ride is not enhanced.

[2024-02-29 10:29:34 #6 type.registry] 
New type java.util.Vector<java.lang.Object>

[2024-02-29 10:29:34 #7 type.registry] 
New type java.util.Vector<domain.Ride>

[2024-02-29 10:29:38 #8 type.registry] 
New type domain.User

[2024-02-29 10:29:38 #9 type] 
Type domain.User is not enhanced.

[2024-02-29 10:29:38 #10 type.registry] 
New type domain.Traveler

[2024-02-29 10:29:38 #11 type] 
Type domain.Traveler is not enhanced.

------------------------------------------------------------------------------------------------------------------------

[2024-02-29 10:30:34 #1 store] 
Database 'C:\Users\pboad\eclipse-workspace\Rides24\src\main\resources\rides.temp' is opened by 72480@DESKTOP-RUEBSAP

[2024-02-29 10:30:34 #2 type.registry] 
New type domain.Driver

[2024-02-29 10:30:34 #3 type] 
Type domain.Driver is not enhanced.

[2024-02-29 10:30:34 #4 type.registry] 
New type domain.Ride

[2024-02-29 10:30:34 #5 type] 
Type domain.Ride is not enhanced.

[2024-02-29 10:30:34 #6 type.registry] 
New type java.util.Vector<java.lang.Object>

[2024-02-29 10:30:34 #7 type.registry] 
New type java.util.Vector<domain.Ride>

[2024-02-29 10:30:37 #8 type.registry] 
New type domain.User

[2024-02-29 10:30:37 #9 type] 
Type domain.User is not enhanced.

[2024-02-29 10:30:37 #10 type.registry] 
New type domain.Traveler

[2024-02-29 10:30:37 #11 type] 
Type domain.Traveler is not enhanced.

------------------------------------------------------------------------------------------------------------------------

[2024-02-29 10:31:59 #1 store] 
Database 'C:\Users\pboad\eclipse-workspace\Rides24\src\main\resources\rides.temp' is opened by 55876@DESKTOP-RUEBSAP

[2024-02-29 10:31:59 #2 type.registry] 
New type domain.Driver

[2024-02-29 10:31:59 #3 type] 
Type domain.Driver is not enhanced.

[2024-02-29 10:31:59 #4 type.registry] 
New type domain.Ride

[2024-02-29 10:31:59 #5 type] 
Type domain.Ride is not enhanced.

[2024-02-29 10:31:59 #6 type.registry] 
New type java.util.Vector<java.lang.Object>

[2024-02-29 10:31:59 #7 type.registry] 
New type java.util.Vector<domain.Ride>

[2024-02-29 10:32:05 #8 type.registry] 
New type domain.User

[2024-02-29 10:32:05 #9 type] 
Type domain.User is not enhanced.

[2024-02-29 10:32:05 #10 type.registry] 
New type domain.Traveler

[2024-02-29 10:32:05 #11 type] 
Type domain.Traveler is not enhanced.

------------------------------------------------------------------------------------------------------------------------

[2024-02-29 10:38:04 #1 store] 
Database 'C:\Users\pboad\eclipse-workspace\Rides24\src\main\resources\rides.temp' is opened by 45432@DESKTOP-RUEBSAP

[2024-02-29 10:38:04 #2 type.registry] 
New type domain.Driver

[2024-02-29 10:38:04 #3 type] 
Type domain.Driver is not enhanced.

[2024-02-29 10:38:04 #4 type.registry] 
New type domain.Ride

[2024-02-29 10:38:04 #5 type] 
Type domain.Ride is not enhanced.

[2024-02-29 10:38:04 #6 type.registry] 
New type java.util.Vector<java.lang.Object>

[2024-02-29 10:38:04 #7 type.registry] 
New type java.util.Vector<domain.Ride>

[2024-02-29 10:38:07 #8 type.registry] 
New type domain.User

[2024-02-29 10:38:07 #9 type] 
Type domain.User is not enhanced.

[2024-02-29 10:38:07 #10 type.registry] 
New type domain.Traveler

[2024-02-29 10:38:07 #11 type] 
Type domain.Traveler is not enhanced.

