------------------------------------------------------------------------------------------------------------------------

[2024-04-06 19:37:22 #1 store] 
Database 'C:\Users\pboad\git\repository\Rides24\src\main\resources\rides.temp' is opened by 27260@DESKTOP-RUEBSAP

[2024-04-06 19:37:23 #2 type.registry] 
New type domain.User

[2024-04-06 19:37:23 #3 type] 
Type domain.User is not enhanced.

[2024-04-06 19:37:23 #4 type.registry] 
New type domain.Traveler

[2024-04-06 19:37:23 #5 type] 
Type domain.Traveler is not enhanced.

[2024-04-06 19:37:23 #6 type.registry] 
New type domain.Ride

[2024-04-06 19:37:23 #7 type.registry] 
New type domain.PaymentInfo

[2024-04-06 19:37:23 #8 type] 
Type domain.Ride is not enhanced.

[2024-04-06 19:37:23 #9 type] 
Type domain.PaymentInfo is not enhanced.

[2024-04-06 19:37:23 #10 type.registry] 
New type domain.Driver

[2024-04-06 19:37:23 #11 type] 
Type domain.Driver is not enhanced.

[2024-04-06 19:37:23 #12 type.registry] 
New type java.util.ArrayList<java.lang.Object>

[2024-04-06 19:37:23 #13 type.registry] 
New type java.util.Vector<java.lang.Object>

[2024-04-06 19:37:23 #14 type.registry] 
New type java.util.ArrayList<domain.PaymentInfo>

[2024-04-06 19:37:23 #15 type.registry] 
New type java.util.Vector<domain.Ride>

------------------------------------------------------------------------------------------------------------------------

[2024-04-06 20:09:05 #1 store] 
Database 'C:\Users\pboad\git\repository\Rides24\src\main\resources\rides.temp' is opened by 10164@DESKTOP-RUEBSAP

[2024-04-06 20:09:05 #2 type.registry] 
New type domain.User

[2024-04-06 20:09:05 #3 type] 
Type domain.User is not enhanced.

[2024-04-06 20:09:05 #4 type.registry] 
New type domain.Traveler

[2024-04-06 20:09:05 #5 type] 
Type domain.Traveler is not enhanced.

[2024-04-06 20:09:05 #6 type.registry] 
New type domain.Ride

[2024-04-06 20:09:05 #7 type.registry] 
New type domain.PaymentInfo

[2024-04-06 20:09:05 #8 type] 
Type domain.Ride is not enhanced.

[2024-04-06 20:09:05 #9 type] 
Type domain.PaymentInfo is not enhanced.

[2024-04-06 20:09:05 #10 type.registry] 
New type domain.Driver

[2024-04-06 20:09:05 #11 type] 
Type domain.Driver is not enhanced.

[2024-04-06 20:09:05 #12 type.registry] 
New type java.util.ArrayList<java.lang.Object>

[2024-04-06 20:09:05 #13 type.registry] 
New type java.util.Vector<java.lang.Object>

[2024-04-06 20:09:05 #14 type.registry] 
New type java.util.ArrayList<domain.PaymentInfo>

[2024-04-06 20:09:05 #15 type.registry] 
New type java.util.Vector<domain.Ride>

------------------------------------------------------------------------------------------------------------------------

[2024-04-06 20:22:18 #1 store] 
Database 'C:\Users\pboad\git\repository\Rides24\src\main\resources\rides.temp' is opened by 20200@DESKTOP-RUEBSAP

[2024-04-06 20:22:18 #2 type.registry] 
New type domain.User

[2024-04-06 20:22:18 #3 type] 
Type domain.User is not enhanced.

[2024-04-06 20:22:18 #4 type.registry] 
New type domain.Traveler

[2024-04-06 20:22:18 #5 type] 
Type domain.Traveler is not enhanced.

[2024-04-06 20:22:18 #6 type.registry] 
New type domain.Ride

[2024-04-06 20:22:18 #7 type.registry] 
New type domain.PaymentInfo

[2024-04-06 20:22:18 #8 type] 
Type domain.Ride is not enhanced.

[2024-04-06 20:22:18 #9 type] 
Type domain.PaymentInfo is not enhanced.

[2024-04-06 20:22:19 #10 type.registry] 
New type domain.Driver

[2024-04-06 20:22:19 #11 type] 
Type domain.Driver is not enhanced.

[2024-04-06 20:22:19 #12 type.registry] 
New type java.util.ArrayList<java.lang.Object>

[2024-04-06 20:22:19 #13 type.registry] 
New type java.util.Vector<java.lang.Object>

[2024-04-06 20:22:19 #14 type.registry] 
New type java.util.ArrayList<domain.PaymentInfo>

[2024-04-06 20:22:19 #15 type.registry] 
New type java.util.Vector<domain.Ride>

------------------------------------------------------------------------------------------------------------------------

[2024-04-06 20:22:55 #1 store] 
Database 'C:\Users\pboad\git\repository\Rides24\src\main\resources\rides.temp' is opened by 18680@DESKTOP-RUEBSAP

[2024-04-06 20:22:55 #2 type.registry] 
New type domain.User

[2024-04-06 20:22:55 #3 type] 
Type domain.User is not enhanced.

[2024-04-06 20:22:55 #4 type.registry] 
New type domain.Traveler

[2024-04-06 20:22:55 #5 type] 
Type domain.Traveler is not enhanced.

[2024-04-06 20:22:55 #6 type.registry] 
New type domain.Ride

[2024-04-06 20:22:55 #7 type.registry] 
New type domain.PaymentInfo

[2024-04-06 20:22:55 #8 type] 
Type domain.Ride is not enhanced.

[2024-04-06 20:22:55 #9 type] 
Type domain.PaymentInfo is not enhanced.

[2024-04-06 20:22:55 #10 type.registry] 
New type domain.Driver

[2024-04-06 20:22:55 #11 type] 
Type domain.Driver is not enhanced.

[2024-04-06 20:22:55 #12 type.registry] 
New type java.util.ArrayList<java.lang.Object>

[2024-04-06 20:22:55 #13 type.registry] 
New type java.util.Vector<java.lang.Object>

[2024-04-06 20:22:55 #14 type.registry] 
New type java.util.ArrayList<domain.PaymentInfo>

[2024-04-06 20:22:55 #15 type.registry] 
New type java.util.Vector<domain.Ride>

------------------------------------------------------------------------------------------------------------------------

[2024-04-06 20:30:44 #1 store] 
Database 'C:\Users\pboad\git\repository\Rides24\src\main\resources\rides.temp' is opened by 1152@DESKTOP-RUEBSAP

[2024-04-06 20:30:44 #2 type.registry] 
New type domain.User

[2024-04-06 20:30:44 #3 type] 
Type domain.User is not enhanced.

[2024-04-06 20:30:44 #4 type.registry] 
New type domain.Traveler

[2024-04-06 20:30:44 #5 type] 
Type domain.Traveler is not enhanced.

[2024-04-06 20:30:44 #6 type.registry] 
New type domain.Ride

[2024-04-06 20:30:44 #7 type.registry] 
New type domain.PaymentInfo

[2024-04-06 20:30:44 #8 type] 
Type domain.Ride is not enhanced.

[2024-04-06 20:30:44 #9 type] 
Type domain.PaymentInfo is not enhanced.

[2024-04-06 20:30:44 #10 type.registry] 
New type domain.Driver

[2024-04-06 20:30:44 #11 type] 
Type domain.Driver is not enhanced.

[2024-04-06 20:30:44 #12 type.registry] 
New type java.util.ArrayList<java.lang.Object>

[2024-04-06 20:30:44 #13 type.registry] 
New type java.util.Vector<java.lang.Object>

[2024-04-06 20:30:44 #14 type.registry] 
New type java.util.ArrayList<domain.PaymentInfo>

[2024-04-06 20:30:44 #15 type.registry] 
New type java.util.Vector<domain.Ride>

------------------------------------------------------------------------------------------------------------------------

[2024-04-06 20:49:42 #1 store] 
Database 'C:\Users\pboad\git\repository\Rides24\src\main\resources\rides.temp' is opened by 31432@DESKTOP-RUEBSAP

[2024-04-06 20:49:42 #2 type.registry] 
New type domain.User

[2024-04-06 20:49:42 #3 type] 
Type domain.User is not enhanced.

[2024-04-06 20:49:42 #4 type.registry] 
New type domain.Traveler

[2024-04-06 20:49:42 #5 type] 
Type domain.Traveler is not enhanced.

[2024-04-06 20:49:42 #6 type.registry] 
New type domain.Ride

[2024-04-06 20:49:42 #7 type.registry] 
New type domain.PaymentInfo

[2024-04-06 20:49:42 #8 type] 
Type domain.Ride is not enhanced.

[2024-04-06 20:49:42 #9 type] 
Type domain.PaymentInfo is not enhanced.

[2024-04-06 20:49:42 #10 type.registry] 
New type domain.Driver

[2024-04-06 20:49:42 #11 type] 
Type domain.Driver is not enhanced.

[2024-04-06 20:49:42 #12 type.registry] 
New type java.util.ArrayList<java.lang.Object>

[2024-04-06 20:49:42 #13 type.registry] 
New type java.util.Vector<java.lang.Object>

[2024-04-06 20:49:42 #14 type.registry] 
New type java.util.ArrayList<domain.PaymentInfo>

[2024-04-06 20:49:42 #15 type.registry] 
New type java.util.Vector<domain.Ride>

------------------------------------------------------------------------------------------------------------------------

[2024-04-06 20:55:35 #1 store] 
Database 'C:\Users\pboad\git\repository\Rides24\src\main\resources\rides.temp' is opened by 29404@DESKTOP-RUEBSAP

[2024-04-06 20:55:35 #2 type.registry] 
New type domain.User

[2024-04-06 20:55:35 #3 type] 
Type domain.User is not enhanced.

[2024-04-06 20:55:35 #4 type.registry] 
New type domain.Traveler

[2024-04-06 20:55:35 #5 type] 
Type domain.Traveler is not enhanced.

[2024-04-06 20:55:35 #6 type.registry] 
New type domain.Ride

[2024-04-06 20:55:35 #7 type.registry] 
New type domain.PaymentInfo

[2024-04-06 20:55:35 #8 type] 
Type domain.Ride is not enhanced.

[2024-04-06 20:55:35 #9 type] 
Type domain.PaymentInfo is not enhanced.

[2024-04-06 20:55:35 #10 type.registry] 
New type domain.Driver

[2024-04-06 20:55:35 #11 type] 
Type domain.Driver is not enhanced.

[2024-04-06 20:55:35 #12 type.registry] 
New type java.util.ArrayList<java.lang.Object>

[2024-04-06 20:55:35 #13 type.registry] 
New type java.util.Vector<java.lang.Object>

[2024-04-06 20:55:35 #14 type.registry] 
New type java.util.ArrayList<domain.PaymentInfo>

[2024-04-06 20:55:35 #15 type.registry] 
New type java.util.Vector<domain.Ride>

------------------------------------------------------------------------------------------------------------------------

[2024-04-06 20:56:45 #1 store] 
Database 'C:\Users\pboad\git\repository\Rides24\src\main\resources\rides.temp' is opened by 10048@DESKTOP-RUEBSAP

[2024-04-06 20:56:45 #2 type.registry] 
New type domain.User

[2024-04-06 20:56:45 #3 type] 
Type domain.User is not enhanced.

[2024-04-06 20:56:45 #4 type.registry] 
New type domain.Traveler

[2024-04-06 20:56:45 #5 type] 
Type domain.Traveler is not enhanced.

[2024-04-06 20:56:45 #6 type.registry] 
New type domain.Ride

[2024-04-06 20:56:45 #7 type.registry] 
New type domain.PaymentInfo

[2024-04-06 20:56:45 #8 type] 
Type domain.Ride is not enhanced.

[2024-04-06 20:56:45 #9 type] 
Type domain.PaymentInfo is not enhanced.

[2024-04-06 20:56:45 #10 type.registry] 
New type domain.Driver

[2024-04-06 20:56:45 #11 type] 
Type domain.Driver is not enhanced.

[2024-04-06 20:56:45 #12 type.registry] 
New type java.util.ArrayList<java.lang.Object>

[2024-04-06 20:56:45 #13 type.registry] 
New type java.util.Vector<java.lang.Object>

[2024-04-06 20:56:45 #14 type.registry] 
New type java.util.ArrayList<domain.PaymentInfo>

[2024-04-06 20:56:45 #15 type.registry] 
New type java.util.Vector<domain.Ride>

------------------------------------------------------------------------------------------------------------------------

[2024-04-06 20:58:44 #1 store] 
Database 'C:\Users\pboad\git\repository\Rides24\src\main\resources\rides.temp' is opened by 32104@DESKTOP-RUEBSAP

[2024-04-06 20:58:44 #2 type.registry] 
New type domain.User

[2024-04-06 20:58:44 #3 type] 
Type domain.User is not enhanced.

[2024-04-06 20:58:44 #4 type.registry] 
New type domain.Traveler

[2024-04-06 20:58:44 #5 type] 
Type domain.Traveler is not enhanced.

[2024-04-06 20:58:44 #6 type.registry] 
New type domain.Ride

[2024-04-06 20:58:44 #7 type.registry] 
New type domain.PaymentInfo

[2024-04-06 20:58:44 #8 type] 
Type domain.Ride is not enhanced.

[2024-04-06 20:58:44 #9 type] 
Type domain.PaymentInfo is not enhanced.

[2024-04-06 20:58:44 #10 type.registry] 
New type domain.Driver

[2024-04-06 20:58:44 #11 type] 
Type domain.Driver is not enhanced.

[2024-04-06 20:58:44 #12 type.registry] 
New type java.util.ArrayList<java.lang.Object>

[2024-04-06 20:58:44 #13 type.registry] 
New type java.util.Vector<java.lang.Object>

[2024-04-06 20:58:44 #14 type.registry] 
New type java.util.ArrayList<domain.PaymentInfo>

[2024-04-06 20:58:44 #15 type.registry] 
New type java.util.Vector<domain.Ride>

------------------------------------------------------------------------------------------------------------------------

[2024-04-06 20:59:37 #1 store] 
Database 'C:\Users\pboad\git\repository\Rides24\src\main\resources\rides.temp' is opened by 14352@DESKTOP-RUEBSAP

[2024-04-06 20:59:37 #2 type.registry] 
New type domain.User

[2024-04-06 20:59:37 #3 type] 
Type domain.User is not enhanced.

[2024-04-06 20:59:37 #4 type.registry] 
New type domain.Traveler

[2024-04-06 20:59:37 #5 type] 
Type domain.Traveler is not enhanced.

[2024-04-06 20:59:37 #6 type.registry] 
New type domain.Ride

[2024-04-06 20:59:37 #7 type.registry] 
New type domain.PaymentInfo

[2024-04-06 20:59:37 #8 type] 
Type domain.Ride is not enhanced.

[2024-04-06 20:59:37 #9 type] 
Type domain.PaymentInfo is not enhanced.

[2024-04-06 20:59:37 #10 type.registry] 
New type domain.Driver

[2024-04-06 20:59:37 #11 type] 
Type domain.Driver is not enhanced.

[2024-04-06 20:59:37 #12 type.registry] 
New type java.util.ArrayList<java.lang.Object>

[2024-04-06 20:59:37 #13 type.registry] 
New type java.util.Vector<java.lang.Object>

[2024-04-06 20:59:37 #14 type.registry] 
New type java.util.ArrayList<domain.PaymentInfo>

[2024-04-06 20:59:37 #15 type.registry] 
New type java.util.Vector<domain.Ride>

------------------------------------------------------------------------------------------------------------------------

[2024-04-06 21:15:51 #1 store] 
Database 'C:\Users\pboad\git\repository\Rides24\src\main\resources\rides.temp' is opened by 20900@DESKTOP-RUEBSAP

[2024-04-06 21:15:51 #2 type.registry] 
New type domain.User

[2024-04-06 21:15:51 #3 type] 
Type domain.User is not enhanced.

[2024-04-06 21:15:51 #4 type.registry] 
New type domain.Traveler

[2024-04-06 21:15:51 #5 type] 
Type domain.Traveler is not enhanced.

[2024-04-06 21:15:51 #6 type.registry] 
New type domain.Ride

[2024-04-06 21:15:51 #7 type.registry] 
New type domain.PaymentInfo

[2024-04-06 21:15:51 #8 type] 
Type domain.Ride is not enhanced.

[2024-04-06 21:15:51 #9 type] 
Type domain.PaymentInfo is not enhanced.

[2024-04-06 21:15:51 #10 type.registry] 
New type domain.Driver

[2024-04-06 21:15:51 #11 type] 
Type domain.Driver is not enhanced.

[2024-04-06 21:15:51 #12 type.registry] 
New type java.util.ArrayList<java.lang.Object>

[2024-04-06 21:15:51 #13 type.registry] 
New type java.util.Vector<java.lang.Object>

[2024-04-06 21:15:51 #14 type.registry] 
New type java.util.ArrayList<domain.PaymentInfo>

[2024-04-06 21:15:51 #15 type.registry] 
New type java.util.Vector<domain.Ride>

------------------------------------------------------------------------------------------------------------------------

[2024-04-06 21:17:08 #1 store] 
Database 'C:\Users\pboad\git\repository\Rides24\src\main\resources\rides.temp' is opened by 27852@DESKTOP-RUEBSAP

[2024-04-06 21:17:08 #2 type.registry] 
New type domain.User

[2024-04-06 21:17:08 #3 type] 
Type domain.User is not enhanced.

[2024-04-06 21:17:08 #4 type.registry] 
New type domain.Traveler

[2024-04-06 21:17:08 #5 type] 
Type domain.Traveler is not enhanced.

[2024-04-06 21:17:08 #6 type.registry] 
New type domain.Ride

[2024-04-06 21:17:08 #7 type.registry] 
New type domain.PaymentInfo

[2024-04-06 21:17:08 #8 type] 
Type domain.Ride is not enhanced.

[2024-04-06 21:17:08 #9 type] 
Type domain.PaymentInfo is not enhanced.

[2024-04-06 21:17:08 #10 type.registry] 
New type domain.Driver

[2024-04-06 21:17:08 #11 type] 
Type domain.Driver is not enhanced.

[2024-04-06 21:17:08 #12 type.registry] 
New type java.util.ArrayList<java.lang.Object>

[2024-04-06 21:17:08 #13 type.registry] 
New type java.util.Vector<java.lang.Object>

[2024-04-06 21:17:08 #14 type.registry] 
New type java.util.ArrayList<domain.PaymentInfo>

[2024-04-06 21:17:08 #15 type.registry] 
New type java.util.Vector<domain.Ride>

------------------------------------------------------------------------------------------------------------------------

[2024-04-06 21:18:28 #1 store] 
Database 'C:\Users\pboad\git\repository\Rides24\src\main\resources\rides.temp' is opened by 24016@DESKTOP-RUEBSAP

[2024-04-06 21:18:28 #2 type.registry] 
New type domain.User

[2024-04-06 21:18:28 #3 type] 
Type domain.User is not enhanced.

[2024-04-06 21:18:28 #4 type.registry] 
New type domain.Traveler

[2024-04-06 21:18:28 #5 type] 
Type domain.Traveler is not enhanced.

[2024-04-06 21:18:28 #6 type.registry] 
New type domain.Ride

[2024-04-06 21:18:28 #7 type.registry] 
New type domain.PaymentInfo

[2024-04-06 21:18:28 #8 type] 
Type domain.Ride is not enhanced.

[2024-04-06 21:18:28 #9 type] 
Type domain.PaymentInfo is not enhanced.

[2024-04-06 21:18:28 #10 type.registry] 
New type domain.Driver

[2024-04-06 21:18:28 #11 type] 
Type domain.Driver is not enhanced.

[2024-04-06 21:18:28 #12 type.registry] 
New type java.util.ArrayList<java.lang.Object>

[2024-04-06 21:18:28 #13 type.registry] 
New type java.util.Vector<java.lang.Object>

[2024-04-06 21:18:28 #14 type.registry] 
New type java.util.ArrayList<domain.PaymentInfo>

[2024-04-06 21:18:28 #15 type.registry] 
New type java.util.Vector<domain.Ride>

------------------------------------------------------------------------------------------------------------------------

[2024-04-06 21:20:10 #1 store] 
Database 'C:\Users\pboad\git\repository\Rides24\src\main\resources\rides.temp' is opened by 28064@DESKTOP-RUEBSAP

[2024-04-06 21:20:10 #2 type.registry] 
New type domain.User

[2024-04-06 21:20:10 #3 type] 
Type domain.User is not enhanced.

[2024-04-06 21:20:10 #4 type.registry] 
New type domain.Traveler

[2024-04-06 21:20:10 #5 type] 
Type domain.Traveler is not enhanced.

[2024-04-06 21:20:10 #6 type.registry] 
New type domain.Ride

[2024-04-06 21:20:10 #7 type.registry] 
New type domain.PaymentInfo

[2024-04-06 21:20:10 #8 type] 
Type domain.Ride is not enhanced.

[2024-04-06 21:20:10 #9 type] 
Type domain.PaymentInfo is not enhanced.

[2024-04-06 21:20:10 #10 type.registry] 
New type domain.Driver

[2024-04-06 21:20:10 #11 type] 
Type domain.Driver is not enhanced.

[2024-04-06 21:20:10 #12 type.registry] 
New type java.util.ArrayList<java.lang.Object>

[2024-04-06 21:20:10 #13 type.registry] 
New type java.util.Vector<java.lang.Object>

[2024-04-06 21:20:10 #14 type.registry] 
New type java.util.ArrayList<domain.PaymentInfo>

[2024-04-06 21:20:10 #15 type.registry] 
New type java.util.Vector<domain.Ride>

------------------------------------------------------------------------------------------------------------------------

[2024-04-06 21:21:19 #1 store] 
Database 'C:\Users\pboad\git\repository\Rides24\src\main\resources\rides.temp' is opened by 13416@DESKTOP-RUEBSAP

[2024-04-06 21:21:19 #2 type.registry] 
New type domain.User

[2024-04-06 21:21:19 #3 type] 
Type domain.User is not enhanced.

[2024-04-06 21:21:19 #4 type.registry] 
New type domain.Traveler

[2024-04-06 21:21:19 #5 type] 
Type domain.Traveler is not enhanced.

[2024-04-06 21:21:19 #6 type.registry] 
New type domain.Ride

[2024-04-06 21:21:19 #7 type.registry] 
New type domain.PaymentInfo

[2024-04-06 21:21:19 #8 type] 
Type domain.Ride is not enhanced.

[2024-04-06 21:21:19 #9 type] 
Type domain.PaymentInfo is not enhanced.

[2024-04-06 21:21:19 #10 type.registry] 
New type domain.Driver

[2024-04-06 21:21:19 #11 type] 
Type domain.Driver is not enhanced.

[2024-04-06 21:21:19 #12 type.registry] 
New type java.util.ArrayList<java.lang.Object>

[2024-04-06 21:21:19 #13 type.registry] 
New type java.util.Vector<java.lang.Object>

[2024-04-06 21:21:19 #14 type.registry] 
New type java.util.ArrayList<domain.PaymentInfo>

[2024-04-06 21:21:19 #15 type.registry] 
New type java.util.Vector<domain.Ride>

------------------------------------------------------------------------------------------------------------------------

[2024-04-06 21:23:59 #1 store] 
Database 'C:\Users\pboad\git\repository\Rides24\src\main\resources\rides.temp' is opened by 28420@DESKTOP-RUEBSAP

[2024-04-06 21:23:59 #2 type.registry] 
New type domain.User

[2024-04-06 21:23:59 #3 type] 
Type domain.User is not enhanced.

[2024-04-06 21:23:59 #4 type.registry] 
New type domain.Traveler

[2024-04-06 21:23:59 #5 type] 
Type domain.Traveler is not enhanced.

[2024-04-06 21:23:59 #6 type.registry] 
New type domain.Ride

[2024-04-06 21:23:59 #7 type.registry] 
New type domain.PaymentInfo

[2024-04-06 21:23:59 #8 type] 
Type domain.Ride is not enhanced.

[2024-04-06 21:23:59 #9 type] 
Type domain.PaymentInfo is not enhanced.

[2024-04-06 21:23:59 #10 type.registry] 
New type domain.Driver

[2024-04-06 21:23:59 #11 type] 
Type domain.Driver is not enhanced.

[2024-04-06 21:23:59 #12 type.registry] 
New type java.util.ArrayList<java.lang.Object>

[2024-04-06 21:23:59 #13 type.registry] 
New type java.util.Vector<java.lang.Object>

[2024-04-06 21:23:59 #14 type.registry] 
New type java.util.ArrayList<domain.PaymentInfo>

[2024-04-06 21:23:59 #15 type.registry] 
New type java.util.Vector<domain.Ride>

------------------------------------------------------------------------------------------------------------------------

[2024-04-06 21:26:06 #1 store] 
Database 'C:\Users\pboad\git\repository\Rides24\src\main\resources\rides.temp' is opened by 10292@DESKTOP-RUEBSAP

[2024-04-06 21:26:06 #2 type.registry] 
New type domain.User

[2024-04-06 21:26:06 #3 type] 
Type domain.User is not enhanced.

[2024-04-06 21:26:06 #4 type.registry] 
New type domain.Traveler

[2024-04-06 21:26:06 #5 type] 
Type domain.Traveler is not enhanced.

[2024-04-06 21:26:06 #6 type.registry] 
New type domain.Ride

[2024-04-06 21:26:06 #7 type.registry] 
New type domain.PaymentInfo

[2024-04-06 21:26:06 #8 type] 
Type domain.Ride is not enhanced.

[2024-04-06 21:26:06 #9 type] 
Type domain.PaymentInfo is not enhanced.

[2024-04-06 21:26:06 #10 type.registry] 
New type domain.Driver

[2024-04-06 21:26:06 #11 type] 
Type domain.Driver is not enhanced.

[2024-04-06 21:26:06 #12 type.registry] 
New type java.util.ArrayList<java.lang.Object>

[2024-04-06 21:26:06 #13 type.registry] 
New type java.util.Vector<java.lang.Object>

[2024-04-06 21:26:06 #14 type.registry] 
New type java.util.ArrayList<domain.PaymentInfo>

[2024-04-06 21:26:06 #15 type.registry] 
New type java.util.Vector<domain.Ride>

------------------------------------------------------------------------------------------------------------------------

[2024-04-06 21:26:51 #1 store] 
Database 'C:\Users\pboad\git\repository\Rides24\src\main\resources\rides.temp' is opened by 30984@DESKTOP-RUEBSAP

[2024-04-06 21:26:51 #2 type.registry] 
New type domain.User

[2024-04-06 21:26:51 #3 type] 
Type domain.User is not enhanced.

[2024-04-06 21:26:51 #4 type.registry] 
New type domain.Traveler

[2024-04-06 21:26:51 #5 type] 
Type domain.Traveler is not enhanced.

[2024-04-06 21:26:51 #6 type.registry] 
New type domain.Ride

[2024-04-06 21:26:51 #7 type.registry] 
New type domain.PaymentInfo

[2024-04-06 21:26:51 #8 type] 
Type domain.Ride is not enhanced.

[2024-04-06 21:26:51 #9 type] 
Type domain.PaymentInfo is not enhanced.

[2024-04-06 21:26:51 #10 type.registry] 
New type domain.Driver

[2024-04-06 21:26:51 #11 type] 
Type domain.Driver is not enhanced.

[2024-04-06 21:26:51 #12 type.registry] 
New type java.util.ArrayList<java.lang.Object>

[2024-04-06 21:26:51 #13 type.registry] 
New type java.util.Vector<java.lang.Object>

[2024-04-06 21:26:51 #14 type.registry] 
New type java.util.ArrayList<domain.PaymentInfo>

[2024-04-06 21:26:51 #15 type.registry] 
New type java.util.Vector<domain.Ride>

------------------------------------------------------------------------------------------------------------------------

[2024-04-06 21:27:16 #1 store] 
Database 'C:\Users\pboad\git\repository\Rides24\src\main\resources\rides.temp' is opened by 18284@DESKTOP-RUEBSAP

[2024-04-06 21:27:16 #2 type.registry] 
New type domain.User

[2024-04-06 21:27:16 #3 type] 
Type domain.User is not enhanced.

[2024-04-06 21:27:16 #4 type.registry] 
New type domain.Traveler

[2024-04-06 21:27:16 #5 type] 
Type domain.Traveler is not enhanced.

[2024-04-06 21:27:16 #6 type.registry] 
New type domain.Ride

[2024-04-06 21:27:16 #7 type.registry] 
New type domain.PaymentInfo

[2024-04-06 21:27:16 #8 type] 
Type domain.Ride is not enhanced.

[2024-04-06 21:27:16 #9 type] 
Type domain.PaymentInfo is not enhanced.

[2024-04-06 21:27:16 #10 type.registry] 
New type domain.Driver

[2024-04-06 21:27:16 #11 type] 
Type domain.Driver is not enhanced.

[2024-04-06 21:27:16 #12 type.registry] 
New type java.util.ArrayList<java.lang.Object>

[2024-04-06 21:27:16 #13 type.registry] 
New type java.util.Vector<java.lang.Object>

[2024-04-06 21:27:16 #14 type.registry] 
New type java.util.ArrayList<domain.PaymentInfo>

[2024-04-06 21:27:16 #15 type.registry] 
New type java.util.Vector<domain.Ride>

------------------------------------------------------------------------------------------------------------------------

[2024-04-06 21:28:11 #1 store] 
Database 'C:\Users\pboad\git\repository\Rides24\src\main\resources\rides.temp' is opened by 31532@DESKTOP-RUEBSAP

[2024-04-06 21:28:11 #2 type.registry] 
New type domain.User

[2024-04-06 21:28:11 #3 type] 
Type domain.User is not enhanced.

[2024-04-06 21:28:11 #4 type.registry] 
New type domain.Traveler

[2024-04-06 21:28:11 #5 type] 
Type domain.Traveler is not enhanced.

[2024-04-06 21:28:11 #6 type.registry] 
New type domain.Ride

[2024-04-06 21:28:11 #7 type.registry] 
New type domain.PaymentInfo

[2024-04-06 21:28:11 #8 type] 
Type domain.Ride is not enhanced.

[2024-04-06 21:28:11 #9 type] 
Type domain.PaymentInfo is not enhanced.

[2024-04-06 21:28:11 #10 type.registry] 
New type domain.Driver

[2024-04-06 21:28:11 #11 type] 
Type domain.Driver is not enhanced.

[2024-04-06 21:28:11 #12 type.registry] 
New type java.util.ArrayList<java.lang.Object>

[2024-04-06 21:28:11 #13 type.registry] 
New type java.util.Vector<java.lang.Object>

[2024-04-06 21:28:11 #14 type.registry] 
New type java.util.ArrayList<domain.PaymentInfo>

[2024-04-06 21:28:11 #15 type.registry] 
New type java.util.Vector<domain.Ride>

------------------------------------------------------------------------------------------------------------------------

[2024-04-06 21:29:48 #1 store] 
Database 'C:\Users\pboad\git\repository\Rides24\src\main\resources\rides.temp' is opened by 10664@DESKTOP-RUEBSAP

[2024-04-06 21:29:48 #2 type.registry] 
New type domain.User

[2024-04-06 21:29:48 #3 type] 
Type domain.User is not enhanced.

[2024-04-06 21:29:48 #4 type.registry] 
New type domain.Traveler

[2024-04-06 21:29:48 #5 type] 
Type domain.Traveler is not enhanced.

[2024-04-06 21:29:48 #6 type.registry] 
New type domain.Ride

[2024-04-06 21:29:48 #7 type.registry] 
New type domain.PaymentInfo

[2024-04-06 21:29:48 #8 type] 
Type domain.Ride is not enhanced.

[2024-04-06 21:29:48 #9 type] 
Type domain.PaymentInfo is not enhanced.

[2024-04-06 21:29:48 #10 type.registry] 
New type domain.Driver

[2024-04-06 21:29:48 #11 type] 
Type domain.Driver is not enhanced.

[2024-04-06 21:29:48 #12 type.registry] 
New type java.util.ArrayList<java.lang.Object>

[2024-04-06 21:29:48 #13 type.registry] 
New type java.util.Vector<java.lang.Object>

[2024-04-06 21:29:48 #14 type.registry] 
New type java.util.ArrayList<domain.PaymentInfo>

[2024-04-06 21:29:48 #15 type.registry] 
New type java.util.Vector<domain.Ride>

------------------------------------------------------------------------------------------------------------------------

[2024-04-06 21:33:38 #1 store] 
Database 'C:\Users\pboad\git\repository\Rides24\src\main\resources\rides.temp' is opened by 32140@DESKTOP-RUEBSAP

[2024-04-06 21:33:38 #2 type.registry] 
New type domain.User

[2024-04-06 21:33:38 #3 type] 
Type domain.User is not enhanced.

[2024-04-06 21:33:38 #4 type.registry] 
New type domain.Traveler

[2024-04-06 21:33:38 #5 type] 
Type domain.Traveler is not enhanced.

[2024-04-06 21:33:38 #6 type.registry] 
New type domain.Ride

[2024-04-06 21:33:38 #7 type.registry] 
New type domain.PaymentInfo

[2024-04-06 21:33:38 #8 type] 
Type domain.Ride is not enhanced.

[2024-04-06 21:33:38 #9 type] 
Type domain.PaymentInfo is not enhanced.

[2024-04-06 21:33:38 #10 type.registry] 
New type domain.Driver

[2024-04-06 21:33:38 #11 type] 
Type domain.Driver is not enhanced.

[2024-04-06 21:33:38 #12 type.registry] 
New type java.util.ArrayList<java.lang.Object>

[2024-04-06 21:33:38 #13 type.registry] 
New type java.util.Vector<java.lang.Object>

[2024-04-06 21:33:38 #14 type.registry] 
New type java.util.ArrayList<domain.PaymentInfo>

[2024-04-06 21:33:38 #15 type.registry] 
New type java.util.Vector<domain.Ride>

------------------------------------------------------------------------------------------------------------------------

[2024-04-06 21:36:50 #1 store] 
Database 'C:\Users\pboad\git\repository\Rides24\src\main\resources\rides.temp' is opened by 3176@DESKTOP-RUEBSAP

[2024-04-06 21:36:50 #2 type.registry] 
New type domain.User

[2024-04-06 21:36:50 #3 type] 
Type domain.User is not enhanced.

[2024-04-06 21:36:50 #4 type.registry] 
New type domain.Traveler

[2024-04-06 21:36:50 #5 type] 
Type domain.Traveler is not enhanced.

[2024-04-06 21:36:50 #6 type.registry] 
New type domain.Ride

[2024-04-06 21:36:50 #7 type.registry] 
New type domain.PaymentInfo

[2024-04-06 21:36:50 #8 type] 
Type domain.Ride is not enhanced.

[2024-04-06 21:36:50 #9 type] 
Type domain.PaymentInfo is not enhanced.

[2024-04-06 21:36:50 #10 type.registry] 
New type domain.Driver

[2024-04-06 21:36:50 #11 type] 
Type domain.Driver is not enhanced.

[2024-04-06 21:36:50 #12 type.registry] 
New type java.util.ArrayList<java.lang.Object>

[2024-04-06 21:36:50 #13 type.registry] 
New type java.util.Vector<java.lang.Object>

[2024-04-06 21:36:50 #14 type.registry] 
New type java.util.ArrayList<domain.PaymentInfo>

[2024-04-06 21:36:50 #15 type.registry] 
New type java.util.Vector<domain.Ride>

------------------------------------------------------------------------------------------------------------------------

[2024-04-06 21:37:44 #1 store] 
Database 'C:\Users\pboad\git\repository\Rides24\src\main\resources\rides.temp' is opened by 10608@DESKTOP-RUEBSAP

[2024-04-06 21:37:44 #2 type.registry] 
New type domain.User

[2024-04-06 21:37:44 #3 type] 
Type domain.User is not enhanced.

[2024-04-06 21:37:44 #4 type.registry] 
New type domain.Traveler

[2024-04-06 21:37:44 #5 type] 
Type domain.Traveler is not enhanced.

[2024-04-06 21:37:44 #6 type.registry] 
New type domain.Ride

[2024-04-06 21:37:44 #7 type.registry] 
New type domain.PaymentInfo

[2024-04-06 21:37:44 #8 type] 
Type domain.Ride is not enhanced.

[2024-04-06 21:37:44 #9 type] 
Type domain.PaymentInfo is not enhanced.

[2024-04-06 21:37:44 #10 type.registry] 
New type domain.Driver

[2024-04-06 21:37:44 #11 type] 
Type domain.Driver is not enhanced.

[2024-04-06 21:37:44 #12 type.registry] 
New type java.util.ArrayList<java.lang.Object>

[2024-04-06 21:37:44 #13 type.registry] 
New type java.util.Vector<java.lang.Object>

[2024-04-06 21:37:44 #14 type.registry] 
New type java.util.ArrayList<domain.PaymentInfo>

[2024-04-06 21:37:44 #15 type.registry] 
New type java.util.Vector<domain.Ride>

------------------------------------------------------------------------------------------------------------------------

[2024-04-06 21:37:59 #1 store] 
Database 'C:\Users\pboad\git\repository\Rides24\src\main\resources\rides.temp' is opened by 29024@DESKTOP-RUEBSAP

[2024-04-06 21:37:59 #2 type.registry] 
New type domain.User

[2024-04-06 21:37:59 #3 type] 
Type domain.User is not enhanced.

[2024-04-06 21:37:59 #4 type.registry] 
New type domain.Traveler

[2024-04-06 21:37:59 #5 type] 
Type domain.Traveler is not enhanced.

[2024-04-06 21:37:59 #6 type.registry] 
New type domain.Ride

[2024-04-06 21:37:59 #7 type.registry] 
New type domain.PaymentInfo

[2024-04-06 21:37:59 #8 type] 
Type domain.Ride is not enhanced.

[2024-04-06 21:37:59 #9 type] 
Type domain.PaymentInfo is not enhanced.

[2024-04-06 21:37:59 #10 type.registry] 
New type domain.Driver

[2024-04-06 21:37:59 #11 type] 
Type domain.Driver is not enhanced.

[2024-04-06 21:37:59 #12 type.registry] 
New type java.util.ArrayList<java.lang.Object>

[2024-04-06 21:37:59 #13 type.registry] 
New type java.util.Vector<java.lang.Object>

[2024-04-06 21:37:59 #14 type.registry] 
New type java.util.ArrayList<domain.PaymentInfo>

[2024-04-06 21:37:59 #15 type.registry] 
New type java.util.Vector<domain.Ride>

------------------------------------------------------------------------------------------------------------------------

[2024-04-06 21:54:24 #1 store] 
Database 'C:\Users\pboad\git\repository\Rides24\src\main\resources\rides.temp' is opened by 8508@DESKTOP-RUEBSAP

[2024-04-06 21:54:24 #2 type.registry] 
New type domain.User

[2024-04-06 21:54:24 #3 type] 
Type domain.User is not enhanced.

[2024-04-06 21:54:24 #4 type.registry] 
New type domain.Traveler

[2024-04-06 21:54:24 #5 type] 
Type domain.Traveler is not enhanced.

[2024-04-06 21:54:24 #6 type.registry] 
New type domain.Ride

[2024-04-06 21:54:24 #7 type.registry] 
New type domain.PaymentInfo

[2024-04-06 21:54:24 #8 type] 
Type domain.Ride is not enhanced.

[2024-04-06 21:54:24 #9 type] 
Type domain.PaymentInfo is not enhanced.

[2024-04-06 21:54:24 #10 type.registry] 
New type domain.Driver

[2024-04-06 21:54:24 #11 type] 
Type domain.Driver is not enhanced.

[2024-04-06 21:54:24 #12 type.registry] 
New type java.util.ArrayList<java.lang.Object>

[2024-04-06 21:54:24 #13 type.registry] 
New type java.util.Vector<java.lang.Object>

[2024-04-06 21:54:24 #14 type.registry] 
New type java.util.ArrayList<domain.PaymentInfo>

[2024-04-06 21:54:24 #15 type.registry] 
New type java.util.Vector<domain.Ride>

------------------------------------------------------------------------------------------------------------------------

[2024-04-06 21:56:38 #1 store] 
Database 'C:\Users\pboad\git\repository\Rides24\src\main\resources\rides.temp' is opened by 26480@DESKTOP-RUEBSAP

[2024-04-06 21:56:38 #2 type.registry] 
New type domain.User

[2024-04-06 21:56:38 #3 type] 
Type domain.User is not enhanced.

[2024-04-06 21:56:38 #4 type.registry] 
New type domain.Traveler

[2024-04-06 21:56:38 #5 type] 
Type domain.Traveler is not enhanced.

[2024-04-06 21:56:38 #6 type.registry] 
New type domain.Ride

[2024-04-06 21:56:38 #7 type.registry] 
New type domain.PaymentInfo

[2024-04-06 21:56:38 #8 type] 
Type domain.Ride is not enhanced.

[2024-04-06 21:56:38 #9 type] 
Type domain.PaymentInfo is not enhanced.

[2024-04-06 21:56:38 #10 type.registry] 
New type domain.Driver

[2024-04-06 21:56:38 #11 type] 
Type domain.Driver is not enhanced.

[2024-04-06 21:56:38 #12 type.registry] 
New type java.util.ArrayList<java.lang.Object>

[2024-04-06 21:56:38 #13 type.registry] 
New type java.util.Vector<java.lang.Object>

[2024-04-06 21:56:38 #14 type.registry] 
New type java.util.ArrayList<domain.PaymentInfo>

[2024-04-06 21:56:38 #15 type.registry] 
New type java.util.Vector<domain.Ride>

------------------------------------------------------------------------------------------------------------------------

[2024-04-06 21:56:45 #1 store] 
Database 'C:\Users\pboad\git\repository\Rides24\src\main\resources\rides.temp' is opened by 11672@DESKTOP-RUEBSAP

[2024-04-06 21:56:45 #2 type.registry] 
New type domain.User

[2024-04-06 21:56:45 #3 type] 
Type domain.User is not enhanced.

[2024-04-06 21:56:45 #4 type.registry] 
New type domain.Traveler

[2024-04-06 21:56:45 #5 type] 
Type domain.Traveler is not enhanced.

[2024-04-06 21:56:45 #6 type.registry] 
New type domain.Ride

[2024-04-06 21:56:45 #7 type.registry] 
New type domain.PaymentInfo

[2024-04-06 21:56:45 #8 type] 
Type domain.Ride is not enhanced.

[2024-04-06 21:56:46 #9 type] 
Type domain.PaymentInfo is not enhanced.

[2024-04-06 21:56:46 #10 type.registry] 
New type domain.Driver

[2024-04-06 21:56:46 #11 type] 
Type domain.Driver is not enhanced.

[2024-04-06 21:56:46 #12 type.registry] 
New type java.util.ArrayList<java.lang.Object>

[2024-04-06 21:56:46 #13 type.registry] 
New type java.util.Vector<java.lang.Object>

[2024-04-06 21:56:46 #14 type.registry] 
New type java.util.ArrayList<domain.PaymentInfo>

[2024-04-06 21:56:46 #15 type.registry] 
New type java.util.Vector<domain.Ride>

------------------------------------------------------------------------------------------------------------------------

[2024-04-06 22:00:12 #1 store] 
Database 'C:\Users\pboad\git\repository\Rides24\src\main\resources\rides.temp' is opened by 34092@DESKTOP-RUEBSAP

[2024-04-06 22:00:12 #2 type.registry] 
New type domain.User

[2024-04-06 22:00:12 #3 type] 
Type domain.User is not enhanced.

[2024-04-06 22:00:12 #4 type.registry] 
New type domain.Traveler

[2024-04-06 22:00:12 #5 type] 
Type domain.Traveler is not enhanced.

[2024-04-06 22:00:12 #6 type.registry] 
New type domain.Ride

[2024-04-06 22:00:12 #7 type.registry] 
New type domain.PaymentInfo

[2024-04-06 22:00:12 #8 type] 
Type domain.Ride is not enhanced.

[2024-04-06 22:00:12 #9 type] 
Type domain.PaymentInfo is not enhanced.

[2024-04-06 22:00:12 #10 type.registry] 
New type domain.Driver

[2024-04-06 22:00:12 #11 type] 
Type domain.Driver is not enhanced.

[2024-04-06 22:00:12 #12 type.registry] 
New type java.util.ArrayList<java.lang.Object>

[2024-04-06 22:00:12 #13 type.registry] 
New type java.util.Vector<java.lang.Object>

[2024-04-06 22:00:12 #14 type.registry] 
New type java.util.ArrayList<domain.PaymentInfo>

[2024-04-06 22:00:12 #15 type.registry] 
New type java.util.Vector<domain.Ride>

------------------------------------------------------------------------------------------------------------------------

[2024-04-06 22:04:28 #1 store] 
Database 'C:\Users\pboad\git\repository\Rides24\src\main\resources\rides.temp' is opened by 35352@DESKTOP-RUEBSAP

[2024-04-06 22:04:28 #2 type.registry] 
New type domain.User

[2024-04-06 22:04:28 #3 type] 
Type domain.User is not enhanced.

[2024-04-06 22:04:28 #4 type.registry] 
New type domain.Traveler

[2024-04-06 22:04:28 #5 type] 
Type domain.Traveler is not enhanced.

[2024-04-06 22:04:28 #6 type.registry] 
New type domain.Ride

[2024-04-06 22:04:28 #7 type.registry] 
New type domain.PaymentInfo

[2024-04-06 22:04:28 #8 type] 
Type domain.Ride is not enhanced.

[2024-04-06 22:04:28 #9 type] 
Type domain.PaymentInfo is not enhanced.

[2024-04-06 22:04:28 #10 type.registry] 
New type domain.Driver

[2024-04-06 22:04:28 #11 type] 
Type domain.Driver is not enhanced.

[2024-04-06 22:04:28 #12 type.registry] 
New type java.util.ArrayList<java.lang.Object>

[2024-04-06 22:04:28 #13 type.registry] 
New type java.util.Vector<java.lang.Object>

[2024-04-06 22:04:28 #14 type.registry] 
New type java.util.ArrayList<domain.PaymentInfo>

[2024-04-06 22:04:28 #15 type.registry] 
New type java.util.Vector<domain.Ride>

------------------------------------------------------------------------------------------------------------------------

[2024-04-06 22:05:27 #1 store] 
Database 'C:\Users\pboad\git\repository\Rides24\src\main\resources\rides.temp' is opened by 35284@DESKTOP-RUEBSAP

[2024-04-06 22:05:27 #2 type.registry] 
New type domain.User

[2024-04-06 22:05:27 #3 type] 
Type domain.User is not enhanced.

[2024-04-06 22:05:27 #4 type.registry] 
New type domain.Traveler

[2024-04-06 22:05:27 #5 type] 
Type domain.Traveler is not enhanced.

[2024-04-06 22:05:27 #6 type.registry] 
New type domain.Ride

[2024-04-06 22:05:27 #7 type.registry] 
New type domain.PaymentInfo

[2024-04-06 22:05:27 #8 type] 
Type domain.Ride is not enhanced.

[2024-04-06 22:05:27 #9 type] 
Type domain.PaymentInfo is not enhanced.

[2024-04-06 22:05:27 #10 type.registry] 
New type domain.Driver

[2024-04-06 22:05:27 #11 type] 
Type domain.Driver is not enhanced.

[2024-04-06 22:05:27 #12 type.registry] 
New type java.util.ArrayList<java.lang.Object>

[2024-04-06 22:05:27 #13 type.registry] 
New type java.util.Vector<java.lang.Object>

[2024-04-06 22:05:27 #14 type.registry] 
New type java.util.ArrayList<domain.PaymentInfo>

[2024-04-06 22:05:27 #15 type.registry] 
New type java.util.Vector<domain.Ride>

------------------------------------------------------------------------------------------------------------------------

[2024-04-06 22:11:07 #1 store] 
Database 'C:\Users\pboad\git\repository\Rides24\src\main\resources\rides.temp' is opened by 33956@DESKTOP-RUEBSAP

[2024-04-06 22:11:07 #2 type.registry] 
New type domain.User

[2024-04-06 22:11:07 #3 type] 
Type domain.User is not enhanced.

[2024-04-06 22:11:07 #4 type.registry] 
New type domain.Traveler

[2024-04-06 22:11:07 #5 type] 
Type domain.Traveler is not enhanced.

[2024-04-06 22:11:07 #6 type.registry] 
New type domain.Ride

[2024-04-06 22:11:07 #7 type.registry] 
New type domain.PaymentInfo

[2024-04-06 22:11:07 #8 type] 
Type domain.Ride is not enhanced.

[2024-04-06 22:11:07 #9 type] 
Type domain.PaymentInfo is not enhanced.

[2024-04-06 22:11:07 #10 type.registry] 
New type domain.Driver

[2024-04-06 22:11:07 #11 type] 
Type domain.Driver is not enhanced.

[2024-04-06 22:11:07 #12 type.registry] 
New type java.util.ArrayList<java.lang.Object>

[2024-04-06 22:11:07 #13 type.registry] 
New type java.util.Vector<java.lang.Object>

[2024-04-06 22:11:07 #14 type.registry] 
New type java.util.ArrayList<domain.PaymentInfo>

[2024-04-06 22:11:07 #15 type.registry] 
New type java.util.Vector<domain.Ride>

------------------------------------------------------------------------------------------------------------------------

[2024-04-06 22:14:22 #1 store] 
Database 'C:\Users\pboad\git\repository\Rides24\src\main\resources\rides.temp' is opened by 35060@DESKTOP-RUEBSAP

[2024-04-06 22:14:22 #2 type.registry] 
New type domain.User

[2024-04-06 22:14:22 #3 type] 
Type domain.User is not enhanced.

[2024-04-06 22:14:22 #4 type.registry] 
New type domain.Traveler

[2024-04-06 22:14:22 #5 type] 
Type domain.Traveler is not enhanced.

[2024-04-06 22:14:22 #6 type.registry] 
New type domain.Ride

[2024-04-06 22:14:22 #7 type.registry] 
New type domain.PaymentInfo

[2024-04-06 22:14:22 #8 type] 
Type domain.Ride is not enhanced.

[2024-04-06 22:14:22 #9 type] 
Type domain.PaymentInfo is not enhanced.

[2024-04-06 22:14:22 #10 type.registry] 
New type domain.Driver

[2024-04-06 22:14:22 #11 type] 
Type domain.Driver is not enhanced.

[2024-04-06 22:14:22 #12 type.registry] 
New type java.util.ArrayList<java.lang.Object>

[2024-04-06 22:14:22 #13 type.registry] 
New type java.util.Vector<java.lang.Object>

[2024-04-06 22:14:22 #14 type.registry] 
New type java.util.ArrayList<domain.PaymentInfo>

[2024-04-06 22:14:22 #15 type.registry] 
New type java.util.Vector<domain.Ride>

------------------------------------------------------------------------------------------------------------------------

[2024-04-06 22:17:24 #1 store] 
Database 'C:\Users\pboad\git\repository\Rides24\src\main\resources\rides.temp' is opened by 31732@DESKTOP-RUEBSAP

[2024-04-06 22:17:24 #2 type.registry] 
New type domain.User

[2024-04-06 22:17:24 #3 type] 
Type domain.User is not enhanced.

[2024-04-06 22:17:24 #4 type.registry] 
New type domain.Traveler

[2024-04-06 22:17:24 #5 type] 
Type domain.Traveler is not enhanced.

[2024-04-06 22:17:24 #6 type.registry] 
New type domain.Ride

[2024-04-06 22:17:24 #7 type.registry] 
New type domain.PaymentInfo

[2024-04-06 22:17:24 #8 type] 
Type domain.Ride is not enhanced.

[2024-04-06 22:17:24 #9 type] 
Type domain.PaymentInfo is not enhanced.

[2024-04-06 22:17:24 #10 type.registry] 
New type domain.Driver

[2024-04-06 22:17:24 #11 type] 
Type domain.Driver is not enhanced.

[2024-04-06 22:17:24 #12 type.registry] 
New type java.util.ArrayList<java.lang.Object>

[2024-04-06 22:17:24 #13 type.registry] 
New type java.util.Vector<java.lang.Object>

[2024-04-06 22:17:24 #14 type.registry] 
New type java.util.ArrayList<domain.PaymentInfo>

[2024-04-06 22:17:24 #15 type.registry] 
New type java.util.Vector<domain.Ride>

------------------------------------------------------------------------------------------------------------------------

[2024-04-06 22:18:23 #1 store] 
Database 'C:\Users\pboad\git\repository\Rides24\src\main\resources\rides.temp' is opened by 32796@DESKTOP-RUEBSAP

[2024-04-06 22:18:23 #2 type.registry] 
New type domain.User

[2024-04-06 22:18:23 #3 type] 
Type domain.User is not enhanced.

[2024-04-06 22:18:23 #4 type.registry] 
New type domain.Traveler

[2024-04-06 22:18:23 #5 type] 
Type domain.Traveler is not enhanced.

[2024-04-06 22:18:23 #6 type.registry] 
New type domain.Ride

[2024-04-06 22:18:23 #7 type.registry] 
New type domain.PaymentInfo

[2024-04-06 22:18:23 #8 type] 
Type domain.Ride is not enhanced.

[2024-04-06 22:18:23 #9 type] 
Type domain.PaymentInfo is not enhanced.

[2024-04-06 22:18:23 #10 type.registry] 
New type domain.Driver

[2024-04-06 22:18:23 #11 type] 
Type domain.Driver is not enhanced.

[2024-04-06 22:18:23 #12 type.registry] 
New type java.util.ArrayList<java.lang.Object>

[2024-04-06 22:18:23 #13 type.registry] 
New type java.util.Vector<java.lang.Object>

[2024-04-06 22:18:23 #14 type.registry] 
New type java.util.ArrayList<domain.PaymentInfo>

[2024-04-06 22:18:23 #15 type.registry] 
New type java.util.Vector<domain.Ride>

------------------------------------------------------------------------------------------------------------------------

[2024-04-06 22:20:17 #1 store] 
Database 'C:\Users\pboad\git\repository\Rides24\src\main\resources\rides.temp' is opened by 30504@DESKTOP-RUEBSAP

[2024-04-06 22:20:17 #2 type.registry] 
New type domain.User

[2024-04-06 22:20:17 #3 type] 
Type domain.User is not enhanced.

[2024-04-06 22:20:17 #4 type.registry] 
New type domain.Traveler

[2024-04-06 22:20:17 #5 type] 
Type domain.Traveler is not enhanced.

[2024-04-06 22:20:17 #6 type.registry] 
New type domain.Ride

[2024-04-06 22:20:17 #7 type.registry] 
New type domain.PaymentInfo

[2024-04-06 22:20:17 #8 type] 
Type domain.Ride is not enhanced.

[2024-04-06 22:20:17 #9 type] 
Type domain.PaymentInfo is not enhanced.

[2024-04-06 22:20:17 #10 type.registry] 
New type domain.Driver

[2024-04-06 22:20:17 #11 type] 
Type domain.Driver is not enhanced.

[2024-04-06 22:20:17 #12 type.registry] 
New type java.util.ArrayList<java.lang.Object>

[2024-04-06 22:20:17 #13 type.registry] 
New type java.util.Vector<java.lang.Object>

[2024-04-06 22:20:17 #14 type.registry] 
New type java.util.ArrayList<domain.PaymentInfo>

[2024-04-06 22:20:17 #15 type.registry] 
New type java.util.Vector<domain.Ride>

------------------------------------------------------------------------------------------------------------------------

[2024-04-06 22:23:39 #1 store] 
Database 'C:\Users\pboad\git\repository\Rides24\src\main\resources\rides.temp' is opened by 31872@DESKTOP-RUEBSAP

[2024-04-06 22:23:39 #2 type.registry] 
New type domain.User

[2024-04-06 22:23:39 #3 type] 
Type domain.User is not enhanced.

[2024-04-06 22:23:39 #4 type.registry] 
New type domain.Traveler

[2024-04-06 22:23:39 #5 type] 
Type domain.Traveler is not enhanced.

[2024-04-06 22:23:39 #6 type.registry] 
New type domain.Ride

[2024-04-06 22:23:39 #7 type.registry] 
New type domain.PaymentInfo

[2024-04-06 22:23:39 #8 type] 
Type domain.Ride is not enhanced.

[2024-04-06 22:23:39 #9 type] 
Type domain.PaymentInfo is not enhanced.

[2024-04-06 22:23:39 #10 type.registry] 
New type domain.Driver

[2024-04-06 22:23:39 #11 type] 
Type domain.Driver is not enhanced.

[2024-04-06 22:23:39 #12 type.registry] 
New type java.util.ArrayList<java.lang.Object>

[2024-04-06 22:23:39 #13 type.registry] 
New type java.util.Vector<java.lang.Object>

[2024-04-06 22:23:39 #14 type.registry] 
New type java.util.ArrayList<domain.PaymentInfo>

[2024-04-06 22:23:39 #15 type.registry] 
New type java.util.Vector<domain.Ride>

