------------------------------------------------------------------------------------------------------------------------

[2024-03-23 11:00:40 #1 store] 
Database 'C:\Users\pboad\git\repository\Rides24\src\main\resources\rides.temp' is opened by 65548@DESKTOP-RUEBSAP

[2024-03-23 11:00:40 #2 type.registry] 
New type domain.User

[2024-03-23 11:00:40 #3 type] 
Type domain.User is not enhanced.

[2024-03-23 11:00:40 #4 type.registry] 
New type domain.Driver

[2024-03-23 11:00:40 #5 type] 
Type domain.Driver is not enhanced.

[2024-03-23 11:00:40 #6 type.registry] 
New type domain.Ride

[2024-03-23 11:00:40 #7 type] 
Type domain.Ride is not enhanced.

[2024-03-23 11:00:40 #8 type.registry] 
New type domain.Traveler

[2024-03-23 11:00:40 #9 type] 
Type domain.Traveler is not enhanced.

[2024-03-23 11:00:40 #10 type.registry] 
New type java.util.Vector<java.lang.Object>

[2024-03-23 11:00:40 #11 type.registry] 
New type java.util.Vector<domain.Ride>

------------------------------------------------------------------------------------------------------------------------

[2024-03-23 11:07:20 #1 store] 
Database 'C:\Users\pboad\git\repository\Rides24\src\main\resources\rides.temp' is opened by 57072@DESKTOP-RUEBSAP

[2024-03-23 11:07:20 #2 type.registry] 
New type domain.User

[2024-03-23 11:07:20 #3 type] 
Type domain.User is not enhanced.

[2024-03-23 11:07:20 #4 type.registry] 
New type domain.Driver

[2024-03-23 11:07:20 #5 type] 
Type domain.Driver is not enhanced.

[2024-03-23 11:07:20 #6 type.registry] 
New type domain.Ride

[2024-03-23 11:07:20 #7 type] 
Type domain.Ride is not enhanced.

[2024-03-23 11:07:20 #8 type.registry] 
New type domain.Traveler

[2024-03-23 11:07:20 #9 type] 
Type domain.Traveler is not enhanced.

[2024-03-23 11:07:20 #10 type.registry] 
New type java.util.Vector<java.lang.Object>

[2024-03-23 11:07:20 #11 type.registry] 
New type java.util.Vector<domain.Ride>

------------------------------------------------------------------------------------------------------------------------

[2024-03-23 11:15:18 #1 store] 
Database 'C:\Users\pboad\git\repository\Rides24\src\main\resources\rides.temp' is opened by 68640@DESKTOP-RUEBSAP

[2024-03-23 11:15:18 #2 type.registry] 
New type domain.User

[2024-03-23 11:15:18 #3 type] 
Type domain.User is not enhanced.

[2024-03-23 11:15:18 #4 type.registry] 
New type domain.Driver

[2024-03-23 11:15:18 #5 type] 
Type domain.Driver is not enhanced.

[2024-03-23 11:15:18 #6 type.registry] 
New type domain.Ride

[2024-03-23 11:15:18 #7 type] 
Type domain.Ride is not enhanced.

[2024-03-23 11:15:18 #8 type.registry] 
New type domain.Traveler

[2024-03-23 11:15:18 #9 type] 
Type domain.Traveler is not enhanced.

[2024-03-23 11:15:18 #10 type.registry] 
New type java.util.Vector<java.lang.Object>

[2024-03-23 11:15:18 #11 type.registry] 
New type java.util.Vector<domain.Ride>

