------------------------------------------------------------------------------------------------------------------------

[2024-02-28 12:11:04 #1 store] 
Database 'C:\Users\pboad\eclipse-workspace\Rides24\src\main\resources\rides.temp' is opened by 64068@DESKTOP-RUEBSAP

[2024-02-28 12:11:04 #2 type.registry] 
New type domain.Driver

[2024-02-28 12:11:04 #3 type] 
Type domain.Driver is not enhanced.

[2024-02-28 12:11:04 #4 type.registry] 
New type domain.Ride

[2024-02-28 12:11:04 #5 type] 
Type domain.Ride is not enhanced.

[2024-02-28 12:11:04 #6 type.registry] 
New type java.util.Vector<java.lang.Object>

[2024-02-28 12:11:04 #7 type.registry] 
New type java.util.Vector<domain.Ride>

[2024-02-28 12:11:06 #8 type.registry] 
New type domain.User

[2024-02-28 12:11:06 #9 type] 
Type domain.User is not enhanced.

------------------------------------------------------------------------------------------------------------------------

[2024-02-28 12:18:46 #1 store] 
Database 'C:\Users\pboad\eclipse-workspace\Rides24\src\main\resources\rides.temp' is opened by 42780@DESKTOP-RUEBSAP

[2024-02-28 12:18:46 #2 type.registry] 
New type domain.Driver

[2024-02-28 12:18:46 #3 type] 
Type domain.Driver is not enhanced.

[2024-02-28 12:18:46 #4 type.registry] 
New type domain.Ride

[2024-02-28 12:18:46 #5 type] 
Type domain.Ride is not enhanced.

[2024-02-28 12:18:46 #6 type.registry] 
New type java.util.Vector<java.lang.Object>

[2024-02-28 12:18:46 #7 type.registry] 
New type java.util.Vector<domain.Ride>

[2024-02-28 12:18:48 #8 type.registry] 
New type domain.User

[2024-02-28 12:18:48 #9 type] 
Type domain.User is not enhanced.

------------------------------------------------------------------------------------------------------------------------

[2024-02-28 12:34:37 #1 store] 
Database 'C:\Users\pboad\eclipse-workspace\Rides24\src\main\resources\rides.temp' is opened by 69976@DESKTOP-RUEBSAP

[2024-02-28 12:34:37 #2 type.registry] 
New type domain.Driver

[2024-02-28 12:34:37 #3 type] 
Type domain.Driver is not enhanced.

[2024-02-28 12:34:37 #4 type.registry] 
New type domain.Ride

[2024-02-28 12:34:37 #5 type] 
Type domain.Ride is not enhanced.

[2024-02-28 12:34:37 #6 type.registry] 
New type java.util.Vector<java.lang.Object>

[2024-02-28 12:34:37 #7 type.registry] 
New type java.util.Vector<domain.Ride>

[2024-02-28 12:34:42 #8 type.registry] 
New type domain.User

[2024-02-28 12:34:42 #9 type] 
Type domain.User is not enhanced.

------------------------------------------------------------------------------------------------------------------------

[2024-02-28 12:37:14 #1 store] 
Database 'C:\Users\pboad\eclipse-workspace\Rides24\src\main\resources\rides.temp' is opened by 70704@DESKTOP-RUEBSAP

[2024-02-28 12:37:14 #2 type.registry] 
New type domain.Driver

[2024-02-28 12:37:14 #3 type] 
Type domain.Driver is not enhanced.

[2024-02-28 12:37:14 #4 type.registry] 
New type domain.Ride

[2024-02-28 12:37:14 #5 type] 
Type domain.Ride is not enhanced.

[2024-02-28 12:37:14 #6 type.registry] 
New type java.util.Vector<java.lang.Object>

[2024-02-28 12:37:14 #7 type.registry] 
New type java.util.Vector<domain.Ride>

[2024-02-28 12:37:18 #8 type.registry] 
New type domain.User

[2024-02-28 12:37:18 #9 type] 
Type domain.User is not enhanced.

[2024-02-28 12:37:18 #10 type.registry] 
New type domain.Traveler

[2024-02-28 12:37:18 #11 type] 
Type domain.Traveler is not enhanced.

------------------------------------------------------------------------------------------------------------------------

[2024-02-28 13:01:37 #1 store] 
Database 'C:\Users\pboad\eclipse-workspace\Rides24\src\main\resources\rides.temp' is opened by 66164@DESKTOP-RUEBSAP

[2024-02-28 13:01:37 #2 type.registry] 
New type domain.Driver

[2024-02-28 13:01:37 #3 type] 
Type domain.Driver is not enhanced.

[2024-02-28 13:01:37 #4 type.registry] 
New type domain.Ride

[2024-02-28 13:01:37 #5 type] 
Type domain.Ride is not enhanced.

[2024-02-28 13:01:37 #6 type.registry] 
New type java.util.Vector<java.lang.Object>

[2024-02-28 13:01:37 #7 type.registry] 
New type java.util.Vector<domain.Ride>

[2024-02-28 13:01:41 #8 type.registry] 
New type domain.User

[2024-02-28 13:01:41 #9 type] 
Type domain.User is not enhanced.

[2024-02-28 13:01:41 #10 type.registry] 
New type domain.Traveler

[2024-02-28 13:01:41 #11 type] 
Type domain.Traveler is not enhanced.

------------------------------------------------------------------------------------------------------------------------

[2024-02-28 13:02:54 #1 store] 
Database 'C:\Users\pboad\eclipse-workspace\Rides24\src\main\resources\rides.temp' is opened by 74700@DESKTOP-RUEBSAP

[2024-02-28 13:02:54 #2 type.registry] 
New type domain.Driver

[2024-02-28 13:02:54 #3 type] 
Type domain.Driver is not enhanced.

[2024-02-28 13:02:54 #4 type.registry] 
New type domain.Ride

[2024-02-28 13:02:54 #5 type] 
Type domain.Ride is not enhanced.

[2024-02-28 13:02:54 #6 type.registry] 
New type java.util.Vector<java.lang.Object>

[2024-02-28 13:02:54 #7 type.registry] 
New type java.util.Vector<domain.Ride>

[2024-02-28 13:03:01 #8 type.registry] 
New type domain.User

[2024-02-28 13:03:01 #9 type] 
Type domain.User is not enhanced.

[2024-02-28 13:03:01 #10 type.registry] 
New type domain.Traveler

[2024-02-28 13:03:01 #11 type] 
Type domain.Traveler is not enhanced.

------------------------------------------------------------------------------------------------------------------------

[2024-02-28 13:10:49 #1 store] 
Database 'C:\Users\pboad\eclipse-workspace\Rides24\src\main\resources\rides.temp' is opened by 68060@DESKTOP-RUEBSAP

[2024-02-28 13:10:49 #2 type.registry] 
New type domain.Driver

[2024-02-28 13:10:49 #3 type] 
Type domain.Driver is not enhanced.

[2024-02-28 13:10:49 #4 type.registry] 
New type domain.Ride

[2024-02-28 13:10:49 #5 type] 
Type domain.Ride is not enhanced.

[2024-02-28 13:10:49 #6 type.registry] 
New type java.util.Vector<java.lang.Object>

[2024-02-28 13:10:49 #7 type.registry] 
New type java.util.Vector<domain.Ride>

[2024-02-28 13:10:52 #8 type.registry] 
New type domain.User

[2024-02-28 13:10:52 #9 type] 
Type domain.User is not enhanced.

[2024-02-28 13:10:52 #10 type.registry] 
New type domain.Traveler

[2024-02-28 13:10:52 #11 type] 
Type domain.Traveler is not enhanced.

------------------------------------------------------------------------------------------------------------------------

[2024-02-28 13:11:02 #1 store] 
Database 'C:\Users\pboad\eclipse-workspace\Rides24\src\main\resources\rides.temp' is opened by 75308@DESKTOP-RUEBSAP

[2024-02-28 13:11:02 #2 type.registry] 
New type domain.Driver

[2024-02-28 13:11:02 #3 type] 
Type domain.Driver is not enhanced.

[2024-02-28 13:11:02 #4 type.registry] 
New type domain.Ride

[2024-02-28 13:11:02 #5 type] 
Type domain.Ride is not enhanced.

[2024-02-28 13:11:02 #6 type.registry] 
New type java.util.Vector<java.lang.Object>

[2024-02-28 13:11:02 #7 type.registry] 
New type java.util.Vector<domain.Ride>

[2024-02-28 13:11:05 #8 type.registry] 
New type domain.User

[2024-02-28 13:11:05 #9 type] 
Type domain.User is not enhanced.

------------------------------------------------------------------------------------------------------------------------

[2024-02-28 18:04:18 #1 store] 
Database 'C:\Users\pboad\eclipse-workspace\Rides24\src\main\resources\rides.temp' is opened by 10100@DESKTOP-RUEBSAP

[2024-02-28 18:04:19 #2 type.registry] 
New type domain.Driver

[2024-02-28 18:04:19 #3 type] 
Type domain.Driver is not enhanced.

[2024-02-28 18:04:19 #4 type.registry] 
New type domain.Ride

[2024-02-28 18:04:19 #5 type] 
Type domain.Ride is not enhanced.

[2024-02-28 18:04:19 #6 type.registry] 
New type java.util.Vector<java.lang.Object>

[2024-02-28 18:04:19 #7 type.registry] 
New type java.util.Vector<domain.Ride>

[2024-02-28 18:04:24 #8 type.registry] 
New type domain.User

[2024-02-28 18:04:24 #9 type] 
Type domain.User is not enhanced.

[2024-02-28 18:04:24 #10 type.registry] 
New type domain.Traveler

[2024-02-28 18:04:24 #11 type] 
Type domain.Traveler is not enhanced.

------------------------------------------------------------------------------------------------------------------------

[2024-02-28 18:22:56 #1 store] 
Database 'C:\Users\pboad\eclipse-workspace\Rides24\src\main\resources\rides.temp' is opened by 75848@DESKTOP-RUEBSAP

[2024-02-28 18:22:56 #2 type.registry] 
New type domain.Driver

[2024-02-28 18:22:56 #3 type] 
Type domain.Driver is not enhanced.

[2024-02-28 18:22:56 #4 type.registry] 
New type domain.Ride

[2024-02-28 18:22:56 #5 type] 
Type domain.Ride is not enhanced.

[2024-02-28 18:22:56 #6 type.registry] 
New type java.util.Vector<java.lang.Object>

[2024-02-28 18:22:56 #7 type.registry] 
New type java.util.Vector<domain.Ride>

[2024-02-28 18:23:00 #8 type.registry] 
New type domain.User

[2024-02-28 18:23:00 #9 type] 
Type domain.User is not enhanced.

------------------------------------------------------------------------------------------------------------------------

[2024-02-28 18:29:51 #1 store] 
Database 'C:\Users\pboad\eclipse-workspace\Rides24\src\main\resources\rides.temp' is opened by 67340@DESKTOP-RUEBSAP

[2024-02-28 18:29:52 #2 type.registry] 
New type domain.Driver

[2024-02-28 18:29:52 #3 type] 
Type domain.Driver is not enhanced.

[2024-02-28 18:29:52 #4 type.registry] 
New type domain.Ride

[2024-02-28 18:29:52 #5 type] 
Type domain.Ride is not enhanced.

[2024-02-28 18:29:52 #6 type.registry] 
New type java.util.Vector<java.lang.Object>

[2024-02-28 18:29:52 #7 type.registry] 
New type java.util.Vector<domain.Ride>

[2024-02-28 18:29:55 #8 type.registry] 
New type domain.User

[2024-02-28 18:29:55 #9 type] 
Type domain.User is not enhanced.

[2024-02-28 18:29:55 #10 type.registry] 
New type domain.Traveler

[2024-02-28 18:29:55 #11 type] 
Type domain.Traveler is not enhanced.

------------------------------------------------------------------------------------------------------------------------

[2024-02-28 18:32:17 #1 store] 
Database 'C:\Users\pboad\eclipse-workspace\Rides24\src\main\resources\rides.temp' is opened by 72196@DESKTOP-RUEBSAP

[2024-02-28 18:32:17 #2 type.registry] 
New type domain.Driver

[2024-02-28 18:32:17 #3 type] 
Type domain.Driver is not enhanced.

[2024-02-28 18:32:17 #4 type.registry] 
New type domain.Ride

[2024-02-28 18:32:17 #5 type] 
Type domain.Ride is not enhanced.

[2024-02-28 18:32:17 #6 type.registry] 
New type java.util.Vector<java.lang.Object>

[2024-02-28 18:32:17 #7 type.registry] 
New type java.util.Vector<domain.Ride>

[2024-02-28 18:32:20 #8 type.registry] 
New type domain.User

[2024-02-28 18:32:20 #9 type] 
Type domain.User is not enhanced.

[2024-02-28 18:32:20 #10 type.registry] 
New type domain.Traveler

[2024-02-28 18:32:20 #11 type] 
Type domain.Traveler is not enhanced.

------------------------------------------------------------------------------------------------------------------------

[2024-02-28 18:33:41 #1 store] 
Database 'C:\Users\pboad\eclipse-workspace\Rides24\src\main\resources\rides.temp' is opened by 62396@DESKTOP-RUEBSAP

[2024-02-28 18:33:41 #2 type.registry] 
New type domain.Driver

[2024-02-28 18:33:41 #3 type] 
Type domain.Driver is not enhanced.

[2024-02-28 18:33:41 #4 type.registry] 
New type domain.Ride

[2024-02-28 18:33:41 #5 type] 
Type domain.Ride is not enhanced.

[2024-02-28 18:33:41 #6 type.registry] 
New type java.util.Vector<java.lang.Object>

[2024-02-28 18:33:41 #7 type.registry] 
New type java.util.Vector<domain.Ride>

[2024-02-28 18:33:45 #8 type.registry] 
New type domain.User

[2024-02-28 18:33:45 #9 type] 
Type domain.User is not enhanced.

------------------------------------------------------------------------------------------------------------------------

[2024-02-28 18:34:06 #1 store] 
Database 'C:\Users\pboad\eclipse-workspace\Rides24\src\main\resources\rides.temp' is opened by 55160@DESKTOP-RUEBSAP

[2024-02-28 18:34:06 #2 type.registry] 
New type domain.Driver

[2024-02-28 18:34:06 #3 type] 
Type domain.Driver is not enhanced.

[2024-02-28 18:34:06 #4 type.registry] 
New type domain.Ride

[2024-02-28 18:34:06 #5 type] 
Type domain.Ride is not enhanced.

[2024-02-28 18:34:06 #6 type.registry] 
New type java.util.Vector<java.lang.Object>

[2024-02-28 18:34:06 #7 type.registry] 
New type java.util.Vector<domain.Ride>

[2024-02-28 18:34:09 #8 type.registry] 
New type domain.User

[2024-02-28 18:34:09 #9 type] 
Type domain.User is not enhanced.

[2024-02-28 18:34:09 #10 type.registry] 
New type domain.Traveler

[2024-02-28 18:34:09 #11 type] 
Type domain.Traveler is not enhanced.

